[2025-03-25T12:05:33.777+0000] {taskinstance.py:1159} INFO - Dependencies all met for dep_context=non-requeueable deps ti=<TaskInstance: job_data_stream.job_data_stream manual__2025-03-25T12:05:32.731498+00:00 [queued]>
[2025-03-25T12:05:33.791+0000] {taskinstance.py:1159} INFO - Dependencies all met for dep_context=requeueable deps ti=<TaskInstance: job_data_stream.job_data_stream manual__2025-03-25T12:05:32.731498+00:00 [queued]>
[2025-03-25T12:05:33.792+0000] {taskinstance.py:1361} INFO - Starting attempt 1 of 1
[2025-03-25T12:05:33.808+0000] {taskinstance.py:1382} INFO - Executing <Task(PythonOperator): job_data_stream> on 2025-03-25 12:05:32.731498+00:00
[2025-03-25T12:05:33.814+0000] {standard_task_runner.py:57} INFO - Started process 3052 to run task
[2025-03-25T12:05:33.819+0000] {standard_task_runner.py:84} INFO - Running: ['***', 'tasks', 'run', 'job_data_stream', 'job_data_stream', 'manual__2025-03-25T12:05:32.731498+00:00', '--job-id', '55', '--raw', '--subdir', 'DAGS_FOLDER/data_stream.py', '--cfg-path', '/tmp/tmp44jwdcaj']
[2025-03-25T12:05:33.821+0000] {standard_task_runner.py:85} INFO - Job 55: Subtask job_data_stream
[2025-03-25T12:05:33.904+0000] {task_command.py:415} INFO - Running <TaskInstance: job_data_stream.job_data_stream manual__2025-03-25T12:05:32.731498+00:00 [running]> on host c0041b6c44f7
[2025-03-25T12:05:34.036+0000] {taskinstance.py:1660} INFO - Exporting env vars: AIRFLOW_CTX_DAG_OWNER='dii' AIRFLOW_CTX_DAG_ID='job_data_stream' AIRFLOW_CTX_TASK_ID='job_data_stream' AIRFLOW_CTX_EXECUTION_DATE='2025-03-25T12:05:32.731498+00:00' AIRFLOW_CTX_TRY_NUMBER='1' AIRFLOW_CTX_DAG_RUN_ID='manual__2025-03-25T12:05:32.731498+00:00'
[2025-03-25T12:05:34.039+0000] {conn.py:384} INFO - <BrokerConnection client_id=kafka-python-producer-1, node_id=bootstrap-0 host=broker:29092 <connecting> [IPv4 ('172.18.0.2', 29092)]>: connecting to broker:29092 [('172.18.0.2', 29092) IPv4]
[2025-03-25T12:05:34.040+0000] {conn.py:1219} INFO - Probing node bootstrap-0 broker version
[2025-03-25T12:05:34.041+0000] {conn.py:414} INFO - <BrokerConnection client_id=kafka-python-producer-1, node_id=bootstrap-0 host=broker:29092 <connecting> [IPv4 ('172.18.0.2', 29092)]>: Connection complete.
[2025-03-25T12:05:34.156+0000] {conn.py:1282} INFO - Broker version identified as 2.6.0
[2025-03-25T12:05:34.157+0000] {conn.py:1283} INFO - Set configuration api_version=(2, 6, 0) to skip auto check_version requests on startup
[2025-03-25T12:05:46.969+0000] {logging_mixin.py:151} INFO - Số công việc tìm thấy trên trang 351:70
[2025-03-25T12:07:41.885+0000] {logging_mixin.py:151} INFO - Số công việc tìm thấy trên trang 352:70
[2025-03-25T12:09:34.493+0000] {logging_mixin.py:151} INFO - Số công việc tìm thấy trên trang 353:70
[2025-03-25T12:10:34.276+0000] {conn.py:384} INFO - <BrokerConnection client_id=kafka-python-producer-1, node_id=1 host=broker:29092 <connecting> [IPv4 ('172.18.0.2', 29092)]>: connecting to broker:29092 [('172.18.0.2', 29092) IPv4]
[2025-03-25T12:10:34.278+0000] {conn.py:414} INFO - <BrokerConnection client_id=kafka-python-producer-1, node_id=1 host=broker:29092 <connecting> [IPv4 ('172.18.0.2', 29092)]>: Connection complete.
[2025-03-25T12:10:34.279+0000] {conn.py:928} INFO - <BrokerConnection client_id=kafka-python-producer-1, node_id=bootstrap-0 host=broker:29092 <connected> [IPv4 ('172.18.0.2', 29092)]>: Closing connection. 
[2025-03-25T12:11:31.066+0000] {logging_mixin.py:151} INFO - Số công việc tìm thấy trên trang 354:70
[2025-03-25T12:13:26.756+0000] {logging_mixin.py:151} INFO - Số công việc tìm thấy trên trang 355:70
[2025-03-25T12:15:24.370+0000] {logging_mixin.py:151} INFO - Số công việc tìm thấy trên trang 356:70
[2025-03-25T12:17:20.211+0000] {logging_mixin.py:151} INFO - Số công việc tìm thấy trên trang 357:70
[2025-03-25T12:19:14.000+0000] {logging_mixin.py:151} INFO - Số công việc tìm thấy trên trang 358:70
[2025-03-25T12:21:09.390+0000] {logging_mixin.py:151} INFO - Số công việc tìm thấy trên trang 359:70
[2025-03-25T12:23:02.606+0000] {logging_mixin.py:151} INFO - Số công việc tìm thấy trên trang 360:70
[2025-03-25T12:24:58.977+0000] {logging_mixin.py:151} INFO - Số công việc tìm thấy trên trang 361:70
[2025-03-25T12:26:52.869+0000] {logging_mixin.py:151} INFO - Số công việc tìm thấy trên trang 362:70
[2025-03-25T12:28:46.583+0000] {logging_mixin.py:151} INFO - Số công việc tìm thấy trên trang 363:70
[2025-03-25T12:30:40.669+0000] {logging_mixin.py:151} INFO - Số công việc tìm thấy trên trang 364:70
[2025-03-25T12:32:33.643+0000] {logging_mixin.py:151} INFO - Số công việc tìm thấy trên trang 365:70
[2025-03-25T12:34:27.906+0000] {logging_mixin.py:151} INFO - Số công việc tìm thấy trên trang 366:70
[2025-03-25T12:36:22.859+0000] {logging_mixin.py:151} INFO - Số công việc tìm thấy trên trang 367:70
[2025-03-25T12:38:19.080+0000] {logging_mixin.py:151} INFO - Số công việc tìm thấy trên trang 368:70
[2025-03-25T12:40:12.718+0000] {logging_mixin.py:151} INFO - Số công việc tìm thấy trên trang 369:70
[2025-03-25T12:42:07.455+0000] {logging_mixin.py:151} INFO - Số công việc tìm thấy trên trang 370:70
[2025-03-25T12:44:02.197+0000] {logging_mixin.py:151} INFO - Số công việc tìm thấy trên trang 371:70
[2025-03-25T12:45:56.755+0000] {logging_mixin.py:151} INFO - Số công việc tìm thấy trên trang 372:70
[2025-03-25T12:47:50.794+0000] {logging_mixin.py:151} INFO - Số công việc tìm thấy trên trang 373:70
[2025-03-25T12:49:45.494+0000] {logging_mixin.py:151} INFO - Số công việc tìm thấy trên trang 374:70
[2025-03-25T12:51:39.337+0000] {logging_mixin.py:151} INFO - Số công việc tìm thấy trên trang 375:70
[2025-03-25T12:53:33.343+0000] {logging_mixin.py:151} INFO - Số công việc tìm thấy trên trang 376:70
[2025-03-25T12:55:27.901+0000] {logging_mixin.py:151} INFO - Số công việc tìm thấy trên trang 377:70
[2025-03-25T12:57:23.160+0000] {logging_mixin.py:151} INFO - Số công việc tìm thấy trên trang 378:70
[2025-03-25T12:59:16.630+0000] {logging_mixin.py:151} INFO - Số công việc tìm thấy trên trang 379:70
[2025-03-25T13:01:09.297+0000] {logging_mixin.py:151} INFO - Số công việc tìm thấy trên trang 380:70
[2025-03-25T13:03:02.422+0000] {logging_mixin.py:151} INFO - Số công việc tìm thấy trên trang 381:70
[2025-03-25T13:04:55.696+0000] {logging_mixin.py:151} INFO - Số công việc tìm thấy trên trang 382:70
[2025-03-25T13:06:48.566+0000] {logging_mixin.py:151} INFO - Số công việc tìm thấy trên trang 383:70
[2025-03-25T13:08:40.545+0000] {logging_mixin.py:151} INFO - Số công việc tìm thấy trên trang 384:70
[2025-03-25T13:10:34.692+0000] {logging_mixin.py:151} INFO - Số công việc tìm thấy trên trang 385:70
[2025-03-25T13:12:27.592+0000] {logging_mixin.py:151} INFO - Số công việc tìm thấy trên trang 386:70
[2025-03-25T13:14:19.065+0000] {logging_mixin.py:151} INFO - Số công việc tìm thấy trên trang 387:70
[2025-03-25T13:16:08.842+0000] {logging_mixin.py:151} INFO - Số công việc tìm thấy trên trang 388:70
[2025-03-25T13:17:57.786+0000] {logging_mixin.py:151} INFO - Số công việc tìm thấy trên trang 389:70
[2025-03-25T13:19:47.777+0000] {logging_mixin.py:151} INFO - Số công việc tìm thấy trên trang 390:70
[2025-03-25T13:21:35.953+0000] {logging_mixin.py:151} INFO - Số công việc tìm thấy trên trang 391:70
[2025-03-25T13:23:24.791+0000] {logging_mixin.py:151} INFO - Số công việc tìm thấy trên trang 392:70
[2025-03-25T13:25:13.393+0000] {logging_mixin.py:151} INFO - Số công việc tìm thấy trên trang 393:70
[2025-03-25T13:27:03.456+0000] {logging_mixin.py:151} INFO - Số công việc tìm thấy trên trang 394:70
[2025-03-25T13:28:52.785+0000] {logging_mixin.py:151} INFO - Số công việc tìm thấy trên trang 395:70
[2025-03-25T13:30:41.759+0000] {logging_mixin.py:151} INFO - Số công việc tìm thấy trên trang 396:70
[2025-03-25T13:32:31.397+0000] {logging_mixin.py:151} INFO - Số công việc tìm thấy trên trang 397:70
[2025-03-25T13:34:21.769+0000] {logging_mixin.py:151} INFO - Số công việc tìm thấy trên trang 398:70
[2025-03-25T13:36:11.382+0000] {logging_mixin.py:151} INFO - Số công việc tìm thấy trên trang 399:70
[2025-03-25T13:37:59.983+0000] {logging_mixin.py:151} INFO - Số công việc tìm thấy trên trang 400:70
[2025-03-25T13:39:38.716+0000] {conn.py:928} INFO - <BrokerConnection client_id=kafka-python-producer-1, node_id=1 host=broker:29092 <connected> [IPv4 ('172.18.0.2', 29092)]>: Closing connection. 
[2025-03-25T13:39:38.726+0000] {python.py:194} INFO - Done. Returned value was: None
[2025-03-25T13:39:38.761+0000] {taskinstance.py:1400} INFO - Marking task as SUCCESS. dag_id=job_data_stream, task_id=job_data_stream, execution_date=20250325T120532, start_date=20250325T120533, end_date=20250325T133938
[2025-03-25T13:39:38.829+0000] {local_task_job_runner.py:228} INFO - Task exited with return code 0
[2025-03-25T13:39:38.874+0000] {taskinstance.py:2784} INFO - 0 downstream tasks scheduled from follow-on schedule check
