[2025-03-09T02:55:36.194+0000] {processor.py:157} INFO - Started process (PID=32) to work on /opt/airflow/dags/data_stream.py
[2025-03-09T02:55:36.197+0000] {processor.py:829} INFO - Processing file /opt/airflow/dags/data_stream.py for tasks to queue
[2025-03-09T02:55:36.203+0000] {logging_mixin.py:151} INFO - [2025-03-09T02:55:36.203+0000] {dagbag.py:539} INFO - Filling up the DagBag from /opt/airflow/dags/data_stream.py
[2025-03-09T02:55:36.718+0000] {processor.py:839} INFO - DAG(s) dict_keys(['stream_data']) retrieved from /opt/airflow/dags/data_stream.py
[2025-03-09T02:55:36.771+0000] {logging_mixin.py:151} INFO - [2025-03-09T02:55:36.770+0000] {dag.py:2907} INFO - Sync 1 DAGs
[2025-03-09T02:55:36.822+0000] {logging_mixin.py:151} INFO - [2025-03-09T02:55:36.822+0000] {dag.py:3677} INFO - Setting next_dagrun for stream_data to 2025-03-09T00:00:00+00:00, run_after=2025-03-10T00:00:00+00:00
[2025-03-09T02:55:36.865+0000] {processor.py:179} INFO - Processing /opt/airflow/dags/data_stream.py took 0.680 seconds
[2025-03-09T02:56:07.222+0000] {processor.py:157} INFO - Started process (PID=33) to work on /opt/airflow/dags/data_stream.py
[2025-03-09T02:56:07.225+0000] {processor.py:829} INFO - Processing file /opt/airflow/dags/data_stream.py for tasks to queue
[2025-03-09T02:56:07.233+0000] {logging_mixin.py:151} INFO - [2025-03-09T02:56:07.232+0000] {dagbag.py:539} INFO - Filling up the DagBag from /opt/airflow/dags/data_stream.py
[2025-03-09T02:56:07.505+0000] {processor.py:839} INFO - DAG(s) dict_keys(['stream_data']) retrieved from /opt/airflow/dags/data_stream.py
[2025-03-09T02:56:07.545+0000] {logging_mixin.py:151} INFO - [2025-03-09T02:56:07.545+0000] {dag.py:2907} INFO - Sync 1 DAGs
[2025-03-09T02:56:07.575+0000] {logging_mixin.py:151} INFO - [2025-03-09T02:56:07.575+0000] {dag.py:3677} INFO - Setting next_dagrun for stream_data to 2025-03-09T00:00:00+00:00, run_after=2025-03-10T00:00:00+00:00
[2025-03-09T02:56:07.605+0000] {processor.py:179} INFO - Processing /opt/airflow/dags/data_stream.py took 0.395 seconds
[2025-03-09T02:56:37.781+0000] {processor.py:157} INFO - Started process (PID=34) to work on /opt/airflow/dags/data_stream.py
[2025-03-09T02:56:37.783+0000] {processor.py:829} INFO - Processing file /opt/airflow/dags/data_stream.py for tasks to queue
[2025-03-09T02:56:37.794+0000] {logging_mixin.py:151} INFO - [2025-03-09T02:56:37.793+0000] {dagbag.py:539} INFO - Filling up the DagBag from /opt/airflow/dags/data_stream.py
[2025-03-09T02:56:38.310+0000] {processor.py:839} INFO - DAG(s) dict_keys(['stream_data']) retrieved from /opt/airflow/dags/data_stream.py
[2025-03-09T02:56:38.367+0000] {logging_mixin.py:151} INFO - [2025-03-09T02:56:38.367+0000] {dag.py:2907} INFO - Sync 1 DAGs
[2025-03-09T02:56:38.409+0000] {logging_mixin.py:151} INFO - [2025-03-09T02:56:38.409+0000] {dag.py:3677} INFO - Setting next_dagrun for stream_data to 2025-03-09T00:00:00+00:00, run_after=2025-03-10T00:00:00+00:00
[2025-03-09T02:56:38.445+0000] {processor.py:179} INFO - Processing /opt/airflow/dags/data_stream.py took 0.671 seconds
[2025-03-09T02:57:08.678+0000] {processor.py:157} INFO - Started process (PID=35) to work on /opt/airflow/dags/data_stream.py
[2025-03-09T02:57:08.684+0000] {processor.py:829} INFO - Processing file /opt/airflow/dags/data_stream.py for tasks to queue
[2025-03-09T02:57:08.695+0000] {logging_mixin.py:151} INFO - [2025-03-09T02:57:08.695+0000] {dagbag.py:539} INFO - Filling up the DagBag from /opt/airflow/dags/data_stream.py
[2025-03-09T02:57:09.129+0000] {processor.py:839} INFO - DAG(s) dict_keys(['stream_data']) retrieved from /opt/airflow/dags/data_stream.py
[2025-03-09T02:57:09.183+0000] {logging_mixin.py:151} INFO - [2025-03-09T02:57:09.183+0000] {dag.py:2907} INFO - Sync 1 DAGs
[2025-03-09T02:57:09.240+0000] {logging_mixin.py:151} INFO - [2025-03-09T02:57:09.240+0000] {dag.py:3677} INFO - Setting next_dagrun for stream_data to 2025-03-09T00:00:00+00:00, run_after=2025-03-10T00:00:00+00:00
[2025-03-09T02:57:09.272+0000] {processor.py:179} INFO - Processing /opt/airflow/dags/data_stream.py took 0.601 seconds
[2025-03-09T02:57:22.053+0000] {processor.py:157} INFO - Started process (PID=36) to work on /opt/airflow/dags/data_stream.py
[2025-03-09T02:57:22.054+0000] {processor.py:829} INFO - Processing file /opt/airflow/dags/data_stream.py for tasks to queue
[2025-03-09T02:57:22.058+0000] {logging_mixin.py:151} INFO - [2025-03-09T02:57:22.057+0000] {dagbag.py:539} INFO - Filling up the DagBag from /opt/airflow/dags/data_stream.py
[2025-03-09T02:57:22.363+0000] {processor.py:839} INFO - DAG(s) dict_keys(['stream_data']) retrieved from /opt/airflow/dags/data_stream.py
[2025-03-09T02:57:22.401+0000] {logging_mixin.py:151} INFO - [2025-03-09T02:57:22.401+0000] {dag.py:2907} INFO - Sync 1 DAGs
[2025-03-09T02:57:22.439+0000] {logging_mixin.py:151} INFO - [2025-03-09T02:57:22.438+0000] {dag.py:3677} INFO - Setting next_dagrun for stream_data to 2025-03-09T00:00:00+00:00, run_after=2025-03-10T00:00:00+00:00
[2025-03-09T02:57:22.468+0000] {processor.py:179} INFO - Processing /opt/airflow/dags/data_stream.py took 0.419 seconds
[2025-03-09T02:57:52.534+0000] {processor.py:157} INFO - Started process (PID=37) to work on /opt/airflow/dags/data_stream.py
[2025-03-09T02:57:52.537+0000] {processor.py:829} INFO - Processing file /opt/airflow/dags/data_stream.py for tasks to queue
[2025-03-09T02:57:52.541+0000] {logging_mixin.py:151} INFO - [2025-03-09T02:57:52.541+0000] {dagbag.py:539} INFO - Filling up the DagBag from /opt/airflow/dags/data_stream.py
[2025-03-09T02:57:52.851+0000] {processor.py:839} INFO - DAG(s) dict_keys(['stream_data']) retrieved from /opt/airflow/dags/data_stream.py
[2025-03-09T02:57:52.896+0000] {logging_mixin.py:151} INFO - [2025-03-09T02:57:52.895+0000] {dag.py:2907} INFO - Sync 1 DAGs
[2025-03-09T02:57:52.927+0000] {logging_mixin.py:151} INFO - [2025-03-09T02:57:52.927+0000] {dag.py:3677} INFO - Setting next_dagrun for stream_data to 2025-03-09T00:00:00+00:00, run_after=2025-03-10T00:00:00+00:00
[2025-03-09T02:57:52.946+0000] {processor.py:179} INFO - Processing /opt/airflow/dags/data_stream.py took 0.422 seconds
[2025-03-09T02:58:23.138+0000] {processor.py:157} INFO - Started process (PID=38) to work on /opt/airflow/dags/data_stream.py
[2025-03-09T02:58:23.140+0000] {processor.py:829} INFO - Processing file /opt/airflow/dags/data_stream.py for tasks to queue
[2025-03-09T02:58:23.144+0000] {logging_mixin.py:151} INFO - [2025-03-09T02:58:23.144+0000] {dagbag.py:539} INFO - Filling up the DagBag from /opt/airflow/dags/data_stream.py
[2025-03-09T02:58:23.350+0000] {processor.py:839} INFO - DAG(s) dict_keys(['stream_data']) retrieved from /opt/airflow/dags/data_stream.py
[2025-03-09T02:58:23.375+0000] {logging_mixin.py:151} INFO - [2025-03-09T02:58:23.375+0000] {dag.py:2907} INFO - Sync 1 DAGs
[2025-03-09T02:58:23.396+0000] {logging_mixin.py:151} INFO - [2025-03-09T02:58:23.396+0000] {dag.py:3677} INFO - Setting next_dagrun for stream_data to 2025-03-09T00:00:00+00:00, run_after=2025-03-10T00:00:00+00:00
[2025-03-09T02:58:23.416+0000] {processor.py:179} INFO - Processing /opt/airflow/dags/data_stream.py took 0.285 seconds
[2025-03-09T02:58:53.742+0000] {processor.py:157} INFO - Started process (PID=39) to work on /opt/airflow/dags/data_stream.py
[2025-03-09T02:58:53.746+0000] {processor.py:829} INFO - Processing file /opt/airflow/dags/data_stream.py for tasks to queue
[2025-03-09T02:58:53.757+0000] {logging_mixin.py:151} INFO - [2025-03-09T02:58:53.755+0000] {dagbag.py:539} INFO - Filling up the DagBag from /opt/airflow/dags/data_stream.py
[2025-03-09T02:58:54.060+0000] {processor.py:839} INFO - DAG(s) dict_keys(['stream_data']) retrieved from /opt/airflow/dags/data_stream.py
[2025-03-09T02:58:54.087+0000] {logging_mixin.py:151} INFO - [2025-03-09T02:58:54.087+0000] {dag.py:2907} INFO - Sync 1 DAGs
[2025-03-09T02:58:54.112+0000] {logging_mixin.py:151} INFO - [2025-03-09T02:58:54.112+0000] {dag.py:3677} INFO - Setting next_dagrun for stream_data to 2025-03-09T00:00:00+00:00, run_after=2025-03-10T00:00:00+00:00
[2025-03-09T02:58:54.131+0000] {processor.py:179} INFO - Processing /opt/airflow/dags/data_stream.py took 0.404 seconds
[2025-03-09T02:59:24.439+0000] {processor.py:157} INFO - Started process (PID=40) to work on /opt/airflow/dags/data_stream.py
[2025-03-09T02:59:24.441+0000] {processor.py:829} INFO - Processing file /opt/airflow/dags/data_stream.py for tasks to queue
[2025-03-09T02:59:24.449+0000] {logging_mixin.py:151} INFO - [2025-03-09T02:59:24.448+0000] {dagbag.py:539} INFO - Filling up the DagBag from /opt/airflow/dags/data_stream.py
[2025-03-09T02:59:24.670+0000] {processor.py:839} INFO - DAG(s) dict_keys(['stream_data']) retrieved from /opt/airflow/dags/data_stream.py
[2025-03-09T02:59:24.696+0000] {logging_mixin.py:151} INFO - [2025-03-09T02:59:24.696+0000] {dag.py:2907} INFO - Sync 1 DAGs
[2025-03-09T02:59:24.718+0000] {logging_mixin.py:151} INFO - [2025-03-09T02:59:24.718+0000] {dag.py:3677} INFO - Setting next_dagrun for stream_data to 2025-03-09T00:00:00+00:00, run_after=2025-03-10T00:00:00+00:00
[2025-03-09T02:59:24.735+0000] {processor.py:179} INFO - Processing /opt/airflow/dags/data_stream.py took 0.306 seconds
[2025-03-09T02:59:55.034+0000] {processor.py:157} INFO - Started process (PID=41) to work on /opt/airflow/dags/data_stream.py
[2025-03-09T02:59:55.035+0000] {processor.py:829} INFO - Processing file /opt/airflow/dags/data_stream.py for tasks to queue
[2025-03-09T02:59:55.040+0000] {logging_mixin.py:151} INFO - [2025-03-09T02:59:55.039+0000] {dagbag.py:539} INFO - Filling up the DagBag from /opt/airflow/dags/data_stream.py
[2025-03-09T02:59:55.145+0000] {processor.py:839} INFO - DAG(s) dict_keys(['stream_data']) retrieved from /opt/airflow/dags/data_stream.py
[2025-03-09T02:59:55.171+0000] {logging_mixin.py:151} INFO - [2025-03-09T02:59:55.171+0000] {dag.py:2907} INFO - Sync 1 DAGs
[2025-03-09T02:59:55.195+0000] {logging_mixin.py:151} INFO - [2025-03-09T02:59:55.195+0000] {dag.py:3677} INFO - Setting next_dagrun for stream_data to 2025-03-09T00:00:00+00:00, run_after=2025-03-10T00:00:00+00:00
[2025-03-09T02:59:55.212+0000] {processor.py:179} INFO - Processing /opt/airflow/dags/data_stream.py took 0.187 seconds
[2025-03-09T03:00:25.417+0000] {processor.py:157} INFO - Started process (PID=42) to work on /opt/airflow/dags/data_stream.py
[2025-03-09T03:00:25.419+0000] {processor.py:829} INFO - Processing file /opt/airflow/dags/data_stream.py for tasks to queue
[2025-03-09T03:00:25.426+0000] {logging_mixin.py:151} INFO - [2025-03-09T03:00:25.425+0000] {dagbag.py:539} INFO - Filling up the DagBag from /opt/airflow/dags/data_stream.py
[2025-03-09T03:00:25.529+0000] {processor.py:839} INFO - DAG(s) dict_keys(['stream_data']) retrieved from /opt/airflow/dags/data_stream.py
[2025-03-09T03:00:25.556+0000] {logging_mixin.py:151} INFO - [2025-03-09T03:00:25.556+0000] {dag.py:2907} INFO - Sync 1 DAGs
[2025-03-09T03:00:25.583+0000] {logging_mixin.py:151} INFO - [2025-03-09T03:00:25.583+0000] {dag.py:3677} INFO - Setting next_dagrun for stream_data to 2025-03-09T00:00:00+00:00, run_after=2025-03-10T00:00:00+00:00
[2025-03-09T03:00:25.608+0000] {processor.py:179} INFO - Processing /opt/airflow/dags/data_stream.py took 0.198 seconds
[2025-03-09T03:00:55.649+0000] {processor.py:157} INFO - Started process (PID=43) to work on /opt/airflow/dags/data_stream.py
[2025-03-09T03:00:55.651+0000] {processor.py:829} INFO - Processing file /opt/airflow/dags/data_stream.py for tasks to queue
[2025-03-09T03:00:55.654+0000] {logging_mixin.py:151} INFO - [2025-03-09T03:00:55.654+0000] {dagbag.py:539} INFO - Filling up the DagBag from /opt/airflow/dags/data_stream.py
[2025-03-09T03:00:55.752+0000] {processor.py:839} INFO - DAG(s) dict_keys(['stream_data']) retrieved from /opt/airflow/dags/data_stream.py
[2025-03-09T03:00:55.779+0000] {logging_mixin.py:151} INFO - [2025-03-09T03:00:55.779+0000] {dag.py:2907} INFO - Sync 1 DAGs
[2025-03-09T03:00:55.800+0000] {logging_mixin.py:151} INFO - [2025-03-09T03:00:55.800+0000] {dag.py:3677} INFO - Setting next_dagrun for stream_data to 2025-03-09T00:00:00+00:00, run_after=2025-03-10T00:00:00+00:00
[2025-03-09T03:00:55.816+0000] {processor.py:179} INFO - Processing /opt/airflow/dags/data_stream.py took 0.173 seconds
[2025-03-09T03:01:26.033+0000] {processor.py:157} INFO - Started process (PID=44) to work on /opt/airflow/dags/data_stream.py
[2025-03-09T03:01:26.036+0000] {processor.py:829} INFO - Processing file /opt/airflow/dags/data_stream.py for tasks to queue
[2025-03-09T03:01:26.040+0000] {logging_mixin.py:151} INFO - [2025-03-09T03:01:26.039+0000] {dagbag.py:539} INFO - Filling up the DagBag from /opt/airflow/dags/data_stream.py
[2025-03-09T03:01:26.143+0000] {processor.py:839} INFO - DAG(s) dict_keys(['stream_data']) retrieved from /opt/airflow/dags/data_stream.py
[2025-03-09T03:01:26.170+0000] {logging_mixin.py:151} INFO - [2025-03-09T03:01:26.170+0000] {dag.py:2907} INFO - Sync 1 DAGs
[2025-03-09T03:01:26.194+0000] {logging_mixin.py:151} INFO - [2025-03-09T03:01:26.194+0000] {dag.py:3677} INFO - Setting next_dagrun for stream_data to 2025-03-09T00:00:00+00:00, run_after=2025-03-10T00:00:00+00:00
[2025-03-09T03:01:26.214+0000] {processor.py:179} INFO - Processing /opt/airflow/dags/data_stream.py took 0.183 seconds
[2025-03-09T03:01:56.297+0000] {processor.py:157} INFO - Started process (PID=45) to work on /opt/airflow/dags/data_stream.py
[2025-03-09T03:01:56.299+0000] {processor.py:829} INFO - Processing file /opt/airflow/dags/data_stream.py for tasks to queue
[2025-03-09T03:01:56.303+0000] {logging_mixin.py:151} INFO - [2025-03-09T03:01:56.303+0000] {dagbag.py:539} INFO - Filling up the DagBag from /opt/airflow/dags/data_stream.py
[2025-03-09T03:01:56.410+0000] {processor.py:839} INFO - DAG(s) dict_keys(['stream_data']) retrieved from /opt/airflow/dags/data_stream.py
[2025-03-09T03:01:56.440+0000] {logging_mixin.py:151} INFO - [2025-03-09T03:01:56.440+0000] {dag.py:2907} INFO - Sync 1 DAGs
[2025-03-09T03:01:56.463+0000] {logging_mixin.py:151} INFO - [2025-03-09T03:01:56.463+0000] {dag.py:3677} INFO - Setting next_dagrun for stream_data to 2025-03-09T00:00:00+00:00, run_after=2025-03-10T00:00:00+00:00
[2025-03-09T03:01:56.483+0000] {processor.py:179} INFO - Processing /opt/airflow/dags/data_stream.py took 0.192 seconds
[2025-03-09T03:02:26.685+0000] {processor.py:157} INFO - Started process (PID=46) to work on /opt/airflow/dags/data_stream.py
[2025-03-09T03:02:26.688+0000] {processor.py:829} INFO - Processing file /opt/airflow/dags/data_stream.py for tasks to queue
[2025-03-09T03:02:26.694+0000] {logging_mixin.py:151} INFO - [2025-03-09T03:02:26.693+0000] {dagbag.py:539} INFO - Filling up the DagBag from /opt/airflow/dags/data_stream.py
[2025-03-09T03:02:26.803+0000] {processor.py:839} INFO - DAG(s) dict_keys(['stream_data']) retrieved from /opt/airflow/dags/data_stream.py
[2025-03-09T03:02:26.829+0000] {logging_mixin.py:151} INFO - [2025-03-09T03:02:26.829+0000] {dag.py:2907} INFO - Sync 1 DAGs
[2025-03-09T03:02:26.859+0000] {logging_mixin.py:151} INFO - [2025-03-09T03:02:26.859+0000] {dag.py:3677} INFO - Setting next_dagrun for stream_data to 2025-03-09T00:00:00+00:00, run_after=2025-03-10T00:00:00+00:00
[2025-03-09T03:02:26.879+0000] {processor.py:179} INFO - Processing /opt/airflow/dags/data_stream.py took 0.207 seconds
[2025-03-09T03:02:57.081+0000] {processor.py:157} INFO - Started process (PID=47) to work on /opt/airflow/dags/data_stream.py
[2025-03-09T03:02:57.083+0000] {processor.py:829} INFO - Processing file /opt/airflow/dags/data_stream.py for tasks to queue
[2025-03-09T03:02:57.088+0000] {logging_mixin.py:151} INFO - [2025-03-09T03:02:57.087+0000] {dagbag.py:539} INFO - Filling up the DagBag from /opt/airflow/dags/data_stream.py
[2025-03-09T03:02:57.190+0000] {processor.py:839} INFO - DAG(s) dict_keys(['stream_data']) retrieved from /opt/airflow/dags/data_stream.py
[2025-03-09T03:02:57.217+0000] {logging_mixin.py:151} INFO - [2025-03-09T03:02:57.216+0000] {dag.py:2907} INFO - Sync 1 DAGs
[2025-03-09T03:02:57.238+0000] {logging_mixin.py:151} INFO - [2025-03-09T03:02:57.238+0000] {dag.py:3677} INFO - Setting next_dagrun for stream_data to 2025-03-09T00:00:00+00:00, run_after=2025-03-10T00:00:00+00:00
[2025-03-09T03:02:57.254+0000] {processor.py:179} INFO - Processing /opt/airflow/dags/data_stream.py took 0.184 seconds
[2025-03-09T03:03:27.494+0000] {processor.py:157} INFO - Started process (PID=48) to work on /opt/airflow/dags/data_stream.py
[2025-03-09T03:03:27.496+0000] {processor.py:829} INFO - Processing file /opt/airflow/dags/data_stream.py for tasks to queue
[2025-03-09T03:03:27.500+0000] {logging_mixin.py:151} INFO - [2025-03-09T03:03:27.500+0000] {dagbag.py:539} INFO - Filling up the DagBag from /opt/airflow/dags/data_stream.py
[2025-03-09T03:03:27.683+0000] {processor.py:839} INFO - DAG(s) dict_keys(['stream_data']) retrieved from /opt/airflow/dags/data_stream.py
[2025-03-09T03:03:27.726+0000] {logging_mixin.py:151} INFO - [2025-03-09T03:03:27.726+0000] {dag.py:2907} INFO - Sync 1 DAGs
[2025-03-09T03:03:27.751+0000] {logging_mixin.py:151} INFO - [2025-03-09T03:03:27.751+0000] {dag.py:3677} INFO - Setting next_dagrun for stream_data to 2025-03-09T00:00:00+00:00, run_after=2025-03-10T00:00:00+00:00
[2025-03-09T03:03:27.767+0000] {processor.py:179} INFO - Processing /opt/airflow/dags/data_stream.py took 0.277 seconds
[2025-03-09T03:03:57.876+0000] {processor.py:157} INFO - Started process (PID=49) to work on /opt/airflow/dags/data_stream.py
[2025-03-09T03:03:57.891+0000] {processor.py:829} INFO - Processing file /opt/airflow/dags/data_stream.py for tasks to queue
[2025-03-09T03:03:57.895+0000] {logging_mixin.py:151} INFO - [2025-03-09T03:03:57.895+0000] {dagbag.py:539} INFO - Filling up the DagBag from /opt/airflow/dags/data_stream.py
[2025-03-09T03:03:58.051+0000] {processor.py:839} INFO - DAG(s) dict_keys(['stream_data']) retrieved from /opt/airflow/dags/data_stream.py
[2025-03-09T03:03:58.084+0000] {logging_mixin.py:151} INFO - [2025-03-09T03:03:58.084+0000] {dag.py:2907} INFO - Sync 1 DAGs
[2025-03-09T03:03:58.123+0000] {logging_mixin.py:151} INFO - [2025-03-09T03:03:58.123+0000] {dag.py:3677} INFO - Setting next_dagrun for stream_data to 2025-03-09T00:00:00+00:00, run_after=2025-03-10T00:00:00+00:00
[2025-03-09T03:03:58.142+0000] {processor.py:179} INFO - Processing /opt/airflow/dags/data_stream.py took 0.272 seconds
[2025-03-09T03:04:28.477+0000] {processor.py:157} INFO - Started process (PID=50) to work on /opt/airflow/dags/data_stream.py
[2025-03-09T03:04:28.478+0000] {processor.py:829} INFO - Processing file /opt/airflow/dags/data_stream.py for tasks to queue
[2025-03-09T03:04:28.482+0000] {logging_mixin.py:151} INFO - [2025-03-09T03:04:28.482+0000] {dagbag.py:539} INFO - Filling up the DagBag from /opt/airflow/dags/data_stream.py
[2025-03-09T03:04:28.734+0000] {processor.py:839} INFO - DAG(s) dict_keys(['stream_data']) retrieved from /opt/airflow/dags/data_stream.py
[2025-03-09T03:04:28.883+0000] {logging_mixin.py:151} INFO - [2025-03-09T03:04:28.883+0000] {dag.py:2907} INFO - Sync 1 DAGs
[2025-03-09T03:04:28.921+0000] {logging_mixin.py:151} INFO - [2025-03-09T03:04:28.921+0000] {dag.py:3677} INFO - Setting next_dagrun for stream_data to 2025-03-09T00:00:00+00:00, run_after=2025-03-10T00:00:00+00:00
[2025-03-09T03:04:28.940+0000] {processor.py:179} INFO - Processing /opt/airflow/dags/data_stream.py took 0.472 seconds
[2025-03-09T03:04:59.268+0000] {processor.py:157} INFO - Started process (PID=51) to work on /opt/airflow/dags/data_stream.py
[2025-03-09T03:04:59.283+0000] {processor.py:829} INFO - Processing file /opt/airflow/dags/data_stream.py for tasks to queue
[2025-03-09T03:04:59.293+0000] {logging_mixin.py:151} INFO - [2025-03-09T03:04:59.292+0000] {dagbag.py:539} INFO - Filling up the DagBag from /opt/airflow/dags/data_stream.py
[2025-03-09T03:04:59.466+0000] {processor.py:839} INFO - DAG(s) dict_keys(['stream_data']) retrieved from /opt/airflow/dags/data_stream.py
[2025-03-09T03:04:59.526+0000] {logging_mixin.py:151} INFO - [2025-03-09T03:04:59.526+0000] {dag.py:2907} INFO - Sync 1 DAGs
[2025-03-09T03:04:59.573+0000] {logging_mixin.py:151} INFO - [2025-03-09T03:04:59.573+0000] {dag.py:3677} INFO - Setting next_dagrun for stream_data to 2025-03-09T00:00:00+00:00, run_after=2025-03-10T00:00:00+00:00
[2025-03-09T03:04:59.616+0000] {processor.py:179} INFO - Processing /opt/airflow/dags/data_stream.py took 0.359 seconds
[2025-03-09T03:05:30.014+0000] {processor.py:157} INFO - Started process (PID=52) to work on /opt/airflow/dags/data_stream.py
[2025-03-09T03:05:30.018+0000] {processor.py:829} INFO - Processing file /opt/airflow/dags/data_stream.py for tasks to queue
[2025-03-09T03:05:30.025+0000] {logging_mixin.py:151} INFO - [2025-03-09T03:05:30.025+0000] {dagbag.py:539} INFO - Filling up the DagBag from /opt/airflow/dags/data_stream.py
[2025-03-09T03:05:30.215+0000] {processor.py:839} INFO - DAG(s) dict_keys(['stream_data']) retrieved from /opt/airflow/dags/data_stream.py
[2025-03-09T03:05:30.255+0000] {logging_mixin.py:151} INFO - [2025-03-09T03:05:30.255+0000] {dag.py:2907} INFO - Sync 1 DAGs
[2025-03-09T03:05:30.294+0000] {logging_mixin.py:151} INFO - [2025-03-09T03:05:30.294+0000] {dag.py:3677} INFO - Setting next_dagrun for stream_data to 2025-03-09T00:00:00+00:00, run_after=2025-03-10T00:00:00+00:00
[2025-03-09T03:05:30.316+0000] {processor.py:179} INFO - Processing /opt/airflow/dags/data_stream.py took 0.313 seconds
[2025-03-09T03:13:28.574+0000] {processor.py:157} INFO - Started process (PID=33) to work on /opt/airflow/dags/data_stream.py
[2025-03-09T03:13:28.579+0000] {processor.py:829} INFO - Processing file /opt/airflow/dags/data_stream.py for tasks to queue
[2025-03-09T03:13:28.589+0000] {logging_mixin.py:151} INFO - [2025-03-09T03:13:28.588+0000] {dagbag.py:539} INFO - Filling up the DagBag from /opt/airflow/dags/data_stream.py
[2025-03-09T03:13:28.987+0000] {processor.py:839} INFO - DAG(s) dict_keys(['stream_data']) retrieved from /opt/airflow/dags/data_stream.py
[2025-03-09T03:13:29.025+0000] {logging_mixin.py:151} INFO - [2025-03-09T03:13:29.025+0000] {dag.py:2907} INFO - Sync 1 DAGs
[2025-03-09T03:13:29.074+0000] {logging_mixin.py:151} INFO - [2025-03-09T03:13:29.074+0000] {dag.py:3677} INFO - Setting next_dagrun for stream_data to 2025-03-09T00:00:00+00:00, run_after=2025-03-10T00:00:00+00:00
[2025-03-09T03:13:29.104+0000] {processor.py:179} INFO - Processing /opt/airflow/dags/data_stream.py took 0.542 seconds
[2025-03-09T03:13:59.337+0000] {processor.py:157} INFO - Started process (PID=34) to work on /opt/airflow/dags/data_stream.py
[2025-03-09T03:13:59.339+0000] {processor.py:829} INFO - Processing file /opt/airflow/dags/data_stream.py for tasks to queue
[2025-03-09T03:13:59.344+0000] {logging_mixin.py:151} INFO - [2025-03-09T03:13:59.343+0000] {dagbag.py:539} INFO - Filling up the DagBag from /opt/airflow/dags/data_stream.py
[2025-03-09T03:13:59.647+0000] {processor.py:839} INFO - DAG(s) dict_keys(['stream_data']) retrieved from /opt/airflow/dags/data_stream.py
[2025-03-09T03:13:59.678+0000] {logging_mixin.py:151} INFO - [2025-03-09T03:13:59.678+0000] {dag.py:2907} INFO - Sync 1 DAGs
[2025-03-09T03:13:59.702+0000] {logging_mixin.py:151} INFO - [2025-03-09T03:13:59.702+0000] {dag.py:3677} INFO - Setting next_dagrun for stream_data to 2025-03-09T00:00:00+00:00, run_after=2025-03-10T00:00:00+00:00
[2025-03-09T03:13:59.719+0000] {processor.py:179} INFO - Processing /opt/airflow/dags/data_stream.py took 0.391 seconds
[2025-03-09T03:14:29.932+0000] {processor.py:157} INFO - Started process (PID=35) to work on /opt/airflow/dags/data_stream.py
[2025-03-09T03:14:29.933+0000] {processor.py:829} INFO - Processing file /opt/airflow/dags/data_stream.py for tasks to queue
[2025-03-09T03:14:29.941+0000] {logging_mixin.py:151} INFO - [2025-03-09T03:14:29.940+0000] {dagbag.py:539} INFO - Filling up the DagBag from /opt/airflow/dags/data_stream.py
[2025-03-09T03:14:30.386+0000] {processor.py:839} INFO - DAG(s) dict_keys(['stream_data']) retrieved from /opt/airflow/dags/data_stream.py
[2025-03-09T03:14:30.440+0000] {logging_mixin.py:151} INFO - [2025-03-09T03:14:30.439+0000] {dag.py:2907} INFO - Sync 1 DAGs
[2025-03-09T03:14:30.490+0000] {logging_mixin.py:151} INFO - [2025-03-09T03:14:30.489+0000] {dag.py:3677} INFO - Setting next_dagrun for stream_data to 2025-03-09T00:00:00+00:00, run_after=2025-03-10T00:00:00+00:00
[2025-03-09T03:14:30.519+0000] {processor.py:179} INFO - Processing /opt/airflow/dags/data_stream.py took 0.594 seconds
[2025-03-09T03:15:00.732+0000] {processor.py:157} INFO - Started process (PID=36) to work on /opt/airflow/dags/data_stream.py
[2025-03-09T03:15:00.733+0000] {processor.py:829} INFO - Processing file /opt/airflow/dags/data_stream.py for tasks to queue
[2025-03-09T03:15:00.736+0000] {logging_mixin.py:151} INFO - [2025-03-09T03:15:00.736+0000] {dagbag.py:539} INFO - Filling up the DagBag from /opt/airflow/dags/data_stream.py
[2025-03-09T03:15:00.973+0000] {processor.py:839} INFO - DAG(s) dict_keys(['stream_data']) retrieved from /opt/airflow/dags/data_stream.py
[2025-03-09T03:15:01.008+0000] {logging_mixin.py:151} INFO - [2025-03-09T03:15:01.008+0000] {dag.py:2907} INFO - Sync 1 DAGs
[2025-03-09T03:15:01.035+0000] {logging_mixin.py:151} INFO - [2025-03-09T03:15:01.035+0000] {dag.py:3677} INFO - Setting next_dagrun for stream_data to 2025-03-09T00:00:00+00:00, run_after=2025-03-10T00:00:00+00:00
[2025-03-09T03:15:01.054+0000] {processor.py:179} INFO - Processing /opt/airflow/dags/data_stream.py took 0.326 seconds
[2025-03-09T03:16:01.050+0000] {processor.py:157} INFO - Started process (PID=33) to work on /opt/airflow/dags/data_stream.py
[2025-03-09T03:16:01.052+0000] {processor.py:829} INFO - Processing file /opt/airflow/dags/data_stream.py for tasks to queue
[2025-03-09T03:16:01.057+0000] {logging_mixin.py:151} INFO - [2025-03-09T03:16:01.057+0000] {dagbag.py:539} INFO - Filling up the DagBag from /opt/airflow/dags/data_stream.py
[2025-03-09T03:16:01.476+0000] {processor.py:839} INFO - DAG(s) dict_keys(['stream_data']) retrieved from /opt/airflow/dags/data_stream.py
[2025-03-09T03:16:01.522+0000] {logging_mixin.py:151} INFO - [2025-03-09T03:16:01.521+0000] {dag.py:2907} INFO - Sync 1 DAGs
[2025-03-09T03:16:01.574+0000] {logging_mixin.py:151} INFO - [2025-03-09T03:16:01.573+0000] {dag.py:3677} INFO - Setting next_dagrun for stream_data to 2025-03-09T00:00:00+00:00, run_after=2025-03-10T00:00:00+00:00
[2025-03-09T03:16:01.607+0000] {processor.py:179} INFO - Processing /opt/airflow/dags/data_stream.py took 0.563 seconds
[2025-03-09T03:16:31.859+0000] {processor.py:157} INFO - Started process (PID=34) to work on /opt/airflow/dags/data_stream.py
[2025-03-09T03:16:31.864+0000] {processor.py:829} INFO - Processing file /opt/airflow/dags/data_stream.py for tasks to queue
[2025-03-09T03:16:31.877+0000] {logging_mixin.py:151} INFO - [2025-03-09T03:16:31.876+0000] {dagbag.py:539} INFO - Filling up the DagBag from /opt/airflow/dags/data_stream.py
[2025-03-09T03:16:32.243+0000] {processor.py:839} INFO - DAG(s) dict_keys(['stream_data']) retrieved from /opt/airflow/dags/data_stream.py
[2025-03-09T03:16:32.339+0000] {logging_mixin.py:151} INFO - [2025-03-09T03:16:32.339+0000] {dag.py:2907} INFO - Sync 1 DAGs
[2025-03-09T03:16:32.401+0000] {logging_mixin.py:151} INFO - [2025-03-09T03:16:32.401+0000] {dag.py:3677} INFO - Setting next_dagrun for stream_data to 2025-03-09T00:00:00+00:00, run_after=2025-03-10T00:00:00+00:00
[2025-03-09T03:16:32.447+0000] {processor.py:179} INFO - Processing /opt/airflow/dags/data_stream.py took 0.605 seconds
[2025-03-09T03:17:02.557+0000] {processor.py:157} INFO - Started process (PID=35) to work on /opt/airflow/dags/data_stream.py
[2025-03-09T03:17:02.561+0000] {processor.py:829} INFO - Processing file /opt/airflow/dags/data_stream.py for tasks to queue
[2025-03-09T03:17:02.573+0000] {logging_mixin.py:151} INFO - [2025-03-09T03:17:02.572+0000] {dagbag.py:539} INFO - Filling up the DagBag from /opt/airflow/dags/data_stream.py
[2025-03-09T03:17:02.884+0000] {processor.py:839} INFO - DAG(s) dict_keys(['stream_data']) retrieved from /opt/airflow/dags/data_stream.py
[2025-03-09T03:17:02.913+0000] {logging_mixin.py:151} INFO - [2025-03-09T03:17:02.912+0000] {dag.py:2907} INFO - Sync 1 DAGs
[2025-03-09T03:17:02.945+0000] {logging_mixin.py:151} INFO - [2025-03-09T03:17:02.945+0000] {dag.py:3677} INFO - Setting next_dagrun for stream_data to 2025-03-09T00:00:00+00:00, run_after=2025-03-10T00:00:00+00:00
[2025-03-09T03:17:02.962+0000] {processor.py:179} INFO - Processing /opt/airflow/dags/data_stream.py took 0.420 seconds
[2025-03-09T03:17:33.176+0000] {processor.py:157} INFO - Started process (PID=36) to work on /opt/airflow/dags/data_stream.py
[2025-03-09T03:17:33.179+0000] {processor.py:829} INFO - Processing file /opt/airflow/dags/data_stream.py for tasks to queue
[2025-03-09T03:17:33.185+0000] {logging_mixin.py:151} INFO - [2025-03-09T03:17:33.184+0000] {dagbag.py:539} INFO - Filling up the DagBag from /opt/airflow/dags/data_stream.py
[2025-03-09T03:17:33.446+0000] {processor.py:839} INFO - DAG(s) dict_keys(['stream_data']) retrieved from /opt/airflow/dags/data_stream.py
[2025-03-09T03:17:33.475+0000] {logging_mixin.py:151} INFO - [2025-03-09T03:17:33.475+0000] {dag.py:2907} INFO - Sync 1 DAGs
[2025-03-09T03:17:33.522+0000] {logging_mixin.py:151} INFO - [2025-03-09T03:17:33.521+0000] {dag.py:3677} INFO - Setting next_dagrun for stream_data to 2025-03-09T00:00:00+00:00, run_after=2025-03-10T00:00:00+00:00
[2025-03-09T03:17:33.547+0000] {processor.py:179} INFO - Processing /opt/airflow/dags/data_stream.py took 0.380 seconds
[2025-03-09T03:18:03.721+0000] {processor.py:157} INFO - Started process (PID=37) to work on /opt/airflow/dags/data_stream.py
[2025-03-09T03:18:03.723+0000] {processor.py:829} INFO - Processing file /opt/airflow/dags/data_stream.py for tasks to queue
[2025-03-09T03:18:03.726+0000] {logging_mixin.py:151} INFO - [2025-03-09T03:18:03.725+0000] {dagbag.py:539} INFO - Filling up the DagBag from /opt/airflow/dags/data_stream.py
[2025-03-09T03:18:03.948+0000] {processor.py:839} INFO - DAG(s) dict_keys(['stream_data']) retrieved from /opt/airflow/dags/data_stream.py
[2025-03-09T03:18:03.972+0000] {logging_mixin.py:151} INFO - [2025-03-09T03:18:03.971+0000] {dag.py:2907} INFO - Sync 1 DAGs
[2025-03-09T03:18:03.994+0000] {logging_mixin.py:151} INFO - [2025-03-09T03:18:03.994+0000] {dag.py:3677} INFO - Setting next_dagrun for stream_data to 2025-03-09T00:00:00+00:00, run_after=2025-03-10T00:00:00+00:00
[2025-03-09T03:18:04.012+0000] {processor.py:179} INFO - Processing /opt/airflow/dags/data_stream.py took 0.294 seconds
[2025-03-09T03:18:34.219+0000] {processor.py:157} INFO - Started process (PID=38) to work on /opt/airflow/dags/data_stream.py
[2025-03-09T03:18:34.220+0000] {processor.py:829} INFO - Processing file /opt/airflow/dags/data_stream.py for tasks to queue
[2025-03-09T03:18:34.223+0000] {logging_mixin.py:151} INFO - [2025-03-09T03:18:34.223+0000] {dagbag.py:539} INFO - Filling up the DagBag from /opt/airflow/dags/data_stream.py
[2025-03-09T03:18:34.444+0000] {processor.py:839} INFO - DAG(s) dict_keys(['stream_data']) retrieved from /opt/airflow/dags/data_stream.py
[2025-03-09T03:18:34.471+0000] {logging_mixin.py:151} INFO - [2025-03-09T03:18:34.471+0000] {dag.py:2907} INFO - Sync 1 DAGs
[2025-03-09T03:18:34.493+0000] {logging_mixin.py:151} INFO - [2025-03-09T03:18:34.493+0000] {dag.py:3677} INFO - Setting next_dagrun for stream_data to 2025-03-09T00:00:00+00:00, run_after=2025-03-10T00:00:00+00:00
[2025-03-09T03:18:34.512+0000] {processor.py:179} INFO - Processing /opt/airflow/dags/data_stream.py took 0.297 seconds
[2025-03-09T03:19:04.704+0000] {processor.py:157} INFO - Started process (PID=39) to work on /opt/airflow/dags/data_stream.py
[2025-03-09T03:19:04.706+0000] {processor.py:829} INFO - Processing file /opt/airflow/dags/data_stream.py for tasks to queue
[2025-03-09T03:19:04.709+0000] {logging_mixin.py:151} INFO - [2025-03-09T03:19:04.709+0000] {dagbag.py:539} INFO - Filling up the DagBag from /opt/airflow/dags/data_stream.py
[2025-03-09T03:19:04.934+0000] {processor.py:839} INFO - DAG(s) dict_keys(['stream_data']) retrieved from /opt/airflow/dags/data_stream.py
[2025-03-09T03:19:04.959+0000] {logging_mixin.py:151} INFO - [2025-03-09T03:19:04.959+0000] {dag.py:2907} INFO - Sync 1 DAGs
[2025-03-09T03:19:04.979+0000] {logging_mixin.py:151} INFO - [2025-03-09T03:19:04.979+0000] {dag.py:3677} INFO - Setting next_dagrun for stream_data to 2025-03-09T00:00:00+00:00, run_after=2025-03-10T00:00:00+00:00
[2025-03-09T03:19:04.994+0000] {processor.py:179} INFO - Processing /opt/airflow/dags/data_stream.py took 0.297 seconds
[2025-03-09T03:19:35.188+0000] {processor.py:157} INFO - Started process (PID=40) to work on /opt/airflow/dags/data_stream.py
[2025-03-09T03:19:35.190+0000] {processor.py:829} INFO - Processing file /opt/airflow/dags/data_stream.py for tasks to queue
[2025-03-09T03:19:35.197+0000] {logging_mixin.py:151} INFO - [2025-03-09T03:19:35.196+0000] {dagbag.py:539} INFO - Filling up the DagBag from /opt/airflow/dags/data_stream.py
[2025-03-09T03:19:35.457+0000] {processor.py:839} INFO - DAG(s) dict_keys(['stream_data']) retrieved from /opt/airflow/dags/data_stream.py
[2025-03-09T03:19:35.490+0000] {logging_mixin.py:151} INFO - [2025-03-09T03:19:35.490+0000] {dag.py:2907} INFO - Sync 1 DAGs
[2025-03-09T03:19:35.522+0000] {logging_mixin.py:151} INFO - [2025-03-09T03:19:35.522+0000] {dag.py:3677} INFO - Setting next_dagrun for stream_data to 2025-03-09T00:00:00+00:00, run_after=2025-03-10T00:00:00+00:00
[2025-03-09T03:19:35.543+0000] {processor.py:179} INFO - Processing /opt/airflow/dags/data_stream.py took 0.363 seconds
[2025-03-09T03:20:05.746+0000] {processor.py:157} INFO - Started process (PID=41) to work on /opt/airflow/dags/data_stream.py
[2025-03-09T03:20:05.748+0000] {processor.py:829} INFO - Processing file /opt/airflow/dags/data_stream.py for tasks to queue
[2025-03-09T03:20:05.751+0000] {logging_mixin.py:151} INFO - [2025-03-09T03:20:05.750+0000] {dagbag.py:539} INFO - Filling up the DagBag from /opt/airflow/dags/data_stream.py
[2025-03-09T03:20:06.021+0000] {processor.py:839} INFO - DAG(s) dict_keys(['stream_data']) retrieved from /opt/airflow/dags/data_stream.py
[2025-03-09T03:20:06.060+0000] {logging_mixin.py:151} INFO - [2025-03-09T03:20:06.060+0000] {dag.py:2907} INFO - Sync 1 DAGs
[2025-03-09T03:20:06.088+0000] {logging_mixin.py:151} INFO - [2025-03-09T03:20:06.088+0000] {dag.py:3677} INFO - Setting next_dagrun for stream_data to 2025-03-09T00:00:00+00:00, run_after=2025-03-10T00:00:00+00:00
[2025-03-09T03:20:06.111+0000] {processor.py:179} INFO - Processing /opt/airflow/dags/data_stream.py took 0.369 seconds
[2025-03-09T03:20:36.399+0000] {processor.py:157} INFO - Started process (PID=42) to work on /opt/airflow/dags/data_stream.py
[2025-03-09T03:20:36.401+0000] {processor.py:829} INFO - Processing file /opt/airflow/dags/data_stream.py for tasks to queue
[2025-03-09T03:20:36.403+0000] {logging_mixin.py:151} INFO - [2025-03-09T03:20:36.403+0000] {dagbag.py:539} INFO - Filling up the DagBag from /opt/airflow/dags/data_stream.py
[2025-03-09T03:20:36.504+0000] {processor.py:839} INFO - DAG(s) dict_keys(['stream_data']) retrieved from /opt/airflow/dags/data_stream.py
[2025-03-09T03:20:36.530+0000] {logging_mixin.py:151} INFO - [2025-03-09T03:20:36.530+0000] {dag.py:2907} INFO - Sync 1 DAGs
[2025-03-09T03:20:36.552+0000] {logging_mixin.py:151} INFO - [2025-03-09T03:20:36.551+0000] {dag.py:3677} INFO - Setting next_dagrun for stream_data to 2025-03-09T00:00:00+00:00, run_after=2025-03-10T00:00:00+00:00
[2025-03-09T03:20:36.567+0000] {processor.py:179} INFO - Processing /opt/airflow/dags/data_stream.py took 0.172 seconds
[2025-03-09T03:21:06.620+0000] {processor.py:157} INFO - Started process (PID=43) to work on /opt/airflow/dags/data_stream.py
[2025-03-09T03:21:06.622+0000] {processor.py:829} INFO - Processing file /opt/airflow/dags/data_stream.py for tasks to queue
[2025-03-09T03:21:06.627+0000] {logging_mixin.py:151} INFO - [2025-03-09T03:21:06.626+0000] {dagbag.py:539} INFO - Filling up the DagBag from /opt/airflow/dags/data_stream.py
[2025-03-09T03:21:06.765+0000] {processor.py:839} INFO - DAG(s) dict_keys(['stream_data']) retrieved from /opt/airflow/dags/data_stream.py
[2025-03-09T03:21:06.802+0000] {logging_mixin.py:151} INFO - [2025-03-09T03:21:06.802+0000] {dag.py:2907} INFO - Sync 1 DAGs
[2025-03-09T03:21:06.830+0000] {logging_mixin.py:151} INFO - [2025-03-09T03:21:06.829+0000] {dag.py:3677} INFO - Setting next_dagrun for stream_data to 2025-03-09T00:00:00+00:00, run_after=2025-03-10T00:00:00+00:00
[2025-03-09T03:21:06.851+0000] {processor.py:179} INFO - Processing /opt/airflow/dags/data_stream.py took 0.236 seconds
[2025-03-09T03:21:36.961+0000] {processor.py:157} INFO - Started process (PID=44) to work on /opt/airflow/dags/data_stream.py
[2025-03-09T03:21:36.963+0000] {processor.py:829} INFO - Processing file /opt/airflow/dags/data_stream.py for tasks to queue
[2025-03-09T03:21:36.969+0000] {logging_mixin.py:151} INFO - [2025-03-09T03:21:36.968+0000] {dagbag.py:539} INFO - Filling up the DagBag from /opt/airflow/dags/data_stream.py
[2025-03-09T03:21:37.086+0000] {processor.py:839} INFO - DAG(s) dict_keys(['stream_data']) retrieved from /opt/airflow/dags/data_stream.py
[2025-03-09T03:21:37.115+0000] {logging_mixin.py:151} INFO - [2025-03-09T03:21:37.115+0000] {dag.py:2907} INFO - Sync 1 DAGs
[2025-03-09T03:21:37.141+0000] {logging_mixin.py:151} INFO - [2025-03-09T03:21:37.141+0000] {dag.py:3677} INFO - Setting next_dagrun for stream_data to 2025-03-09T00:00:00+00:00, run_after=2025-03-10T00:00:00+00:00
[2025-03-09T03:21:37.162+0000] {processor.py:179} INFO - Processing /opt/airflow/dags/data_stream.py took 0.209 seconds
[2025-03-09T03:22:07.263+0000] {processor.py:157} INFO - Started process (PID=45) to work on /opt/airflow/dags/data_stream.py
[2025-03-09T03:22:07.265+0000] {processor.py:829} INFO - Processing file /opt/airflow/dags/data_stream.py for tasks to queue
[2025-03-09T03:22:07.270+0000] {logging_mixin.py:151} INFO - [2025-03-09T03:22:07.269+0000] {dagbag.py:539} INFO - Filling up the DagBag from /opt/airflow/dags/data_stream.py
[2025-03-09T03:22:07.560+0000] {processor.py:839} INFO - DAG(s) dict_keys(['stream_data']) retrieved from /opt/airflow/dags/data_stream.py
[2025-03-09T03:22:07.609+0000] {logging_mixin.py:151} INFO - [2025-03-09T03:22:07.609+0000] {dag.py:2907} INFO - Sync 1 DAGs
[2025-03-09T03:22:07.656+0000] {logging_mixin.py:151} INFO - [2025-03-09T03:22:07.656+0000] {dag.py:3677} INFO - Setting next_dagrun for stream_data to 2025-03-09T00:00:00+00:00, run_after=2025-03-10T00:00:00+00:00
[2025-03-09T03:22:07.695+0000] {processor.py:179} INFO - Processing /opt/airflow/dags/data_stream.py took 0.440 seconds
[2025-03-09T03:22:37.901+0000] {processor.py:157} INFO - Started process (PID=46) to work on /opt/airflow/dags/data_stream.py
[2025-03-09T03:22:37.902+0000] {processor.py:829} INFO - Processing file /opt/airflow/dags/data_stream.py for tasks to queue
[2025-03-09T03:22:37.906+0000] {logging_mixin.py:151} INFO - [2025-03-09T03:22:37.905+0000] {dagbag.py:539} INFO - Filling up the DagBag from /opt/airflow/dags/data_stream.py
[2025-03-09T03:22:38.026+0000] {processor.py:839} INFO - DAG(s) dict_keys(['stream_data']) retrieved from /opt/airflow/dags/data_stream.py
[2025-03-09T03:22:38.054+0000] {logging_mixin.py:151} INFO - [2025-03-09T03:22:38.054+0000] {dag.py:2907} INFO - Sync 1 DAGs
[2025-03-09T03:22:38.078+0000] {logging_mixin.py:151} INFO - [2025-03-09T03:22:38.078+0000] {dag.py:3677} INFO - Setting next_dagrun for stream_data to 2025-03-09T00:00:00+00:00, run_after=2025-03-10T00:00:00+00:00
[2025-03-09T03:22:38.098+0000] {processor.py:179} INFO - Processing /opt/airflow/dags/data_stream.py took 0.204 seconds
[2025-03-09T03:23:08.335+0000] {processor.py:157} INFO - Started process (PID=47) to work on /opt/airflow/dags/data_stream.py
[2025-03-09T03:23:08.338+0000] {processor.py:829} INFO - Processing file /opt/airflow/dags/data_stream.py for tasks to queue
[2025-03-09T03:23:08.343+0000] {logging_mixin.py:151} INFO - [2025-03-09T03:23:08.342+0000] {dagbag.py:539} INFO - Filling up the DagBag from /opt/airflow/dags/data_stream.py
[2025-03-09T03:23:08.491+0000] {processor.py:839} INFO - DAG(s) dict_keys(['stream_data']) retrieved from /opt/airflow/dags/data_stream.py
[2025-03-09T03:23:08.529+0000] {logging_mixin.py:151} INFO - [2025-03-09T03:23:08.529+0000] {dag.py:2907} INFO - Sync 1 DAGs
[2025-03-09T03:23:08.558+0000] {logging_mixin.py:151} INFO - [2025-03-09T03:23:08.558+0000] {dag.py:3677} INFO - Setting next_dagrun for stream_data to 2025-03-09T00:00:00+00:00, run_after=2025-03-10T00:00:00+00:00
[2025-03-09T03:23:08.578+0000] {processor.py:179} INFO - Processing /opt/airflow/dags/data_stream.py took 0.252 seconds
[2025-03-09T03:23:38.769+0000] {processor.py:157} INFO - Started process (PID=48) to work on /opt/airflow/dags/data_stream.py
[2025-03-09T03:23:38.770+0000] {processor.py:829} INFO - Processing file /opt/airflow/dags/data_stream.py for tasks to queue
[2025-03-09T03:23:38.777+0000] {logging_mixin.py:151} INFO - [2025-03-09T03:23:38.776+0000] {dagbag.py:539} INFO - Filling up the DagBag from /opt/airflow/dags/data_stream.py
[2025-03-09T03:23:38.883+0000] {processor.py:839} INFO - DAG(s) dict_keys(['stream_data']) retrieved from /opt/airflow/dags/data_stream.py
[2025-03-09T03:23:38.911+0000] {logging_mixin.py:151} INFO - [2025-03-09T03:23:38.911+0000] {dag.py:2907} INFO - Sync 1 DAGs
[2025-03-09T03:23:38.932+0000] {logging_mixin.py:151} INFO - [2025-03-09T03:23:38.932+0000] {dag.py:3677} INFO - Setting next_dagrun for stream_data to 2025-03-09T00:00:00+00:00, run_after=2025-03-10T00:00:00+00:00
[2025-03-09T03:23:38.950+0000] {processor.py:179} INFO - Processing /opt/airflow/dags/data_stream.py took 0.186 seconds
[2025-03-09T03:24:09.132+0000] {processor.py:157} INFO - Started process (PID=49) to work on /opt/airflow/dags/data_stream.py
[2025-03-09T03:24:09.133+0000] {processor.py:829} INFO - Processing file /opt/airflow/dags/data_stream.py for tasks to queue
[2025-03-09T03:24:09.135+0000] {logging_mixin.py:151} INFO - [2025-03-09T03:24:09.135+0000] {dagbag.py:539} INFO - Filling up the DagBag from /opt/airflow/dags/data_stream.py
[2025-03-09T03:24:09.229+0000] {processor.py:839} INFO - DAG(s) dict_keys(['stream_data']) retrieved from /opt/airflow/dags/data_stream.py
[2025-03-09T03:24:09.255+0000] {logging_mixin.py:151} INFO - [2025-03-09T03:24:09.255+0000] {dag.py:2907} INFO - Sync 1 DAGs
[2025-03-09T03:24:09.277+0000] {logging_mixin.py:151} INFO - [2025-03-09T03:24:09.277+0000] {dag.py:3677} INFO - Setting next_dagrun for stream_data to 2025-03-09T00:00:00+00:00, run_after=2025-03-10T00:00:00+00:00
[2025-03-09T03:24:09.293+0000] {processor.py:179} INFO - Processing /opt/airflow/dags/data_stream.py took 0.165 seconds
[2025-03-09T03:24:39.349+0000] {processor.py:157} INFO - Started process (PID=50) to work on /opt/airflow/dags/data_stream.py
[2025-03-09T03:24:39.350+0000] {processor.py:829} INFO - Processing file /opt/airflow/dags/data_stream.py for tasks to queue
[2025-03-09T03:24:39.354+0000] {logging_mixin.py:151} INFO - [2025-03-09T03:24:39.353+0000] {dagbag.py:539} INFO - Filling up the DagBag from /opt/airflow/dags/data_stream.py
[2025-03-09T03:24:39.504+0000] {processor.py:839} INFO - DAG(s) dict_keys(['stream_data']) retrieved from /opt/airflow/dags/data_stream.py
[2025-03-09T03:24:39.534+0000] {logging_mixin.py:151} INFO - [2025-03-09T03:24:39.534+0000] {dag.py:2907} INFO - Sync 1 DAGs
[2025-03-09T03:24:39.558+0000] {logging_mixin.py:151} INFO - [2025-03-09T03:24:39.558+0000] {dag.py:3677} INFO - Setting next_dagrun for stream_data to 2025-03-09T00:00:00+00:00, run_after=2025-03-10T00:00:00+00:00
[2025-03-09T03:24:39.576+0000] {processor.py:179} INFO - Processing /opt/airflow/dags/data_stream.py took 0.233 seconds
[2025-03-09T03:25:09.699+0000] {processor.py:157} INFO - Started process (PID=51) to work on /opt/airflow/dags/data_stream.py
[2025-03-09T03:25:09.700+0000] {processor.py:829} INFO - Processing file /opt/airflow/dags/data_stream.py for tasks to queue
[2025-03-09T03:25:09.703+0000] {logging_mixin.py:151} INFO - [2025-03-09T03:25:09.702+0000] {dagbag.py:539} INFO - Filling up the DagBag from /opt/airflow/dags/data_stream.py
[2025-03-09T03:25:09.824+0000] {processor.py:839} INFO - DAG(s) dict_keys(['stream_data']) retrieved from /opt/airflow/dags/data_stream.py
[2025-03-09T03:25:09.853+0000] {logging_mixin.py:151} INFO - [2025-03-09T03:25:09.852+0000] {dag.py:2907} INFO - Sync 1 DAGs
[2025-03-09T03:25:09.876+0000] {logging_mixin.py:151} INFO - [2025-03-09T03:25:09.876+0000] {dag.py:3677} INFO - Setting next_dagrun for stream_data to 2025-03-09T00:00:00+00:00, run_after=2025-03-10T00:00:00+00:00
[2025-03-09T03:25:09.895+0000] {processor.py:179} INFO - Processing /opt/airflow/dags/data_stream.py took 0.200 seconds
[2025-03-09T03:25:39.982+0000] {processor.py:157} INFO - Started process (PID=52) to work on /opt/airflow/dags/data_stream.py
[2025-03-09T03:25:39.984+0000] {processor.py:829} INFO - Processing file /opt/airflow/dags/data_stream.py for tasks to queue
[2025-03-09T03:25:39.988+0000] {logging_mixin.py:151} INFO - [2025-03-09T03:25:39.988+0000] {dagbag.py:539} INFO - Filling up the DagBag from /opt/airflow/dags/data_stream.py
[2025-03-09T03:25:40.106+0000] {processor.py:839} INFO - DAG(s) dict_keys(['stream_data']) retrieved from /opt/airflow/dags/data_stream.py
[2025-03-09T03:25:40.134+0000] {logging_mixin.py:151} INFO - [2025-03-09T03:25:40.133+0000] {dag.py:2907} INFO - Sync 1 DAGs
[2025-03-09T03:25:40.155+0000] {logging_mixin.py:151} INFO - [2025-03-09T03:25:40.155+0000] {dag.py:3677} INFO - Setting next_dagrun for stream_data to 2025-03-09T00:00:00+00:00, run_after=2025-03-10T00:00:00+00:00
[2025-03-09T03:25:40.173+0000] {processor.py:179} INFO - Processing /opt/airflow/dags/data_stream.py took 0.199 seconds
[2025-03-09T03:26:10.364+0000] {processor.py:157} INFO - Started process (PID=53) to work on /opt/airflow/dags/data_stream.py
[2025-03-09T03:26:10.365+0000] {processor.py:829} INFO - Processing file /opt/airflow/dags/data_stream.py for tasks to queue
[2025-03-09T03:26:10.369+0000] {logging_mixin.py:151} INFO - [2025-03-09T03:26:10.368+0000] {dagbag.py:539} INFO - Filling up the DagBag from /opt/airflow/dags/data_stream.py
[2025-03-09T03:26:10.480+0000] {processor.py:839} INFO - DAG(s) dict_keys(['stream_data']) retrieved from /opt/airflow/dags/data_stream.py
[2025-03-09T03:26:10.515+0000] {logging_mixin.py:151} INFO - [2025-03-09T03:26:10.515+0000] {dag.py:2907} INFO - Sync 1 DAGs
[2025-03-09T03:26:10.562+0000] {logging_mixin.py:151} INFO - [2025-03-09T03:26:10.561+0000] {dag.py:3677} INFO - Setting next_dagrun for stream_data to 2025-03-09T00:00:00+00:00, run_after=2025-03-10T00:00:00+00:00
[2025-03-09T03:26:10.592+0000] {processor.py:179} INFO - Processing /opt/airflow/dags/data_stream.py took 0.233 seconds
[2025-03-09T03:26:40.804+0000] {processor.py:157} INFO - Started process (PID=54) to work on /opt/airflow/dags/data_stream.py
[2025-03-09T03:26:40.807+0000] {processor.py:829} INFO - Processing file /opt/airflow/dags/data_stream.py for tasks to queue
[2025-03-09T03:26:40.816+0000] {logging_mixin.py:151} INFO - [2025-03-09T03:26:40.815+0000] {dagbag.py:539} INFO - Filling up the DagBag from /opt/airflow/dags/data_stream.py
[2025-03-09T03:26:40.940+0000] {processor.py:839} INFO - DAG(s) dict_keys(['stream_data']) retrieved from /opt/airflow/dags/data_stream.py
[2025-03-09T03:26:40.984+0000] {logging_mixin.py:151} INFO - [2025-03-09T03:26:40.983+0000] {dag.py:2907} INFO - Sync 1 DAGs
[2025-03-09T03:26:41.017+0000] {logging_mixin.py:151} INFO - [2025-03-09T03:26:41.017+0000] {dag.py:3677} INFO - Setting next_dagrun for stream_data to 2025-03-09T00:00:00+00:00, run_after=2025-03-10T00:00:00+00:00
[2025-03-09T03:26:41.036+0000] {processor.py:179} INFO - Processing /opt/airflow/dags/data_stream.py took 0.240 seconds
[2025-03-09T03:27:11.235+0000] {processor.py:157} INFO - Started process (PID=55) to work on /opt/airflow/dags/data_stream.py
[2025-03-09T03:27:11.236+0000] {processor.py:829} INFO - Processing file /opt/airflow/dags/data_stream.py for tasks to queue
[2025-03-09T03:27:11.240+0000] {logging_mixin.py:151} INFO - [2025-03-09T03:27:11.239+0000] {dagbag.py:539} INFO - Filling up the DagBag from /opt/airflow/dags/data_stream.py
[2025-03-09T03:27:11.347+0000] {processor.py:839} INFO - DAG(s) dict_keys(['stream_data']) retrieved from /opt/airflow/dags/data_stream.py
[2025-03-09T03:27:11.375+0000] {logging_mixin.py:151} INFO - [2025-03-09T03:27:11.375+0000] {dag.py:2907} INFO - Sync 1 DAGs
[2025-03-09T03:27:11.397+0000] {logging_mixin.py:151} INFO - [2025-03-09T03:27:11.397+0000] {dag.py:3677} INFO - Setting next_dagrun for stream_data to 2025-03-09T00:00:00+00:00, run_after=2025-03-10T00:00:00+00:00
[2025-03-09T03:27:11.413+0000] {processor.py:179} INFO - Processing /opt/airflow/dags/data_stream.py took 0.183 seconds
[2025-03-09T03:27:41.574+0000] {processor.py:157} INFO - Started process (PID=56) to work on /opt/airflow/dags/data_stream.py
[2025-03-09T03:27:41.576+0000] {processor.py:829} INFO - Processing file /opt/airflow/dags/data_stream.py for tasks to queue
[2025-03-09T03:27:41.579+0000] {logging_mixin.py:151} INFO - [2025-03-09T03:27:41.579+0000] {dagbag.py:539} INFO - Filling up the DagBag from /opt/airflow/dags/data_stream.py
[2025-03-09T03:27:41.705+0000] {processor.py:839} INFO - DAG(s) dict_keys(['stream_data']) retrieved from /opt/airflow/dags/data_stream.py
[2025-03-09T03:27:41.734+0000] {logging_mixin.py:151} INFO - [2025-03-09T03:27:41.733+0000] {dag.py:2907} INFO - Sync 1 DAGs
[2025-03-09T03:27:41.756+0000] {logging_mixin.py:151} INFO - [2025-03-09T03:27:41.756+0000] {dag.py:3677} INFO - Setting next_dagrun for stream_data to 2025-03-09T00:00:00+00:00, run_after=2025-03-10T00:00:00+00:00
[2025-03-09T03:27:41.772+0000] {processor.py:179} INFO - Processing /opt/airflow/dags/data_stream.py took 0.202 seconds
[2025-03-09T03:28:12.005+0000] {processor.py:157} INFO - Started process (PID=57) to work on /opt/airflow/dags/data_stream.py
[2025-03-09T03:28:12.007+0000] {processor.py:829} INFO - Processing file /opt/airflow/dags/data_stream.py for tasks to queue
[2025-03-09T03:28:12.011+0000] {logging_mixin.py:151} INFO - [2025-03-09T03:28:12.011+0000] {dagbag.py:539} INFO - Filling up the DagBag from /opt/airflow/dags/data_stream.py
[2025-03-09T03:28:12.129+0000] {processor.py:839} INFO - DAG(s) dict_keys(['stream_data']) retrieved from /opt/airflow/dags/data_stream.py
[2025-03-09T03:28:12.159+0000] {logging_mixin.py:151} INFO - [2025-03-09T03:28:12.159+0000] {dag.py:2907} INFO - Sync 1 DAGs
[2025-03-09T03:28:12.183+0000] {logging_mixin.py:151} INFO - [2025-03-09T03:28:12.183+0000] {dag.py:3677} INFO - Setting next_dagrun for stream_data to 2025-03-09T00:00:00+00:00, run_after=2025-03-10T00:00:00+00:00
[2025-03-09T03:28:12.203+0000] {processor.py:179} INFO - Processing /opt/airflow/dags/data_stream.py took 0.209 seconds
[2025-03-09T03:28:42.422+0000] {processor.py:157} INFO - Started process (PID=58) to work on /opt/airflow/dags/data_stream.py
[2025-03-09T03:28:42.424+0000] {processor.py:829} INFO - Processing file /opt/airflow/dags/data_stream.py for tasks to queue
[2025-03-09T03:28:42.429+0000] {logging_mixin.py:151} INFO - [2025-03-09T03:28:42.429+0000] {dagbag.py:539} INFO - Filling up the DagBag from /opt/airflow/dags/data_stream.py
[2025-03-09T03:28:42.634+0000] {processor.py:839} INFO - DAG(s) dict_keys(['stream_data']) retrieved from /opt/airflow/dags/data_stream.py
[2025-03-09T03:28:42.687+0000] {logging_mixin.py:151} INFO - [2025-03-09T03:28:42.687+0000] {dag.py:2907} INFO - Sync 1 DAGs
[2025-03-09T03:28:42.731+0000] {logging_mixin.py:151} INFO - [2025-03-09T03:28:42.731+0000] {dag.py:3677} INFO - Setting next_dagrun for stream_data to 2025-03-09T00:00:00+00:00, run_after=2025-03-10T00:00:00+00:00
[2025-03-09T03:28:42.758+0000] {processor.py:179} INFO - Processing /opt/airflow/dags/data_stream.py took 0.342 seconds
[2025-03-09T03:29:29.981+0000] {processor.py:157} INFO - Started process (PID=59) to work on /opt/airflow/dags/data_stream.py
[2025-03-09T03:29:30.016+0000] {processor.py:829} INFO - Processing file /opt/airflow/dags/data_stream.py for tasks to queue
[2025-03-09T03:29:30.019+0000] {logging_mixin.py:151} INFO - [2025-03-09T03:29:30.018+0000] {dagbag.py:539} INFO - Filling up the DagBag from /opt/airflow/dags/data_stream.py
[2025-03-09T03:29:30.231+0000] {processor.py:839} INFO - DAG(s) dict_keys(['stream_data']) retrieved from /opt/airflow/dags/data_stream.py
[2025-03-09T03:29:30.410+0000] {logging_mixin.py:151} INFO - [2025-03-09T03:29:30.410+0000] {dag.py:2907} INFO - Sync 1 DAGs
[2025-03-09T03:29:30.501+0000] {logging_mixin.py:151} INFO - [2025-03-09T03:29:30.501+0000] {dag.py:3677} INFO - Setting next_dagrun for stream_data to 2025-03-09T00:00:00+00:00, run_after=2025-03-10T00:00:00+00:00
[2025-03-09T03:29:32.921+0000] {processor.py:179} INFO - Processing /opt/airflow/dags/data_stream.py took 2.947 seconds
[2025-03-09T03:30:03.800+0000] {processor.py:157} INFO - Started process (PID=60) to work on /opt/airflow/dags/data_stream.py
[2025-03-09T03:30:03.819+0000] {processor.py:829} INFO - Processing file /opt/airflow/dags/data_stream.py for tasks to queue
[2025-03-09T03:30:03.823+0000] {logging_mixin.py:151} INFO - [2025-03-09T03:30:03.823+0000] {dagbag.py:539} INFO - Filling up the DagBag from /opt/airflow/dags/data_stream.py
[2025-03-09T03:30:04.051+0000] {processor.py:839} INFO - DAG(s) dict_keys(['stream_data']) retrieved from /opt/airflow/dags/data_stream.py
[2025-03-09T03:30:04.349+0000] {logging_mixin.py:151} INFO - [2025-03-09T03:30:04.349+0000] {dag.py:2907} INFO - Sync 1 DAGs
[2025-03-09T03:30:04.492+0000] {logging_mixin.py:151} INFO - [2025-03-09T03:30:04.491+0000] {dag.py:3677} INFO - Setting next_dagrun for stream_data to 2025-03-09T00:00:00+00:00, run_after=2025-03-10T00:00:00+00:00
[2025-03-09T03:30:05.821+0000] {processor.py:179} INFO - Processing /opt/airflow/dags/data_stream.py took 2.031 seconds
[2025-03-09T03:30:37.196+0000] {processor.py:157} INFO - Started process (PID=61) to work on /opt/airflow/dags/data_stream.py
[2025-03-09T03:30:37.201+0000] {processor.py:829} INFO - Processing file /opt/airflow/dags/data_stream.py for tasks to queue
[2025-03-09T03:30:37.206+0000] {logging_mixin.py:151} INFO - [2025-03-09T03:30:37.205+0000] {dagbag.py:539} INFO - Filling up the DagBag from /opt/airflow/dags/data_stream.py
[2025-03-09T03:30:37.425+0000] {processor.py:839} INFO - DAG(s) dict_keys(['stream_data']) retrieved from /opt/airflow/dags/data_stream.py
[2025-03-09T03:30:37.457+0000] {logging_mixin.py:151} INFO - [2025-03-09T03:30:37.456+0000] {dag.py:2907} INFO - Sync 1 DAGs
[2025-03-09T03:30:37.492+0000] {logging_mixin.py:151} INFO - [2025-03-09T03:30:37.491+0000] {dag.py:3677} INFO - Setting next_dagrun for stream_data to 2025-03-09T00:00:00+00:00, run_after=2025-03-10T00:00:00+00:00
[2025-03-09T03:30:37.550+0000] {processor.py:179} INFO - Processing /opt/airflow/dags/data_stream.py took 0.359 seconds
[2025-03-09T03:31:08.440+0000] {processor.py:157} INFO - Started process (PID=62) to work on /opt/airflow/dags/data_stream.py
[2025-03-09T03:31:08.447+0000] {processor.py:829} INFO - Processing file /opt/airflow/dags/data_stream.py for tasks to queue
[2025-03-09T03:31:08.454+0000] {logging_mixin.py:151} INFO - [2025-03-09T03:31:08.453+0000] {dagbag.py:539} INFO - Filling up the DagBag from /opt/airflow/dags/data_stream.py
[2025-03-09T03:31:08.686+0000] {processor.py:839} INFO - DAG(s) dict_keys(['stream_data']) retrieved from /opt/airflow/dags/data_stream.py
[2025-03-09T03:31:08.747+0000] {logging_mixin.py:151} INFO - [2025-03-09T03:31:08.747+0000] {dag.py:2907} INFO - Sync 1 DAGs
[2025-03-09T03:31:08.799+0000] {logging_mixin.py:151} INFO - [2025-03-09T03:31:08.798+0000] {dag.py:3677} INFO - Setting next_dagrun for stream_data to 2025-03-09T00:00:00+00:00, run_after=2025-03-10T00:00:00+00:00
[2025-03-09T03:31:08.842+0000] {processor.py:179} INFO - Processing /opt/airflow/dags/data_stream.py took 0.409 seconds
[2025-03-09T03:31:40.108+0000] {processor.py:157} INFO - Started process (PID=63) to work on /opt/airflow/dags/data_stream.py
[2025-03-09T03:31:40.246+0000] {processor.py:829} INFO - Processing file /opt/airflow/dags/data_stream.py for tasks to queue
[2025-03-09T03:31:40.408+0000] {logging_mixin.py:151} INFO - [2025-03-09T03:31:40.408+0000] {dagbag.py:539} INFO - Filling up the DagBag from /opt/airflow/dags/data_stream.py
[2025-03-09T03:31:41.723+0000] {processor.py:839} INFO - DAG(s) dict_keys(['stream_data']) retrieved from /opt/airflow/dags/data_stream.py
[2025-03-09T03:31:42.772+0000] {logging_mixin.py:151} INFO - [2025-03-09T03:31:42.771+0000] {dag.py:2907} INFO - Sync 1 DAGs
[2025-03-09T03:31:43.678+0000] {logging_mixin.py:151} INFO - [2025-03-09T03:31:43.678+0000] {dag.py:3677} INFO - Setting next_dagrun for stream_data to 2025-03-09T00:00:00+00:00, run_after=2025-03-10T00:00:00+00:00
[2025-03-09T03:32:20.442+0000] {processor.py:179} INFO - Processing /opt/airflow/dags/data_stream.py took 40.339 seconds
[2025-03-09T03:32:52.221+0000] {processor.py:157} INFO - Started process (PID=64) to work on /opt/airflow/dags/data_stream.py
[2025-03-09T03:32:52.355+0000] {processor.py:829} INFO - Processing file /opt/airflow/dags/data_stream.py for tasks to queue
[2025-03-09T03:32:52.442+0000] {logging_mixin.py:151} INFO - [2025-03-09T03:32:52.442+0000] {dagbag.py:539} INFO - Filling up the DagBag from /opt/airflow/dags/data_stream.py
[2025-03-09T03:32:56.034+0000] {processor.py:839} INFO - DAG(s) dict_keys(['stream_data']) retrieved from /opt/airflow/dags/data_stream.py
[2025-03-09T03:32:56.825+0000] {logging_mixin.py:151} INFO - [2025-03-09T03:32:56.824+0000] {dag.py:2907} INFO - Sync 1 DAGs
[2025-03-09T03:32:57.884+0000] {logging_mixin.py:151} INFO - [2025-03-09T03:32:57.884+0000] {dag.py:3677} INFO - Setting next_dagrun for stream_data to 2025-03-09T00:00:00+00:00, run_after=2025-03-10T00:00:00+00:00
[2025-03-09T07:49:52.249+0000] {processor.py:157} INFO - Started process (PID=33) to work on /opt/airflow/dags/data_stream.py
[2025-03-09T07:49:52.254+0000] {processor.py:829} INFO - Processing file /opt/airflow/dags/data_stream.py for tasks to queue
[2025-03-09T07:49:52.267+0000] {logging_mixin.py:151} INFO - [2025-03-09T07:49:52.266+0000] {dagbag.py:539} INFO - Filling up the DagBag from /opt/airflow/dags/data_stream.py
[2025-03-09T07:49:52.602+0000] {processor.py:839} INFO - DAG(s) dict_keys(['stream_data']) retrieved from /opt/airflow/dags/data_stream.py
[2025-03-09T07:49:52.671+0000] {logging_mixin.py:151} INFO - [2025-03-09T07:49:52.671+0000] {dag.py:2907} INFO - Sync 1 DAGs
[2025-03-09T07:49:52.695+0000] {logging_mixin.py:151} INFO - [2025-03-09T07:49:52.695+0000] {dag.py:3677} INFO - Setting next_dagrun for stream_data to 2025-03-09T00:00:00+00:00, run_after=2025-03-10T00:00:00+00:00
[2025-03-09T07:49:52.720+0000] {processor.py:179} INFO - Processing /opt/airflow/dags/data_stream.py took 0.485 seconds
[2025-03-09T07:50:22.977+0000] {processor.py:157} INFO - Started process (PID=34) to work on /opt/airflow/dags/data_stream.py
[2025-03-09T07:50:22.986+0000] {processor.py:829} INFO - Processing file /opt/airflow/dags/data_stream.py for tasks to queue
[2025-03-09T07:50:23.010+0000] {logging_mixin.py:151} INFO - [2025-03-09T07:50:23.007+0000] {dagbag.py:539} INFO - Filling up the DagBag from /opt/airflow/dags/data_stream.py
[2025-03-09T07:50:23.336+0000] {processor.py:839} INFO - DAG(s) dict_keys(['stream_data']) retrieved from /opt/airflow/dags/data_stream.py
[2025-03-09T07:50:23.366+0000] {logging_mixin.py:151} INFO - [2025-03-09T07:50:23.366+0000] {dag.py:2907} INFO - Sync 1 DAGs
[2025-03-09T07:50:23.393+0000] {logging_mixin.py:151} INFO - [2025-03-09T07:50:23.393+0000] {dag.py:3677} INFO - Setting next_dagrun for stream_data to 2025-03-09T00:00:00+00:00, run_after=2025-03-10T00:00:00+00:00
[2025-03-09T07:50:23.414+0000] {processor.py:179} INFO - Processing /opt/airflow/dags/data_stream.py took 0.467 seconds
[2025-03-09T07:50:53.658+0000] {processor.py:157} INFO - Started process (PID=35) to work on /opt/airflow/dags/data_stream.py
[2025-03-09T07:50:53.660+0000] {processor.py:829} INFO - Processing file /opt/airflow/dags/data_stream.py for tasks to queue
[2025-03-09T07:50:53.664+0000] {logging_mixin.py:151} INFO - [2025-03-09T07:50:53.663+0000] {dagbag.py:539} INFO - Filling up the DagBag from /opt/airflow/dags/data_stream.py
[2025-03-09T07:50:53.882+0000] {processor.py:839} INFO - DAG(s) dict_keys(['stream_data']) retrieved from /opt/airflow/dags/data_stream.py
[2025-03-09T07:50:53.909+0000] {logging_mixin.py:151} INFO - [2025-03-09T07:50:53.909+0000] {dag.py:2907} INFO - Sync 1 DAGs
[2025-03-09T07:50:53.930+0000] {logging_mixin.py:151} INFO - [2025-03-09T07:50:53.930+0000] {dag.py:3677} INFO - Setting next_dagrun for stream_data to 2025-03-09T00:00:00+00:00, run_after=2025-03-10T00:00:00+00:00
[2025-03-09T07:50:53.947+0000] {processor.py:179} INFO - Processing /opt/airflow/dags/data_stream.py took 0.295 seconds
[2025-03-09T07:51:24.129+0000] {processor.py:157} INFO - Started process (PID=36) to work on /opt/airflow/dags/data_stream.py
[2025-03-09T07:51:24.133+0000] {processor.py:829} INFO - Processing file /opt/airflow/dags/data_stream.py for tasks to queue
[2025-03-09T07:51:24.136+0000] {logging_mixin.py:151} INFO - [2025-03-09T07:51:24.136+0000] {dagbag.py:539} INFO - Filling up the DagBag from /opt/airflow/dags/data_stream.py
[2025-03-09T07:51:24.640+0000] {processor.py:839} INFO - DAG(s) dict_keys(['stream_data']) retrieved from /opt/airflow/dags/data_stream.py
[2025-03-09T07:51:24.711+0000] {logging_mixin.py:151} INFO - [2025-03-09T07:51:24.710+0000] {dag.py:2907} INFO - Sync 1 DAGs
[2025-03-09T07:51:24.758+0000] {logging_mixin.py:151} INFO - [2025-03-09T07:51:24.757+0000] {dag.py:3677} INFO - Setting next_dagrun for stream_data to 2025-03-09T00:00:00+00:00, run_after=2025-03-10T00:00:00+00:00
[2025-03-09T07:51:24.787+0000] {processor.py:179} INFO - Processing /opt/airflow/dags/data_stream.py took 0.667 seconds
[2025-03-09T07:51:55.076+0000] {processor.py:157} INFO - Started process (PID=37) to work on /opt/airflow/dags/data_stream.py
[2025-03-09T07:51:55.079+0000] {processor.py:829} INFO - Processing file /opt/airflow/dags/data_stream.py for tasks to queue
[2025-03-09T07:51:55.084+0000] {logging_mixin.py:151} INFO - [2025-03-09T07:51:55.083+0000] {dagbag.py:539} INFO - Filling up the DagBag from /opt/airflow/dags/data_stream.py
[2025-03-09T07:51:55.360+0000] {processor.py:839} INFO - DAG(s) dict_keys(['stream_data']) retrieved from /opt/airflow/dags/data_stream.py
[2025-03-09T07:51:55.391+0000] {logging_mixin.py:151} INFO - [2025-03-09T07:51:55.390+0000] {dag.py:2907} INFO - Sync 1 DAGs
[2025-03-09T07:51:55.416+0000] {logging_mixin.py:151} INFO - [2025-03-09T07:51:55.416+0000] {dag.py:3677} INFO - Setting next_dagrun for stream_data to 2025-03-09T00:00:00+00:00, run_after=2025-03-10T00:00:00+00:00
[2025-03-09T07:51:55.434+0000] {processor.py:179} INFO - Processing /opt/airflow/dags/data_stream.py took 0.370 seconds
[2025-03-09T07:52:25.569+0000] {processor.py:157} INFO - Started process (PID=38) to work on /opt/airflow/dags/data_stream.py
[2025-03-09T07:52:25.571+0000] {processor.py:829} INFO - Processing file /opt/airflow/dags/data_stream.py for tasks to queue
[2025-03-09T07:52:25.577+0000] {logging_mixin.py:151} INFO - [2025-03-09T07:52:25.576+0000] {dagbag.py:539} INFO - Filling up the DagBag from /opt/airflow/dags/data_stream.py
[2025-03-09T07:52:25.900+0000] {processor.py:839} INFO - DAG(s) dict_keys(['stream_data']) retrieved from /opt/airflow/dags/data_stream.py
[2025-03-09T07:52:25.931+0000] {logging_mixin.py:151} INFO - [2025-03-09T07:52:25.931+0000] {dag.py:2907} INFO - Sync 1 DAGs
[2025-03-09T07:52:25.961+0000] {logging_mixin.py:151} INFO - [2025-03-09T07:52:25.960+0000] {dag.py:3677} INFO - Setting next_dagrun for stream_data to 2025-03-09T00:00:00+00:00, run_after=2025-03-10T00:00:00+00:00
[2025-03-09T07:52:25.985+0000] {processor.py:179} INFO - Processing /opt/airflow/dags/data_stream.py took 0.427 seconds
[2025-03-09T07:52:56.116+0000] {processor.py:157} INFO - Started process (PID=39) to work on /opt/airflow/dags/data_stream.py
[2025-03-09T07:52:56.119+0000] {processor.py:829} INFO - Processing file /opt/airflow/dags/data_stream.py for tasks to queue
[2025-03-09T07:52:56.127+0000] {logging_mixin.py:151} INFO - [2025-03-09T07:52:56.127+0000] {dagbag.py:539} INFO - Filling up the DagBag from /opt/airflow/dags/data_stream.py
[2025-03-09T07:52:56.279+0000] {processor.py:839} INFO - DAG(s) dict_keys(['stream_data']) retrieved from /opt/airflow/dags/data_stream.py
[2025-03-09T07:52:56.316+0000] {logging_mixin.py:151} INFO - [2025-03-09T07:52:56.316+0000] {dag.py:2907} INFO - Sync 1 DAGs
[2025-03-09T07:52:56.346+0000] {logging_mixin.py:151} INFO - [2025-03-09T07:52:56.346+0000] {dag.py:3677} INFO - Setting next_dagrun for stream_data to 2025-03-09T00:00:00+00:00, run_after=2025-03-10T00:00:00+00:00
[2025-03-09T07:52:56.371+0000] {processor.py:179} INFO - Processing /opt/airflow/dags/data_stream.py took 0.281 seconds
[2025-03-09T07:53:26.602+0000] {processor.py:157} INFO - Started process (PID=40) to work on /opt/airflow/dags/data_stream.py
[2025-03-09T07:53:26.606+0000] {processor.py:829} INFO - Processing file /opt/airflow/dags/data_stream.py for tasks to queue
[2025-03-09T07:53:26.618+0000] {logging_mixin.py:151} INFO - [2025-03-09T07:53:26.616+0000] {dagbag.py:539} INFO - Filling up the DagBag from /opt/airflow/dags/data_stream.py
[2025-03-09T07:53:26.824+0000] {processor.py:839} INFO - DAG(s) dict_keys(['stream_data']) retrieved from /opt/airflow/dags/data_stream.py
[2025-03-09T07:53:26.858+0000] {logging_mixin.py:151} INFO - [2025-03-09T07:53:26.858+0000] {dag.py:2907} INFO - Sync 1 DAGs
[2025-03-09T07:53:26.883+0000] {logging_mixin.py:151} INFO - [2025-03-09T07:53:26.883+0000] {dag.py:3677} INFO - Setting next_dagrun for stream_data to 2025-03-09T00:00:00+00:00, run_after=2025-03-10T00:00:00+00:00
[2025-03-09T07:53:26.901+0000] {processor.py:179} INFO - Processing /opt/airflow/dags/data_stream.py took 0.314 seconds
[2025-03-09T07:53:57.158+0000] {processor.py:157} INFO - Started process (PID=41) to work on /opt/airflow/dags/data_stream.py
[2025-03-09T07:53:57.160+0000] {processor.py:829} INFO - Processing file /opt/airflow/dags/data_stream.py for tasks to queue
[2025-03-09T07:53:57.163+0000] {logging_mixin.py:151} INFO - [2025-03-09T07:53:57.163+0000] {dagbag.py:539} INFO - Filling up the DagBag from /opt/airflow/dags/data_stream.py
[2025-03-09T07:53:57.280+0000] {processor.py:839} INFO - DAG(s) dict_keys(['stream_data']) retrieved from /opt/airflow/dags/data_stream.py
[2025-03-09T07:53:57.320+0000] {logging_mixin.py:151} INFO - [2025-03-09T07:53:57.320+0000] {dag.py:2907} INFO - Sync 1 DAGs
[2025-03-09T07:53:57.353+0000] {logging_mixin.py:151} INFO - [2025-03-09T07:53:57.353+0000] {dag.py:3677} INFO - Setting next_dagrun for stream_data to 2025-03-09T00:00:00+00:00, run_after=2025-03-10T00:00:00+00:00
[2025-03-09T07:53:57.372+0000] {processor.py:179} INFO - Processing /opt/airflow/dags/data_stream.py took 0.220 seconds
[2025-03-09T07:54:27.461+0000] {processor.py:157} INFO - Started process (PID=42) to work on /opt/airflow/dags/data_stream.py
[2025-03-09T07:54:27.467+0000] {processor.py:829} INFO - Processing file /opt/airflow/dags/data_stream.py for tasks to queue
[2025-03-09T07:54:27.480+0000] {logging_mixin.py:151} INFO - [2025-03-09T07:54:27.479+0000] {dagbag.py:539} INFO - Filling up the DagBag from /opt/airflow/dags/data_stream.py
[2025-03-09T07:54:27.593+0000] {processor.py:839} INFO - DAG(s) dict_keys(['stream_data']) retrieved from /opt/airflow/dags/data_stream.py
[2025-03-09T07:54:27.621+0000] {logging_mixin.py:151} INFO - [2025-03-09T07:54:27.621+0000] {dag.py:2907} INFO - Sync 1 DAGs
[2025-03-09T07:54:27.643+0000] {logging_mixin.py:151} INFO - [2025-03-09T07:54:27.643+0000] {dag.py:3677} INFO - Setting next_dagrun for stream_data to 2025-03-09T00:00:00+00:00, run_after=2025-03-10T00:00:00+00:00
[2025-03-09T07:54:27.660+0000] {processor.py:179} INFO - Processing /opt/airflow/dags/data_stream.py took 0.214 seconds
[2025-03-09T07:54:57.952+0000] {processor.py:157} INFO - Started process (PID=43) to work on /opt/airflow/dags/data_stream.py
[2025-03-09T07:54:57.954+0000] {processor.py:829} INFO - Processing file /opt/airflow/dags/data_stream.py for tasks to queue
[2025-03-09T07:54:57.957+0000] {logging_mixin.py:151} INFO - [2025-03-09T07:54:57.957+0000] {dagbag.py:539} INFO - Filling up the DagBag from /opt/airflow/dags/data_stream.py
[2025-03-09T07:54:58.055+0000] {processor.py:839} INFO - DAG(s) dict_keys(['stream_data']) retrieved from /opt/airflow/dags/data_stream.py
[2025-03-09T07:54:58.085+0000] {logging_mixin.py:151} INFO - [2025-03-09T07:54:58.084+0000] {dag.py:2907} INFO - Sync 1 DAGs
[2025-03-09T07:54:58.113+0000] {logging_mixin.py:151} INFO - [2025-03-09T07:54:58.113+0000] {dag.py:3677} INFO - Setting next_dagrun for stream_data to 2025-03-09T00:00:00+00:00, run_after=2025-03-10T00:00:00+00:00
[2025-03-09T07:54:58.132+0000] {processor.py:179} INFO - Processing /opt/airflow/dags/data_stream.py took 0.187 seconds
[2025-03-09T07:55:28.219+0000] {processor.py:157} INFO - Started process (PID=44) to work on /opt/airflow/dags/data_stream.py
[2025-03-09T07:55:28.221+0000] {processor.py:829} INFO - Processing file /opt/airflow/dags/data_stream.py for tasks to queue
[2025-03-09T07:55:28.225+0000] {logging_mixin.py:151} INFO - [2025-03-09T07:55:28.224+0000] {dagbag.py:539} INFO - Filling up the DagBag from /opt/airflow/dags/data_stream.py
[2025-03-09T07:55:28.325+0000] {processor.py:839} INFO - DAG(s) dict_keys(['stream_data']) retrieved from /opt/airflow/dags/data_stream.py
[2025-03-09T07:55:28.352+0000] {logging_mixin.py:151} INFO - [2025-03-09T07:55:28.352+0000] {dag.py:2907} INFO - Sync 1 DAGs
[2025-03-09T07:55:28.375+0000] {logging_mixin.py:151} INFO - [2025-03-09T07:55:28.375+0000] {dag.py:3677} INFO - Setting next_dagrun for stream_data to 2025-03-09T00:00:00+00:00, run_after=2025-03-10T00:00:00+00:00
[2025-03-09T07:55:28.392+0000] {processor.py:179} INFO - Processing /opt/airflow/dags/data_stream.py took 0.178 seconds
[2025-03-09T07:55:58.648+0000] {processor.py:157} INFO - Started process (PID=45) to work on /opt/airflow/dags/data_stream.py
[2025-03-09T07:55:58.650+0000] {processor.py:829} INFO - Processing file /opt/airflow/dags/data_stream.py for tasks to queue
[2025-03-09T07:55:58.654+0000] {logging_mixin.py:151} INFO - [2025-03-09T07:55:58.653+0000] {dagbag.py:539} INFO - Filling up the DagBag from /opt/airflow/dags/data_stream.py
[2025-03-09T07:55:58.755+0000] {processor.py:839} INFO - DAG(s) dict_keys(['stream_data']) retrieved from /opt/airflow/dags/data_stream.py
[2025-03-09T07:55:58.782+0000] {logging_mixin.py:151} INFO - [2025-03-09T07:55:58.782+0000] {dag.py:2907} INFO - Sync 1 DAGs
[2025-03-09T07:55:58.806+0000] {logging_mixin.py:151} INFO - [2025-03-09T07:55:58.806+0000] {dag.py:3677} INFO - Setting next_dagrun for stream_data to 2025-03-09T00:00:00+00:00, run_after=2025-03-10T00:00:00+00:00
[2025-03-09T07:55:58.823+0000] {processor.py:179} INFO - Processing /opt/airflow/dags/data_stream.py took 0.182 seconds
[2025-03-09T07:56:28.946+0000] {processor.py:157} INFO - Started process (PID=46) to work on /opt/airflow/dags/data_stream.py
[2025-03-09T07:56:28.951+0000] {processor.py:829} INFO - Processing file /opt/airflow/dags/data_stream.py for tasks to queue
[2025-03-09T07:56:28.958+0000] {logging_mixin.py:151} INFO - [2025-03-09T07:56:28.957+0000] {dagbag.py:539} INFO - Filling up the DagBag from /opt/airflow/dags/data_stream.py
[2025-03-09T07:56:29.093+0000] {processor.py:839} INFO - DAG(s) dict_keys(['stream_data']) retrieved from /opt/airflow/dags/data_stream.py
[2025-03-09T07:56:29.123+0000] {logging_mixin.py:151} INFO - [2025-03-09T07:56:29.123+0000] {dag.py:2907} INFO - Sync 1 DAGs
[2025-03-09T07:56:29.156+0000] {logging_mixin.py:151} INFO - [2025-03-09T07:56:29.156+0000] {dag.py:3677} INFO - Setting next_dagrun for stream_data to 2025-03-09T00:00:00+00:00, run_after=2025-03-10T00:00:00+00:00
[2025-03-09T07:56:29.183+0000] {processor.py:179} INFO - Processing /opt/airflow/dags/data_stream.py took 0.254 seconds
[2025-03-09T07:56:59.378+0000] {processor.py:157} INFO - Started process (PID=47) to work on /opt/airflow/dags/data_stream.py
[2025-03-09T07:56:59.381+0000] {processor.py:829} INFO - Processing file /opt/airflow/dags/data_stream.py for tasks to queue
[2025-03-09T07:56:59.388+0000] {logging_mixin.py:151} INFO - [2025-03-09T07:56:59.387+0000] {dagbag.py:539} INFO - Filling up the DagBag from /opt/airflow/dags/data_stream.py
[2025-03-09T07:56:59.523+0000] {processor.py:839} INFO - DAG(s) dict_keys(['stream_data']) retrieved from /opt/airflow/dags/data_stream.py
[2025-03-09T07:56:59.550+0000] {logging_mixin.py:151} INFO - [2025-03-09T07:56:59.549+0000] {dag.py:2907} INFO - Sync 1 DAGs
[2025-03-09T07:56:59.571+0000] {logging_mixin.py:151} INFO - [2025-03-09T07:56:59.571+0000] {dag.py:3677} INFO - Setting next_dagrun for stream_data to 2025-03-09T00:00:00+00:00, run_after=2025-03-10T00:00:00+00:00
[2025-03-09T07:56:59.591+0000] {processor.py:179} INFO - Processing /opt/airflow/dags/data_stream.py took 0.221 seconds
[2025-03-09T07:57:29.743+0000] {processor.py:157} INFO - Started process (PID=48) to work on /opt/airflow/dags/data_stream.py
[2025-03-09T07:57:29.750+0000] {processor.py:829} INFO - Processing file /opt/airflow/dags/data_stream.py for tasks to queue
[2025-03-09T07:57:29.755+0000] {logging_mixin.py:151} INFO - [2025-03-09T07:57:29.754+0000] {dagbag.py:539} INFO - Filling up the DagBag from /opt/airflow/dags/data_stream.py
[2025-03-09T07:57:29.871+0000] {processor.py:839} INFO - DAG(s) dict_keys(['stream_data']) retrieved from /opt/airflow/dags/data_stream.py
[2025-03-09T07:57:29.899+0000] {logging_mixin.py:151} INFO - [2025-03-09T07:57:29.899+0000] {dag.py:2907} INFO - Sync 1 DAGs
[2025-03-09T07:57:29.923+0000] {logging_mixin.py:151} INFO - [2025-03-09T07:57:29.923+0000] {dag.py:3677} INFO - Setting next_dagrun for stream_data to 2025-03-09T00:00:00+00:00, run_after=2025-03-10T00:00:00+00:00
[2025-03-09T07:57:29.940+0000] {processor.py:179} INFO - Processing /opt/airflow/dags/data_stream.py took 0.215 seconds
[2025-03-09T07:58:00.143+0000] {processor.py:157} INFO - Started process (PID=49) to work on /opt/airflow/dags/data_stream.py
[2025-03-09T07:58:00.145+0000] {processor.py:829} INFO - Processing file /opt/airflow/dags/data_stream.py for tasks to queue
[2025-03-09T07:58:00.150+0000] {logging_mixin.py:151} INFO - [2025-03-09T07:58:00.149+0000] {dagbag.py:539} INFO - Filling up the DagBag from /opt/airflow/dags/data_stream.py
[2025-03-09T07:58:00.263+0000] {processor.py:839} INFO - DAG(s) dict_keys(['stream_data']) retrieved from /opt/airflow/dags/data_stream.py
[2025-03-09T07:58:00.290+0000] {logging_mixin.py:151} INFO - [2025-03-09T07:58:00.290+0000] {dag.py:2907} INFO - Sync 1 DAGs
[2025-03-09T07:58:00.313+0000] {logging_mixin.py:151} INFO - [2025-03-09T07:58:00.313+0000] {dag.py:3677} INFO - Setting next_dagrun for stream_data to 2025-03-09T00:00:00+00:00, run_after=2025-03-10T00:00:00+00:00
[2025-03-09T07:58:00.331+0000] {processor.py:179} INFO - Processing /opt/airflow/dags/data_stream.py took 0.196 seconds
[2025-03-09T07:58:30.472+0000] {processor.py:157} INFO - Started process (PID=50) to work on /opt/airflow/dags/data_stream.py
[2025-03-09T07:58:30.474+0000] {processor.py:829} INFO - Processing file /opt/airflow/dags/data_stream.py for tasks to queue
[2025-03-09T07:58:30.478+0000] {logging_mixin.py:151} INFO - [2025-03-09T07:58:30.478+0000] {dagbag.py:539} INFO - Filling up the DagBag from /opt/airflow/dags/data_stream.py
[2025-03-09T07:58:30.600+0000] {processor.py:839} INFO - DAG(s) dict_keys(['stream_data']) retrieved from /opt/airflow/dags/data_stream.py
[2025-03-09T07:58:30.628+0000] {logging_mixin.py:151} INFO - [2025-03-09T07:58:30.627+0000] {dag.py:2907} INFO - Sync 1 DAGs
[2025-03-09T07:58:30.649+0000] {logging_mixin.py:151} INFO - [2025-03-09T07:58:30.649+0000] {dag.py:3677} INFO - Setting next_dagrun for stream_data to 2025-03-09T00:00:00+00:00, run_after=2025-03-10T00:00:00+00:00
[2025-03-09T07:58:30.665+0000] {processor.py:179} INFO - Processing /opt/airflow/dags/data_stream.py took 0.199 seconds
[2025-03-09T07:59:00.819+0000] {processor.py:157} INFO - Started process (PID=51) to work on /opt/airflow/dags/data_stream.py
[2025-03-09T07:59:00.822+0000] {processor.py:829} INFO - Processing file /opt/airflow/dags/data_stream.py for tasks to queue
[2025-03-09T07:59:00.828+0000] {logging_mixin.py:151} INFO - [2025-03-09T07:59:00.827+0000] {dagbag.py:539} INFO - Filling up the DagBag from /opt/airflow/dags/data_stream.py
[2025-03-09T07:59:01.014+0000] {processor.py:839} INFO - DAG(s) dict_keys(['stream_data']) retrieved from /opt/airflow/dags/data_stream.py
[2025-03-09T07:59:01.047+0000] {logging_mixin.py:151} INFO - [2025-03-09T07:59:01.047+0000] {dag.py:2907} INFO - Sync 1 DAGs
[2025-03-09T07:59:01.075+0000] {logging_mixin.py:151} INFO - [2025-03-09T07:59:01.075+0000] {dag.py:3677} INFO - Setting next_dagrun for stream_data to 2025-03-09T00:00:00+00:00, run_after=2025-03-10T00:00:00+00:00
[2025-03-09T07:59:01.096+0000] {processor.py:179} INFO - Processing /opt/airflow/dags/data_stream.py took 0.285 seconds
[2025-03-09T07:59:31.143+0000] {processor.py:157} INFO - Started process (PID=52) to work on /opt/airflow/dags/data_stream.py
[2025-03-09T07:59:31.145+0000] {processor.py:829} INFO - Processing file /opt/airflow/dags/data_stream.py for tasks to queue
[2025-03-09T07:59:31.149+0000] {logging_mixin.py:151} INFO - [2025-03-09T07:59:31.148+0000] {dagbag.py:539} INFO - Filling up the DagBag from /opt/airflow/dags/data_stream.py
[2025-03-09T07:59:31.247+0000] {processor.py:839} INFO - DAG(s) dict_keys(['stream_data']) retrieved from /opt/airflow/dags/data_stream.py
[2025-03-09T07:59:31.275+0000] {logging_mixin.py:151} INFO - [2025-03-09T07:59:31.275+0000] {dag.py:2907} INFO - Sync 1 DAGs
[2025-03-09T07:59:31.297+0000] {logging_mixin.py:151} INFO - [2025-03-09T07:59:31.297+0000] {dag.py:3677} INFO - Setting next_dagrun for stream_data to 2025-03-09T00:00:00+00:00, run_after=2025-03-10T00:00:00+00:00
[2025-03-09T07:59:31.314+0000] {processor.py:179} INFO - Processing /opt/airflow/dags/data_stream.py took 0.176 seconds
[2025-03-09T08:00:01.741+0000] {processor.py:157} INFO - Started process (PID=53) to work on /opt/airflow/dags/data_stream.py
[2025-03-09T08:00:01.746+0000] {processor.py:829} INFO - Processing file /opt/airflow/dags/data_stream.py for tasks to queue
[2025-03-09T08:00:01.767+0000] {logging_mixin.py:151} INFO - [2025-03-09T08:00:01.765+0000] {dagbag.py:539} INFO - Filling up the DagBag from /opt/airflow/dags/data_stream.py
[2025-03-09T08:00:01.916+0000] {processor.py:839} INFO - DAG(s) dict_keys(['stream_data']) retrieved from /opt/airflow/dags/data_stream.py
[2025-03-09T08:00:01.945+0000] {logging_mixin.py:151} INFO - [2025-03-09T08:00:01.945+0000] {dag.py:2907} INFO - Sync 1 DAGs
[2025-03-09T08:00:01.976+0000] {logging_mixin.py:151} INFO - [2025-03-09T08:00:01.975+0000] {dag.py:3677} INFO - Setting next_dagrun for stream_data to 2025-03-09T00:00:00+00:00, run_after=2025-03-10T00:00:00+00:00
[2025-03-09T08:00:01.996+0000] {processor.py:179} INFO - Processing /opt/airflow/dags/data_stream.py took 0.273 seconds
[2025-03-09T08:00:32.088+0000] {processor.py:157} INFO - Started process (PID=54) to work on /opt/airflow/dags/data_stream.py
[2025-03-09T08:00:32.093+0000] {processor.py:829} INFO - Processing file /opt/airflow/dags/data_stream.py for tasks to queue
[2025-03-09T08:00:32.104+0000] {logging_mixin.py:151} INFO - [2025-03-09T08:00:32.102+0000] {dagbag.py:539} INFO - Filling up the DagBag from /opt/airflow/dags/data_stream.py
[2025-03-09T08:00:32.311+0000] {processor.py:839} INFO - DAG(s) dict_keys(['stream_data']) retrieved from /opt/airflow/dags/data_stream.py
[2025-03-09T08:00:32.339+0000] {logging_mixin.py:151} INFO - [2025-03-09T08:00:32.338+0000] {dag.py:2907} INFO - Sync 1 DAGs
[2025-03-09T08:00:32.363+0000] {logging_mixin.py:151} INFO - [2025-03-09T08:00:32.363+0000] {dag.py:3677} INFO - Setting next_dagrun for stream_data to 2025-03-09T00:00:00+00:00, run_after=2025-03-10T00:00:00+00:00
[2025-03-09T08:00:32.382+0000] {processor.py:179} INFO - Processing /opt/airflow/dags/data_stream.py took 0.312 seconds
[2025-03-09T08:01:02.657+0000] {processor.py:157} INFO - Started process (PID=55) to work on /opt/airflow/dags/data_stream.py
[2025-03-09T08:01:02.667+0000] {processor.py:829} INFO - Processing file /opt/airflow/dags/data_stream.py for tasks to queue
[2025-03-09T08:01:02.681+0000] {logging_mixin.py:151} INFO - [2025-03-09T08:01:02.680+0000] {dagbag.py:539} INFO - Filling up the DagBag from /opt/airflow/dags/data_stream.py
[2025-03-09T08:01:02.826+0000] {processor.py:839} INFO - DAG(s) dict_keys(['stream_data']) retrieved from /opt/airflow/dags/data_stream.py
[2025-03-09T08:01:02.856+0000] {logging_mixin.py:151} INFO - [2025-03-09T08:01:02.856+0000] {dag.py:2907} INFO - Sync 1 DAGs
[2025-03-09T08:01:02.882+0000] {logging_mixin.py:151} INFO - [2025-03-09T08:01:02.881+0000] {dag.py:3677} INFO - Setting next_dagrun for stream_data to 2025-03-09T00:00:00+00:00, run_after=2025-03-10T00:00:00+00:00
[2025-03-09T08:01:02.904+0000] {processor.py:179} INFO - Processing /opt/airflow/dags/data_stream.py took 0.270 seconds
[2025-03-09T08:01:32.976+0000] {processor.py:157} INFO - Started process (PID=56) to work on /opt/airflow/dags/data_stream.py
[2025-03-09T08:01:32.977+0000] {processor.py:829} INFO - Processing file /opt/airflow/dags/data_stream.py for tasks to queue
[2025-03-09T08:01:32.980+0000] {logging_mixin.py:151} INFO - [2025-03-09T08:01:32.980+0000] {dagbag.py:539} INFO - Filling up the DagBag from /opt/airflow/dags/data_stream.py
[2025-03-09T08:01:33.083+0000] {processor.py:839} INFO - DAG(s) dict_keys(['stream_data']) retrieved from /opt/airflow/dags/data_stream.py
[2025-03-09T08:01:33.115+0000] {logging_mixin.py:151} INFO - [2025-03-09T08:01:33.115+0000] {dag.py:2907} INFO - Sync 1 DAGs
[2025-03-09T08:01:33.149+0000] {logging_mixin.py:151} INFO - [2025-03-09T08:01:33.149+0000] {dag.py:3677} INFO - Setting next_dagrun for stream_data to 2025-03-09T00:00:00+00:00, run_after=2025-03-10T00:00:00+00:00
[2025-03-09T08:01:33.172+0000] {processor.py:179} INFO - Processing /opt/airflow/dags/data_stream.py took 0.200 seconds
[2025-03-09T08:02:03.460+0000] {processor.py:157} INFO - Started process (PID=57) to work on /opt/airflow/dags/data_stream.py
[2025-03-09T08:02:03.461+0000] {processor.py:829} INFO - Processing file /opt/airflow/dags/data_stream.py for tasks to queue
[2025-03-09T08:02:03.465+0000] {logging_mixin.py:151} INFO - [2025-03-09T08:02:03.465+0000] {dagbag.py:539} INFO - Filling up the DagBag from /opt/airflow/dags/data_stream.py
[2025-03-09T08:02:03.565+0000] {processor.py:839} INFO - DAG(s) dict_keys(['stream_data']) retrieved from /opt/airflow/dags/data_stream.py
[2025-03-09T08:02:03.602+0000] {logging_mixin.py:151} INFO - [2025-03-09T08:02:03.602+0000] {dag.py:2907} INFO - Sync 1 DAGs
[2025-03-09T08:02:03.624+0000] {logging_mixin.py:151} INFO - [2025-03-09T08:02:03.624+0000] {dag.py:3677} INFO - Setting next_dagrun for stream_data to 2025-03-09T00:00:00+00:00, run_after=2025-03-10T00:00:00+00:00
[2025-03-09T08:02:03.640+0000] {processor.py:179} INFO - Processing /opt/airflow/dags/data_stream.py took 0.187 seconds
[2025-03-09T08:02:33.736+0000] {processor.py:157} INFO - Started process (PID=58) to work on /opt/airflow/dags/data_stream.py
[2025-03-09T08:02:33.739+0000] {processor.py:829} INFO - Processing file /opt/airflow/dags/data_stream.py for tasks to queue
[2025-03-09T08:02:33.743+0000] {logging_mixin.py:151} INFO - [2025-03-09T08:02:33.743+0000] {dagbag.py:539} INFO - Filling up the DagBag from /opt/airflow/dags/data_stream.py
[2025-03-09T08:02:33.859+0000] {processor.py:839} INFO - DAG(s) dict_keys(['stream_data']) retrieved from /opt/airflow/dags/data_stream.py
[2025-03-09T08:02:33.885+0000] {logging_mixin.py:151} INFO - [2025-03-09T08:02:33.885+0000] {dag.py:2907} INFO - Sync 1 DAGs
[2025-03-09T08:02:33.907+0000] {logging_mixin.py:151} INFO - [2025-03-09T08:02:33.906+0000] {dag.py:3677} INFO - Setting next_dagrun for stream_data to 2025-03-09T00:00:00+00:00, run_after=2025-03-10T00:00:00+00:00
[2025-03-09T08:02:33.923+0000] {processor.py:179} INFO - Processing /opt/airflow/dags/data_stream.py took 0.194 seconds
[2025-03-09T08:03:04.144+0000] {processor.py:157} INFO - Started process (PID=59) to work on /opt/airflow/dags/data_stream.py
[2025-03-09T08:03:04.145+0000] {processor.py:829} INFO - Processing file /opt/airflow/dags/data_stream.py for tasks to queue
[2025-03-09T08:03:04.148+0000] {logging_mixin.py:151} INFO - [2025-03-09T08:03:04.148+0000] {dagbag.py:539} INFO - Filling up the DagBag from /opt/airflow/dags/data_stream.py
[2025-03-09T08:03:04.249+0000] {processor.py:839} INFO - DAG(s) dict_keys(['stream_data']) retrieved from /opt/airflow/dags/data_stream.py
[2025-03-09T08:03:04.276+0000] {logging_mixin.py:151} INFO - [2025-03-09T08:03:04.276+0000] {dag.py:2907} INFO - Sync 1 DAGs
[2025-03-09T08:03:04.297+0000] {logging_mixin.py:151} INFO - [2025-03-09T08:03:04.297+0000] {dag.py:3677} INFO - Setting next_dagrun for stream_data to 2025-03-09T00:00:00+00:00, run_after=2025-03-10T00:00:00+00:00
[2025-03-09T08:03:04.314+0000] {processor.py:179} INFO - Processing /opt/airflow/dags/data_stream.py took 0.176 seconds
[2025-03-09T08:03:34.410+0000] {processor.py:157} INFO - Started process (PID=60) to work on /opt/airflow/dags/data_stream.py
[2025-03-09T08:03:34.413+0000] {processor.py:829} INFO - Processing file /opt/airflow/dags/data_stream.py for tasks to queue
[2025-03-09T08:03:34.419+0000] {logging_mixin.py:151} INFO - [2025-03-09T08:03:34.418+0000] {dagbag.py:539} INFO - Filling up the DagBag from /opt/airflow/dags/data_stream.py
[2025-03-09T08:03:34.522+0000] {processor.py:839} INFO - DAG(s) dict_keys(['stream_data']) retrieved from /opt/airflow/dags/data_stream.py
[2025-03-09T08:03:34.547+0000] {logging_mixin.py:151} INFO - [2025-03-09T08:03:34.547+0000] {dag.py:2907} INFO - Sync 1 DAGs
[2025-03-09T08:03:34.568+0000] {logging_mixin.py:151} INFO - [2025-03-09T08:03:34.568+0000] {dag.py:3677} INFO - Setting next_dagrun for stream_data to 2025-03-09T00:00:00+00:00, run_after=2025-03-10T00:00:00+00:00
[2025-03-09T08:03:34.583+0000] {processor.py:179} INFO - Processing /opt/airflow/dags/data_stream.py took 0.187 seconds
