[2025-03-26T02:19:38.295+0000] {taskinstance.py:1159} INFO - Dependencies all met for dep_context=non-requeueable deps ti=<TaskInstance: job_data_stream.job_data_stream manual__2025-03-26T02:19:37.146788+00:00 [queued]>
[2025-03-26T02:19:38.305+0000] {taskinstance.py:1159} INFO - Dependencies all met for dep_context=requeueable deps ti=<TaskInstance: job_data_stream.job_data_stream manual__2025-03-26T02:19:37.146788+00:00 [queued]>
[2025-03-26T02:19:38.306+0000] {taskinstance.py:1361} INFO - Starting attempt 1 of 1
[2025-03-26T02:19:38.320+0000] {taskinstance.py:1382} INFO - Executing <Task(PythonOperator): job_data_stream> on 2025-03-26 02:19:37.146788+00:00
[2025-03-26T02:19:38.324+0000] {standard_task_runner.py:57} INFO - Started process 52 to run task
[2025-03-26T02:19:38.330+0000] {standard_task_runner.py:84} INFO - Running: ['***', 'tasks', 'run', 'job_data_stream', 'job_data_stream', 'manual__2025-03-26T02:19:37.146788+00:00', '--job-id', '60', '--raw', '--subdir', 'DAGS_FOLDER/data_stream.py', '--cfg-path', '/tmp/tmp4yhaume9']
[2025-03-26T02:19:38.332+0000] {standard_task_runner.py:85} INFO - Job 60: Subtask job_data_stream
[2025-03-26T02:19:38.416+0000] {task_command.py:415} INFO - Running <TaskInstance: job_data_stream.job_data_stream manual__2025-03-26T02:19:37.146788+00:00 [running]> on host c0041b6c44f7
[2025-03-26T02:19:38.525+0000] {taskinstance.py:1660} INFO - Exporting env vars: AIRFLOW_CTX_DAG_OWNER='dii' AIRFLOW_CTX_DAG_ID='job_data_stream' AIRFLOW_CTX_TASK_ID='job_data_stream' AIRFLOW_CTX_EXECUTION_DATE='2025-03-26T02:19:37.146788+00:00' AIRFLOW_CTX_TRY_NUMBER='1' AIRFLOW_CTX_DAG_RUN_ID='manual__2025-03-26T02:19:37.146788+00:00'
[2025-03-26T02:19:38.531+0000] {conn.py:384} INFO - <BrokerConnection client_id=kafka-python-producer-1, node_id=bootstrap-0 host=broker:29092 <connecting> [IPv4 ('172.18.0.4', 29092)]>: connecting to broker:29092 [('172.18.0.4', 29092) IPv4]
[2025-03-26T02:19:38.532+0000] {conn.py:1219} INFO - Probing node bootstrap-0 broker version
[2025-03-26T02:19:38.534+0000] {conn.py:414} INFO - <BrokerConnection client_id=kafka-python-producer-1, node_id=bootstrap-0 host=broker:29092 <connecting> [IPv4 ('172.18.0.4', 29092)]>: Connection complete.
[2025-03-26T02:19:38.646+0000] {conn.py:1282} INFO - Broker version identified as 2.6.0
[2025-03-26T02:19:38.646+0000] {conn.py:1283} INFO - Set configuration api_version=(2, 6, 0) to skip auto check_version requests on startup
[2025-03-26T02:19:51.978+0000] {logging_mixin.py:151} INFO - Số công việc tìm thấy trên trang 401:60
[2025-03-26T02:21:31.154+0000] {logging_mixin.py:151} INFO - Số công việc tìm thấy trên trang 402:70
[2025-03-26T02:23:24.011+0000] {logging_mixin.py:151} INFO - Số công việc tìm thấy trên trang 403:70
[2025-03-26T02:24:38.831+0000] {conn.py:384} INFO - <BrokerConnection client_id=kafka-python-producer-1, node_id=1 host=broker:29092 <connecting> [IPv4 ('172.18.0.4', 29092)]>: connecting to broker:29092 [('172.18.0.4', 29092) IPv4]
[2025-03-26T02:24:38.834+0000] {conn.py:414} INFO - <BrokerConnection client_id=kafka-python-producer-1, node_id=1 host=broker:29092 <connecting> [IPv4 ('172.18.0.4', 29092)]>: Connection complete.
[2025-03-26T02:24:38.836+0000] {conn.py:928} INFO - <BrokerConnection client_id=kafka-python-producer-1, node_id=bootstrap-0 host=broker:29092 <connected> [IPv4 ('172.18.0.4', 29092)]>: Closing connection. 
[2025-03-26T02:25:13.732+0000] {logging_mixin.py:151} INFO - Số công việc tìm thấy trên trang 404:70
[2025-03-26T02:27:04.345+0000] {logging_mixin.py:151} INFO - Số công việc tìm thấy trên trang 405:70
[2025-03-26T02:28:54.191+0000] {logging_mixin.py:151} INFO - Số công việc tìm thấy trên trang 406:70
[2025-03-26T02:30:43.788+0000] {logging_mixin.py:151} INFO - Số công việc tìm thấy trên trang 407:70
[2025-03-26T02:32:33.822+0000] {logging_mixin.py:151} INFO - Số công việc tìm thấy trên trang 408:70
[2025-03-26T02:34:24.122+0000] {logging_mixin.py:151} INFO - Số công việc tìm thấy trên trang 409:70
[2025-03-26T02:36:15.070+0000] {logging_mixin.py:151} INFO - Số công việc tìm thấy trên trang 410:70
[2025-03-26T02:38:04.881+0000] {logging_mixin.py:151} INFO - Số công việc tìm thấy trên trang 411:70
[2025-03-26T02:39:56.154+0000] {logging_mixin.py:151} INFO - Số công việc tìm thấy trên trang 412:70
[2025-03-26T02:41:47.161+0000] {logging_mixin.py:151} INFO - Số công việc tìm thấy trên trang 413:70
[2025-03-26T02:43:38.983+0000] {logging_mixin.py:151} INFO - Số công việc tìm thấy trên trang 414:70
[2025-03-26T02:45:29.688+0000] {logging_mixin.py:151} INFO - Số công việc tìm thấy trên trang 415:70
[2025-03-26T02:47:21.738+0000] {logging_mixin.py:151} INFO - Số công việc tìm thấy trên trang 416:70
[2025-03-26T02:49:12.686+0000] {logging_mixin.py:151} INFO - Số công việc tìm thấy trên trang 417:70
[2025-03-26T02:51:02.625+0000] {logging_mixin.py:151} INFO - Số công việc tìm thấy trên trang 418:70
[2025-03-26T02:52:54.492+0000] {logging_mixin.py:151} INFO - Số công việc tìm thấy trên trang 419:70
[2025-03-26T02:54:47.952+0000] {logging_mixin.py:151} INFO - Số công việc tìm thấy trên trang 420:70
[2025-03-26T02:56:42.830+0000] {logging_mixin.py:151} INFO - Số công việc tìm thấy trên trang 421:70
[2025-03-26T02:58:35.933+0000] {logging_mixin.py:151} INFO - Số công việc tìm thấy trên trang 422:70
[2025-03-26T03:00:28.144+0000] {logging_mixin.py:151} INFO - Số công việc tìm thấy trên trang 423:70
[2025-03-26T03:02:20.837+0000] {logging_mixin.py:151} INFO - Số công việc tìm thấy trên trang 424:70
[2025-03-26T03:04:12.676+0000] {logging_mixin.py:151} INFO - Số công việc tìm thấy trên trang 425:70
[2025-03-26T03:06:05.654+0000] {logging_mixin.py:151} INFO - Số công việc tìm thấy trên trang 426:70
[2025-03-26T03:07:58.911+0000] {logging_mixin.py:151} INFO - Số công việc tìm thấy trên trang 427:70
[2025-03-26T03:09:52.629+0000] {logging_mixin.py:151} INFO - Số công việc tìm thấy trên trang 428:70
[2025-03-26T03:11:47.573+0000] {logging_mixin.py:151} INFO - Số công việc tìm thấy trên trang 429:70
[2025-03-26T03:13:41.315+0000] {logging_mixin.py:151} INFO - Số công việc tìm thấy trên trang 430:70
[2025-03-26T03:15:34.192+0000] {logging_mixin.py:151} INFO - Số công việc tìm thấy trên trang 431:70
[2025-03-26T03:17:26.351+0000] {logging_mixin.py:151} INFO - Số công việc tìm thấy trên trang 432:60
[2025-03-26T03:19:04.131+0000] {logging_mixin.py:151} INFO - Số công việc tìm thấy trên trang 433:70
[2025-03-26T03:20:58.337+0000] {logging_mixin.py:151} INFO - Số công việc tìm thấy trên trang 434:70
[2025-03-26T03:22:51.191+0000] {logging_mixin.py:151} INFO - Số công việc tìm thấy trên trang 435:70
[2025-03-26T03:24:44.772+0000] {logging_mixin.py:151} INFO - Số công việc tìm thấy trên trang 436:70
[2025-03-26T03:26:41.059+0000] {logging_mixin.py:151} INFO - Số công việc tìm thấy trên trang 437:70
[2025-03-26T03:28:33.825+0000] {logging_mixin.py:151} INFO - Số công việc tìm thấy trên trang 438:70
[2025-03-26T03:30:26.439+0000] {logging_mixin.py:151} INFO - Số công việc tìm thấy trên trang 439:70
[2025-03-26T03:32:20.177+0000] {logging_mixin.py:151} INFO - Số công việc tìm thấy trên trang 440:70
[2025-03-26T03:34:16.230+0000] {logging_mixin.py:151} INFO - Số công việc tìm thấy trên trang 441:70
[2025-03-26T03:36:10.321+0000] {logging_mixin.py:151} INFO - Số công việc tìm thấy trên trang 442:70
[2025-03-26T03:38:06.814+0000] {logging_mixin.py:151} INFO - Số công việc tìm thấy trên trang 443:70
[2025-03-26T03:40:03.541+0000] {logging_mixin.py:151} INFO - Số công việc tìm thấy trên trang 444:70
[2025-03-26T03:41:58.652+0000] {logging_mixin.py:151} INFO - Số công việc tìm thấy trên trang 445:70
[2025-03-26T03:43:51.622+0000] {logging_mixin.py:151} INFO - Số công việc tìm thấy trên trang 446:70
[2025-03-26T03:45:46.170+0000] {logging_mixin.py:151} INFO - Số công việc tìm thấy trên trang 447:70
[2025-03-26T03:47:38.848+0000] {logging_mixin.py:151} INFO - Số công việc tìm thấy trên trang 448:70
[2025-03-26T03:49:31.341+0000] {logging_mixin.py:151} INFO - Số công việc tìm thấy trên trang 449:70
[2025-03-26T03:51:23.409+0000] {logging_mixin.py:151} INFO - Số công việc tìm thấy trên trang 450:70
[2025-03-26T03:53:04.361+0000] {conn.py:928} INFO - <BrokerConnection client_id=kafka-python-producer-1, node_id=1 host=broker:29092 <connected> [IPv4 ('172.18.0.4', 29092)]>: Closing connection. 
[2025-03-26T03:53:04.364+0000] {python.py:194} INFO - Done. Returned value was: None
[2025-03-26T03:53:04.378+0000] {taskinstance.py:1400} INFO - Marking task as SUCCESS. dag_id=job_data_stream, task_id=job_data_stream, execution_date=20250326T021937, start_date=20250326T021938, end_date=20250326T035304
[2025-03-26T03:53:04.419+0000] {local_task_job_runner.py:228} INFO - Task exited with return code 0
[2025-03-26T03:53:04.438+0000] {taskinstance.py:2784} INFO - 0 downstream tasks scheduled from follow-on schedule check
