[2025-03-01T02:37:55.852+0000] {taskinstance.py:1159} INFO - Dependencies all met for dep_context=non-requeueable deps ti=<TaskInstance: stream_data.stream_data manual__2025-03-01T02:37:54.715392+00:00 [queued]>
[2025-03-01T02:37:55.864+0000] {taskinstance.py:1159} INFO - Dependencies all met for dep_context=requeueable deps ti=<TaskInstance: stream_data.stream_data manual__2025-03-01T02:37:54.715392+00:00 [queued]>
[2025-03-01T02:37:55.864+0000] {taskinstance.py:1361} INFO - Starting attempt 1 of 1
[2025-03-01T02:37:55.882+0000] {taskinstance.py:1382} INFO - Executing <Task(PythonOperator): stream_data> on 2025-03-01 02:37:54.715392+00:00
[2025-03-01T02:37:55.888+0000] {standard_task_runner.py:57} INFO - Started process 2899 to run task
[2025-03-01T02:37:55.892+0000] {standard_task_runner.py:84} INFO - Running: ['***', 'tasks', 'run', 'stream_data', 'stream_data', 'manual__2025-03-01T02:37:54.715392+00:00', '--job-id', '42', '--raw', '--subdir', 'DAGS_FOLDER/data_stream.py', '--cfg-path', '/tmp/tmps18vbjs0']
[2025-03-01T02:37:55.893+0000] {standard_task_runner.py:85} INFO - Job 42: Subtask stream_data
[2025-03-01T02:37:55.969+0000] {task_command.py:415} INFO - Running <TaskInstance: stream_data.stream_data manual__2025-03-01T02:37:54.715392+00:00 [running]> on host 1f82383b7992
[2025-03-01T02:37:56.079+0000] {taskinstance.py:1660} INFO - Exporting env vars: AIRFLOW_CTX_DAG_OWNER='dii' AIRFLOW_CTX_DAG_ID='stream_data' AIRFLOW_CTX_TASK_ID='stream_data' AIRFLOW_CTX_EXECUTION_DATE='2025-03-01T02:37:54.715392+00:00' AIRFLOW_CTX_TRY_NUMBER='1' AIRFLOW_CTX_DAG_RUN_ID='manual__2025-03-01T02:37:54.715392+00:00'
[2025-03-01T02:37:56.085+0000] {conn.py:384} INFO - <BrokerConnection client_id=kafka-python-producer-1, node_id=bootstrap-0 host=broker:29092 <connecting> [IPv4 ('172.18.0.3', 29092)]>: connecting to broker:29092 [('172.18.0.3', 29092) IPv4]
[2025-03-01T02:37:56.086+0000] {conn.py:1219} INFO - Probing node bootstrap-0 broker version
[2025-03-01T02:37:56.087+0000] {conn.py:414} INFO - <BrokerConnection client_id=kafka-python-producer-1, node_id=bootstrap-0 host=broker:29092 <connecting> [IPv4 ('172.18.0.3', 29092)]>: Connection complete.
[2025-03-01T02:37:56.197+0000] {conn.py:1282} INFO - Broker version identified as 2.6.0
[2025-03-01T02:37:56.198+0000] {conn.py:1283} INFO - Set configuration api_version=(2, 6, 0) to skip auto check_version requests on startup
[2025-03-01T02:38:08.004+0000] {logging_mixin.py:151} INFO - Số công việc tìm thấy trên trang 1:42
[2025-03-01T02:39:10.069+0000] {data_stream.py:40} ERROR - An error occured: string indices must be integers
[2025-03-01T02:39:20.213+0000] {logging_mixin.py:151} INFO - Số công việc tìm thấy trên trang 1:3
[2025-03-01T02:39:24.603+0000] {data_stream.py:40} ERROR - An error occured: string indices must be integers
[2025-03-01T02:39:34.439+0000] {logging_mixin.py:151} INFO - Số công việc tìm thấy trên trang 1:3
[2025-03-01T02:39:38.683+0000] {data_stream.py:40} ERROR - An error occured: string indices must be integers
[2025-03-01T02:39:48.429+0000] {logging_mixin.py:151} INFO - Số công việc tìm thấy trên trang 1:3
[2025-03-01T02:39:52.696+0000] {data_stream.py:40} ERROR - An error occured: string indices must be integers
[2025-03-01T02:40:03.096+0000] {logging_mixin.py:151} INFO - Số công việc tìm thấy trên trang 1:38
[2025-03-01T02:40:56.981+0000] {data_stream.py:40} ERROR - An error occured: string indices must be integers
[2025-03-01T02:40:56.983+0000] {conn.py:928} INFO - <BrokerConnection client_id=kafka-python-producer-1, node_id=bootstrap-0 host=broker:29092 <connected> [IPv4 ('172.18.0.3', 29092)]>: Closing connection. 
[2025-03-01T02:40:56.984+0000] {python.py:194} INFO - Done. Returned value was: None
[2025-03-01T02:40:56.999+0000] {taskinstance.py:1400} INFO - Marking task as SUCCESS. dag_id=stream_data, task_id=stream_data, execution_date=20250301T023754, start_date=20250301T023755, end_date=20250301T024056
[2025-03-01T02:40:57.055+0000] {local_task_job_runner.py:228} INFO - Task exited with return code 0
[2025-03-01T02:40:57.114+0000] {taskinstance.py:2784} INFO - 0 downstream tasks scheduled from follow-on schedule check
