[2025-03-25T10:29:48.798+0000] {taskinstance.py:1159} INFO - Dependencies all met for dep_context=non-requeueable deps ti=<TaskInstance: job_data_stream.job_data_stream manual__2025-03-25T10:29:46.332224+00:00 [queued]>
[2025-03-25T10:29:48.818+0000] {taskinstance.py:1159} INFO - Dependencies all met for dep_context=requeueable deps ti=<TaskInstance: job_data_stream.job_data_stream manual__2025-03-25T10:29:46.332224+00:00 [queued]>
[2025-03-25T10:29:48.820+0000] {taskinstance.py:1361} INFO - Starting attempt 1 of 1
[2025-03-25T10:29:48.856+0000] {taskinstance.py:1382} INFO - Executing <Task(PythonOperator): job_data_stream> on 2025-03-25 10:29:46.332224+00:00
[2025-03-25T10:29:48.871+0000] {standard_task_runner.py:57} INFO - Started process 52 to run task
[2025-03-25T10:29:48.881+0000] {standard_task_runner.py:84} INFO - Running: ['***', 'tasks', 'run', 'job_data_stream', 'job_data_stream', 'manual__2025-03-25T10:29:46.332224+00:00', '--job-id', '54', '--raw', '--subdir', 'DAGS_FOLDER/data_stream.py', '--cfg-path', '/tmp/tmpttxsfcrg']
[2025-03-25T10:29:48.886+0000] {standard_task_runner.py:85} INFO - Job 54: Subtask job_data_stream
[2025-03-25T10:29:49.037+0000] {task_command.py:415} INFO - Running <TaskInstance: job_data_stream.job_data_stream manual__2025-03-25T10:29:46.332224+00:00 [running]> on host c0041b6c44f7
[2025-03-25T10:29:49.275+0000] {taskinstance.py:1660} INFO - Exporting env vars: AIRFLOW_CTX_DAG_OWNER='dii' AIRFLOW_CTX_DAG_ID='job_data_stream' AIRFLOW_CTX_TASK_ID='job_data_stream' AIRFLOW_CTX_EXECUTION_DATE='2025-03-25T10:29:46.332224+00:00' AIRFLOW_CTX_TRY_NUMBER='1' AIRFLOW_CTX_DAG_RUN_ID='manual__2025-03-25T10:29:46.332224+00:00'
[2025-03-25T10:29:49.288+0000] {conn.py:384} INFO - <BrokerConnection client_id=kafka-python-producer-1, node_id=bootstrap-0 host=broker:29092 <connecting> [IPv4 ('172.18.0.2', 29092)]>: connecting to broker:29092 [('172.18.0.2', 29092) IPv4]
[2025-03-25T10:29:49.291+0000] {conn.py:1219} INFO - Probing node bootstrap-0 broker version
[2025-03-25T10:29:49.297+0000] {conn.py:414} INFO - <BrokerConnection client_id=kafka-python-producer-1, node_id=bootstrap-0 host=broker:29092 <connecting> [IPv4 ('172.18.0.2', 29092)]>: Connection complete.
[2025-03-25T10:29:49.430+0000] {conn.py:1282} INFO - Broker version identified as 2.6.0
[2025-03-25T10:29:49.431+0000] {conn.py:1283} INFO - Set configuration api_version=(2, 6, 0) to skip auto check_version requests on startup
[2025-03-25T10:30:03.021+0000] {logging_mixin.py:151} INFO - Số công việc tìm thấy trên trang 301:70
[2025-03-25T10:31:53.904+0000] {logging_mixin.py:151} INFO - Số công việc tìm thấy trên trang 302:70
[2025-03-25T10:33:43.927+0000] {logging_mixin.py:151} INFO - Số công việc tìm thấy trên trang 303:70
[2025-03-25T10:34:49.488+0000] {conn.py:384} INFO - <BrokerConnection client_id=kafka-python-producer-1, node_id=1 host=broker:29092 <connecting> [IPv4 ('172.18.0.2', 29092)]>: connecting to broker:29092 [('172.18.0.2', 29092) IPv4]
[2025-03-25T10:34:49.491+0000] {conn.py:414} INFO - <BrokerConnection client_id=kafka-python-producer-1, node_id=1 host=broker:29092 <connecting> [IPv4 ('172.18.0.2', 29092)]>: Connection complete.
[2025-03-25T10:34:49.493+0000] {conn.py:928} INFO - <BrokerConnection client_id=kafka-python-producer-1, node_id=bootstrap-0 host=broker:29092 <connected> [IPv4 ('172.18.0.2', 29092)]>: Closing connection. 
[2025-03-25T10:35:35.933+0000] {logging_mixin.py:151} INFO - Số công việc tìm thấy trên trang 304:70
[2025-03-25T10:37:29.845+0000] {logging_mixin.py:151} INFO - Số công việc tìm thấy trên trang 305:70
[2025-03-25T10:39:21.824+0000] {logging_mixin.py:151} INFO - Số công việc tìm thấy trên trang 306:70
[2025-03-25T10:41:16.497+0000] {logging_mixin.py:151} INFO - Số công việc tìm thấy trên trang 307:70
[2025-03-25T10:43:10.395+0000] {logging_mixin.py:151} INFO - Số công việc tìm thấy trên trang 308:70
[2025-03-25T10:45:06.207+0000] {logging_mixin.py:151} INFO - Số công việc tìm thấy trên trang 309:70
[2025-03-25T10:47:01.406+0000] {logging_mixin.py:151} INFO - Số công việc tìm thấy trên trang 310:70
[2025-03-25T10:48:55.366+0000] {logging_mixin.py:151} INFO - Số công việc tìm thấy trên trang 311:70
[2025-03-25T10:50:48.908+0000] {logging_mixin.py:151} INFO - Số công việc tìm thấy trên trang 312:70
[2025-03-25T10:52:43.199+0000] {logging_mixin.py:151} INFO - Số công việc tìm thấy trên trang 313:70
[2025-03-25T10:54:37.482+0000] {logging_mixin.py:151} INFO - Số công việc tìm thấy trên trang 314:70
[2025-03-25T10:56:31.479+0000] {logging_mixin.py:151} INFO - Số công việc tìm thấy trên trang 315:70
[2025-03-25T10:58:27.928+0000] {logging_mixin.py:151} INFO - Số công việc tìm thấy trên trang 316:70
[2025-03-25T11:00:26.533+0000] {logging_mixin.py:151} INFO - Số công việc tìm thấy trên trang 317:70
[2025-03-25T11:02:19.612+0000] {logging_mixin.py:151} INFO - Số công việc tìm thấy trên trang 318:70
[2025-03-25T11:04:14.343+0000] {logging_mixin.py:151} INFO - Số công việc tìm thấy trên trang 319:70
[2025-03-25T11:06:09.828+0000] {logging_mixin.py:151} INFO - Số công việc tìm thấy trên trang 320:70
[2025-03-25T11:08:05.392+0000] {logging_mixin.py:151} INFO - Số công việc tìm thấy trên trang 321:70
[2025-03-25T11:09:59.208+0000] {logging_mixin.py:151} INFO - Số công việc tìm thấy trên trang 322:70
[2025-03-25T11:11:53.915+0000] {logging_mixin.py:151} INFO - Số công việc tìm thấy trên trang 323:70
[2025-03-25T11:13:48.694+0000] {logging_mixin.py:151} INFO - Số công việc tìm thấy trên trang 324:70
[2025-03-25T11:15:44.799+0000] {logging_mixin.py:151} INFO - Số công việc tìm thấy trên trang 325:70
[2025-03-25T11:17:38.165+0000] {logging_mixin.py:151} INFO - Số công việc tìm thấy trên trang 326:70
[2025-03-25T11:19:30.762+0000] {logging_mixin.py:151} INFO - Số công việc tìm thấy trên trang 327:70
[2025-03-25T11:21:25.177+0000] {logging_mixin.py:151} INFO - Số công việc tìm thấy trên trang 328:70
[2025-03-25T11:23:19.478+0000] {logging_mixin.py:151} INFO - Số công việc tìm thấy trên trang 329:70
[2025-03-25T11:25:11.458+0000] {logging_mixin.py:151} INFO - Số công việc tìm thấy trên trang 330:70
[2025-03-25T11:27:04.823+0000] {logging_mixin.py:151} INFO - Số công việc tìm thấy trên trang 331:70
[2025-03-25T11:28:58.030+0000] {logging_mixin.py:151} INFO - Số công việc tìm thấy trên trang 332:70
[2025-03-25T11:30:50.537+0000] {logging_mixin.py:151} INFO - Số công việc tìm thấy trên trang 333:70
[2025-03-25T11:32:42.987+0000] {logging_mixin.py:151} INFO - Số công việc tìm thấy trên trang 334:70
[2025-03-25T11:34:35.610+0000] {logging_mixin.py:151} INFO - Số công việc tìm thấy trên trang 335:70
[2025-03-25T11:36:26.960+0000] {logging_mixin.py:151} INFO - Số công việc tìm thấy trên trang 336:70
[2025-03-25T11:38:19.550+0000] {logging_mixin.py:151} INFO - Số công việc tìm thấy trên trang 337:70
[2025-03-25T11:40:12.662+0000] {logging_mixin.py:151} INFO - Số công việc tìm thấy trên trang 338:70
[2025-03-25T11:42:05.791+0000] {logging_mixin.py:151} INFO - Số công việc tìm thấy trên trang 339:70
[2025-03-25T11:43:57.888+0000] {logging_mixin.py:151} INFO - Số công việc tìm thấy trên trang 340:70
[2025-03-25T11:45:49.376+0000] {logging_mixin.py:151} INFO - Số công việc tìm thấy trên trang 341:70
[2025-03-25T11:47:43.505+0000] {logging_mixin.py:151} INFO - Số công việc tìm thấy trên trang 342:70
[2025-03-25T11:49:36.217+0000] {logging_mixin.py:151} INFO - Số công việc tìm thấy trên trang 343:70
[2025-03-25T11:51:28.487+0000] {logging_mixin.py:151} INFO - Số công việc tìm thấy trên trang 344:70
[2025-03-25T11:53:20.358+0000] {logging_mixin.py:151} INFO - Số công việc tìm thấy trên trang 345:70
[2025-03-25T11:55:11.936+0000] {logging_mixin.py:151} INFO - Số công việc tìm thấy trên trang 346:70
[2025-03-25T11:57:03.538+0000] {logging_mixin.py:151} INFO - Số công việc tìm thấy trên trang 347:70
[2025-03-25T11:58:57.676+0000] {logging_mixin.py:151} INFO - Số công việc tìm thấy trên trang 348:70
[2025-03-25T12:00:56.138+0000] {logging_mixin.py:151} INFO - Số công việc tìm thấy trên trang 349:70
[2025-03-25T12:02:51.536+0000] {logging_mixin.py:151} INFO - Số công việc tìm thấy trên trang 350:70
[2025-03-25T12:04:40.015+0000] {conn.py:928} INFO - <BrokerConnection client_id=kafka-python-producer-1, node_id=1 host=broker:29092 <connected> [IPv4 ('172.18.0.2', 29092)]>: Closing connection. 
[2025-03-25T12:04:40.018+0000] {python.py:194} INFO - Done. Returned value was: None
[2025-03-25T12:04:40.032+0000] {taskinstance.py:1400} INFO - Marking task as SUCCESS. dag_id=job_data_stream, task_id=job_data_stream, execution_date=20250325T102946, start_date=20250325T102948, end_date=20250325T120440
[2025-03-25T12:04:40.083+0000] {local_task_job_runner.py:228} INFO - Task exited with return code 0
[2025-03-25T12:04:40.102+0000] {taskinstance.py:2784} INFO - 0 downstream tasks scheduled from follow-on schedule check
