[2025-03-24T10:31:19.325+0000] {taskinstance.py:1159} INFO - Dependencies all met for dep_context=non-requeueable deps ti=<TaskInstance: job_data_stream.job_data_stream manual__2025-03-24T10:31:18.031696+00:00 [queued]>
[2025-03-24T10:31:19.344+0000] {taskinstance.py:1159} INFO - Dependencies all met for dep_context=requeueable deps ti=<TaskInstance: job_data_stream.job_data_stream manual__2025-03-24T10:31:18.031696+00:00 [queued]>
[2025-03-24T10:31:19.344+0000] {taskinstance.py:1361} INFO - Starting attempt 1 of 1
[2025-03-24T10:31:19.358+0000] {taskinstance.py:1382} INFO - Executing <Task(PythonOperator): job_data_stream> on 2025-03-24 10:31:18.031696+00:00
[2025-03-24T10:31:19.363+0000] {standard_task_runner.py:57} INFO - Started process 3116 to run task
[2025-03-24T10:31:19.366+0000] {standard_task_runner.py:84} INFO - Running: ['***', 'tasks', 'run', 'job_data_stream', 'job_data_stream', 'manual__2025-03-24T10:31:18.031696+00:00', '--job-id', '42', '--raw', '--subdir', 'DAGS_FOLDER/data_stream.py', '--cfg-path', '/tmp/tmprhqkfrs2']
[2025-03-24T10:31:19.367+0000] {standard_task_runner.py:85} INFO - Job 42: Subtask job_data_stream
[2025-03-24T10:31:19.426+0000] {task_command.py:415} INFO - Running <TaskInstance: job_data_stream.job_data_stream manual__2025-03-24T10:31:18.031696+00:00 [running]> on host 844ea759a987
[2025-03-24T10:31:19.517+0000] {taskinstance.py:1660} INFO - Exporting env vars: AIRFLOW_CTX_DAG_OWNER='dii' AIRFLOW_CTX_DAG_ID='job_data_stream' AIRFLOW_CTX_TASK_ID='job_data_stream' AIRFLOW_CTX_EXECUTION_DATE='2025-03-24T10:31:18.031696+00:00' AIRFLOW_CTX_TRY_NUMBER='1' AIRFLOW_CTX_DAG_RUN_ID='manual__2025-03-24T10:31:18.031696+00:00'
[2025-03-24T10:31:19.521+0000] {conn.py:384} INFO - <BrokerConnection client_id=kafka-python-producer-1, node_id=bootstrap-0 host=broker:29092 <connecting> [IPv4 ('172.18.0.2', 29092)]>: connecting to broker:29092 [('172.18.0.2', 29092) IPv4]
[2025-03-24T10:31:19.521+0000] {conn.py:1219} INFO - Probing node bootstrap-0 broker version
[2025-03-24T10:31:19.522+0000] {conn.py:414} INFO - <BrokerConnection client_id=kafka-python-producer-1, node_id=bootstrap-0 host=broker:29092 <connecting> [IPv4 ('172.18.0.2', 29092)]>: Connection complete.
[2025-03-24T10:31:19.636+0000] {conn.py:1282} INFO - Broker version identified as 2.6.0
[2025-03-24T10:31:19.638+0000] {conn.py:1283} INFO - Set configuration api_version=(2, 6, 0) to skip auto check_version requests on startup
[2025-03-24T10:31:32.110+0000] {logging_mixin.py:151} INFO - Số công việc tìm thấy trên trang 151:70
[2025-03-24T10:33:23.291+0000] {logging_mixin.py:151} INFO - Số công việc tìm thấy trên trang 152:70
[2025-03-24T10:35:14.485+0000] {logging_mixin.py:151} INFO - Số công việc tìm thấy trên trang 153:70
[2025-03-24T10:36:19.738+0000] {conn.py:384} INFO - <BrokerConnection client_id=kafka-python-producer-1, node_id=1 host=broker:29092 <connecting> [IPv4 ('172.18.0.2', 29092)]>: connecting to broker:29092 [('172.18.0.2', 29092) IPv4]
[2025-03-24T10:36:19.739+0000] {conn.py:414} INFO - <BrokerConnection client_id=kafka-python-producer-1, node_id=1 host=broker:29092 <connecting> [IPv4 ('172.18.0.2', 29092)]>: Connection complete.
[2025-03-24T10:36:19.739+0000] {conn.py:928} INFO - <BrokerConnection client_id=kafka-python-producer-1, node_id=bootstrap-0 host=broker:29092 <connected> [IPv4 ('172.18.0.2', 29092)]>: Closing connection. 
[2025-03-24T10:37:05.414+0000] {logging_mixin.py:151} INFO - Số công việc tìm thấy trên trang 154:70
[2025-03-24T10:38:55.344+0000] {logging_mixin.py:151} INFO - Số công việc tìm thấy trên trang 155:70
[2025-03-24T10:40:46.065+0000] {logging_mixin.py:151} INFO - Số công việc tìm thấy trên trang 156:70
[2025-03-24T10:42:37.241+0000] {logging_mixin.py:151} INFO - Số công việc tìm thấy trên trang 157:70
[2025-03-24T10:44:27.299+0000] {logging_mixin.py:151} INFO - Số công việc tìm thấy trên trang 158:70
[2025-03-24T10:46:17.230+0000] {logging_mixin.py:151} INFO - Số công việc tìm thấy trên trang 159:70
[2025-03-24T10:48:07.364+0000] {logging_mixin.py:151} INFO - Số công việc tìm thấy trên trang 160:70
[2025-03-24T10:49:57.549+0000] {logging_mixin.py:151} INFO - Số công việc tìm thấy trên trang 161:70
[2025-03-24T10:51:47.708+0000] {logging_mixin.py:151} INFO - Số công việc tìm thấy trên trang 162:70
[2025-03-24T10:53:38.708+0000] {logging_mixin.py:151} INFO - Số công việc tìm thấy trên trang 163:70
[2025-03-24T10:55:29.129+0000] {logging_mixin.py:151} INFO - Số công việc tìm thấy trên trang 164:70
[2025-03-24T10:57:19.457+0000] {logging_mixin.py:151} INFO - Số công việc tìm thấy trên trang 165:70
[2025-03-24T10:59:10.762+0000] {logging_mixin.py:151} INFO - Số công việc tìm thấy trên trang 166:70
[2025-03-24T11:01:00.898+0000] {logging_mixin.py:151} INFO - Số công việc tìm thấy trên trang 167:70
[2025-03-24T11:02:51.040+0000] {logging_mixin.py:151} INFO - Số công việc tìm thấy trên trang 168:70
[2025-03-24T11:04:42.172+0000] {logging_mixin.py:151} INFO - Số công việc tìm thấy trên trang 169:70
[2025-03-24T11:06:32.190+0000] {logging_mixin.py:151} INFO - Số công việc tìm thấy trên trang 170:70
[2025-03-24T11:08:21.987+0000] {logging_mixin.py:151} INFO - Số công việc tìm thấy trên trang 171:70
[2025-03-24T11:10:12.197+0000] {logging_mixin.py:151} INFO - Số công việc tìm thấy trên trang 172:70
[2025-03-24T11:12:02.311+0000] {logging_mixin.py:151} INFO - Số công việc tìm thấy trên trang 173:70
[2025-03-24T11:13:53.797+0000] {logging_mixin.py:151} INFO - Số công việc tìm thấy trên trang 174:70
[2025-03-24T11:15:44.591+0000] {logging_mixin.py:151} INFO - Số công việc tìm thấy trên trang 175:70
[2025-03-24T11:17:34.759+0000] {logging_mixin.py:151} INFO - Số công việc tìm thấy trên trang 176:70
[2025-03-24T11:19:24.820+0000] {logging_mixin.py:151} INFO - Số công việc tìm thấy trên trang 177:20
[2025-03-24T11:20:04.938+0000] {logging_mixin.py:151} INFO - Số công việc tìm thấy trên trang 178:70
[2025-03-24T11:21:56.274+0000] {logging_mixin.py:151} INFO - Số công việc tìm thấy trên trang 179:70
[2025-03-24T11:23:46.062+0000] {logging_mixin.py:151} INFO - Số công việc tìm thấy trên trang 180:70
[2025-03-24T11:25:37.255+0000] {logging_mixin.py:151} INFO - Số công việc tìm thấy trên trang 181:70
[2025-03-24T11:27:27.898+0000] {logging_mixin.py:151} INFO - Số công việc tìm thấy trên trang 182:70
[2025-03-24T11:29:18.603+0000] {logging_mixin.py:151} INFO - Số công việc tìm thấy trên trang 183:70
[2025-03-24T11:31:09.743+0000] {logging_mixin.py:151} INFO - Số công việc tìm thấy trên trang 184:70
[2025-03-24T11:33:00.218+0000] {logging_mixin.py:151} INFO - Số công việc tìm thấy trên trang 185:70
[2025-03-24T11:34:50.523+0000] {logging_mixin.py:151} INFO - Số công việc tìm thấy trên trang 186:70
[2025-03-24T11:36:42.283+0000] {logging_mixin.py:151} INFO - Số công việc tìm thấy trên trang 187:70
[2025-03-24T11:38:32.534+0000] {logging_mixin.py:151} INFO - Số công việc tìm thấy trên trang 188:70
[2025-03-24T11:40:22.563+0000] {logging_mixin.py:151} INFO - Số công việc tìm thấy trên trang 189:70
[2025-03-24T11:42:13.003+0000] {logging_mixin.py:151} INFO - Số công việc tìm thấy trên trang 190:70
[2025-03-24T11:44:03.274+0000] {logging_mixin.py:151} INFO - Số công việc tìm thấy trên trang 191:70
[2025-03-24T11:45:54.421+0000] {logging_mixin.py:151} INFO - Số công việc tìm thấy trên trang 192:70
[2025-03-24T11:47:44.052+0000] {logging_mixin.py:151} INFO - Số công việc tìm thấy trên trang 193:70
[2025-03-24T11:49:34.992+0000] {logging_mixin.py:151} INFO - Số công việc tìm thấy trên trang 194:70
[2025-03-24T11:51:25.651+0000] {logging_mixin.py:151} INFO - Số công việc tìm thấy trên trang 195:70
[2025-03-24T11:53:16.857+0000] {logging_mixin.py:151} INFO - Số công việc tìm thấy trên trang 196:70
[2025-03-24T11:55:07.045+0000] {logging_mixin.py:151} INFO - Số công việc tìm thấy trên trang 197:70
[2025-03-24T11:56:57.579+0000] {logging_mixin.py:151} INFO - Số công việc tìm thấy trên trang 198:70
[2025-03-24T11:58:48.871+0000] {logging_mixin.py:151} INFO - Số công việc tìm thấy trên trang 199:70
[2025-03-24T12:00:39.389+0000] {logging_mixin.py:151} INFO - Số công việc tìm thấy trên trang 200:70
[2025-03-24T12:02:19.614+0000] {conn.py:928} INFO - <BrokerConnection client_id=kafka-python-producer-1, node_id=1 host=broker:29092 <connected> [IPv4 ('172.18.0.2', 29092)]>: Closing connection. 
[2025-03-24T12:02:19.620+0000] {python.py:194} INFO - Done. Returned value was: None
[2025-03-24T12:02:19.653+0000] {taskinstance.py:1400} INFO - Marking task as SUCCESS. dag_id=job_data_stream, task_id=job_data_stream, execution_date=20250324T103118, start_date=20250324T103119, end_date=20250324T120219
[2025-03-24T12:02:19.716+0000] {local_task_job_runner.py:228} INFO - Task exited with return code 0
[2025-03-24T12:02:19.750+0000] {taskinstance.py:2784} INFO - 0 downstream tasks scheduled from follow-on schedule check
