[2025-03-22T06:24:33.551+0000] {taskinstance.py:1159} INFO - Dependencies all met for dep_context=non-requeueable deps ti=<TaskInstance: job_data_stream.job_data_stream manual__2025-03-22T06:24:32.300622+00:00 [queued]>
[2025-03-22T06:24:33.560+0000] {taskinstance.py:1159} INFO - Dependencies all met for dep_context=requeueable deps ti=<TaskInstance: job_data_stream.job_data_stream manual__2025-03-22T06:24:32.300622+00:00 [queued]>
[2025-03-22T06:24:33.561+0000] {taskinstance.py:1361} INFO - Starting attempt 1 of 1
[2025-03-22T06:24:33.580+0000] {taskinstance.py:1382} INFO - Executing <Task(PythonOperator): job_data_stream> on 2025-03-22 06:24:32.300622+00:00
[2025-03-22T06:24:33.586+0000] {standard_task_runner.py:57} INFO - Started process 1377 to run task
[2025-03-22T06:24:33.592+0000] {standard_task_runner.py:84} INFO - Running: ['***', 'tasks', 'run', 'job_data_stream', 'job_data_stream', 'manual__2025-03-22T06:24:32.300622+00:00', '--job-id', '8', '--raw', '--subdir', 'DAGS_FOLDER/data_stream.py', '--cfg-path', '/tmp/tmpdp_l1aq0']
[2025-03-22T06:24:33.594+0000] {standard_task_runner.py:85} INFO - Job 8: Subtask job_data_stream
[2025-03-22T06:24:33.663+0000] {task_command.py:415} INFO - Running <TaskInstance: job_data_stream.job_data_stream manual__2025-03-22T06:24:32.300622+00:00 [running]> on host 7e5d57d89599
[2025-03-22T06:24:33.786+0000] {taskinstance.py:1660} INFO - Exporting env vars: AIRFLOW_CTX_DAG_OWNER='dii' AIRFLOW_CTX_DAG_ID='job_data_stream' AIRFLOW_CTX_TASK_ID='job_data_stream' AIRFLOW_CTX_EXECUTION_DATE='2025-03-22T06:24:32.300622+00:00' AIRFLOW_CTX_TRY_NUMBER='1' AIRFLOW_CTX_DAG_RUN_ID='manual__2025-03-22T06:24:32.300622+00:00'
[2025-03-22T06:24:33.790+0000] {conn.py:384} INFO - <BrokerConnection client_id=kafka-python-producer-1, node_id=bootstrap-0 host=broker:29092 <connecting> [IPv4 ('172.18.0.2', 29092)]>: connecting to broker:29092 [('172.18.0.2', 29092) IPv4]
[2025-03-22T06:24:33.791+0000] {conn.py:1219} INFO - Probing node bootstrap-0 broker version
[2025-03-22T06:24:33.794+0000] {conn.py:414} INFO - <BrokerConnection client_id=kafka-python-producer-1, node_id=bootstrap-0 host=broker:29092 <connecting> [IPv4 ('172.18.0.2', 29092)]>: Connection complete.
[2025-03-22T06:24:33.905+0000] {conn.py:1282} INFO - Broker version identified as 2.6.0
[2025-03-22T06:24:33.905+0000] {conn.py:1283} INFO - Set configuration api_version=(2, 6, 0) to skip auto check_version requests on startup
[2025-03-22T06:24:45.960+0000] {logging_mixin.py:151} INFO - Số công việc tìm thấy trên trang 1:0
[2025-03-22T06:24:57.143+0000] {logging_mixin.py:151} INFO - Số công việc tìm thấy trên trang 2:0
[2025-03-22T06:24:57.215+0000] {conn.py:928} INFO - <BrokerConnection client_id=kafka-python-producer-1, node_id=bootstrap-0 host=broker:29092 <connected> [IPv4 ('172.18.0.2', 29092)]>: Closing connection. 
[2025-03-22T06:24:57.217+0000] {python.py:194} INFO - Done. Returned value was: None
[2025-03-22T06:24:57.238+0000] {taskinstance.py:1400} INFO - Marking task as SUCCESS. dag_id=job_data_stream, task_id=job_data_stream, execution_date=20250322T062432, start_date=20250322T062433, end_date=20250322T062457
[2025-03-22T06:24:57.298+0000] {local_task_job_runner.py:228} INFO - Task exited with return code 0
[2025-03-22T06:24:57.318+0000] {taskinstance.py:2784} INFO - 0 downstream tasks scheduled from follow-on schedule check
