[2025-03-08T02:38:13.101+0000] {processor.py:157} INFO - Started process (PID=33) to work on /opt/airflow/dags/data_stream.py
[2025-03-08T02:38:13.103+0000] {processor.py:829} INFO - Processing file /opt/airflow/dags/data_stream.py for tasks to queue
[2025-03-08T02:38:13.110+0000] {logging_mixin.py:151} INFO - [2025-03-08T02:38:13.110+0000] {dagbag.py:539} INFO - Filling up the DagBag from /opt/airflow/dags/data_stream.py
[2025-03-08T02:38:13.515+0000] {processor.py:839} INFO - DAG(s) dict_keys(['stream_data']) retrieved from /opt/airflow/dags/data_stream.py
[2025-03-08T02:38:13.560+0000] {logging_mixin.py:151} INFO - [2025-03-08T02:38:13.560+0000] {dag.py:2907} INFO - Sync 1 DAGs
[2025-03-08T02:38:13.603+0000] {logging_mixin.py:151} INFO - [2025-03-08T02:38:13.603+0000] {dag.py:3677} INFO - Setting next_dagrun for stream_data to 2025-03-08T00:00:00+00:00, run_after=2025-03-09T00:00:00+00:00
[2025-03-08T02:38:13.632+0000] {processor.py:179} INFO - Processing /opt/airflow/dags/data_stream.py took 0.538 seconds
[2025-03-08T02:38:43.906+0000] {processor.py:157} INFO - Started process (PID=34) to work on /opt/airflow/dags/data_stream.py
[2025-03-08T02:38:43.911+0000] {processor.py:829} INFO - Processing file /opt/airflow/dags/data_stream.py for tasks to queue
[2025-03-08T02:38:43.925+0000] {logging_mixin.py:151} INFO - [2025-03-08T02:38:43.922+0000] {dagbag.py:539} INFO - Filling up the DagBag from /opt/airflow/dags/data_stream.py
[2025-03-08T02:38:44.323+0000] {processor.py:839} INFO - DAG(s) dict_keys(['stream_data']) retrieved from /opt/airflow/dags/data_stream.py
[2025-03-08T02:38:44.354+0000] {logging_mixin.py:151} INFO - [2025-03-08T02:38:44.354+0000] {dag.py:2907} INFO - Sync 1 DAGs
[2025-03-08T02:38:44.380+0000] {logging_mixin.py:151} INFO - [2025-03-08T02:38:44.379+0000] {dag.py:3677} INFO - Setting next_dagrun for stream_data to 2025-03-08T00:00:00+00:00, run_after=2025-03-09T00:00:00+00:00
[2025-03-08T02:38:44.398+0000] {processor.py:179} INFO - Processing /opt/airflow/dags/data_stream.py took 0.510 seconds
[2025-03-08T02:39:14.615+0000] {processor.py:157} INFO - Started process (PID=35) to work on /opt/airflow/dags/data_stream.py
[2025-03-08T02:39:14.620+0000] {processor.py:829} INFO - Processing file /opt/airflow/dags/data_stream.py for tasks to queue
[2025-03-08T02:39:14.626+0000] {logging_mixin.py:151} INFO - [2025-03-08T02:39:14.625+0000] {dagbag.py:539} INFO - Filling up the DagBag from /opt/airflow/dags/data_stream.py
[2025-03-08T02:39:15.052+0000] {processor.py:839} INFO - DAG(s) dict_keys(['stream_data']) retrieved from /opt/airflow/dags/data_stream.py
[2025-03-08T02:39:15.103+0000] {logging_mixin.py:151} INFO - [2025-03-08T02:39:15.103+0000] {dag.py:2907} INFO - Sync 1 DAGs
[2025-03-08T02:39:15.152+0000] {logging_mixin.py:151} INFO - [2025-03-08T02:39:15.151+0000] {dag.py:3677} INFO - Setting next_dagrun for stream_data to 2025-03-08T00:00:00+00:00, run_after=2025-03-09T00:00:00+00:00
[2025-03-08T02:39:15.213+0000] {processor.py:179} INFO - Processing /opt/airflow/dags/data_stream.py took 0.602 seconds
[2025-03-08T02:39:45.498+0000] {processor.py:157} INFO - Started process (PID=36) to work on /opt/airflow/dags/data_stream.py
[2025-03-08T02:39:45.501+0000] {processor.py:829} INFO - Processing file /opt/airflow/dags/data_stream.py for tasks to queue
[2025-03-08T02:39:45.506+0000] {logging_mixin.py:151} INFO - [2025-03-08T02:39:45.506+0000] {dagbag.py:539} INFO - Filling up the DagBag from /opt/airflow/dags/data_stream.py
[2025-03-08T02:39:45.705+0000] {processor.py:839} INFO - DAG(s) dict_keys(['stream_data']) retrieved from /opt/airflow/dags/data_stream.py
[2025-03-08T02:39:45.747+0000] {logging_mixin.py:151} INFO - [2025-03-08T02:39:45.747+0000] {dag.py:2907} INFO - Sync 1 DAGs
[2025-03-08T02:39:45.775+0000] {logging_mixin.py:151} INFO - [2025-03-08T02:39:45.775+0000] {dag.py:3677} INFO - Setting next_dagrun for stream_data to 2025-03-08T00:00:00+00:00, run_after=2025-03-09T00:00:00+00:00
[2025-03-08T02:39:45.800+0000] {processor.py:179} INFO - Processing /opt/airflow/dags/data_stream.py took 0.319 seconds
[2025-03-08T02:40:16.072+0000] {processor.py:157} INFO - Started process (PID=37) to work on /opt/airflow/dags/data_stream.py
[2025-03-08T02:40:16.078+0000] {processor.py:829} INFO - Processing file /opt/airflow/dags/data_stream.py for tasks to queue
[2025-03-08T02:40:16.094+0000] {logging_mixin.py:151} INFO - [2025-03-08T02:40:16.091+0000] {dagbag.py:539} INFO - Filling up the DagBag from /opt/airflow/dags/data_stream.py
[2025-03-08T02:40:16.381+0000] {processor.py:839} INFO - DAG(s) dict_keys(['stream_data']) retrieved from /opt/airflow/dags/data_stream.py
[2025-03-08T02:40:16.407+0000] {logging_mixin.py:151} INFO - [2025-03-08T02:40:16.407+0000] {dag.py:2907} INFO - Sync 1 DAGs
[2025-03-08T02:40:16.438+0000] {logging_mixin.py:151} INFO - [2025-03-08T02:40:16.438+0000] {dag.py:3677} INFO - Setting next_dagrun for stream_data to 2025-03-08T00:00:00+00:00, run_after=2025-03-09T00:00:00+00:00
[2025-03-08T02:40:16.461+0000] {processor.py:179} INFO - Processing /opt/airflow/dags/data_stream.py took 0.409 seconds
[2025-03-08T02:40:46.688+0000] {processor.py:157} INFO - Started process (PID=38) to work on /opt/airflow/dags/data_stream.py
[2025-03-08T02:40:46.693+0000] {processor.py:829} INFO - Processing file /opt/airflow/dags/data_stream.py for tasks to queue
[2025-03-08T02:40:46.697+0000] {logging_mixin.py:151} INFO - [2025-03-08T02:40:46.696+0000] {dagbag.py:539} INFO - Filling up the DagBag from /opt/airflow/dags/data_stream.py
[2025-03-08T02:40:47.101+0000] {processor.py:839} INFO - DAG(s) dict_keys(['stream_data']) retrieved from /opt/airflow/dags/data_stream.py
[2025-03-08T02:40:47.143+0000] {logging_mixin.py:151} INFO - [2025-03-08T02:40:47.143+0000] {dag.py:2907} INFO - Sync 1 DAGs
[2025-03-08T02:40:47.169+0000] {logging_mixin.py:151} INFO - [2025-03-08T02:40:47.169+0000] {dag.py:3677} INFO - Setting next_dagrun for stream_data to 2025-03-08T00:00:00+00:00, run_after=2025-03-09T00:00:00+00:00
[2025-03-08T02:40:47.188+0000] {processor.py:179} INFO - Processing /opt/airflow/dags/data_stream.py took 0.507 seconds
[2025-03-08T02:41:17.453+0000] {processor.py:157} INFO - Started process (PID=39) to work on /opt/airflow/dags/data_stream.py
[2025-03-08T02:41:17.456+0000] {processor.py:829} INFO - Processing file /opt/airflow/dags/data_stream.py for tasks to queue
[2025-03-08T02:41:17.462+0000] {logging_mixin.py:151} INFO - [2025-03-08T02:41:17.461+0000] {dagbag.py:539} INFO - Filling up the DagBag from /opt/airflow/dags/data_stream.py
[2025-03-08T02:41:17.691+0000] {processor.py:839} INFO - DAG(s) dict_keys(['stream_data']) retrieved from /opt/airflow/dags/data_stream.py
[2025-03-08T02:41:17.717+0000] {logging_mixin.py:151} INFO - [2025-03-08T02:41:17.716+0000] {dag.py:2907} INFO - Sync 1 DAGs
[2025-03-08T02:41:17.738+0000] {logging_mixin.py:151} INFO - [2025-03-08T02:41:17.738+0000] {dag.py:3677} INFO - Setting next_dagrun for stream_data to 2025-03-08T00:00:00+00:00, run_after=2025-03-09T00:00:00+00:00
[2025-03-08T02:41:17.756+0000] {processor.py:179} INFO - Processing /opt/airflow/dags/data_stream.py took 0.309 seconds
[2025-03-08T02:41:47.982+0000] {processor.py:157} INFO - Started process (PID=40) to work on /opt/airflow/dags/data_stream.py
[2025-03-08T02:41:47.984+0000] {processor.py:829} INFO - Processing file /opt/airflow/dags/data_stream.py for tasks to queue
[2025-03-08T02:41:47.988+0000] {logging_mixin.py:151} INFO - [2025-03-08T02:41:47.987+0000] {dagbag.py:539} INFO - Filling up the DagBag from /opt/airflow/dags/data_stream.py
[2025-03-08T02:41:48.332+0000] {processor.py:839} INFO - DAG(s) dict_keys(['stream_data']) retrieved from /opt/airflow/dags/data_stream.py
[2025-03-08T02:41:48.373+0000] {logging_mixin.py:151} INFO - [2025-03-08T02:41:48.372+0000] {dag.py:2907} INFO - Sync 1 DAGs
[2025-03-08T02:41:48.414+0000] {logging_mixin.py:151} INFO - [2025-03-08T02:41:48.414+0000] {dag.py:3677} INFO - Setting next_dagrun for stream_data to 2025-03-08T00:00:00+00:00, run_after=2025-03-09T00:00:00+00:00
[2025-03-08T02:41:48.437+0000] {processor.py:179} INFO - Processing /opt/airflow/dags/data_stream.py took 0.462 seconds
[2025-03-08T02:42:18.641+0000] {processor.py:157} INFO - Started process (PID=41) to work on /opt/airflow/dags/data_stream.py
[2025-03-08T02:42:18.643+0000] {processor.py:829} INFO - Processing file /opt/airflow/dags/data_stream.py for tasks to queue
[2025-03-08T02:42:18.761+0000] {logging_mixin.py:151} INFO - [2025-03-08T02:42:18.647+0000] {dagbag.py:539} INFO - Filling up the DagBag from /opt/airflow/dags/data_stream.py
[2025-03-08T02:42:18.870+0000] {processor.py:839} INFO - DAG(s) dict_keys(['stream_data']) retrieved from /opt/airflow/dags/data_stream.py
[2025-03-08T02:42:18.899+0000] {logging_mixin.py:151} INFO - [2025-03-08T02:42:18.899+0000] {dag.py:2907} INFO - Sync 1 DAGs
[2025-03-08T02:42:18.925+0000] {logging_mixin.py:151} INFO - [2025-03-08T02:42:18.925+0000] {dag.py:3677} INFO - Setting next_dagrun for stream_data to 2025-03-08T00:00:00+00:00, run_after=2025-03-09T00:00:00+00:00
[2025-03-08T02:42:18.941+0000] {processor.py:179} INFO - Processing /opt/airflow/dags/data_stream.py took 0.309 seconds
[2025-03-08T02:42:49.161+0000] {processor.py:157} INFO - Started process (PID=42) to work on /opt/airflow/dags/data_stream.py
[2025-03-08T02:42:49.162+0000] {processor.py:829} INFO - Processing file /opt/airflow/dags/data_stream.py for tasks to queue
[2025-03-08T02:42:49.166+0000] {logging_mixin.py:151} INFO - [2025-03-08T02:42:49.165+0000] {dagbag.py:539} INFO - Filling up the DagBag from /opt/airflow/dags/data_stream.py
[2025-03-08T02:42:49.269+0000] {processor.py:839} INFO - DAG(s) dict_keys(['stream_data']) retrieved from /opt/airflow/dags/data_stream.py
[2025-03-08T02:42:49.297+0000] {logging_mixin.py:151} INFO - [2025-03-08T02:42:49.297+0000] {dag.py:2907} INFO - Sync 1 DAGs
[2025-03-08T02:42:49.321+0000] {logging_mixin.py:151} INFO - [2025-03-08T02:42:49.321+0000] {dag.py:3677} INFO - Setting next_dagrun for stream_data to 2025-03-08T00:00:00+00:00, run_after=2025-03-09T00:00:00+00:00
[2025-03-08T02:42:49.338+0000] {processor.py:179} INFO - Processing /opt/airflow/dags/data_stream.py took 0.182 seconds
[2025-03-08T02:43:19.445+0000] {processor.py:157} INFO - Started process (PID=43) to work on /opt/airflow/dags/data_stream.py
[2025-03-08T02:43:19.452+0000] {processor.py:829} INFO - Processing file /opt/airflow/dags/data_stream.py for tasks to queue
[2025-03-08T02:43:19.465+0000] {logging_mixin.py:151} INFO - [2025-03-08T02:43:19.464+0000] {dagbag.py:539} INFO - Filling up the DagBag from /opt/airflow/dags/data_stream.py
[2025-03-08T02:43:19.592+0000] {processor.py:839} INFO - DAG(s) dict_keys(['stream_data']) retrieved from /opt/airflow/dags/data_stream.py
[2025-03-08T02:43:19.618+0000] {logging_mixin.py:151} INFO - [2025-03-08T02:43:19.617+0000] {dag.py:2907} INFO - Sync 1 DAGs
[2025-03-08T02:43:19.639+0000] {logging_mixin.py:151} INFO - [2025-03-08T02:43:19.639+0000] {dag.py:3677} INFO - Setting next_dagrun for stream_data to 2025-03-08T00:00:00+00:00, run_after=2025-03-09T00:00:00+00:00
[2025-03-08T02:43:19.655+0000] {processor.py:179} INFO - Processing /opt/airflow/dags/data_stream.py took 0.224 seconds
[2025-03-08T02:43:49.793+0000] {processor.py:157} INFO - Started process (PID=44) to work on /opt/airflow/dags/data_stream.py
[2025-03-08T02:43:49.795+0000] {processor.py:829} INFO - Processing file /opt/airflow/dags/data_stream.py for tasks to queue
[2025-03-08T02:43:49.803+0000] {logging_mixin.py:151} INFO - [2025-03-08T02:43:49.802+0000] {dagbag.py:539} INFO - Filling up the DagBag from /opt/airflow/dags/data_stream.py
[2025-03-08T02:43:49.923+0000] {processor.py:839} INFO - DAG(s) dict_keys(['stream_data']) retrieved from /opt/airflow/dags/data_stream.py
[2025-03-08T02:43:49.950+0000] {logging_mixin.py:151} INFO - [2025-03-08T02:43:49.949+0000] {dag.py:2907} INFO - Sync 1 DAGs
[2025-03-08T02:43:49.970+0000] {logging_mixin.py:151} INFO - [2025-03-08T02:43:49.970+0000] {dag.py:3677} INFO - Setting next_dagrun for stream_data to 2025-03-08T00:00:00+00:00, run_after=2025-03-09T00:00:00+00:00
[2025-03-08T02:43:49.986+0000] {processor.py:179} INFO - Processing /opt/airflow/dags/data_stream.py took 0.202 seconds
[2025-03-08T02:44:20.134+0000] {processor.py:157} INFO - Started process (PID=45) to work on /opt/airflow/dags/data_stream.py
[2025-03-08T02:44:20.136+0000] {processor.py:829} INFO - Processing file /opt/airflow/dags/data_stream.py for tasks to queue
[2025-03-08T02:44:20.139+0000] {logging_mixin.py:151} INFO - [2025-03-08T02:44:20.139+0000] {dagbag.py:539} INFO - Filling up the DagBag from /opt/airflow/dags/data_stream.py
[2025-03-08T02:44:20.247+0000] {processor.py:839} INFO - DAG(s) dict_keys(['stream_data']) retrieved from /opt/airflow/dags/data_stream.py
[2025-03-08T02:44:20.274+0000] {logging_mixin.py:151} INFO - [2025-03-08T02:44:20.274+0000] {dag.py:2907} INFO - Sync 1 DAGs
[2025-03-08T02:44:20.296+0000] {logging_mixin.py:151} INFO - [2025-03-08T02:44:20.296+0000] {dag.py:3677} INFO - Setting next_dagrun for stream_data to 2025-03-08T00:00:00+00:00, run_after=2025-03-09T00:00:00+00:00
[2025-03-08T02:44:20.315+0000] {processor.py:179} INFO - Processing /opt/airflow/dags/data_stream.py took 0.184 seconds
[2025-03-08T02:44:50.492+0000] {processor.py:157} INFO - Started process (PID=46) to work on /opt/airflow/dags/data_stream.py
[2025-03-08T02:44:50.493+0000] {processor.py:829} INFO - Processing file /opt/airflow/dags/data_stream.py for tasks to queue
[2025-03-08T02:44:50.496+0000] {logging_mixin.py:151} INFO - [2025-03-08T02:44:50.496+0000] {dagbag.py:539} INFO - Filling up the DagBag from /opt/airflow/dags/data_stream.py
[2025-03-08T02:44:50.604+0000] {processor.py:839} INFO - DAG(s) dict_keys(['stream_data']) retrieved from /opt/airflow/dags/data_stream.py
[2025-03-08T02:44:50.630+0000] {logging_mixin.py:151} INFO - [2025-03-08T02:44:50.630+0000] {dag.py:2907} INFO - Sync 1 DAGs
[2025-03-08T02:44:50.658+0000] {logging_mixin.py:151} INFO - [2025-03-08T02:44:50.658+0000] {dag.py:3677} INFO - Setting next_dagrun for stream_data to 2025-03-08T00:00:00+00:00, run_after=2025-03-09T00:00:00+00:00
[2025-03-08T02:44:50.679+0000] {processor.py:179} INFO - Processing /opt/airflow/dags/data_stream.py took 0.191 seconds
[2025-03-08T02:45:20.863+0000] {processor.py:157} INFO - Started process (PID=47) to work on /opt/airflow/dags/data_stream.py
[2025-03-08T02:45:20.865+0000] {processor.py:829} INFO - Processing file /opt/airflow/dags/data_stream.py for tasks to queue
[2025-03-08T02:45:20.869+0000] {logging_mixin.py:151} INFO - [2025-03-08T02:45:20.869+0000] {dagbag.py:539} INFO - Filling up the DagBag from /opt/airflow/dags/data_stream.py
[2025-03-08T02:45:20.973+0000] {processor.py:839} INFO - DAG(s) dict_keys(['stream_data']) retrieved from /opt/airflow/dags/data_stream.py
[2025-03-08T02:45:20.998+0000] {logging_mixin.py:151} INFO - [2025-03-08T02:45:20.998+0000] {dag.py:2907} INFO - Sync 1 DAGs
[2025-03-08T02:45:21.019+0000] {logging_mixin.py:151} INFO - [2025-03-08T02:45:21.018+0000] {dag.py:3677} INFO - Setting next_dagrun for stream_data to 2025-03-08T00:00:00+00:00, run_after=2025-03-09T00:00:00+00:00
[2025-03-08T02:45:21.033+0000] {processor.py:179} INFO - Processing /opt/airflow/dags/data_stream.py took 0.181 seconds
[2025-03-08T02:45:51.213+0000] {processor.py:157} INFO - Started process (PID=48) to work on /opt/airflow/dags/data_stream.py
[2025-03-08T02:45:51.214+0000] {processor.py:829} INFO - Processing file /opt/airflow/dags/data_stream.py for tasks to queue
[2025-03-08T02:45:51.217+0000] {logging_mixin.py:151} INFO - [2025-03-08T02:45:51.217+0000] {dagbag.py:539} INFO - Filling up the DagBag from /opt/airflow/dags/data_stream.py
[2025-03-08T02:45:51.344+0000] {processor.py:839} INFO - DAG(s) dict_keys(['stream_data']) retrieved from /opt/airflow/dags/data_stream.py
[2025-03-08T02:45:51.377+0000] {logging_mixin.py:151} INFO - [2025-03-08T02:45:51.376+0000] {dag.py:2907} INFO - Sync 1 DAGs
[2025-03-08T02:45:51.402+0000] {logging_mixin.py:151} INFO - [2025-03-08T02:45:51.402+0000] {dag.py:3677} INFO - Setting next_dagrun for stream_data to 2025-03-08T00:00:00+00:00, run_after=2025-03-09T00:00:00+00:00
[2025-03-08T02:45:51.421+0000] {processor.py:179} INFO - Processing /opt/airflow/dags/data_stream.py took 0.200 seconds
[2025-03-08T02:46:21.475+0000] {processor.py:157} INFO - Started process (PID=49) to work on /opt/airflow/dags/data_stream.py
[2025-03-08T02:46:21.476+0000] {processor.py:829} INFO - Processing file /opt/airflow/dags/data_stream.py for tasks to queue
[2025-03-08T02:46:21.479+0000] {logging_mixin.py:151} INFO - [2025-03-08T02:46:21.478+0000] {dagbag.py:539} INFO - Filling up the DagBag from /opt/airflow/dags/data_stream.py
[2025-03-08T02:46:21.595+0000] {processor.py:839} INFO - DAG(s) dict_keys(['stream_data']) retrieved from /opt/airflow/dags/data_stream.py
[2025-03-08T02:46:21.628+0000] {logging_mixin.py:151} INFO - [2025-03-08T02:46:21.628+0000] {dag.py:2907} INFO - Sync 1 DAGs
[2025-03-08T02:46:21.656+0000] {logging_mixin.py:151} INFO - [2025-03-08T02:46:21.656+0000] {dag.py:3677} INFO - Setting next_dagrun for stream_data to 2025-03-08T00:00:00+00:00, run_after=2025-03-09T00:00:00+00:00
[2025-03-08T02:46:21.676+0000] {processor.py:179} INFO - Processing /opt/airflow/dags/data_stream.py took 0.205 seconds
[2025-03-08T02:46:51.784+0000] {processor.py:157} INFO - Started process (PID=50) to work on /opt/airflow/dags/data_stream.py
[2025-03-08T02:46:51.787+0000] {processor.py:829} INFO - Processing file /opt/airflow/dags/data_stream.py for tasks to queue
[2025-03-08T02:46:51.794+0000] {logging_mixin.py:151} INFO - [2025-03-08T02:46:51.793+0000] {dagbag.py:539} INFO - Filling up the DagBag from /opt/airflow/dags/data_stream.py
[2025-03-08T02:46:51.905+0000] {processor.py:839} INFO - DAG(s) dict_keys(['stream_data']) retrieved from /opt/airflow/dags/data_stream.py
[2025-03-08T02:46:51.931+0000] {logging_mixin.py:151} INFO - [2025-03-08T02:46:51.930+0000] {dag.py:2907} INFO - Sync 1 DAGs
[2025-03-08T02:46:51.951+0000] {logging_mixin.py:151} INFO - [2025-03-08T02:46:51.951+0000] {dag.py:3677} INFO - Setting next_dagrun for stream_data to 2025-03-08T00:00:00+00:00, run_after=2025-03-09T00:00:00+00:00
[2025-03-08T02:46:51.973+0000] {processor.py:179} INFO - Processing /opt/airflow/dags/data_stream.py took 0.199 seconds
[2025-03-08T02:47:22.083+0000] {processor.py:157} INFO - Started process (PID=51) to work on /opt/airflow/dags/data_stream.py
[2025-03-08T02:47:22.084+0000] {processor.py:829} INFO - Processing file /opt/airflow/dags/data_stream.py for tasks to queue
[2025-03-08T02:47:22.088+0000] {logging_mixin.py:151} INFO - [2025-03-08T02:47:22.087+0000] {dagbag.py:539} INFO - Filling up the DagBag from /opt/airflow/dags/data_stream.py
[2025-03-08T02:47:22.190+0000] {processor.py:839} INFO - DAG(s) dict_keys(['stream_data']) retrieved from /opt/airflow/dags/data_stream.py
[2025-03-08T02:47:22.218+0000] {logging_mixin.py:151} INFO - [2025-03-08T02:47:22.218+0000] {dag.py:2907} INFO - Sync 1 DAGs
[2025-03-08T02:47:22.240+0000] {logging_mixin.py:151} INFO - [2025-03-08T02:47:22.240+0000] {dag.py:3677} INFO - Setting next_dagrun for stream_data to 2025-03-08T00:00:00+00:00, run_after=2025-03-09T00:00:00+00:00
[2025-03-08T02:47:22.257+0000] {processor.py:179} INFO - Processing /opt/airflow/dags/data_stream.py took 0.177 seconds
[2025-03-08T02:47:52.488+0000] {processor.py:157} INFO - Started process (PID=52) to work on /opt/airflow/dags/data_stream.py
[2025-03-08T02:47:52.490+0000] {processor.py:829} INFO - Processing file /opt/airflow/dags/data_stream.py for tasks to queue
[2025-03-08T02:47:52.495+0000] {logging_mixin.py:151} INFO - [2025-03-08T02:47:52.494+0000] {dagbag.py:539} INFO - Filling up the DagBag from /opt/airflow/dags/data_stream.py
[2025-03-08T02:47:52.615+0000] {processor.py:839} INFO - DAG(s) dict_keys(['stream_data']) retrieved from /opt/airflow/dags/data_stream.py
[2025-03-08T02:47:52.649+0000] {logging_mixin.py:151} INFO - [2025-03-08T02:47:52.649+0000] {dag.py:2907} INFO - Sync 1 DAGs
[2025-03-08T02:47:52.670+0000] {logging_mixin.py:151} INFO - [2025-03-08T02:47:52.670+0000] {dag.py:3677} INFO - Setting next_dagrun for stream_data to 2025-03-08T00:00:00+00:00, run_after=2025-03-09T00:00:00+00:00
[2025-03-08T02:47:52.687+0000] {processor.py:179} INFO - Processing /opt/airflow/dags/data_stream.py took 0.207 seconds
[2025-03-08T02:48:22.796+0000] {processor.py:157} INFO - Started process (PID=53) to work on /opt/airflow/dags/data_stream.py
[2025-03-08T02:48:22.799+0000] {processor.py:829} INFO - Processing file /opt/airflow/dags/data_stream.py for tasks to queue
[2025-03-08T02:48:22.806+0000] {logging_mixin.py:151} INFO - [2025-03-08T02:48:22.805+0000] {dagbag.py:539} INFO - Filling up the DagBag from /opt/airflow/dags/data_stream.py
[2025-03-08T02:48:22.915+0000] {processor.py:839} INFO - DAG(s) dict_keys(['stream_data']) retrieved from /opt/airflow/dags/data_stream.py
[2025-03-08T02:48:22.941+0000] {logging_mixin.py:151} INFO - [2025-03-08T02:48:22.940+0000] {dag.py:2907} INFO - Sync 1 DAGs
[2025-03-08T02:48:22.962+0000] {logging_mixin.py:151} INFO - [2025-03-08T02:48:22.962+0000] {dag.py:3677} INFO - Setting next_dagrun for stream_data to 2025-03-08T00:00:00+00:00, run_after=2025-03-09T00:00:00+00:00
[2025-03-08T02:48:22.978+0000] {processor.py:179} INFO - Processing /opt/airflow/dags/data_stream.py took 0.195 seconds
[2025-03-08T02:48:53.129+0000] {processor.py:157} INFO - Started process (PID=54) to work on /opt/airflow/dags/data_stream.py
[2025-03-08T02:48:53.131+0000] {processor.py:829} INFO - Processing file /opt/airflow/dags/data_stream.py for tasks to queue
[2025-03-08T02:48:53.138+0000] {logging_mixin.py:151} INFO - [2025-03-08T02:48:53.137+0000] {dagbag.py:539} INFO - Filling up the DagBag from /opt/airflow/dags/data_stream.py
[2025-03-08T02:48:53.283+0000] {processor.py:839} INFO - DAG(s) dict_keys(['stream_data']) retrieved from /opt/airflow/dags/data_stream.py
[2025-03-08T02:48:53.310+0000] {logging_mixin.py:151} INFO - [2025-03-08T02:48:53.310+0000] {dag.py:2907} INFO - Sync 1 DAGs
[2025-03-08T02:48:53.339+0000] {logging_mixin.py:151} INFO - [2025-03-08T02:48:53.339+0000] {dag.py:3677} INFO - Setting next_dagrun for stream_data to 2025-03-08T00:00:00+00:00, run_after=2025-03-09T00:00:00+00:00
[2025-03-08T02:48:53.360+0000] {processor.py:179} INFO - Processing /opt/airflow/dags/data_stream.py took 0.237 seconds
[2025-03-08T02:49:23.429+0000] {processor.py:157} INFO - Started process (PID=55) to work on /opt/airflow/dags/data_stream.py
[2025-03-08T02:49:23.432+0000] {processor.py:829} INFO - Processing file /opt/airflow/dags/data_stream.py for tasks to queue
[2025-03-08T02:49:23.439+0000] {logging_mixin.py:151} INFO - [2025-03-08T02:49:23.438+0000] {dagbag.py:539} INFO - Filling up the DagBag from /opt/airflow/dags/data_stream.py
[2025-03-08T02:49:23.563+0000] {processor.py:839} INFO - DAG(s) dict_keys(['stream_data']) retrieved from /opt/airflow/dags/data_stream.py
[2025-03-08T02:49:23.598+0000] {logging_mixin.py:151} INFO - [2025-03-08T02:49:23.598+0000] {dag.py:2907} INFO - Sync 1 DAGs
[2025-03-08T02:49:23.624+0000] {logging_mixin.py:151} INFO - [2025-03-08T02:49:23.624+0000] {dag.py:3677} INFO - Setting next_dagrun for stream_data to 2025-03-08T00:00:00+00:00, run_after=2025-03-09T00:00:00+00:00
[2025-03-08T02:49:23.641+0000] {processor.py:179} INFO - Processing /opt/airflow/dags/data_stream.py took 0.222 seconds
[2025-03-08T02:49:53.848+0000] {processor.py:157} INFO - Started process (PID=56) to work on /opt/airflow/dags/data_stream.py
[2025-03-08T02:49:53.850+0000] {processor.py:829} INFO - Processing file /opt/airflow/dags/data_stream.py for tasks to queue
[2025-03-08T02:49:53.853+0000] {logging_mixin.py:151} INFO - [2025-03-08T02:49:53.853+0000] {dagbag.py:539} INFO - Filling up the DagBag from /opt/airflow/dags/data_stream.py
[2025-03-08T02:49:53.953+0000] {processor.py:839} INFO - DAG(s) dict_keys(['stream_data']) retrieved from /opt/airflow/dags/data_stream.py
[2025-03-08T02:49:53.985+0000] {logging_mixin.py:151} INFO - [2025-03-08T02:49:53.985+0000] {dag.py:2907} INFO - Sync 1 DAGs
[2025-03-08T02:49:54.011+0000] {logging_mixin.py:151} INFO - [2025-03-08T02:49:54.010+0000] {dag.py:3677} INFO - Setting next_dagrun for stream_data to 2025-03-08T00:00:00+00:00, run_after=2025-03-09T00:00:00+00:00
[2025-03-08T02:49:54.029+0000] {processor.py:179} INFO - Processing /opt/airflow/dags/data_stream.py took 0.187 seconds
[2025-03-08T02:50:24.092+0000] {processor.py:157} INFO - Started process (PID=57) to work on /opt/airflow/dags/data_stream.py
[2025-03-08T02:50:24.093+0000] {processor.py:829} INFO - Processing file /opt/airflow/dags/data_stream.py for tasks to queue
[2025-03-08T02:50:24.096+0000] {logging_mixin.py:151} INFO - [2025-03-08T02:50:24.096+0000] {dagbag.py:539} INFO - Filling up the DagBag from /opt/airflow/dags/data_stream.py
[2025-03-08T02:50:24.206+0000] {processor.py:839} INFO - DAG(s) dict_keys(['stream_data']) retrieved from /opt/airflow/dags/data_stream.py
[2025-03-08T02:50:24.237+0000] {logging_mixin.py:151} INFO - [2025-03-08T02:50:24.237+0000] {dag.py:2907} INFO - Sync 1 DAGs
[2025-03-08T02:50:24.261+0000] {logging_mixin.py:151} INFO - [2025-03-08T02:50:24.261+0000] {dag.py:3677} INFO - Setting next_dagrun for stream_data to 2025-03-08T00:00:00+00:00, run_after=2025-03-09T00:00:00+00:00
[2025-03-08T02:50:24.280+0000] {processor.py:179} INFO - Processing /opt/airflow/dags/data_stream.py took 0.192 seconds
[2025-03-08T02:50:54.483+0000] {processor.py:157} INFO - Started process (PID=58) to work on /opt/airflow/dags/data_stream.py
[2025-03-08T02:50:54.485+0000] {processor.py:829} INFO - Processing file /opt/airflow/dags/data_stream.py for tasks to queue
[2025-03-08T02:50:54.488+0000] {logging_mixin.py:151} INFO - [2025-03-08T02:50:54.488+0000] {dagbag.py:539} INFO - Filling up the DagBag from /opt/airflow/dags/data_stream.py
[2025-03-08T02:50:54.586+0000] {processor.py:839} INFO - DAG(s) dict_keys(['stream_data']) retrieved from /opt/airflow/dags/data_stream.py
[2025-03-08T02:50:54.611+0000] {logging_mixin.py:151} INFO - [2025-03-08T02:50:54.611+0000] {dag.py:2907} INFO - Sync 1 DAGs
[2025-03-08T02:50:54.636+0000] {logging_mixin.py:151} INFO - [2025-03-08T02:50:54.636+0000] {dag.py:3677} INFO - Setting next_dagrun for stream_data to 2025-03-08T00:00:00+00:00, run_after=2025-03-09T00:00:00+00:00
[2025-03-08T02:50:54.653+0000] {processor.py:179} INFO - Processing /opt/airflow/dags/data_stream.py took 0.178 seconds
[2025-03-08T02:51:24.693+0000] {processor.py:157} INFO - Started process (PID=59) to work on /opt/airflow/dags/data_stream.py
[2025-03-08T02:51:24.694+0000] {processor.py:829} INFO - Processing file /opt/airflow/dags/data_stream.py for tasks to queue
[2025-03-08T02:51:24.698+0000] {logging_mixin.py:151} INFO - [2025-03-08T02:51:24.697+0000] {dagbag.py:539} INFO - Filling up the DagBag from /opt/airflow/dags/data_stream.py
[2025-03-08T02:51:24.794+0000] {processor.py:839} INFO - DAG(s) dict_keys(['stream_data']) retrieved from /opt/airflow/dags/data_stream.py
[2025-03-08T02:51:24.821+0000] {logging_mixin.py:151} INFO - [2025-03-08T02:51:24.820+0000] {dag.py:2907} INFO - Sync 1 DAGs
[2025-03-08T02:51:24.844+0000] {logging_mixin.py:151} INFO - [2025-03-08T02:51:24.844+0000] {dag.py:3677} INFO - Setting next_dagrun for stream_data to 2025-03-08T00:00:00+00:00, run_after=2025-03-09T00:00:00+00:00
[2025-03-08T02:51:24.861+0000] {processor.py:179} INFO - Processing /opt/airflow/dags/data_stream.py took 0.174 seconds
[2025-03-08T02:51:55.020+0000] {processor.py:157} INFO - Started process (PID=60) to work on /opt/airflow/dags/data_stream.py
[2025-03-08T02:51:55.022+0000] {processor.py:829} INFO - Processing file /opt/airflow/dags/data_stream.py for tasks to queue
[2025-03-08T02:51:55.024+0000] {logging_mixin.py:151} INFO - [2025-03-08T02:51:55.024+0000] {dagbag.py:539} INFO - Filling up the DagBag from /opt/airflow/dags/data_stream.py
[2025-03-08T02:51:55.117+0000] {processor.py:839} INFO - DAG(s) dict_keys(['stream_data']) retrieved from /opt/airflow/dags/data_stream.py
[2025-03-08T02:51:55.143+0000] {logging_mixin.py:151} INFO - [2025-03-08T02:51:55.142+0000] {dag.py:2907} INFO - Sync 1 DAGs
[2025-03-08T02:51:55.164+0000] {logging_mixin.py:151} INFO - [2025-03-08T02:51:55.164+0000] {dag.py:3677} INFO - Setting next_dagrun for stream_data to 2025-03-08T00:00:00+00:00, run_after=2025-03-09T00:00:00+00:00
[2025-03-08T02:51:55.181+0000] {processor.py:179} INFO - Processing /opt/airflow/dags/data_stream.py took 0.164 seconds
[2025-03-08T02:52:25.299+0000] {processor.py:157} INFO - Started process (PID=61) to work on /opt/airflow/dags/data_stream.py
[2025-03-08T02:52:25.301+0000] {processor.py:829} INFO - Processing file /opt/airflow/dags/data_stream.py for tasks to queue
[2025-03-08T02:52:25.305+0000] {logging_mixin.py:151} INFO - [2025-03-08T02:52:25.305+0000] {dagbag.py:539} INFO - Filling up the DagBag from /opt/airflow/dags/data_stream.py
[2025-03-08T02:52:25.416+0000] {processor.py:839} INFO - DAG(s) dict_keys(['stream_data']) retrieved from /opt/airflow/dags/data_stream.py
[2025-03-08T02:52:25.446+0000] {logging_mixin.py:151} INFO - [2025-03-08T02:52:25.445+0000] {dag.py:2907} INFO - Sync 1 DAGs
[2025-03-08T02:52:25.471+0000] {logging_mixin.py:151} INFO - [2025-03-08T02:52:25.470+0000] {dag.py:3677} INFO - Setting next_dagrun for stream_data to 2025-03-08T00:00:00+00:00, run_after=2025-03-09T00:00:00+00:00
[2025-03-08T02:52:25.490+0000] {processor.py:179} INFO - Processing /opt/airflow/dags/data_stream.py took 0.197 seconds
[2025-03-08T02:52:55.608+0000] {processor.py:157} INFO - Started process (PID=62) to work on /opt/airflow/dags/data_stream.py
[2025-03-08T02:52:55.610+0000] {processor.py:829} INFO - Processing file /opt/airflow/dags/data_stream.py for tasks to queue
[2025-03-08T02:52:55.614+0000] {logging_mixin.py:151} INFO - [2025-03-08T02:52:55.614+0000] {dagbag.py:539} INFO - Filling up the DagBag from /opt/airflow/dags/data_stream.py
[2025-03-08T02:52:55.716+0000] {processor.py:839} INFO - DAG(s) dict_keys(['stream_data']) retrieved from /opt/airflow/dags/data_stream.py
[2025-03-08T02:52:55.742+0000] {logging_mixin.py:151} INFO - [2025-03-08T02:52:55.742+0000] {dag.py:2907} INFO - Sync 1 DAGs
[2025-03-08T02:52:55.762+0000] {logging_mixin.py:151} INFO - [2025-03-08T02:52:55.762+0000] {dag.py:3677} INFO - Setting next_dagrun for stream_data to 2025-03-08T00:00:00+00:00, run_after=2025-03-09T00:00:00+00:00
[2025-03-08T02:52:55.778+0000] {processor.py:179} INFO - Processing /opt/airflow/dags/data_stream.py took 0.181 seconds
[2025-03-08T02:53:25.969+0000] {processor.py:157} INFO - Started process (PID=63) to work on /opt/airflow/dags/data_stream.py
[2025-03-08T02:53:25.972+0000] {processor.py:829} INFO - Processing file /opt/airflow/dags/data_stream.py for tasks to queue
[2025-03-08T02:53:25.978+0000] {logging_mixin.py:151} INFO - [2025-03-08T02:53:25.977+0000] {dagbag.py:539} INFO - Filling up the DagBag from /opt/airflow/dags/data_stream.py
[2025-03-08T02:53:26.084+0000] {processor.py:839} INFO - DAG(s) dict_keys(['stream_data']) retrieved from /opt/airflow/dags/data_stream.py
[2025-03-08T02:53:26.111+0000] {logging_mixin.py:151} INFO - [2025-03-08T02:53:26.111+0000] {dag.py:2907} INFO - Sync 1 DAGs
[2025-03-08T02:53:26.135+0000] {logging_mixin.py:151} INFO - [2025-03-08T02:53:26.135+0000] {dag.py:3677} INFO - Setting next_dagrun for stream_data to 2025-03-08T00:00:00+00:00, run_after=2025-03-09T00:00:00+00:00
[2025-03-08T02:53:26.152+0000] {processor.py:179} INFO - Processing /opt/airflow/dags/data_stream.py took 0.196 seconds
[2025-03-08T02:53:56.288+0000] {processor.py:157} INFO - Started process (PID=64) to work on /opt/airflow/dags/data_stream.py
[2025-03-08T02:53:56.290+0000] {processor.py:829} INFO - Processing file /opt/airflow/dags/data_stream.py for tasks to queue
[2025-03-08T02:53:56.296+0000] {logging_mixin.py:151} INFO - [2025-03-08T02:53:56.295+0000] {dagbag.py:539} INFO - Filling up the DagBag from /opt/airflow/dags/data_stream.py
[2025-03-08T02:53:56.408+0000] {processor.py:839} INFO - DAG(s) dict_keys(['stream_data']) retrieved from /opt/airflow/dags/data_stream.py
[2025-03-08T02:53:56.436+0000] {logging_mixin.py:151} INFO - [2025-03-08T02:53:56.436+0000] {dag.py:2907} INFO - Sync 1 DAGs
[2025-03-08T02:53:56.459+0000] {logging_mixin.py:151} INFO - [2025-03-08T02:53:56.459+0000] {dag.py:3677} INFO - Setting next_dagrun for stream_data to 2025-03-08T00:00:00+00:00, run_after=2025-03-09T00:00:00+00:00
[2025-03-08T02:53:56.478+0000] {processor.py:179} INFO - Processing /opt/airflow/dags/data_stream.py took 0.202 seconds
[2025-03-08T02:54:26.689+0000] {processor.py:157} INFO - Started process (PID=65) to work on /opt/airflow/dags/data_stream.py
[2025-03-08T02:54:26.692+0000] {processor.py:829} INFO - Processing file /opt/airflow/dags/data_stream.py for tasks to queue
[2025-03-08T02:54:26.698+0000] {logging_mixin.py:151} INFO - [2025-03-08T02:54:26.697+0000] {dagbag.py:539} INFO - Filling up the DagBag from /opt/airflow/dags/data_stream.py
[2025-03-08T02:54:26.798+0000] {processor.py:839} INFO - DAG(s) dict_keys(['stream_data']) retrieved from /opt/airflow/dags/data_stream.py
[2025-03-08T02:54:26.824+0000] {logging_mixin.py:151} INFO - [2025-03-08T02:54:26.823+0000] {dag.py:2907} INFO - Sync 1 DAGs
[2025-03-08T02:54:26.845+0000] {logging_mixin.py:151} INFO - [2025-03-08T02:54:26.845+0000] {dag.py:3677} INFO - Setting next_dagrun for stream_data to 2025-03-08T00:00:00+00:00, run_after=2025-03-09T00:00:00+00:00
[2025-03-08T02:54:26.861+0000] {processor.py:179} INFO - Processing /opt/airflow/dags/data_stream.py took 0.182 seconds
[2025-03-08T02:54:56.994+0000] {processor.py:157} INFO - Started process (PID=66) to work on /opt/airflow/dags/data_stream.py
[2025-03-08T02:54:56.998+0000] {processor.py:829} INFO - Processing file /opt/airflow/dags/data_stream.py for tasks to queue
[2025-03-08T02:54:57.012+0000] {logging_mixin.py:151} INFO - [2025-03-08T02:54:57.011+0000] {dagbag.py:539} INFO - Filling up the DagBag from /opt/airflow/dags/data_stream.py
[2025-03-08T02:54:57.253+0000] {processor.py:839} INFO - DAG(s) dict_keys(['stream_data']) retrieved from /opt/airflow/dags/data_stream.py
[2025-03-08T02:54:57.281+0000] {logging_mixin.py:151} INFO - [2025-03-08T02:54:57.280+0000] {dag.py:2907} INFO - Sync 1 DAGs
[2025-03-08T02:54:57.304+0000] {logging_mixin.py:151} INFO - [2025-03-08T02:54:57.304+0000] {dag.py:3677} INFO - Setting next_dagrun for stream_data to 2025-03-08T00:00:00+00:00, run_after=2025-03-09T00:00:00+00:00
[2025-03-08T02:54:57.321+0000] {processor.py:179} INFO - Processing /opt/airflow/dags/data_stream.py took 0.342 seconds
[2025-03-08T02:55:27.445+0000] {processor.py:157} INFO - Started process (PID=67) to work on /opt/airflow/dags/data_stream.py
[2025-03-08T02:55:27.448+0000] {processor.py:829} INFO - Processing file /opt/airflow/dags/data_stream.py for tasks to queue
[2025-03-08T02:55:27.454+0000] {logging_mixin.py:151} INFO - [2025-03-08T02:55:27.453+0000] {dagbag.py:539} INFO - Filling up the DagBag from /opt/airflow/dags/data_stream.py
[2025-03-08T02:55:27.566+0000] {processor.py:839} INFO - DAG(s) dict_keys(['stream_data']) retrieved from /opt/airflow/dags/data_stream.py
[2025-03-08T02:55:27.593+0000] {logging_mixin.py:151} INFO - [2025-03-08T02:55:27.593+0000] {dag.py:2907} INFO - Sync 1 DAGs
[2025-03-08T02:55:27.615+0000] {logging_mixin.py:151} INFO - [2025-03-08T02:55:27.615+0000] {dag.py:3677} INFO - Setting next_dagrun for stream_data to 2025-03-08T00:00:00+00:00, run_after=2025-03-09T00:00:00+00:00
[2025-03-08T02:55:27.632+0000] {processor.py:179} INFO - Processing /opt/airflow/dags/data_stream.py took 0.194 seconds
[2025-03-08T02:55:57.796+0000] {processor.py:157} INFO - Started process (PID=68) to work on /opt/airflow/dags/data_stream.py
[2025-03-08T02:55:57.797+0000] {processor.py:829} INFO - Processing file /opt/airflow/dags/data_stream.py for tasks to queue
[2025-03-08T02:55:57.800+0000] {logging_mixin.py:151} INFO - [2025-03-08T02:55:57.800+0000] {dagbag.py:539} INFO - Filling up the DagBag from /opt/airflow/dags/data_stream.py
[2025-03-08T02:55:57.898+0000] {processor.py:839} INFO - DAG(s) dict_keys(['stream_data']) retrieved from /opt/airflow/dags/data_stream.py
[2025-03-08T02:55:57.942+0000] {logging_mixin.py:151} INFO - [2025-03-08T02:55:57.941+0000] {dag.py:2907} INFO - Sync 1 DAGs
[2025-03-08T02:55:57.964+0000] {logging_mixin.py:151} INFO - [2025-03-08T02:55:57.964+0000] {dag.py:3677} INFO - Setting next_dagrun for stream_data to 2025-03-08T00:00:00+00:00, run_after=2025-03-09T00:00:00+00:00
[2025-03-08T02:55:57.994+0000] {processor.py:179} INFO - Processing /opt/airflow/dags/data_stream.py took 0.202 seconds
[2025-03-08T02:56:28.140+0000] {processor.py:157} INFO - Started process (PID=69) to work on /opt/airflow/dags/data_stream.py
[2025-03-08T02:56:28.141+0000] {processor.py:829} INFO - Processing file /opt/airflow/dags/data_stream.py for tasks to queue
[2025-03-08T02:56:28.144+0000] {logging_mixin.py:151} INFO - [2025-03-08T02:56:28.144+0000] {dagbag.py:539} INFO - Filling up the DagBag from /opt/airflow/dags/data_stream.py
[2025-03-08T02:56:28.247+0000] {processor.py:839} INFO - DAG(s) dict_keys(['stream_data']) retrieved from /opt/airflow/dags/data_stream.py
[2025-03-08T02:56:28.273+0000] {logging_mixin.py:151} INFO - [2025-03-08T02:56:28.273+0000] {dag.py:2907} INFO - Sync 1 DAGs
[2025-03-08T02:56:28.295+0000] {logging_mixin.py:151} INFO - [2025-03-08T02:56:28.295+0000] {dag.py:3677} INFO - Setting next_dagrun for stream_data to 2025-03-08T00:00:00+00:00, run_after=2025-03-09T00:00:00+00:00
[2025-03-08T02:56:28.312+0000] {processor.py:179} INFO - Processing /opt/airflow/dags/data_stream.py took 0.176 seconds
[2025-03-08T02:56:58.482+0000] {processor.py:157} INFO - Started process (PID=70) to work on /opt/airflow/dags/data_stream.py
[2025-03-08T02:56:58.484+0000] {processor.py:829} INFO - Processing file /opt/airflow/dags/data_stream.py for tasks to queue
[2025-03-08T02:56:58.489+0000] {logging_mixin.py:151} INFO - [2025-03-08T02:56:58.488+0000] {dagbag.py:539} INFO - Filling up the DagBag from /opt/airflow/dags/data_stream.py
[2025-03-08T02:56:58.587+0000] {processor.py:839} INFO - DAG(s) dict_keys(['stream_data']) retrieved from /opt/airflow/dags/data_stream.py
[2025-03-08T02:56:58.620+0000] {logging_mixin.py:151} INFO - [2025-03-08T02:56:58.620+0000] {dag.py:2907} INFO - Sync 1 DAGs
[2025-03-08T02:56:58.642+0000] {logging_mixin.py:151} INFO - [2025-03-08T02:56:58.642+0000] {dag.py:3677} INFO - Setting next_dagrun for stream_data to 2025-03-08T00:00:00+00:00, run_after=2025-03-09T00:00:00+00:00
[2025-03-08T02:56:58.659+0000] {processor.py:179} INFO - Processing /opt/airflow/dags/data_stream.py took 0.186 seconds
[2025-03-08T02:57:28.758+0000] {processor.py:157} INFO - Started process (PID=71) to work on /opt/airflow/dags/data_stream.py
[2025-03-08T02:57:28.760+0000] {processor.py:829} INFO - Processing file /opt/airflow/dags/data_stream.py for tasks to queue
[2025-03-08T02:57:28.763+0000] {logging_mixin.py:151} INFO - [2025-03-08T02:57:28.763+0000] {dagbag.py:539} INFO - Filling up the DagBag from /opt/airflow/dags/data_stream.py
[2025-03-08T02:57:28.863+0000] {processor.py:839} INFO - DAG(s) dict_keys(['stream_data']) retrieved from /opt/airflow/dags/data_stream.py
[2025-03-08T02:57:28.890+0000] {logging_mixin.py:151} INFO - [2025-03-08T02:57:28.890+0000] {dag.py:2907} INFO - Sync 1 DAGs
[2025-03-08T02:57:28.911+0000] {logging_mixin.py:151} INFO - [2025-03-08T02:57:28.911+0000] {dag.py:3677} INFO - Setting next_dagrun for stream_data to 2025-03-08T00:00:00+00:00, run_after=2025-03-09T00:00:00+00:00
[2025-03-08T02:57:28.927+0000] {processor.py:179} INFO - Processing /opt/airflow/dags/data_stream.py took 0.174 seconds
[2025-03-08T02:57:59.107+0000] {processor.py:157} INFO - Started process (PID=72) to work on /opt/airflow/dags/data_stream.py
[2025-03-08T02:57:59.109+0000] {processor.py:829} INFO - Processing file /opt/airflow/dags/data_stream.py for tasks to queue
[2025-03-08T02:57:59.112+0000] {logging_mixin.py:151} INFO - [2025-03-08T02:57:59.111+0000] {dagbag.py:539} INFO - Filling up the DagBag from /opt/airflow/dags/data_stream.py
[2025-03-08T02:57:59.269+0000] {processor.py:839} INFO - DAG(s) dict_keys(['stream_data']) retrieved from /opt/airflow/dags/data_stream.py
[2025-03-08T02:57:59.297+0000] {logging_mixin.py:151} INFO - [2025-03-08T02:57:59.297+0000] {dag.py:2907} INFO - Sync 1 DAGs
[2025-03-08T02:57:59.320+0000] {logging_mixin.py:151} INFO - [2025-03-08T02:57:59.319+0000] {dag.py:3677} INFO - Setting next_dagrun for stream_data to 2025-03-08T00:00:00+00:00, run_after=2025-03-09T00:00:00+00:00
[2025-03-08T02:57:59.337+0000] {processor.py:179} INFO - Processing /opt/airflow/dags/data_stream.py took 0.234 seconds
[2025-03-08T02:58:29.432+0000] {processor.py:157} INFO - Started process (PID=73) to work on /opt/airflow/dags/data_stream.py
[2025-03-08T02:58:29.435+0000] {processor.py:829} INFO - Processing file /opt/airflow/dags/data_stream.py for tasks to queue
[2025-03-08T02:58:29.444+0000] {logging_mixin.py:151} INFO - [2025-03-08T02:58:29.442+0000] {dagbag.py:539} INFO - Filling up the DagBag from /opt/airflow/dags/data_stream.py
[2025-03-08T02:58:29.554+0000] {processor.py:839} INFO - DAG(s) dict_keys(['stream_data']) retrieved from /opt/airflow/dags/data_stream.py
[2025-03-08T02:58:29.582+0000] {logging_mixin.py:151} INFO - [2025-03-08T02:58:29.582+0000] {dag.py:2907} INFO - Sync 1 DAGs
[2025-03-08T02:58:29.605+0000] {logging_mixin.py:151} INFO - [2025-03-08T02:58:29.604+0000] {dag.py:3677} INFO - Setting next_dagrun for stream_data to 2025-03-08T00:00:00+00:00, run_after=2025-03-09T00:00:00+00:00
[2025-03-08T02:58:29.621+0000] {processor.py:179} INFO - Processing /opt/airflow/dags/data_stream.py took 0.205 seconds
[2025-03-08T02:58:59.861+0000] {processor.py:157} INFO - Started process (PID=74) to work on /opt/airflow/dags/data_stream.py
[2025-03-08T02:58:59.863+0000] {processor.py:829} INFO - Processing file /opt/airflow/dags/data_stream.py for tasks to queue
[2025-03-08T02:58:59.868+0000] {logging_mixin.py:151} INFO - [2025-03-08T02:58:59.868+0000] {dagbag.py:539} INFO - Filling up the DagBag from /opt/airflow/dags/data_stream.py
[2025-03-08T02:58:59.971+0000] {processor.py:839} INFO - DAG(s) dict_keys(['stream_data']) retrieved from /opt/airflow/dags/data_stream.py
[2025-03-08T02:58:59.998+0000] {logging_mixin.py:151} INFO - [2025-03-08T02:58:59.998+0000] {dag.py:2907} INFO - Sync 1 DAGs
[2025-03-08T02:59:00.020+0000] {logging_mixin.py:151} INFO - [2025-03-08T02:59:00.019+0000] {dag.py:3677} INFO - Setting next_dagrun for stream_data to 2025-03-08T00:00:00+00:00, run_after=2025-03-09T00:00:00+00:00
[2025-03-08T02:59:00.036+0000] {processor.py:179} INFO - Processing /opt/airflow/dags/data_stream.py took 0.181 seconds
[2025-03-08T02:59:30.128+0000] {processor.py:157} INFO - Started process (PID=75) to work on /opt/airflow/dags/data_stream.py
[2025-03-08T02:59:30.130+0000] {processor.py:829} INFO - Processing file /opt/airflow/dags/data_stream.py for tasks to queue
[2025-03-08T02:59:30.133+0000] {logging_mixin.py:151} INFO - [2025-03-08T02:59:30.133+0000] {dagbag.py:539} INFO - Filling up the DagBag from /opt/airflow/dags/data_stream.py
[2025-03-08T02:59:30.248+0000] {processor.py:839} INFO - DAG(s) dict_keys(['stream_data']) retrieved from /opt/airflow/dags/data_stream.py
[2025-03-08T02:59:30.274+0000] {logging_mixin.py:151} INFO - [2025-03-08T02:59:30.274+0000] {dag.py:2907} INFO - Sync 1 DAGs
[2025-03-08T02:59:30.294+0000] {logging_mixin.py:151} INFO - [2025-03-08T02:59:30.294+0000] {dag.py:3677} INFO - Setting next_dagrun for stream_data to 2025-03-08T00:00:00+00:00, run_after=2025-03-09T00:00:00+00:00
[2025-03-08T02:59:30.310+0000] {processor.py:179} INFO - Processing /opt/airflow/dags/data_stream.py took 0.185 seconds
[2025-03-08T03:00:00.536+0000] {processor.py:157} INFO - Started process (PID=76) to work on /opt/airflow/dags/data_stream.py
[2025-03-08T03:00:00.539+0000] {processor.py:829} INFO - Processing file /opt/airflow/dags/data_stream.py for tasks to queue
[2025-03-08T03:00:00.544+0000] {logging_mixin.py:151} INFO - [2025-03-08T03:00:00.544+0000] {dagbag.py:539} INFO - Filling up the DagBag from /opt/airflow/dags/data_stream.py
[2025-03-08T03:00:00.662+0000] {processor.py:839} INFO - DAG(s) dict_keys(['stream_data']) retrieved from /opt/airflow/dags/data_stream.py
[2025-03-08T03:00:00.697+0000] {logging_mixin.py:151} INFO - [2025-03-08T03:00:00.697+0000] {dag.py:2907} INFO - Sync 1 DAGs
[2025-03-08T03:00:00.730+0000] {logging_mixin.py:151} INFO - [2025-03-08T03:00:00.730+0000] {dag.py:3677} INFO - Setting next_dagrun for stream_data to 2025-03-08T00:00:00+00:00, run_after=2025-03-09T00:00:00+00:00
[2025-03-08T03:00:00.752+0000] {processor.py:179} INFO - Processing /opt/airflow/dags/data_stream.py took 0.226 seconds
[2025-03-08T03:00:30.800+0000] {processor.py:157} INFO - Started process (PID=77) to work on /opt/airflow/dags/data_stream.py
[2025-03-08T03:00:30.802+0000] {processor.py:829} INFO - Processing file /opt/airflow/dags/data_stream.py for tasks to queue
[2025-03-08T03:00:30.807+0000] {logging_mixin.py:151} INFO - [2025-03-08T03:00:30.806+0000] {dagbag.py:539} INFO - Filling up the DagBag from /opt/airflow/dags/data_stream.py
[2025-03-08T03:00:30.920+0000] {processor.py:839} INFO - DAG(s) dict_keys(['stream_data']) retrieved from /opt/airflow/dags/data_stream.py
[2025-03-08T03:00:30.947+0000] {logging_mixin.py:151} INFO - [2025-03-08T03:00:30.947+0000] {dag.py:2907} INFO - Sync 1 DAGs
[2025-03-08T03:00:30.970+0000] {logging_mixin.py:151} INFO - [2025-03-08T03:00:30.970+0000] {dag.py:3677} INFO - Setting next_dagrun for stream_data to 2025-03-08T00:00:00+00:00, run_after=2025-03-09T00:00:00+00:00
[2025-03-08T03:00:30.988+0000] {processor.py:179} INFO - Processing /opt/airflow/dags/data_stream.py took 0.193 seconds
[2025-03-08T03:01:01.281+0000] {processor.py:157} INFO - Started process (PID=78) to work on /opt/airflow/dags/data_stream.py
[2025-03-08T03:01:01.283+0000] {processor.py:829} INFO - Processing file /opt/airflow/dags/data_stream.py for tasks to queue
[2025-03-08T03:01:01.295+0000] {logging_mixin.py:151} INFO - [2025-03-08T03:01:01.294+0000] {dagbag.py:539} INFO - Filling up the DagBag from /opt/airflow/dags/data_stream.py
[2025-03-08T03:01:01.443+0000] {processor.py:839} INFO - DAG(s) dict_keys(['stream_data']) retrieved from /opt/airflow/dags/data_stream.py
[2025-03-08T03:01:01.477+0000] {logging_mixin.py:151} INFO - [2025-03-08T03:01:01.477+0000] {dag.py:2907} INFO - Sync 1 DAGs
[2025-03-08T03:01:01.508+0000] {logging_mixin.py:151} INFO - [2025-03-08T03:01:01.508+0000] {dag.py:3677} INFO - Setting next_dagrun for stream_data to 2025-03-08T00:00:00+00:00, run_after=2025-03-09T00:00:00+00:00
[2025-03-08T03:01:01.528+0000] {processor.py:179} INFO - Processing /opt/airflow/dags/data_stream.py took 0.253 seconds
[2025-03-08T03:01:31.728+0000] {processor.py:157} INFO - Started process (PID=79) to work on /opt/airflow/dags/data_stream.py
[2025-03-08T03:01:31.732+0000] {processor.py:829} INFO - Processing file /opt/airflow/dags/data_stream.py for tasks to queue
[2025-03-08T03:01:31.737+0000] {logging_mixin.py:151} INFO - [2025-03-08T03:01:31.736+0000] {dagbag.py:539} INFO - Filling up the DagBag from /opt/airflow/dags/data_stream.py
[2025-03-08T03:01:31.944+0000] {processor.py:839} INFO - DAG(s) dict_keys(['stream_data']) retrieved from /opt/airflow/dags/data_stream.py
[2025-03-08T03:01:32.009+0000] {logging_mixin.py:151} INFO - [2025-03-08T03:01:32.009+0000] {dag.py:2907} INFO - Sync 1 DAGs
[2025-03-08T03:01:32.055+0000] {logging_mixin.py:151} INFO - [2025-03-08T03:01:32.054+0000] {dag.py:3677} INFO - Setting next_dagrun for stream_data to 2025-03-08T00:00:00+00:00, run_after=2025-03-09T00:00:00+00:00
[2025-03-08T03:01:32.088+0000] {processor.py:179} INFO - Processing /opt/airflow/dags/data_stream.py took 0.368 seconds
[2025-03-08T08:41:02.033+0000] {processor.py:157} INFO - Started process (PID=32) to work on /opt/airflow/dags/data_stream.py
[2025-03-08T08:41:02.034+0000] {processor.py:829} INFO - Processing file /opt/airflow/dags/data_stream.py for tasks to queue
[2025-03-08T08:41:02.038+0000] {logging_mixin.py:151} INFO - [2025-03-08T08:41:02.038+0000] {dagbag.py:539} INFO - Filling up the DagBag from /opt/airflow/dags/data_stream.py
[2025-03-08T08:41:02.383+0000] {processor.py:839} INFO - DAG(s) dict_keys(['stream_data']) retrieved from /opt/airflow/dags/data_stream.py
[2025-03-08T08:41:02.426+0000] {logging_mixin.py:151} INFO - [2025-03-08T08:41:02.425+0000] {dag.py:2907} INFO - Sync 1 DAGs
[2025-03-08T08:41:02.463+0000] {logging_mixin.py:151} INFO - [2025-03-08T08:41:02.463+0000] {dag.py:3677} INFO - Setting next_dagrun for stream_data to 2025-03-08T00:00:00+00:00, run_after=2025-03-09T00:00:00+00:00
[2025-03-08T08:41:02.492+0000] {processor.py:179} INFO - Processing /opt/airflow/dags/data_stream.py took 0.464 seconds
[2025-03-08T08:41:32.770+0000] {processor.py:157} INFO - Started process (PID=33) to work on /opt/airflow/dags/data_stream.py
[2025-03-08T08:41:32.773+0000] {processor.py:829} INFO - Processing file /opt/airflow/dags/data_stream.py for tasks to queue
[2025-03-08T08:41:32.779+0000] {logging_mixin.py:151} INFO - [2025-03-08T08:41:32.778+0000] {dagbag.py:539} INFO - Filling up the DagBag from /opt/airflow/dags/data_stream.py
[2025-03-08T08:41:33.043+0000] {processor.py:839} INFO - DAG(s) dict_keys(['stream_data']) retrieved from /opt/airflow/dags/data_stream.py
[2025-03-08T08:41:33.075+0000] {logging_mixin.py:151} INFO - [2025-03-08T08:41:33.075+0000] {dag.py:2907} INFO - Sync 1 DAGs
[2025-03-08T08:41:33.097+0000] {logging_mixin.py:151} INFO - [2025-03-08T08:41:33.097+0000] {dag.py:3677} INFO - Setting next_dagrun for stream_data to 2025-03-08T00:00:00+00:00, run_after=2025-03-09T00:00:00+00:00
[2025-03-08T08:41:33.115+0000] {processor.py:179} INFO - Processing /opt/airflow/dags/data_stream.py took 0.364 seconds
[2025-03-08T08:42:03.428+0000] {processor.py:157} INFO - Started process (PID=34) to work on /opt/airflow/dags/data_stream.py
[2025-03-08T08:42:03.431+0000] {processor.py:829} INFO - Processing file /opt/airflow/dags/data_stream.py for tasks to queue
[2025-03-08T08:42:03.441+0000] {logging_mixin.py:151} INFO - [2025-03-08T08:42:03.441+0000] {dagbag.py:539} INFO - Filling up the DagBag from /opt/airflow/dags/data_stream.py
[2025-03-08T08:42:03.694+0000] {processor.py:839} INFO - DAG(s) dict_keys(['stream_data']) retrieved from /opt/airflow/dags/data_stream.py
[2025-03-08T08:42:03.722+0000] {logging_mixin.py:151} INFO - [2025-03-08T08:42:03.722+0000] {dag.py:2907} INFO - Sync 1 DAGs
[2025-03-08T08:42:03.745+0000] {logging_mixin.py:151} INFO - [2025-03-08T08:42:03.744+0000] {dag.py:3677} INFO - Setting next_dagrun for stream_data to 2025-03-08T00:00:00+00:00, run_after=2025-03-09T00:00:00+00:00
[2025-03-08T08:42:03.763+0000] {processor.py:179} INFO - Processing /opt/airflow/dags/data_stream.py took 0.352 seconds
[2025-03-08T08:42:34.023+0000] {processor.py:157} INFO - Started process (PID=35) to work on /opt/airflow/dags/data_stream.py
[2025-03-08T08:42:34.025+0000] {processor.py:829} INFO - Processing file /opt/airflow/dags/data_stream.py for tasks to queue
[2025-03-08T08:42:34.033+0000] {logging_mixin.py:151} INFO - [2025-03-08T08:42:34.032+0000] {dagbag.py:539} INFO - Filling up the DagBag from /opt/airflow/dags/data_stream.py
[2025-03-08T08:42:34.446+0000] {processor.py:839} INFO - DAG(s) dict_keys(['stream_data']) retrieved from /opt/airflow/dags/data_stream.py
[2025-03-08T08:42:34.480+0000] {logging_mixin.py:151} INFO - [2025-03-08T08:42:34.480+0000] {dag.py:2907} INFO - Sync 1 DAGs
[2025-03-08T08:42:34.520+0000] {logging_mixin.py:151} INFO - [2025-03-08T08:42:34.519+0000] {dag.py:3677} INFO - Setting next_dagrun for stream_data to 2025-03-08T00:00:00+00:00, run_after=2025-03-09T00:00:00+00:00
[2025-03-08T08:42:34.555+0000] {processor.py:179} INFO - Processing /opt/airflow/dags/data_stream.py took 0.542 seconds
[2025-03-08T08:43:04.790+0000] {processor.py:157} INFO - Started process (PID=36) to work on /opt/airflow/dags/data_stream.py
[2025-03-08T08:43:04.792+0000] {processor.py:829} INFO - Processing file /opt/airflow/dags/data_stream.py for tasks to queue
[2025-03-08T08:43:04.796+0000] {logging_mixin.py:151} INFO - [2025-03-08T08:43:04.795+0000] {dagbag.py:539} INFO - Filling up the DagBag from /opt/airflow/dags/data_stream.py
[2025-03-08T08:43:05.111+0000] {processor.py:839} INFO - DAG(s) dict_keys(['stream_data']) retrieved from /opt/airflow/dags/data_stream.py
[2025-03-08T08:43:05.151+0000] {logging_mixin.py:151} INFO - [2025-03-08T08:43:05.151+0000] {dag.py:2907} INFO - Sync 1 DAGs
[2025-03-08T08:43:05.177+0000] {logging_mixin.py:151} INFO - [2025-03-08T08:43:05.177+0000] {dag.py:3677} INFO - Setting next_dagrun for stream_data to 2025-03-08T00:00:00+00:00, run_after=2025-03-09T00:00:00+00:00
[2025-03-08T08:43:05.195+0000] {processor.py:179} INFO - Processing /opt/airflow/dags/data_stream.py took 0.411 seconds
[2025-03-08T08:43:35.438+0000] {processor.py:157} INFO - Started process (PID=37) to work on /opt/airflow/dags/data_stream.py
[2025-03-08T08:43:35.441+0000] {processor.py:829} INFO - Processing file /opt/airflow/dags/data_stream.py for tasks to queue
[2025-03-08T08:43:35.448+0000] {logging_mixin.py:151} INFO - [2025-03-08T08:43:35.448+0000] {dagbag.py:539} INFO - Filling up the DagBag from /opt/airflow/dags/data_stream.py
[2025-03-08T08:43:35.963+0000] {processor.py:839} INFO - DAG(s) dict_keys(['stream_data']) retrieved from /opt/airflow/dags/data_stream.py
[2025-03-08T08:43:35.992+0000] {logging_mixin.py:151} INFO - [2025-03-08T08:43:35.992+0000] {dag.py:2907} INFO - Sync 1 DAGs
[2025-03-08T08:43:36.016+0000] {logging_mixin.py:151} INFO - [2025-03-08T08:43:36.015+0000] {dag.py:3677} INFO - Setting next_dagrun for stream_data to 2025-03-08T00:00:00+00:00, run_after=2025-03-09T00:00:00+00:00
[2025-03-08T08:43:36.033+0000] {processor.py:179} INFO - Processing /opt/airflow/dags/data_stream.py took 0.614 seconds
[2025-03-08T08:44:06.222+0000] {processor.py:157} INFO - Started process (PID=38) to work on /opt/airflow/dags/data_stream.py
[2025-03-08T08:44:06.223+0000] {processor.py:829} INFO - Processing file /opt/airflow/dags/data_stream.py for tasks to queue
[2025-03-08T08:44:06.226+0000] {logging_mixin.py:151} INFO - [2025-03-08T08:44:06.226+0000] {dagbag.py:539} INFO - Filling up the DagBag from /opt/airflow/dags/data_stream.py
[2025-03-08T08:44:06.525+0000] {processor.py:839} INFO - DAG(s) dict_keys(['stream_data']) retrieved from /opt/airflow/dags/data_stream.py
[2025-03-08T08:44:06.566+0000] {logging_mixin.py:151} INFO - [2025-03-08T08:44:06.565+0000] {dag.py:2907} INFO - Sync 1 DAGs
[2025-03-08T08:44:06.601+0000] {logging_mixin.py:151} INFO - [2025-03-08T08:44:06.601+0000] {dag.py:3677} INFO - Setting next_dagrun for stream_data to 2025-03-08T00:00:00+00:00, run_after=2025-03-09T00:00:00+00:00
[2025-03-08T08:44:06.619+0000] {processor.py:179} INFO - Processing /opt/airflow/dags/data_stream.py took 0.401 seconds
[2025-03-08T08:44:36.859+0000] {processor.py:157} INFO - Started process (PID=39) to work on /opt/airflow/dags/data_stream.py
[2025-03-08T08:44:36.861+0000] {processor.py:829} INFO - Processing file /opt/airflow/dags/data_stream.py for tasks to queue
[2025-03-08T08:44:36.865+0000] {logging_mixin.py:151} INFO - [2025-03-08T08:44:36.865+0000] {dagbag.py:539} INFO - Filling up the DagBag from /opt/airflow/dags/data_stream.py
[2025-03-08T08:44:37.103+0000] {processor.py:839} INFO - DAG(s) dict_keys(['stream_data']) retrieved from /opt/airflow/dags/data_stream.py
[2025-03-08T08:44:37.126+0000] {logging_mixin.py:151} INFO - [2025-03-08T08:44:37.125+0000] {dag.py:2907} INFO - Sync 1 DAGs
[2025-03-08T08:44:37.145+0000] {logging_mixin.py:151} INFO - [2025-03-08T08:44:37.144+0000] {dag.py:3677} INFO - Setting next_dagrun for stream_data to 2025-03-08T00:00:00+00:00, run_after=2025-03-09T00:00:00+00:00
[2025-03-08T08:44:37.158+0000] {processor.py:179} INFO - Processing /opt/airflow/dags/data_stream.py took 0.306 seconds
[2025-03-08T08:45:07.342+0000] {processor.py:157} INFO - Started process (PID=40) to work on /opt/airflow/dags/data_stream.py
[2025-03-08T08:45:07.346+0000] {processor.py:829} INFO - Processing file /opt/airflow/dags/data_stream.py for tasks to queue
[2025-03-08T08:45:07.479+0000] {logging_mixin.py:151} INFO - [2025-03-08T08:45:07.478+0000] {dagbag.py:539} INFO - Filling up the DagBag from /opt/airflow/dags/data_stream.py
[2025-03-08T08:45:07.806+0000] {processor.py:839} INFO - DAG(s) dict_keys(['stream_data']) retrieved from /opt/airflow/dags/data_stream.py
[2025-03-08T08:45:07.857+0000] {logging_mixin.py:151} INFO - [2025-03-08T08:45:07.857+0000] {dag.py:2907} INFO - Sync 1 DAGs
[2025-03-08T08:45:07.891+0000] {logging_mixin.py:151} INFO - [2025-03-08T08:45:07.890+0000] {dag.py:3677} INFO - Setting next_dagrun for stream_data to 2025-03-08T00:00:00+00:00, run_after=2025-03-09T00:00:00+00:00
[2025-03-08T08:45:07.915+0000] {processor.py:179} INFO - Processing /opt/airflow/dags/data_stream.py took 0.579 seconds
[2025-03-08T08:45:38.215+0000] {processor.py:157} INFO - Started process (PID=41) to work on /opt/airflow/dags/data_stream.py
[2025-03-08T08:45:38.218+0000] {processor.py:829} INFO - Processing file /opt/airflow/dags/data_stream.py for tasks to queue
[2025-03-08T08:45:38.223+0000] {logging_mixin.py:151} INFO - [2025-03-08T08:45:38.223+0000] {dagbag.py:539} INFO - Filling up the DagBag from /opt/airflow/dags/data_stream.py
[2025-03-08T08:45:38.428+0000] {processor.py:839} INFO - DAG(s) dict_keys(['stream_data']) retrieved from /opt/airflow/dags/data_stream.py
[2025-03-08T08:45:38.504+0000] {logging_mixin.py:151} INFO - [2025-03-08T08:45:38.504+0000] {dag.py:2907} INFO - Sync 1 DAGs
[2025-03-08T08:45:38.540+0000] {logging_mixin.py:151} INFO - [2025-03-08T08:45:38.540+0000] {dag.py:3677} INFO - Setting next_dagrun for stream_data to 2025-03-08T00:00:00+00:00, run_after=2025-03-09T00:00:00+00:00
[2025-03-08T08:45:38.559+0000] {processor.py:179} INFO - Processing /opt/airflow/dags/data_stream.py took 0.348 seconds
[2025-03-08T08:46:08.785+0000] {processor.py:157} INFO - Started process (PID=42) to work on /opt/airflow/dags/data_stream.py
[2025-03-08T08:46:08.786+0000] {processor.py:829} INFO - Processing file /opt/airflow/dags/data_stream.py for tasks to queue
[2025-03-08T08:46:08.791+0000] {logging_mixin.py:151} INFO - [2025-03-08T08:46:08.790+0000] {dagbag.py:539} INFO - Filling up the DagBag from /opt/airflow/dags/data_stream.py
[2025-03-08T08:46:08.922+0000] {processor.py:839} INFO - DAG(s) dict_keys(['stream_data']) retrieved from /opt/airflow/dags/data_stream.py
[2025-03-08T08:46:08.949+0000] {logging_mixin.py:151} INFO - [2025-03-08T08:46:08.949+0000] {dag.py:2907} INFO - Sync 1 DAGs
[2025-03-08T08:46:08.970+0000] {logging_mixin.py:151} INFO - [2025-03-08T08:46:08.970+0000] {dag.py:3677} INFO - Setting next_dagrun for stream_data to 2025-03-08T00:00:00+00:00, run_after=2025-03-09T00:00:00+00:00
[2025-03-08T08:46:08.986+0000] {processor.py:179} INFO - Processing /opt/airflow/dags/data_stream.py took 0.206 seconds
[2025-03-08T08:46:39.050+0000] {processor.py:157} INFO - Started process (PID=43) to work on /opt/airflow/dags/data_stream.py
[2025-03-08T08:46:39.051+0000] {processor.py:829} INFO - Processing file /opt/airflow/dags/data_stream.py for tasks to queue
[2025-03-08T08:46:39.055+0000] {logging_mixin.py:151} INFO - [2025-03-08T08:46:39.054+0000] {dagbag.py:539} INFO - Filling up the DagBag from /opt/airflow/dags/data_stream.py
[2025-03-08T08:46:39.154+0000] {processor.py:839} INFO - DAG(s) dict_keys(['stream_data']) retrieved from /opt/airflow/dags/data_stream.py
[2025-03-08T08:46:39.184+0000] {logging_mixin.py:151} INFO - [2025-03-08T08:46:39.183+0000] {dag.py:2907} INFO - Sync 1 DAGs
[2025-03-08T08:46:39.212+0000] {logging_mixin.py:151} INFO - [2025-03-08T08:46:39.212+0000] {dag.py:3677} INFO - Setting next_dagrun for stream_data to 2025-03-08T00:00:00+00:00, run_after=2025-03-09T00:00:00+00:00
[2025-03-08T08:46:39.231+0000] {processor.py:179} INFO - Processing /opt/airflow/dags/data_stream.py took 0.185 seconds
[2025-03-08T08:47:09.474+0000] {processor.py:157} INFO - Started process (PID=44) to work on /opt/airflow/dags/data_stream.py
[2025-03-08T08:47:09.478+0000] {processor.py:829} INFO - Processing file /opt/airflow/dags/data_stream.py for tasks to queue
[2025-03-08T08:47:09.486+0000] {logging_mixin.py:151} INFO - [2025-03-08T08:47:09.485+0000] {dagbag.py:539} INFO - Filling up the DagBag from /opt/airflow/dags/data_stream.py
[2025-03-08T08:47:09.620+0000] {processor.py:839} INFO - DAG(s) dict_keys(['stream_data']) retrieved from /opt/airflow/dags/data_stream.py
[2025-03-08T08:47:09.646+0000] {logging_mixin.py:151} INFO - [2025-03-08T08:47:09.646+0000] {dag.py:2907} INFO - Sync 1 DAGs
[2025-03-08T08:47:09.667+0000] {logging_mixin.py:151} INFO - [2025-03-08T08:47:09.667+0000] {dag.py:3677} INFO - Setting next_dagrun for stream_data to 2025-03-08T00:00:00+00:00, run_after=2025-03-09T00:00:00+00:00
[2025-03-08T08:47:09.683+0000] {processor.py:179} INFO - Processing /opt/airflow/dags/data_stream.py took 0.219 seconds
[2025-03-08T08:47:39.877+0000] {processor.py:157} INFO - Started process (PID=45) to work on /opt/airflow/dags/data_stream.py
[2025-03-08T08:47:39.878+0000] {processor.py:829} INFO - Processing file /opt/airflow/dags/data_stream.py for tasks to queue
[2025-03-08T08:47:39.881+0000] {logging_mixin.py:151} INFO - [2025-03-08T08:47:39.881+0000] {dagbag.py:539} INFO - Filling up the DagBag from /opt/airflow/dags/data_stream.py
[2025-03-08T08:47:40.000+0000] {processor.py:839} INFO - DAG(s) dict_keys(['stream_data']) retrieved from /opt/airflow/dags/data_stream.py
[2025-03-08T08:47:40.030+0000] {logging_mixin.py:151} INFO - [2025-03-08T08:47:40.030+0000] {dag.py:2907} INFO - Sync 1 DAGs
[2025-03-08T08:47:40.057+0000] {logging_mixin.py:151} INFO - [2025-03-08T08:47:40.057+0000] {dag.py:3677} INFO - Setting next_dagrun for stream_data to 2025-03-08T00:00:00+00:00, run_after=2025-03-09T00:00:00+00:00
[2025-03-08T08:47:40.080+0000] {processor.py:179} INFO - Processing /opt/airflow/dags/data_stream.py took 0.208 seconds
[2025-03-08T08:48:10.318+0000] {processor.py:157} INFO - Started process (PID=46) to work on /opt/airflow/dags/data_stream.py
[2025-03-08T08:48:10.322+0000] {processor.py:829} INFO - Processing file /opt/airflow/dags/data_stream.py for tasks to queue
[2025-03-08T08:48:10.327+0000] {logging_mixin.py:151} INFO - [2025-03-08T08:48:10.326+0000] {dagbag.py:539} INFO - Filling up the DagBag from /opt/airflow/dags/data_stream.py
[2025-03-08T08:48:10.453+0000] {processor.py:839} INFO - DAG(s) dict_keys(['stream_data']) retrieved from /opt/airflow/dags/data_stream.py
[2025-03-08T08:48:10.487+0000] {logging_mixin.py:151} INFO - [2025-03-08T08:48:10.486+0000] {dag.py:2907} INFO - Sync 1 DAGs
[2025-03-08T08:48:10.512+0000] {logging_mixin.py:151} INFO - [2025-03-08T08:48:10.511+0000] {dag.py:3677} INFO - Setting next_dagrun for stream_data to 2025-03-08T00:00:00+00:00, run_after=2025-03-09T00:00:00+00:00
[2025-03-08T08:48:10.530+0000] {processor.py:179} INFO - Processing /opt/airflow/dags/data_stream.py took 0.226 seconds
[2025-03-08T08:48:40.717+0000] {processor.py:157} INFO - Started process (PID=47) to work on /opt/airflow/dags/data_stream.py
[2025-03-08T08:48:40.722+0000] {processor.py:829} INFO - Processing file /opt/airflow/dags/data_stream.py for tasks to queue
[2025-03-08T08:48:40.727+0000] {logging_mixin.py:151} INFO - [2025-03-08T08:48:40.727+0000] {dagbag.py:539} INFO - Filling up the DagBag from /opt/airflow/dags/data_stream.py
[2025-03-08T08:48:40.962+0000] {processor.py:839} INFO - DAG(s) dict_keys(['stream_data']) retrieved from /opt/airflow/dags/data_stream.py
[2025-03-08T08:48:40.999+0000] {logging_mixin.py:151} INFO - [2025-03-08T08:48:40.999+0000] {dag.py:2907} INFO - Sync 1 DAGs
[2025-03-08T08:48:41.037+0000] {logging_mixin.py:151} INFO - [2025-03-08T08:48:41.037+0000] {dag.py:3677} INFO - Setting next_dagrun for stream_data to 2025-03-08T00:00:00+00:00, run_after=2025-03-09T00:00:00+00:00
[2025-03-08T08:48:41.059+0000] {processor.py:179} INFO - Processing /opt/airflow/dags/data_stream.py took 0.351 seconds
[2025-03-08T08:49:11.258+0000] {processor.py:157} INFO - Started process (PID=48) to work on /opt/airflow/dags/data_stream.py
[2025-03-08T08:49:11.262+0000] {processor.py:829} INFO - Processing file /opt/airflow/dags/data_stream.py for tasks to queue
[2025-03-08T08:49:11.269+0000] {logging_mixin.py:151} INFO - [2025-03-08T08:49:11.268+0000] {dagbag.py:539} INFO - Filling up the DagBag from /opt/airflow/dags/data_stream.py
[2025-03-08T08:49:11.405+0000] {processor.py:839} INFO - DAG(s) dict_keys(['stream_data']) retrieved from /opt/airflow/dags/data_stream.py
[2025-03-08T08:49:11.436+0000] {logging_mixin.py:151} INFO - [2025-03-08T08:49:11.436+0000] {dag.py:2907} INFO - Sync 1 DAGs
[2025-03-08T08:49:11.457+0000] {logging_mixin.py:151} INFO - [2025-03-08T08:49:11.457+0000] {dag.py:3677} INFO - Setting next_dagrun for stream_data to 2025-03-08T00:00:00+00:00, run_after=2025-03-09T00:00:00+00:00
[2025-03-08T08:49:11.473+0000] {processor.py:179} INFO - Processing /opt/airflow/dags/data_stream.py took 0.226 seconds
[2025-03-08T08:49:41.661+0000] {processor.py:157} INFO - Started process (PID=49) to work on /opt/airflow/dags/data_stream.py
[2025-03-08T08:49:41.663+0000] {processor.py:829} INFO - Processing file /opt/airflow/dags/data_stream.py for tasks to queue
[2025-03-08T08:49:41.666+0000] {logging_mixin.py:151} INFO - [2025-03-08T08:49:41.665+0000] {dagbag.py:539} INFO - Filling up the DagBag from /opt/airflow/dags/data_stream.py
[2025-03-08T08:49:41.777+0000] {processor.py:839} INFO - DAG(s) dict_keys(['stream_data']) retrieved from /opt/airflow/dags/data_stream.py
[2025-03-08T08:49:41.809+0000] {logging_mixin.py:151} INFO - [2025-03-08T08:49:41.809+0000] {dag.py:2907} INFO - Sync 1 DAGs
[2025-03-08T08:49:41.837+0000] {logging_mixin.py:151} INFO - [2025-03-08T08:49:41.837+0000] {dag.py:3677} INFO - Setting next_dagrun for stream_data to 2025-03-08T00:00:00+00:00, run_after=2025-03-09T00:00:00+00:00
[2025-03-08T08:49:41.858+0000] {processor.py:179} INFO - Processing /opt/airflow/dags/data_stream.py took 0.202 seconds
[2025-03-08T08:50:11.920+0000] {processor.py:157} INFO - Started process (PID=50) to work on /opt/airflow/dags/data_stream.py
[2025-03-08T08:50:11.923+0000] {processor.py:829} INFO - Processing file /opt/airflow/dags/data_stream.py for tasks to queue
[2025-03-08T08:50:11.929+0000] {logging_mixin.py:151} INFO - [2025-03-08T08:50:11.929+0000] {dagbag.py:539} INFO - Filling up the DagBag from /opt/airflow/dags/data_stream.py
[2025-03-08T08:50:12.058+0000] {processor.py:839} INFO - DAG(s) dict_keys(['stream_data']) retrieved from /opt/airflow/dags/data_stream.py
[2025-03-08T08:50:12.095+0000] {logging_mixin.py:151} INFO - [2025-03-08T08:50:12.094+0000] {dag.py:2907} INFO - Sync 1 DAGs
[2025-03-08T08:50:12.131+0000] {logging_mixin.py:151} INFO - [2025-03-08T08:50:12.131+0000] {dag.py:3677} INFO - Setting next_dagrun for stream_data to 2025-03-08T00:00:00+00:00, run_after=2025-03-09T00:00:00+00:00
[2025-03-08T08:50:12.156+0000] {processor.py:179} INFO - Processing /opt/airflow/dags/data_stream.py took 0.251 seconds
[2025-03-08T08:50:42.297+0000] {processor.py:157} INFO - Started process (PID=51) to work on /opt/airflow/dags/data_stream.py
[2025-03-08T08:50:42.298+0000] {processor.py:829} INFO - Processing file /opt/airflow/dags/data_stream.py for tasks to queue
[2025-03-08T08:50:42.302+0000] {logging_mixin.py:151} INFO - [2025-03-08T08:50:42.301+0000] {dagbag.py:539} INFO - Filling up the DagBag from /opt/airflow/dags/data_stream.py
[2025-03-08T08:50:42.421+0000] {processor.py:839} INFO - DAG(s) dict_keys(['stream_data']) retrieved from /opt/airflow/dags/data_stream.py
[2025-03-08T08:50:42.448+0000] {logging_mixin.py:151} INFO - [2025-03-08T08:50:42.448+0000] {dag.py:2907} INFO - Sync 1 DAGs
[2025-03-08T08:50:42.469+0000] {logging_mixin.py:151} INFO - [2025-03-08T08:50:42.469+0000] {dag.py:3677} INFO - Setting next_dagrun for stream_data to 2025-03-08T00:00:00+00:00, run_after=2025-03-09T00:00:00+00:00
[2025-03-08T08:50:42.486+0000] {processor.py:179} INFO - Processing /opt/airflow/dags/data_stream.py took 0.193 seconds
[2025-03-08T08:51:12.649+0000] {processor.py:157} INFO - Started process (PID=52) to work on /opt/airflow/dags/data_stream.py
[2025-03-08T08:51:12.652+0000] {processor.py:829} INFO - Processing file /opt/airflow/dags/data_stream.py for tasks to queue
[2025-03-08T08:51:12.657+0000] {logging_mixin.py:151} INFO - [2025-03-08T08:51:12.656+0000] {dagbag.py:539} INFO - Filling up the DagBag from /opt/airflow/dags/data_stream.py
[2025-03-08T08:51:12.782+0000] {processor.py:839} INFO - DAG(s) dict_keys(['stream_data']) retrieved from /opt/airflow/dags/data_stream.py
[2025-03-08T08:51:12.810+0000] {logging_mixin.py:151} INFO - [2025-03-08T08:51:12.810+0000] {dag.py:2907} INFO - Sync 1 DAGs
[2025-03-08T08:51:12.837+0000] {logging_mixin.py:151} INFO - [2025-03-08T08:51:12.837+0000] {dag.py:3677} INFO - Setting next_dagrun for stream_data to 2025-03-08T00:00:00+00:00, run_after=2025-03-09T00:00:00+00:00
[2025-03-08T08:51:12.855+0000] {processor.py:179} INFO - Processing /opt/airflow/dags/data_stream.py took 0.214 seconds
[2025-03-08T08:51:42.969+0000] {processor.py:157} INFO - Started process (PID=53) to work on /opt/airflow/dags/data_stream.py
[2025-03-08T08:51:42.971+0000] {processor.py:829} INFO - Processing file /opt/airflow/dags/data_stream.py for tasks to queue
[2025-03-08T08:51:42.975+0000] {logging_mixin.py:151} INFO - [2025-03-08T08:51:42.975+0000] {dagbag.py:539} INFO - Filling up the DagBag from /opt/airflow/dags/data_stream.py
[2025-03-08T08:51:43.109+0000] {processor.py:839} INFO - DAG(s) dict_keys(['stream_data']) retrieved from /opt/airflow/dags/data_stream.py
[2025-03-08T08:51:43.140+0000] {logging_mixin.py:151} INFO - [2025-03-08T08:51:43.140+0000] {dag.py:2907} INFO - Sync 1 DAGs
[2025-03-08T08:51:43.165+0000] {logging_mixin.py:151} INFO - [2025-03-08T08:51:43.165+0000] {dag.py:3677} INFO - Setting next_dagrun for stream_data to 2025-03-08T00:00:00+00:00, run_after=2025-03-09T00:00:00+00:00
[2025-03-08T08:51:43.182+0000] {processor.py:179} INFO - Processing /opt/airflow/dags/data_stream.py took 0.221 seconds
[2025-03-08T08:52:13.235+0000] {processor.py:157} INFO - Started process (PID=54) to work on /opt/airflow/dags/data_stream.py
[2025-03-08T08:52:13.243+0000] {processor.py:829} INFO - Processing file /opt/airflow/dags/data_stream.py for tasks to queue
[2025-03-08T08:52:13.247+0000] {logging_mixin.py:151} INFO - [2025-03-08T08:52:13.246+0000] {dagbag.py:539} INFO - Filling up the DagBag from /opt/airflow/dags/data_stream.py
[2025-03-08T08:52:13.411+0000] {processor.py:839} INFO - DAG(s) dict_keys(['stream_data']) retrieved from /opt/airflow/dags/data_stream.py
[2025-03-08T08:52:13.454+0000] {logging_mixin.py:151} INFO - [2025-03-08T08:52:13.454+0000] {dag.py:2907} INFO - Sync 1 DAGs
[2025-03-08T08:52:13.501+0000] {logging_mixin.py:151} INFO - [2025-03-08T08:52:13.501+0000] {dag.py:3677} INFO - Setting next_dagrun for stream_data to 2025-03-08T00:00:00+00:00, run_after=2025-03-09T00:00:00+00:00
[2025-03-08T08:52:13.533+0000] {processor.py:179} INFO - Processing /opt/airflow/dags/data_stream.py took 0.304 seconds
