[2025-03-20T03:19:13.735+0000] {processor.py:157} INFO - Started process (PID=33) to work on /opt/airflow/dags/data_stream.py
[2025-03-20T03:19:13.737+0000] {processor.py:829} INFO - Processing file /opt/airflow/dags/data_stream.py for tasks to queue
[2025-03-20T03:19:13.742+0000] {logging_mixin.py:151} INFO - [2025-03-20T03:19:13.742+0000] {dagbag.py:539} INFO - Filling up the DagBag from /opt/airflow/dags/data_stream.py
[2025-03-20T03:19:14.138+0000] {processor.py:839} INFO - DAG(s) dict_keys(['job_data_stream']) retrieved from /opt/airflow/dags/data_stream.py
[2025-03-20T03:19:14.196+0000] {logging_mixin.py:151} INFO - [2025-03-20T03:19:14.196+0000] {dag.py:2907} INFO - Sync 1 DAGs
[2025-03-20T03:19:14.243+0000] {logging_mixin.py:151} INFO - [2025-03-20T03:19:14.243+0000] {dag.py:3677} INFO - Setting next_dagrun for job_data_stream to 2025-03-20T00:00:00+00:00, run_after=2025-03-21T00:00:00+00:00
[2025-03-20T03:19:14.267+0000] {processor.py:179} INFO - Processing /opt/airflow/dags/data_stream.py took 0.539 seconds
[2025-03-20T03:19:44.568+0000] {processor.py:157} INFO - Started process (PID=34) to work on /opt/airflow/dags/data_stream.py
[2025-03-20T03:19:44.569+0000] {processor.py:829} INFO - Processing file /opt/airflow/dags/data_stream.py for tasks to queue
[2025-03-20T03:19:44.573+0000] {logging_mixin.py:151} INFO - [2025-03-20T03:19:44.572+0000] {dagbag.py:539} INFO - Filling up the DagBag from /opt/airflow/dags/data_stream.py
[2025-03-20T03:19:44.998+0000] {processor.py:839} INFO - DAG(s) dict_keys(['job_data_stream']) retrieved from /opt/airflow/dags/data_stream.py
[2025-03-20T03:19:45.047+0000] {logging_mixin.py:151} INFO - [2025-03-20T03:19:45.047+0000] {dag.py:2907} INFO - Sync 1 DAGs
[2025-03-20T03:19:45.088+0000] {logging_mixin.py:151} INFO - [2025-03-20T03:19:45.088+0000] {dag.py:3677} INFO - Setting next_dagrun for job_data_stream to 2025-03-20T00:00:00+00:00, run_after=2025-03-21T00:00:00+00:00
[2025-03-20T03:19:45.115+0000] {processor.py:179} INFO - Processing /opt/airflow/dags/data_stream.py took 0.551 seconds
[2025-03-20T03:20:15.182+0000] {processor.py:157} INFO - Started process (PID=35) to work on /opt/airflow/dags/data_stream.py
[2025-03-20T03:20:15.188+0000] {processor.py:829} INFO - Processing file /opt/airflow/dags/data_stream.py for tasks to queue
[2025-03-20T03:20:15.195+0000] {logging_mixin.py:151} INFO - [2025-03-20T03:20:15.194+0000] {dagbag.py:539} INFO - Filling up the DagBag from /opt/airflow/dags/data_stream.py
[2025-03-20T03:20:15.549+0000] {processor.py:839} INFO - DAG(s) dict_keys(['job_data_stream']) retrieved from /opt/airflow/dags/data_stream.py
[2025-03-20T03:20:15.653+0000] {logging_mixin.py:151} INFO - [2025-03-20T03:20:15.653+0000] {dag.py:2907} INFO - Sync 1 DAGs
[2025-03-20T03:20:15.758+0000] {logging_mixin.py:151} INFO - [2025-03-20T03:20:15.758+0000] {dag.py:3677} INFO - Setting next_dagrun for job_data_stream to 2025-03-20T00:00:00+00:00, run_after=2025-03-21T00:00:00+00:00
[2025-03-20T03:20:15.853+0000] {processor.py:179} INFO - Processing /opt/airflow/dags/data_stream.py took 0.677 seconds
[2025-03-20T03:20:46.201+0000] {processor.py:157} INFO - Started process (PID=36) to work on /opt/airflow/dags/data_stream.py
[2025-03-20T03:20:46.206+0000] {processor.py:829} INFO - Processing file /opt/airflow/dags/data_stream.py for tasks to queue
[2025-03-20T03:20:46.222+0000] {logging_mixin.py:151} INFO - [2025-03-20T03:20:46.221+0000] {dagbag.py:539} INFO - Filling up the DagBag from /opt/airflow/dags/data_stream.py
[2025-03-20T03:20:46.763+0000] {processor.py:839} INFO - DAG(s) dict_keys(['job_data_stream']) retrieved from /opt/airflow/dags/data_stream.py
[2025-03-20T03:20:46.827+0000] {logging_mixin.py:151} INFO - [2025-03-20T03:20:46.826+0000] {dag.py:2907} INFO - Sync 1 DAGs
[2025-03-20T03:20:46.881+0000] {logging_mixin.py:151} INFO - [2025-03-20T03:20:46.881+0000] {dag.py:3677} INFO - Setting next_dagrun for job_data_stream to 2025-03-20T00:00:00+00:00, run_after=2025-03-21T00:00:00+00:00
[2025-03-20T03:20:46.933+0000] {processor.py:179} INFO - Processing /opt/airflow/dags/data_stream.py took 0.737 seconds
[2025-03-20T03:21:17.250+0000] {processor.py:157} INFO - Started process (PID=37) to work on /opt/airflow/dags/data_stream.py
[2025-03-20T03:21:17.253+0000] {processor.py:829} INFO - Processing file /opt/airflow/dags/data_stream.py for tasks to queue
[2025-03-20T03:21:17.256+0000] {logging_mixin.py:151} INFO - [2025-03-20T03:21:17.256+0000] {dagbag.py:539} INFO - Filling up the DagBag from /opt/airflow/dags/data_stream.py
[2025-03-20T03:21:17.589+0000] {processor.py:839} INFO - DAG(s) dict_keys(['job_data_stream']) retrieved from /opt/airflow/dags/data_stream.py
[2025-03-20T03:21:17.633+0000] {logging_mixin.py:151} INFO - [2025-03-20T03:21:17.633+0000] {dag.py:2907} INFO - Sync 1 DAGs
[2025-03-20T03:21:17.677+0000] {logging_mixin.py:151} INFO - [2025-03-20T03:21:17.676+0000] {dag.py:3677} INFO - Setting next_dagrun for job_data_stream to 2025-03-20T00:00:00+00:00, run_after=2025-03-21T00:00:00+00:00
[2025-03-20T03:21:17.702+0000] {processor.py:179} INFO - Processing /opt/airflow/dags/data_stream.py took 0.455 seconds
[2025-03-20T03:21:47.882+0000] {processor.py:157} INFO - Started process (PID=38) to work on /opt/airflow/dags/data_stream.py
[2025-03-20T03:21:47.884+0000] {processor.py:829} INFO - Processing file /opt/airflow/dags/data_stream.py for tasks to queue
[2025-03-20T03:21:47.887+0000] {logging_mixin.py:151} INFO - [2025-03-20T03:21:47.887+0000] {dagbag.py:539} INFO - Filling up the DagBag from /opt/airflow/dags/data_stream.py
[2025-03-20T03:21:48.097+0000] {processor.py:839} INFO - DAG(s) dict_keys(['job_data_stream']) retrieved from /opt/airflow/dags/data_stream.py
[2025-03-20T03:21:48.127+0000] {logging_mixin.py:151} INFO - [2025-03-20T03:21:48.127+0000] {dag.py:2907} INFO - Sync 1 DAGs
[2025-03-20T03:21:48.153+0000] {logging_mixin.py:151} INFO - [2025-03-20T03:21:48.153+0000] {dag.py:3677} INFO - Setting next_dagrun for job_data_stream to 2025-03-20T00:00:00+00:00, run_after=2025-03-21T00:00:00+00:00
[2025-03-20T03:21:48.169+0000] {processor.py:179} INFO - Processing /opt/airflow/dags/data_stream.py took 0.290 seconds
[2025-03-20T03:22:18.373+0000] {processor.py:157} INFO - Started process (PID=39) to work on /opt/airflow/dags/data_stream.py
[2025-03-20T03:22:18.375+0000] {processor.py:829} INFO - Processing file /opt/airflow/dags/data_stream.py for tasks to queue
[2025-03-20T03:22:18.378+0000] {logging_mixin.py:151} INFO - [2025-03-20T03:22:18.377+0000] {dagbag.py:539} INFO - Filling up the DagBag from /opt/airflow/dags/data_stream.py
[2025-03-20T03:22:18.679+0000] {processor.py:839} INFO - DAG(s) dict_keys(['job_data_stream']) retrieved from /opt/airflow/dags/data_stream.py
[2025-03-20T03:22:18.710+0000] {logging_mixin.py:151} INFO - [2025-03-20T03:22:18.710+0000] {dag.py:2907} INFO - Sync 1 DAGs
[2025-03-20T03:22:18.739+0000] {logging_mixin.py:151} INFO - [2025-03-20T03:22:18.739+0000] {dag.py:3677} INFO - Setting next_dagrun for job_data_stream to 2025-03-20T00:00:00+00:00, run_after=2025-03-21T00:00:00+00:00
[2025-03-20T03:22:18.759+0000] {processor.py:179} INFO - Processing /opt/airflow/dags/data_stream.py took 0.389 seconds
[2025-03-20T03:22:48.930+0000] {processor.py:157} INFO - Started process (PID=40) to work on /opt/airflow/dags/data_stream.py
[2025-03-20T03:22:48.939+0000] {processor.py:829} INFO - Processing file /opt/airflow/dags/data_stream.py for tasks to queue
[2025-03-20T03:22:48.942+0000] {logging_mixin.py:151} INFO - [2025-03-20T03:22:48.942+0000] {dagbag.py:539} INFO - Filling up the DagBag from /opt/airflow/dags/data_stream.py
[2025-03-20T03:22:49.289+0000] {processor.py:839} INFO - DAG(s) dict_keys(['job_data_stream']) retrieved from /opt/airflow/dags/data_stream.py
[2025-03-20T03:22:49.330+0000] {logging_mixin.py:151} INFO - [2025-03-20T03:22:49.329+0000] {dag.py:2907} INFO - Sync 1 DAGs
[2025-03-20T03:22:49.369+0000] {logging_mixin.py:151} INFO - [2025-03-20T03:22:49.369+0000] {dag.py:3677} INFO - Setting next_dagrun for job_data_stream to 2025-03-20T00:00:00+00:00, run_after=2025-03-21T00:00:00+00:00
[2025-03-20T03:22:49.462+0000] {processor.py:179} INFO - Processing /opt/airflow/dags/data_stream.py took 0.535 seconds
[2025-03-20T03:23:19.673+0000] {processor.py:157} INFO - Started process (PID=41) to work on /opt/airflow/dags/data_stream.py
[2025-03-20T03:23:19.674+0000] {processor.py:829} INFO - Processing file /opt/airflow/dags/data_stream.py for tasks to queue
[2025-03-20T03:23:19.677+0000] {logging_mixin.py:151} INFO - [2025-03-20T03:23:19.677+0000] {dagbag.py:539} INFO - Filling up the DagBag from /opt/airflow/dags/data_stream.py
[2025-03-20T03:23:19.871+0000] {processor.py:839} INFO - DAG(s) dict_keys(['job_data_stream']) retrieved from /opt/airflow/dags/data_stream.py
[2025-03-20T03:23:20.031+0000] {logging_mixin.py:151} INFO - [2025-03-20T03:23:20.031+0000] {dag.py:2907} INFO - Sync 1 DAGs
[2025-03-20T03:23:20.043+0000] {logging_mixin.py:151} INFO - [2025-03-20T03:23:20.043+0000] {dag.py:2929} INFO - Creating ORM DAG for job_data_stream
[2025-03-20T03:23:20.058+0000] {logging_mixin.py:151} INFO - [2025-03-20T03:23:20.058+0000] {dag.py:3677} INFO - Setting next_dagrun for job_data_stream to 2025-03-19T00:00:00+00:00, run_after=2025-03-20T00:00:00+00:00
[2025-03-20T03:23:20.078+0000] {processor.py:179} INFO - Processing /opt/airflow/dags/data_stream.py took 0.408 seconds
[2025-03-20T03:23:50.421+0000] {processor.py:157} INFO - Started process (PID=42) to work on /opt/airflow/dags/data_stream.py
[2025-03-20T03:23:50.423+0000] {processor.py:829} INFO - Processing file /opt/airflow/dags/data_stream.py for tasks to queue
[2025-03-20T03:23:50.427+0000] {logging_mixin.py:151} INFO - [2025-03-20T03:23:50.426+0000] {dagbag.py:539} INFO - Filling up the DagBag from /opt/airflow/dags/data_stream.py
[2025-03-20T03:23:50.550+0000] {processor.py:839} INFO - DAG(s) dict_keys(['job_data_stream']) retrieved from /opt/airflow/dags/data_stream.py
[2025-03-20T03:23:50.579+0000] {logging_mixin.py:151} INFO - [2025-03-20T03:23:50.579+0000] {dag.py:2907} INFO - Sync 1 DAGs
[2025-03-20T03:23:50.602+0000] {logging_mixin.py:151} INFO - [2025-03-20T03:23:50.602+0000] {dag.py:3677} INFO - Setting next_dagrun for job_data_stream to 2025-03-20T00:00:00+00:00, run_after=2025-03-21T00:00:00+00:00
[2025-03-20T03:23:50.619+0000] {processor.py:179} INFO - Processing /opt/airflow/dags/data_stream.py took 0.203 seconds
[2025-03-20T03:24:20.894+0000] {processor.py:157} INFO - Started process (PID=43) to work on /opt/airflow/dags/data_stream.py
[2025-03-20T03:24:20.896+0000] {processor.py:829} INFO - Processing file /opt/airflow/dags/data_stream.py for tasks to queue
[2025-03-20T03:24:20.902+0000] {logging_mixin.py:151} INFO - [2025-03-20T03:24:20.901+0000] {dagbag.py:539} INFO - Filling up the DagBag from /opt/airflow/dags/data_stream.py
[2025-03-20T03:24:21.005+0000] {processor.py:839} INFO - DAG(s) dict_keys(['job_data_stream']) retrieved from /opt/airflow/dags/data_stream.py
[2025-03-20T03:24:21.040+0000] {logging_mixin.py:151} INFO - [2025-03-20T03:24:21.040+0000] {dag.py:2907} INFO - Sync 1 DAGs
[2025-03-20T03:24:21.140+0000] {logging_mixin.py:151} INFO - [2025-03-20T03:24:21.140+0000] {dag.py:3677} INFO - Setting next_dagrun for job_data_stream to 2025-03-20T00:00:00+00:00, run_after=2025-03-21T00:00:00+00:00
[2025-03-20T03:24:21.243+0000] {processor.py:179} INFO - Processing /opt/airflow/dags/data_stream.py took 0.360 seconds
[2025-03-20T03:24:51.448+0000] {processor.py:157} INFO - Started process (PID=44) to work on /opt/airflow/dags/data_stream.py
[2025-03-20T03:24:51.449+0000] {processor.py:829} INFO - Processing file /opt/airflow/dags/data_stream.py for tasks to queue
[2025-03-20T03:24:51.453+0000] {logging_mixin.py:151} INFO - [2025-03-20T03:24:51.452+0000] {dagbag.py:539} INFO - Filling up the DagBag from /opt/airflow/dags/data_stream.py
[2025-03-20T03:24:51.567+0000] {processor.py:839} INFO - DAG(s) dict_keys(['job_data_stream']) retrieved from /opt/airflow/dags/data_stream.py
[2025-03-20T03:24:51.595+0000] {logging_mixin.py:151} INFO - [2025-03-20T03:24:51.595+0000] {dag.py:2907} INFO - Sync 1 DAGs
[2025-03-20T03:24:51.619+0000] {logging_mixin.py:151} INFO - [2025-03-20T03:24:51.619+0000] {dag.py:3677} INFO - Setting next_dagrun for job_data_stream to 2025-03-20T00:00:00+00:00, run_after=2025-03-21T00:00:00+00:00
[2025-03-20T03:24:51.639+0000] {processor.py:179} INFO - Processing /opt/airflow/dags/data_stream.py took 0.195 seconds
[2025-03-20T03:25:21.702+0000] {processor.py:157} INFO - Started process (PID=45) to work on /opt/airflow/dags/data_stream.py
[2025-03-20T03:25:21.704+0000] {processor.py:829} INFO - Processing file /opt/airflow/dags/data_stream.py for tasks to queue
[2025-03-20T03:25:21.708+0000] {logging_mixin.py:151} INFO - [2025-03-20T03:25:21.707+0000] {dagbag.py:539} INFO - Filling up the DagBag from /opt/airflow/dags/data_stream.py
[2025-03-20T03:25:21.813+0000] {processor.py:839} INFO - DAG(s) dict_keys(['job_data_stream']) retrieved from /opt/airflow/dags/data_stream.py
[2025-03-20T03:25:21.849+0000] {logging_mixin.py:151} INFO - [2025-03-20T03:25:21.849+0000] {dag.py:2907} INFO - Sync 1 DAGs
[2025-03-20T03:25:21.872+0000] {logging_mixin.py:151} INFO - [2025-03-20T03:25:21.872+0000] {dag.py:3677} INFO - Setting next_dagrun for job_data_stream to 2025-03-20T00:00:00+00:00, run_after=2025-03-21T00:00:00+00:00
[2025-03-20T03:25:21.893+0000] {processor.py:179} INFO - Processing /opt/airflow/dags/data_stream.py took 0.197 seconds
[2025-03-20T03:25:52.092+0000] {processor.py:157} INFO - Started process (PID=46) to work on /opt/airflow/dags/data_stream.py
[2025-03-20T03:25:52.093+0000] {processor.py:829} INFO - Processing file /opt/airflow/dags/data_stream.py for tasks to queue
[2025-03-20T03:25:52.097+0000] {logging_mixin.py:151} INFO - [2025-03-20T03:25:52.096+0000] {dagbag.py:539} INFO - Filling up the DagBag from /opt/airflow/dags/data_stream.py
[2025-03-20T03:25:52.229+0000] {processor.py:839} INFO - DAG(s) dict_keys(['job_data_stream']) retrieved from /opt/airflow/dags/data_stream.py
[2025-03-20T03:25:52.266+0000] {logging_mixin.py:151} INFO - [2025-03-20T03:25:52.265+0000] {dag.py:2907} INFO - Sync 1 DAGs
[2025-03-20T03:25:52.299+0000] {logging_mixin.py:151} INFO - [2025-03-20T03:25:52.299+0000] {dag.py:3677} INFO - Setting next_dagrun for job_data_stream to 2025-03-20T00:00:00+00:00, run_after=2025-03-21T00:00:00+00:00
[2025-03-20T03:25:52.318+0000] {processor.py:179} INFO - Processing /opt/airflow/dags/data_stream.py took 0.232 seconds
[2025-03-20T03:26:22.352+0000] {processor.py:157} INFO - Started process (PID=47) to work on /opt/airflow/dags/data_stream.py
[2025-03-20T03:26:22.355+0000] {processor.py:829} INFO - Processing file /opt/airflow/dags/data_stream.py for tasks to queue
[2025-03-20T03:26:22.358+0000] {logging_mixin.py:151} INFO - [2025-03-20T03:26:22.358+0000] {dagbag.py:539} INFO - Filling up the DagBag from /opt/airflow/dags/data_stream.py
[2025-03-20T03:26:22.546+0000] {processor.py:839} INFO - DAG(s) dict_keys(['job_data_stream']) retrieved from /opt/airflow/dags/data_stream.py
[2025-03-20T03:26:22.593+0000] {logging_mixin.py:151} INFO - [2025-03-20T03:26:22.592+0000] {dag.py:2907} INFO - Sync 1 DAGs
[2025-03-20T03:26:22.622+0000] {logging_mixin.py:151} INFO - [2025-03-20T03:26:22.622+0000] {dag.py:3677} INFO - Setting next_dagrun for job_data_stream to 2025-03-20T00:00:00+00:00, run_after=2025-03-21T00:00:00+00:00
[2025-03-20T03:26:22.647+0000] {processor.py:179} INFO - Processing /opt/airflow/dags/data_stream.py took 0.299 seconds
[2025-03-20T03:26:52.757+0000] {processor.py:157} INFO - Started process (PID=48) to work on /opt/airflow/dags/data_stream.py
[2025-03-20T03:26:52.761+0000] {processor.py:829} INFO - Processing file /opt/airflow/dags/data_stream.py for tasks to queue
[2025-03-20T03:26:52.765+0000] {logging_mixin.py:151} INFO - [2025-03-20T03:26:52.764+0000] {dagbag.py:539} INFO - Filling up the DagBag from /opt/airflow/dags/data_stream.py
[2025-03-20T03:26:52.995+0000] {processor.py:839} INFO - DAG(s) dict_keys(['job_data_stream']) retrieved from /opt/airflow/dags/data_stream.py
[2025-03-20T03:26:53.061+0000] {logging_mixin.py:151} INFO - [2025-03-20T03:26:53.061+0000] {dag.py:2907} INFO - Sync 1 DAGs
[2025-03-20T03:26:53.111+0000] {logging_mixin.py:151} INFO - [2025-03-20T03:26:53.111+0000] {dag.py:3677} INFO - Setting next_dagrun for job_data_stream to 2025-03-20T00:00:00+00:00, run_after=2025-03-21T00:00:00+00:00
[2025-03-20T03:26:53.152+0000] {processor.py:179} INFO - Processing /opt/airflow/dags/data_stream.py took 0.401 seconds
[2025-03-20T03:27:23.418+0000] {processor.py:157} INFO - Started process (PID=49) to work on /opt/airflow/dags/data_stream.py
[2025-03-20T03:27:23.427+0000] {processor.py:829} INFO - Processing file /opt/airflow/dags/data_stream.py for tasks to queue
[2025-03-20T03:27:23.430+0000] {logging_mixin.py:151} INFO - [2025-03-20T03:27:23.430+0000] {dagbag.py:539} INFO - Filling up the DagBag from /opt/airflow/dags/data_stream.py
[2025-03-20T03:27:23.645+0000] {processor.py:839} INFO - DAG(s) dict_keys(['job_data_stream']) retrieved from /opt/airflow/dags/data_stream.py
[2025-03-20T03:27:23.760+0000] {logging_mixin.py:151} INFO - [2025-03-20T03:27:23.760+0000] {dag.py:2907} INFO - Sync 1 DAGs
[2025-03-20T03:27:23.854+0000] {logging_mixin.py:151} INFO - [2025-03-20T03:27:23.854+0000] {dag.py:3677} INFO - Setting next_dagrun for job_data_stream to 2025-03-20T00:00:00+00:00, run_after=2025-03-21T00:00:00+00:00
[2025-03-20T03:27:24.071+0000] {processor.py:179} INFO - Processing /opt/airflow/dags/data_stream.py took 0.657 seconds
[2025-03-20T03:41:38.004+0000] {processor.py:157} INFO - Started process (PID=96) to work on /opt/airflow/dags/data_stream.py
[2025-03-20T03:41:38.005+0000] {processor.py:829} INFO - Processing file /opt/airflow/dags/data_stream.py for tasks to queue
[2025-03-20T03:41:38.008+0000] {logging_mixin.py:151} INFO - [2025-03-20T03:41:38.008+0000] {dagbag.py:539} INFO - Filling up the DagBag from /opt/airflow/dags/data_stream.py
[2025-03-20T03:41:38.421+0000] {processor.py:839} INFO - DAG(s) dict_keys(['job_data_stream']) retrieved from /opt/airflow/dags/data_stream.py
[2025-03-20T03:41:38.472+0000] {logging_mixin.py:151} INFO - [2025-03-20T03:41:38.471+0000] {dag.py:2907} INFO - Sync 1 DAGs
[2025-03-20T03:41:38.498+0000] {logging_mixin.py:151} INFO - [2025-03-20T03:41:38.498+0000] {dag.py:3677} INFO - Setting next_dagrun for job_data_stream to 2025-03-20T00:00:00+00:00, run_after=2025-03-21T00:00:00+00:00
[2025-03-20T03:41:38.524+0000] {processor.py:179} INFO - Processing /opt/airflow/dags/data_stream.py took 0.524 seconds
[2025-03-20T03:42:08.750+0000] {processor.py:157} INFO - Started process (PID=97) to work on /opt/airflow/dags/data_stream.py
[2025-03-20T03:42:08.751+0000] {processor.py:829} INFO - Processing file /opt/airflow/dags/data_stream.py for tasks to queue
[2025-03-20T03:42:08.754+0000] {logging_mixin.py:151} INFO - [2025-03-20T03:42:08.753+0000] {dagbag.py:539} INFO - Filling up the DagBag from /opt/airflow/dags/data_stream.py
[2025-03-20T03:42:08.952+0000] {processor.py:839} INFO - DAG(s) dict_keys(['job_data_stream']) retrieved from /opt/airflow/dags/data_stream.py
[2025-03-20T03:42:08.978+0000] {logging_mixin.py:151} INFO - [2025-03-20T03:42:08.978+0000] {dag.py:2907} INFO - Sync 1 DAGs
[2025-03-20T03:42:09.001+0000] {logging_mixin.py:151} INFO - [2025-03-20T03:42:09.001+0000] {dag.py:3677} INFO - Setting next_dagrun for job_data_stream to 2025-03-20T00:00:00+00:00, run_after=2025-03-21T00:00:00+00:00
[2025-03-20T03:42:09.017+0000] {processor.py:179} INFO - Processing /opt/airflow/dags/data_stream.py took 0.270 seconds
[2025-03-20T03:42:39.252+0000] {processor.py:157} INFO - Started process (PID=98) to work on /opt/airflow/dags/data_stream.py
[2025-03-20T03:42:39.254+0000] {processor.py:829} INFO - Processing file /opt/airflow/dags/data_stream.py for tasks to queue
[2025-03-20T03:42:39.262+0000] {logging_mixin.py:151} INFO - [2025-03-20T03:42:39.262+0000] {dagbag.py:539} INFO - Filling up the DagBag from /opt/airflow/dags/data_stream.py
[2025-03-20T03:42:39.496+0000] {processor.py:839} INFO - DAG(s) dict_keys(['job_data_stream']) retrieved from /opt/airflow/dags/data_stream.py
[2025-03-20T03:42:39.522+0000] {logging_mixin.py:151} INFO - [2025-03-20T03:42:39.522+0000] {dag.py:2907} INFO - Sync 1 DAGs
[2025-03-20T03:42:39.545+0000] {logging_mixin.py:151} INFO - [2025-03-20T03:42:39.545+0000] {dag.py:3677} INFO - Setting next_dagrun for job_data_stream to 2025-03-20T00:00:00+00:00, run_after=2025-03-21T00:00:00+00:00
[2025-03-20T03:42:39.565+0000] {processor.py:179} INFO - Processing /opt/airflow/dags/data_stream.py took 0.321 seconds
[2025-03-20T03:47:22.624+0000] {processor.py:157} INFO - Started process (PID=32) to work on /opt/airflow/dags/data_stream.py
[2025-03-20T03:47:22.627+0000] {processor.py:829} INFO - Processing file /opt/airflow/dags/data_stream.py for tasks to queue
[2025-03-20T03:47:22.630+0000] {logging_mixin.py:151} INFO - [2025-03-20T03:47:22.629+0000] {dagbag.py:539} INFO - Filling up the DagBag from /opt/airflow/dags/data_stream.py
[2025-03-20T03:47:22.888+0000] {processor.py:839} INFO - DAG(s) dict_keys(['job_data_stream']) retrieved from /opt/airflow/dags/data_stream.py
[2025-03-20T03:47:23.195+0000] {logging_mixin.py:151} INFO - [2025-03-20T03:47:23.194+0000] {dag.py:2907} INFO - Sync 1 DAGs
[2025-03-20T03:47:23.211+0000] {logging_mixin.py:151} INFO - [2025-03-20T03:47:23.211+0000] {dag.py:2929} INFO - Creating ORM DAG for job_data_stream
[2025-03-20T03:47:23.229+0000] {logging_mixin.py:151} INFO - [2025-03-20T03:47:23.229+0000] {dag.py:3677} INFO - Setting next_dagrun for job_data_stream to 2025-03-19T00:00:00+00:00, run_after=2025-03-20T00:00:00+00:00
[2025-03-20T03:47:23.248+0000] {processor.py:179} INFO - Processing /opt/airflow/dags/data_stream.py took 0.628 seconds
[2025-03-20T03:47:53.440+0000] {processor.py:157} INFO - Started process (PID=33) to work on /opt/airflow/dags/data_stream.py
[2025-03-20T03:47:53.442+0000] {processor.py:829} INFO - Processing file /opt/airflow/dags/data_stream.py for tasks to queue
[2025-03-20T03:47:53.448+0000] {logging_mixin.py:151} INFO - [2025-03-20T03:47:53.448+0000] {dagbag.py:539} INFO - Filling up the DagBag from /opt/airflow/dags/data_stream.py
[2025-03-20T03:47:53.879+0000] {processor.py:839} INFO - DAG(s) dict_keys(['job_data_stream']) retrieved from /opt/airflow/dags/data_stream.py
[2025-03-20T03:47:53.935+0000] {logging_mixin.py:151} INFO - [2025-03-20T03:47:53.934+0000] {dag.py:2907} INFO - Sync 1 DAGs
[2025-03-20T03:47:53.981+0000] {logging_mixin.py:151} INFO - [2025-03-20T03:47:53.980+0000] {dag.py:3677} INFO - Setting next_dagrun for job_data_stream to 2025-03-20T00:00:00+00:00, run_after=2025-03-21T00:00:00+00:00
[2025-03-20T03:47:54.018+0000] {processor.py:179} INFO - Processing /opt/airflow/dags/data_stream.py took 0.585 seconds
[2025-03-20T03:48:24.248+0000] {processor.py:157} INFO - Started process (PID=34) to work on /opt/airflow/dags/data_stream.py
[2025-03-20T03:48:24.251+0000] {processor.py:829} INFO - Processing file /opt/airflow/dags/data_stream.py for tasks to queue
[2025-03-20T03:48:24.257+0000] {logging_mixin.py:151} INFO - [2025-03-20T03:48:24.257+0000] {dagbag.py:539} INFO - Filling up the DagBag from /opt/airflow/dags/data_stream.py
[2025-03-20T03:48:24.545+0000] {processor.py:839} INFO - DAG(s) dict_keys(['job_data_stream']) retrieved from /opt/airflow/dags/data_stream.py
[2025-03-20T03:48:24.574+0000] {logging_mixin.py:151} INFO - [2025-03-20T03:48:24.574+0000] {dag.py:2907} INFO - Sync 1 DAGs
[2025-03-20T03:48:24.599+0000] {logging_mixin.py:151} INFO - [2025-03-20T03:48:24.598+0000] {dag.py:3677} INFO - Setting next_dagrun for job_data_stream to 2025-03-20T00:00:00+00:00, run_after=2025-03-21T00:00:00+00:00
[2025-03-20T03:48:24.617+0000] {processor.py:179} INFO - Processing /opt/airflow/dags/data_stream.py took 0.376 seconds
[2025-03-20T03:48:54.888+0000] {processor.py:157} INFO - Started process (PID=35) to work on /opt/airflow/dags/data_stream.py
[2025-03-20T03:48:54.891+0000] {processor.py:829} INFO - Processing file /opt/airflow/dags/data_stream.py for tasks to queue
[2025-03-20T03:48:54.898+0000] {logging_mixin.py:151} INFO - [2025-03-20T03:48:54.897+0000] {dagbag.py:539} INFO - Filling up the DagBag from /opt/airflow/dags/data_stream.py
[2025-03-20T03:48:55.131+0000] {processor.py:839} INFO - DAG(s) dict_keys(['job_data_stream']) retrieved from /opt/airflow/dags/data_stream.py
[2025-03-20T03:48:55.161+0000] {logging_mixin.py:151} INFO - [2025-03-20T03:48:55.161+0000] {dag.py:2907} INFO - Sync 1 DAGs
[2025-03-20T03:48:55.188+0000] {logging_mixin.py:151} INFO - [2025-03-20T03:48:55.188+0000] {dag.py:3677} INFO - Setting next_dagrun for job_data_stream to 2025-03-20T00:00:00+00:00, run_after=2025-03-21T00:00:00+00:00
[2025-03-20T03:48:55.206+0000] {processor.py:179} INFO - Processing /opt/airflow/dags/data_stream.py took 0.335 seconds
[2025-03-20T03:49:25.463+0000] {processor.py:157} INFO - Started process (PID=36) to work on /opt/airflow/dags/data_stream.py
[2025-03-20T03:49:25.465+0000] {processor.py:829} INFO - Processing file /opt/airflow/dags/data_stream.py for tasks to queue
[2025-03-20T03:49:25.469+0000] {logging_mixin.py:151} INFO - [2025-03-20T03:49:25.469+0000] {dagbag.py:539} INFO - Filling up the DagBag from /opt/airflow/dags/data_stream.py
[2025-03-20T03:49:25.694+0000] {processor.py:839} INFO - DAG(s) dict_keys(['job_data_stream']) retrieved from /opt/airflow/dags/data_stream.py
[2025-03-20T03:49:25.723+0000] {logging_mixin.py:151} INFO - [2025-03-20T03:49:25.722+0000] {dag.py:2907} INFO - Sync 1 DAGs
[2025-03-20T03:49:25.746+0000] {logging_mixin.py:151} INFO - [2025-03-20T03:49:25.746+0000] {dag.py:3677} INFO - Setting next_dagrun for job_data_stream to 2025-03-20T00:00:00+00:00, run_after=2025-03-21T00:00:00+00:00
[2025-03-20T03:49:25.763+0000] {processor.py:179} INFO - Processing /opt/airflow/dags/data_stream.py took 0.310 seconds
[2025-03-20T03:49:56.045+0000] {processor.py:157} INFO - Started process (PID=37) to work on /opt/airflow/dags/data_stream.py
[2025-03-20T03:49:56.047+0000] {processor.py:829} INFO - Processing file /opt/airflow/dags/data_stream.py for tasks to queue
[2025-03-20T03:49:56.051+0000] {logging_mixin.py:151} INFO - [2025-03-20T03:49:56.051+0000] {dagbag.py:539} INFO - Filling up the DagBag from /opt/airflow/dags/data_stream.py
[2025-03-20T03:49:56.262+0000] {processor.py:839} INFO - DAG(s) dict_keys(['job_data_stream']) retrieved from /opt/airflow/dags/data_stream.py
[2025-03-20T03:49:56.289+0000] {logging_mixin.py:151} INFO - [2025-03-20T03:49:56.289+0000] {dag.py:2907} INFO - Sync 1 DAGs
[2025-03-20T03:49:56.312+0000] {logging_mixin.py:151} INFO - [2025-03-20T03:49:56.312+0000] {dag.py:3677} INFO - Setting next_dagrun for job_data_stream to 2025-03-20T00:00:00+00:00, run_after=2025-03-21T00:00:00+00:00
[2025-03-20T03:49:56.332+0000] {processor.py:179} INFO - Processing /opt/airflow/dags/data_stream.py took 0.294 seconds
[2025-03-20T03:50:26.437+0000] {processor.py:157} INFO - Started process (PID=38) to work on /opt/airflow/dags/data_stream.py
[2025-03-20T03:50:26.438+0000] {processor.py:829} INFO - Processing file /opt/airflow/dags/data_stream.py for tasks to queue
[2025-03-20T03:50:26.442+0000] {logging_mixin.py:151} INFO - [2025-03-20T03:50:26.442+0000] {dagbag.py:539} INFO - Filling up the DagBag from /opt/airflow/dags/data_stream.py
[2025-03-20T03:50:26.565+0000] {processor.py:839} INFO - DAG(s) dict_keys(['job_data_stream']) retrieved from /opt/airflow/dags/data_stream.py
[2025-03-20T03:50:26.593+0000] {logging_mixin.py:151} INFO - [2025-03-20T03:50:26.593+0000] {dag.py:2907} INFO - Sync 1 DAGs
[2025-03-20T03:50:26.617+0000] {logging_mixin.py:151} INFO - [2025-03-20T03:50:26.616+0000] {dag.py:3677} INFO - Setting next_dagrun for job_data_stream to 2025-03-20T00:00:00+00:00, run_after=2025-03-21T00:00:00+00:00
[2025-03-20T03:50:26.632+0000] {processor.py:179} INFO - Processing /opt/airflow/dags/data_stream.py took 0.203 seconds
[2025-03-20T03:50:56.842+0000] {processor.py:157} INFO - Started process (PID=39) to work on /opt/airflow/dags/data_stream.py
[2025-03-20T03:50:56.845+0000] {processor.py:829} INFO - Processing file /opt/airflow/dags/data_stream.py for tasks to queue
[2025-03-20T03:50:56.851+0000] {logging_mixin.py:151} INFO - [2025-03-20T03:50:56.850+0000] {dagbag.py:539} INFO - Filling up the DagBag from /opt/airflow/dags/data_stream.py
[2025-03-20T03:50:56.965+0000] {processor.py:839} INFO - DAG(s) dict_keys(['job_data_stream']) retrieved from /opt/airflow/dags/data_stream.py
[2025-03-20T03:50:57.000+0000] {logging_mixin.py:151} INFO - [2025-03-20T03:50:57.000+0000] {dag.py:2907} INFO - Sync 1 DAGs
[2025-03-20T03:50:57.032+0000] {logging_mixin.py:151} INFO - [2025-03-20T03:50:57.032+0000] {dag.py:3677} INFO - Setting next_dagrun for job_data_stream to 2025-03-20T00:00:00+00:00, run_after=2025-03-21T00:00:00+00:00
[2025-03-20T03:50:57.055+0000] {processor.py:179} INFO - Processing /opt/airflow/dags/data_stream.py took 0.236 seconds
[2025-03-20T03:51:27.118+0000] {processor.py:157} INFO - Started process (PID=40) to work on /opt/airflow/dags/data_stream.py
[2025-03-20T03:51:27.120+0000] {processor.py:829} INFO - Processing file /opt/airflow/dags/data_stream.py for tasks to queue
[2025-03-20T03:51:27.124+0000] {logging_mixin.py:151} INFO - [2025-03-20T03:51:27.123+0000] {dagbag.py:539} INFO - Filling up the DagBag from /opt/airflow/dags/data_stream.py
[2025-03-20T03:51:27.281+0000] {processor.py:839} INFO - DAG(s) dict_keys(['job_data_stream']) retrieved from /opt/airflow/dags/data_stream.py
[2025-03-20T03:51:27.354+0000] {logging_mixin.py:151} INFO - [2025-03-20T03:51:27.354+0000] {dag.py:2907} INFO - Sync 1 DAGs
[2025-03-20T03:51:27.392+0000] {logging_mixin.py:151} INFO - [2025-03-20T03:51:27.392+0000] {dag.py:3677} INFO - Setting next_dagrun for job_data_stream to 2025-03-20T00:00:00+00:00, run_after=2025-03-21T00:00:00+00:00
[2025-03-20T03:51:27.432+0000] {processor.py:179} INFO - Processing /opt/airflow/dags/data_stream.py took 0.319 seconds
[2025-03-20T03:51:57.563+0000] {processor.py:157} INFO - Started process (PID=41) to work on /opt/airflow/dags/data_stream.py
[2025-03-20T03:51:57.564+0000] {processor.py:829} INFO - Processing file /opt/airflow/dags/data_stream.py for tasks to queue
[2025-03-20T03:51:57.567+0000] {logging_mixin.py:151} INFO - [2025-03-20T03:51:57.567+0000] {dagbag.py:539} INFO - Filling up the DagBag from /opt/airflow/dags/data_stream.py
[2025-03-20T03:51:57.685+0000] {processor.py:839} INFO - DAG(s) dict_keys(['job_data_stream']) retrieved from /opt/airflow/dags/data_stream.py
[2025-03-20T03:51:57.717+0000] {logging_mixin.py:151} INFO - [2025-03-20T03:51:57.717+0000] {dag.py:2907} INFO - Sync 1 DAGs
[2025-03-20T03:51:57.745+0000] {logging_mixin.py:151} INFO - [2025-03-20T03:51:57.745+0000] {dag.py:3677} INFO - Setting next_dagrun for job_data_stream to 2025-03-20T00:00:00+00:00, run_after=2025-03-21T00:00:00+00:00
[2025-03-20T03:51:57.763+0000] {processor.py:179} INFO - Processing /opt/airflow/dags/data_stream.py took 0.204 seconds
[2025-03-20T03:52:27.880+0000] {processor.py:157} INFO - Started process (PID=42) to work on /opt/airflow/dags/data_stream.py
[2025-03-20T03:52:27.882+0000] {processor.py:829} INFO - Processing file /opt/airflow/dags/data_stream.py for tasks to queue
[2025-03-20T03:52:27.886+0000] {logging_mixin.py:151} INFO - [2025-03-20T03:52:27.885+0000] {dagbag.py:539} INFO - Filling up the DagBag from /opt/airflow/dags/data_stream.py
[2025-03-20T03:52:27.981+0000] {processor.py:839} INFO - DAG(s) dict_keys(['job_data_stream']) retrieved from /opt/airflow/dags/data_stream.py
[2025-03-20T03:52:28.007+0000] {logging_mixin.py:151} INFO - [2025-03-20T03:52:28.007+0000] {dag.py:2907} INFO - Sync 1 DAGs
[2025-03-20T03:52:28.027+0000] {logging_mixin.py:151} INFO - [2025-03-20T03:52:28.027+0000] {dag.py:3677} INFO - Setting next_dagrun for job_data_stream to 2025-03-20T00:00:00+00:00, run_after=2025-03-21T00:00:00+00:00
[2025-03-20T03:52:28.043+0000] {processor.py:179} INFO - Processing /opt/airflow/dags/data_stream.py took 0.168 seconds
[2025-03-20T03:52:58.199+0000] {processor.py:157} INFO - Started process (PID=43) to work on /opt/airflow/dags/data_stream.py
[2025-03-20T03:52:58.200+0000] {processor.py:829} INFO - Processing file /opt/airflow/dags/data_stream.py for tasks to queue
[2025-03-20T03:52:58.204+0000] {logging_mixin.py:151} INFO - [2025-03-20T03:52:58.204+0000] {dagbag.py:539} INFO - Filling up the DagBag from /opt/airflow/dags/data_stream.py
[2025-03-20T03:52:58.305+0000] {processor.py:839} INFO - DAG(s) dict_keys(['job_data_stream']) retrieved from /opt/airflow/dags/data_stream.py
[2025-03-20T03:52:58.333+0000] {logging_mixin.py:151} INFO - [2025-03-20T03:52:58.333+0000] {dag.py:2907} INFO - Sync 1 DAGs
[2025-03-20T03:52:58.357+0000] {logging_mixin.py:151} INFO - [2025-03-20T03:52:58.356+0000] {dag.py:3677} INFO - Setting next_dagrun for job_data_stream to 2025-03-20T00:00:00+00:00, run_after=2025-03-21T00:00:00+00:00
[2025-03-20T03:52:58.376+0000] {processor.py:179} INFO - Processing /opt/airflow/dags/data_stream.py took 0.184 seconds
[2025-03-20T03:53:28.578+0000] {processor.py:157} INFO - Started process (PID=44) to work on /opt/airflow/dags/data_stream.py
[2025-03-20T03:53:28.581+0000] {processor.py:829} INFO - Processing file /opt/airflow/dags/data_stream.py for tasks to queue
[2025-03-20T03:53:28.586+0000] {logging_mixin.py:151} INFO - [2025-03-20T03:53:28.585+0000] {dagbag.py:539} INFO - Filling up the DagBag from /opt/airflow/dags/data_stream.py
[2025-03-20T03:53:28.692+0000] {processor.py:839} INFO - DAG(s) dict_keys(['job_data_stream']) retrieved from /opt/airflow/dags/data_stream.py
[2025-03-20T03:53:28.722+0000] {logging_mixin.py:151} INFO - [2025-03-20T03:53:28.721+0000] {dag.py:2907} INFO - Sync 1 DAGs
[2025-03-20T03:53:28.748+0000] {logging_mixin.py:151} INFO - [2025-03-20T03:53:28.748+0000] {dag.py:3677} INFO - Setting next_dagrun for job_data_stream to 2025-03-20T00:00:00+00:00, run_after=2025-03-21T00:00:00+00:00
[2025-03-20T03:53:28.765+0000] {processor.py:179} INFO - Processing /opt/airflow/dags/data_stream.py took 0.201 seconds
[2025-03-20T03:53:58.893+0000] {processor.py:157} INFO - Started process (PID=45) to work on /opt/airflow/dags/data_stream.py
[2025-03-20T03:53:58.896+0000] {processor.py:829} INFO - Processing file /opt/airflow/dags/data_stream.py for tasks to queue
[2025-03-20T03:53:58.902+0000] {logging_mixin.py:151} INFO - [2025-03-20T03:53:58.901+0000] {dagbag.py:539} INFO - Filling up the DagBag from /opt/airflow/dags/data_stream.py
[2025-03-20T03:53:59.014+0000] {processor.py:839} INFO - DAG(s) dict_keys(['job_data_stream']) retrieved from /opt/airflow/dags/data_stream.py
[2025-03-20T03:53:59.041+0000] {logging_mixin.py:151} INFO - [2025-03-20T03:53:59.041+0000] {dag.py:2907} INFO - Sync 1 DAGs
[2025-03-20T03:53:59.062+0000] {logging_mixin.py:151} INFO - [2025-03-20T03:53:59.061+0000] {dag.py:3677} INFO - Setting next_dagrun for job_data_stream to 2025-03-20T00:00:00+00:00, run_after=2025-03-21T00:00:00+00:00
[2025-03-20T03:53:59.078+0000] {processor.py:179} INFO - Processing /opt/airflow/dags/data_stream.py took 0.199 seconds
[2025-03-20T03:54:29.269+0000] {processor.py:157} INFO - Started process (PID=46) to work on /opt/airflow/dags/data_stream.py
[2025-03-20T03:54:29.271+0000] {processor.py:829} INFO - Processing file /opt/airflow/dags/data_stream.py for tasks to queue
[2025-03-20T03:54:29.275+0000] {logging_mixin.py:151} INFO - [2025-03-20T03:54:29.274+0000] {dagbag.py:539} INFO - Filling up the DagBag from /opt/airflow/dags/data_stream.py
[2025-03-20T03:54:29.373+0000] {processor.py:839} INFO - DAG(s) dict_keys(['job_data_stream']) retrieved from /opt/airflow/dags/data_stream.py
[2025-03-20T03:54:29.403+0000] {logging_mixin.py:151} INFO - [2025-03-20T03:54:29.403+0000] {dag.py:2907} INFO - Sync 1 DAGs
[2025-03-20T03:54:29.424+0000] {logging_mixin.py:151} INFO - [2025-03-20T03:54:29.424+0000] {dag.py:3677} INFO - Setting next_dagrun for job_data_stream to 2025-03-20T00:00:00+00:00, run_after=2025-03-21T00:00:00+00:00
[2025-03-20T03:54:29.441+0000] {processor.py:179} INFO - Processing /opt/airflow/dags/data_stream.py took 0.178 seconds
[2025-03-20T03:54:59.595+0000] {processor.py:157} INFO - Started process (PID=47) to work on /opt/airflow/dags/data_stream.py
[2025-03-20T03:54:59.599+0000] {processor.py:829} INFO - Processing file /opt/airflow/dags/data_stream.py for tasks to queue
[2025-03-20T03:54:59.609+0000] {logging_mixin.py:151} INFO - [2025-03-20T03:54:59.608+0000] {dagbag.py:539} INFO - Filling up the DagBag from /opt/airflow/dags/data_stream.py
[2025-03-20T03:54:59.739+0000] {processor.py:839} INFO - DAG(s) dict_keys(['job_data_stream']) retrieved from /opt/airflow/dags/data_stream.py
[2025-03-20T03:54:59.766+0000] {logging_mixin.py:151} INFO - [2025-03-20T03:54:59.766+0000] {dag.py:2907} INFO - Sync 1 DAGs
[2025-03-20T03:54:59.790+0000] {logging_mixin.py:151} INFO - [2025-03-20T03:54:59.789+0000] {dag.py:3677} INFO - Setting next_dagrun for job_data_stream to 2025-03-20T00:00:00+00:00, run_after=2025-03-21T00:00:00+00:00
[2025-03-20T03:54:59.807+0000] {processor.py:179} INFO - Processing /opt/airflow/dags/data_stream.py took 0.231 seconds
[2025-03-20T03:55:29.940+0000] {processor.py:157} INFO - Started process (PID=48) to work on /opt/airflow/dags/data_stream.py
[2025-03-20T03:55:29.942+0000] {processor.py:829} INFO - Processing file /opt/airflow/dags/data_stream.py for tasks to queue
[2025-03-20T03:55:29.945+0000] {logging_mixin.py:151} INFO - [2025-03-20T03:55:29.944+0000] {dagbag.py:539} INFO - Filling up the DagBag from /opt/airflow/dags/data_stream.py
[2025-03-20T03:55:30.054+0000] {processor.py:839} INFO - DAG(s) dict_keys(['job_data_stream']) retrieved from /opt/airflow/dags/data_stream.py
[2025-03-20T03:55:30.086+0000] {logging_mixin.py:151} INFO - [2025-03-20T03:55:30.086+0000] {dag.py:2907} INFO - Sync 1 DAGs
[2025-03-20T03:55:30.121+0000] {logging_mixin.py:151} INFO - [2025-03-20T03:55:30.120+0000] {dag.py:3677} INFO - Setting next_dagrun for job_data_stream to 2025-03-20T00:00:00+00:00, run_after=2025-03-21T00:00:00+00:00
[2025-03-20T03:55:30.146+0000] {processor.py:179} INFO - Processing /opt/airflow/dags/data_stream.py took 0.210 seconds
[2025-03-20T03:56:00.182+0000] {processor.py:157} INFO - Started process (PID=49) to work on /opt/airflow/dags/data_stream.py
[2025-03-20T03:56:00.183+0000] {processor.py:829} INFO - Processing file /opt/airflow/dags/data_stream.py for tasks to queue
[2025-03-20T03:56:00.186+0000] {logging_mixin.py:151} INFO - [2025-03-20T03:56:00.185+0000] {dagbag.py:539} INFO - Filling up the DagBag from /opt/airflow/dags/data_stream.py
[2025-03-20T03:56:00.313+0000] {processor.py:839} INFO - DAG(s) dict_keys(['job_data_stream']) retrieved from /opt/airflow/dags/data_stream.py
[2025-03-20T03:56:00.342+0000] {logging_mixin.py:151} INFO - [2025-03-20T03:56:00.341+0000] {dag.py:2907} INFO - Sync 1 DAGs
[2025-03-20T03:56:00.368+0000] {logging_mixin.py:151} INFO - [2025-03-20T03:56:00.367+0000] {dag.py:3677} INFO - Setting next_dagrun for job_data_stream to 2025-03-20T00:00:00+00:00, run_after=2025-03-21T00:00:00+00:00
[2025-03-20T03:56:00.384+0000] {processor.py:179} INFO - Processing /opt/airflow/dags/data_stream.py took 0.208 seconds
[2025-03-20T03:56:30.537+0000] {processor.py:157} INFO - Started process (PID=50) to work on /opt/airflow/dags/data_stream.py
[2025-03-20T03:56:30.539+0000] {processor.py:829} INFO - Processing file /opt/airflow/dags/data_stream.py for tasks to queue
[2025-03-20T03:56:30.543+0000] {logging_mixin.py:151} INFO - [2025-03-20T03:56:30.542+0000] {dagbag.py:539} INFO - Filling up the DagBag from /opt/airflow/dags/data_stream.py
[2025-03-20T03:56:30.654+0000] {processor.py:839} INFO - DAG(s) dict_keys(['job_data_stream']) retrieved from /opt/airflow/dags/data_stream.py
[2025-03-20T03:56:30.683+0000] {logging_mixin.py:151} INFO - [2025-03-20T03:56:30.683+0000] {dag.py:2907} INFO - Sync 1 DAGs
[2025-03-20T03:56:30.706+0000] {logging_mixin.py:151} INFO - [2025-03-20T03:56:30.706+0000] {dag.py:3677} INFO - Setting next_dagrun for job_data_stream to 2025-03-20T00:00:00+00:00, run_after=2025-03-21T00:00:00+00:00
[2025-03-20T03:56:30.724+0000] {processor.py:179} INFO - Processing /opt/airflow/dags/data_stream.py took 0.193 seconds
[2025-03-20T03:57:00.863+0000] {processor.py:157} INFO - Started process (PID=51) to work on /opt/airflow/dags/data_stream.py
[2025-03-20T03:57:00.865+0000] {processor.py:829} INFO - Processing file /opt/airflow/dags/data_stream.py for tasks to queue
[2025-03-20T03:57:00.869+0000] {logging_mixin.py:151} INFO - [2025-03-20T03:57:00.869+0000] {dagbag.py:539} INFO - Filling up the DagBag from /opt/airflow/dags/data_stream.py
[2025-03-20T03:57:00.968+0000] {processor.py:839} INFO - DAG(s) dict_keys(['job_data_stream']) retrieved from /opt/airflow/dags/data_stream.py
[2025-03-20T03:57:00.994+0000] {logging_mixin.py:151} INFO - [2025-03-20T03:57:00.994+0000] {dag.py:2907} INFO - Sync 1 DAGs
[2025-03-20T03:57:01.017+0000] {logging_mixin.py:151} INFO - [2025-03-20T03:57:01.016+0000] {dag.py:3677} INFO - Setting next_dagrun for job_data_stream to 2025-03-20T00:00:00+00:00, run_after=2025-03-21T00:00:00+00:00
[2025-03-20T03:57:01.032+0000] {processor.py:179} INFO - Processing /opt/airflow/dags/data_stream.py took 0.176 seconds
[2025-03-20T03:57:31.239+0000] {processor.py:157} INFO - Started process (PID=52) to work on /opt/airflow/dags/data_stream.py
[2025-03-20T03:57:31.241+0000] {processor.py:829} INFO - Processing file /opt/airflow/dags/data_stream.py for tasks to queue
[2025-03-20T03:57:31.247+0000] {logging_mixin.py:151} INFO - [2025-03-20T03:57:31.246+0000] {dagbag.py:539} INFO - Filling up the DagBag from /opt/airflow/dags/data_stream.py
[2025-03-20T03:57:31.357+0000] {processor.py:839} INFO - DAG(s) dict_keys(['job_data_stream']) retrieved from /opt/airflow/dags/data_stream.py
[2025-03-20T03:57:31.384+0000] {logging_mixin.py:151} INFO - [2025-03-20T03:57:31.384+0000] {dag.py:2907} INFO - Sync 1 DAGs
[2025-03-20T03:57:31.407+0000] {logging_mixin.py:151} INFO - [2025-03-20T03:57:31.407+0000] {dag.py:3677} INFO - Setting next_dagrun for job_data_stream to 2025-03-20T00:00:00+00:00, run_after=2025-03-21T00:00:00+00:00
[2025-03-20T03:57:31.424+0000] {processor.py:179} INFO - Processing /opt/airflow/dags/data_stream.py took 0.191 seconds
[2025-03-20T03:58:01.558+0000] {processor.py:157} INFO - Started process (PID=53) to work on /opt/airflow/dags/data_stream.py
[2025-03-20T03:58:01.559+0000] {processor.py:829} INFO - Processing file /opt/airflow/dags/data_stream.py for tasks to queue
[2025-03-20T03:58:01.562+0000] {logging_mixin.py:151} INFO - [2025-03-20T03:58:01.562+0000] {dagbag.py:539} INFO - Filling up the DagBag from /opt/airflow/dags/data_stream.py
[2025-03-20T03:58:01.661+0000] {processor.py:839} INFO - DAG(s) dict_keys(['job_data_stream']) retrieved from /opt/airflow/dags/data_stream.py
[2025-03-20T03:58:01.691+0000] {logging_mixin.py:151} INFO - [2025-03-20T03:58:01.690+0000] {dag.py:2907} INFO - Sync 1 DAGs
[2025-03-20T03:58:01.719+0000] {logging_mixin.py:151} INFO - [2025-03-20T03:58:01.719+0000] {dag.py:3677} INFO - Setting next_dagrun for job_data_stream to 2025-03-20T00:00:00+00:00, run_after=2025-03-21T00:00:00+00:00
[2025-03-20T03:58:01.743+0000] {processor.py:179} INFO - Processing /opt/airflow/dags/data_stream.py took 0.189 seconds
[2025-03-20T03:58:31.985+0000] {processor.py:157} INFO - Started process (PID=54) to work on /opt/airflow/dags/data_stream.py
[2025-03-20T03:58:31.986+0000] {processor.py:829} INFO - Processing file /opt/airflow/dags/data_stream.py for tasks to queue
[2025-03-20T03:58:31.989+0000] {logging_mixin.py:151} INFO - [2025-03-20T03:58:31.989+0000] {dagbag.py:539} INFO - Filling up the DagBag from /opt/airflow/dags/data_stream.py
[2025-03-20T03:58:32.093+0000] {processor.py:839} INFO - DAG(s) dict_keys(['job_data_stream']) retrieved from /opt/airflow/dags/data_stream.py
[2025-03-20T03:58:32.123+0000] {logging_mixin.py:151} INFO - [2025-03-20T03:58:32.123+0000] {dag.py:2907} INFO - Sync 1 DAGs
[2025-03-20T03:58:32.146+0000] {logging_mixin.py:151} INFO - [2025-03-20T03:58:32.145+0000] {dag.py:3677} INFO - Setting next_dagrun for job_data_stream to 2025-03-20T00:00:00+00:00, run_after=2025-03-21T00:00:00+00:00
[2025-03-20T03:58:32.164+0000] {processor.py:179} INFO - Processing /opt/airflow/dags/data_stream.py took 0.182 seconds
[2025-03-20T03:59:02.233+0000] {processor.py:157} INFO - Started process (PID=55) to work on /opt/airflow/dags/data_stream.py
[2025-03-20T03:59:02.234+0000] {processor.py:829} INFO - Processing file /opt/airflow/dags/data_stream.py for tasks to queue
[2025-03-20T03:59:02.238+0000] {logging_mixin.py:151} INFO - [2025-03-20T03:59:02.237+0000] {dagbag.py:539} INFO - Filling up the DagBag from /opt/airflow/dags/data_stream.py
[2025-03-20T03:59:02.343+0000] {processor.py:839} INFO - DAG(s) dict_keys(['job_data_stream']) retrieved from /opt/airflow/dags/data_stream.py
[2025-03-20T03:59:02.373+0000] {logging_mixin.py:151} INFO - [2025-03-20T03:59:02.373+0000] {dag.py:2907} INFO - Sync 1 DAGs
[2025-03-20T03:59:02.398+0000] {logging_mixin.py:151} INFO - [2025-03-20T03:59:02.398+0000] {dag.py:3677} INFO - Setting next_dagrun for job_data_stream to 2025-03-20T00:00:00+00:00, run_after=2025-03-21T00:00:00+00:00
[2025-03-20T03:59:02.415+0000] {processor.py:179} INFO - Processing /opt/airflow/dags/data_stream.py took 0.186 seconds
[2025-03-20T03:59:32.620+0000] {processor.py:157} INFO - Started process (PID=56) to work on /opt/airflow/dags/data_stream.py
[2025-03-20T03:59:32.621+0000] {processor.py:829} INFO - Processing file /opt/airflow/dags/data_stream.py for tasks to queue
[2025-03-20T03:59:32.625+0000] {logging_mixin.py:151} INFO - [2025-03-20T03:59:32.625+0000] {dagbag.py:539} INFO - Filling up the DagBag from /opt/airflow/dags/data_stream.py
[2025-03-20T03:59:32.734+0000] {processor.py:839} INFO - DAG(s) dict_keys(['job_data_stream']) retrieved from /opt/airflow/dags/data_stream.py
[2025-03-20T03:59:32.761+0000] {logging_mixin.py:151} INFO - [2025-03-20T03:59:32.760+0000] {dag.py:2907} INFO - Sync 1 DAGs
[2025-03-20T03:59:32.782+0000] {logging_mixin.py:151} INFO - [2025-03-20T03:59:32.782+0000] {dag.py:3677} INFO - Setting next_dagrun for job_data_stream to 2025-03-20T00:00:00+00:00, run_after=2025-03-21T00:00:00+00:00
[2025-03-20T03:59:32.799+0000] {processor.py:179} INFO - Processing /opt/airflow/dags/data_stream.py took 0.184 seconds
[2025-03-20T04:00:02.916+0000] {processor.py:157} INFO - Started process (PID=57) to work on /opt/airflow/dags/data_stream.py
[2025-03-20T04:00:02.920+0000] {processor.py:829} INFO - Processing file /opt/airflow/dags/data_stream.py for tasks to queue
[2025-03-20T04:00:02.928+0000] {logging_mixin.py:151} INFO - [2025-03-20T04:00:02.927+0000] {dagbag.py:539} INFO - Filling up the DagBag from /opt/airflow/dags/data_stream.py
[2025-03-20T04:00:03.036+0000] {processor.py:839} INFO - DAG(s) dict_keys(['job_data_stream']) retrieved from /opt/airflow/dags/data_stream.py
[2025-03-20T04:00:03.063+0000] {logging_mixin.py:151} INFO - [2025-03-20T04:00:03.063+0000] {dag.py:2907} INFO - Sync 1 DAGs
[2025-03-20T04:00:03.085+0000] {logging_mixin.py:151} INFO - [2025-03-20T04:00:03.085+0000] {dag.py:3677} INFO - Setting next_dagrun for job_data_stream to 2025-03-20T00:00:00+00:00, run_after=2025-03-21T00:00:00+00:00
[2025-03-20T04:00:03.101+0000] {processor.py:179} INFO - Processing /opt/airflow/dags/data_stream.py took 0.201 seconds
[2025-03-20T04:00:33.245+0000] {processor.py:157} INFO - Started process (PID=58) to work on /opt/airflow/dags/data_stream.py
[2025-03-20T04:00:33.247+0000] {processor.py:829} INFO - Processing file /opt/airflow/dags/data_stream.py for tasks to queue
[2025-03-20T04:00:33.251+0000] {logging_mixin.py:151} INFO - [2025-03-20T04:00:33.250+0000] {dagbag.py:539} INFO - Filling up the DagBag from /opt/airflow/dags/data_stream.py
[2025-03-20T04:00:33.356+0000] {processor.py:839} INFO - DAG(s) dict_keys(['job_data_stream']) retrieved from /opt/airflow/dags/data_stream.py
[2025-03-20T04:00:33.384+0000] {logging_mixin.py:151} INFO - [2025-03-20T04:00:33.383+0000] {dag.py:2907} INFO - Sync 1 DAGs
[2025-03-20T04:00:33.407+0000] {logging_mixin.py:151} INFO - [2025-03-20T04:00:33.406+0000] {dag.py:3677} INFO - Setting next_dagrun for job_data_stream to 2025-03-20T00:00:00+00:00, run_after=2025-03-21T00:00:00+00:00
[2025-03-20T04:00:33.424+0000] {processor.py:179} INFO - Processing /opt/airflow/dags/data_stream.py took 0.184 seconds
[2025-03-20T04:01:03.609+0000] {processor.py:157} INFO - Started process (PID=59) to work on /opt/airflow/dags/data_stream.py
[2025-03-20T04:01:03.611+0000] {processor.py:829} INFO - Processing file /opt/airflow/dags/data_stream.py for tasks to queue
[2025-03-20T04:01:03.615+0000] {logging_mixin.py:151} INFO - [2025-03-20T04:01:03.615+0000] {dagbag.py:539} INFO - Filling up the DagBag from /opt/airflow/dags/data_stream.py
[2025-03-20T04:01:03.727+0000] {processor.py:839} INFO - DAG(s) dict_keys(['job_data_stream']) retrieved from /opt/airflow/dags/data_stream.py
[2025-03-20T04:01:03.755+0000] {logging_mixin.py:151} INFO - [2025-03-20T04:01:03.755+0000] {dag.py:2907} INFO - Sync 1 DAGs
[2025-03-20T04:01:03.778+0000] {logging_mixin.py:151} INFO - [2025-03-20T04:01:03.778+0000] {dag.py:3677} INFO - Setting next_dagrun for job_data_stream to 2025-03-20T00:00:00+00:00, run_after=2025-03-21T00:00:00+00:00
[2025-03-20T04:01:03.795+0000] {processor.py:179} INFO - Processing /opt/airflow/dags/data_stream.py took 0.193 seconds
[2025-03-20T04:01:33.914+0000] {processor.py:157} INFO - Started process (PID=60) to work on /opt/airflow/dags/data_stream.py
[2025-03-20T04:01:33.917+0000] {processor.py:829} INFO - Processing file /opt/airflow/dags/data_stream.py for tasks to queue
[2025-03-20T04:01:33.922+0000] {logging_mixin.py:151} INFO - [2025-03-20T04:01:33.921+0000] {dagbag.py:539} INFO - Filling up the DagBag from /opt/airflow/dags/data_stream.py
[2025-03-20T04:01:34.036+0000] {processor.py:839} INFO - DAG(s) dict_keys(['job_data_stream']) retrieved from /opt/airflow/dags/data_stream.py
[2025-03-20T04:01:34.062+0000] {logging_mixin.py:151} INFO - [2025-03-20T04:01:34.062+0000] {dag.py:2907} INFO - Sync 1 DAGs
[2025-03-20T04:01:34.084+0000] {logging_mixin.py:151} INFO - [2025-03-20T04:01:34.084+0000] {dag.py:3677} INFO - Setting next_dagrun for job_data_stream to 2025-03-20T00:00:00+00:00, run_after=2025-03-21T00:00:00+00:00
[2025-03-20T04:01:34.102+0000] {processor.py:179} INFO - Processing /opt/airflow/dags/data_stream.py took 0.199 seconds
[2025-03-20T04:02:04.258+0000] {processor.py:157} INFO - Started process (PID=61) to work on /opt/airflow/dags/data_stream.py
[2025-03-20T04:02:04.259+0000] {processor.py:829} INFO - Processing file /opt/airflow/dags/data_stream.py for tasks to queue
[2025-03-20T04:02:04.262+0000] {logging_mixin.py:151} INFO - [2025-03-20T04:02:04.262+0000] {dagbag.py:539} INFO - Filling up the DagBag from /opt/airflow/dags/data_stream.py
[2025-03-20T04:02:04.407+0000] {processor.py:839} INFO - DAG(s) dict_keys(['job_data_stream']) retrieved from /opt/airflow/dags/data_stream.py
[2025-03-20T04:02:04.437+0000] {logging_mixin.py:151} INFO - [2025-03-20T04:02:04.437+0000] {dag.py:2907} INFO - Sync 1 DAGs
[2025-03-20T04:02:04.463+0000] {logging_mixin.py:151} INFO - [2025-03-20T04:02:04.462+0000] {dag.py:3677} INFO - Setting next_dagrun for job_data_stream to 2025-03-20T00:00:00+00:00, run_after=2025-03-21T00:00:00+00:00
[2025-03-20T04:02:04.481+0000] {processor.py:179} INFO - Processing /opt/airflow/dags/data_stream.py took 0.227 seconds
[2025-03-20T04:02:34.571+0000] {processor.py:157} INFO - Started process (PID=62) to work on /opt/airflow/dags/data_stream.py
[2025-03-20T04:02:34.573+0000] {processor.py:829} INFO - Processing file /opt/airflow/dags/data_stream.py for tasks to queue
[2025-03-20T04:02:34.577+0000] {logging_mixin.py:151} INFO - [2025-03-20T04:02:34.577+0000] {dagbag.py:539} INFO - Filling up the DagBag from /opt/airflow/dags/data_stream.py
[2025-03-20T04:02:34.685+0000] {processor.py:839} INFO - DAG(s) dict_keys(['job_data_stream']) retrieved from /opt/airflow/dags/data_stream.py
[2025-03-20T04:02:34.713+0000] {logging_mixin.py:151} INFO - [2025-03-20T04:02:34.713+0000] {dag.py:2907} INFO - Sync 1 DAGs
[2025-03-20T04:02:34.737+0000] {logging_mixin.py:151} INFO - [2025-03-20T04:02:34.737+0000] {dag.py:3677} INFO - Setting next_dagrun for job_data_stream to 2025-03-20T00:00:00+00:00, run_after=2025-03-21T00:00:00+00:00
[2025-03-20T04:02:34.755+0000] {processor.py:179} INFO - Processing /opt/airflow/dags/data_stream.py took 0.191 seconds
[2025-03-20T04:03:05.003+0000] {processor.py:157} INFO - Started process (PID=63) to work on /opt/airflow/dags/data_stream.py
[2025-03-20T04:03:05.009+0000] {processor.py:829} INFO - Processing file /opt/airflow/dags/data_stream.py for tasks to queue
[2025-03-20T04:03:05.026+0000] {logging_mixin.py:151} INFO - [2025-03-20T04:03:05.025+0000] {dagbag.py:539} INFO - Filling up the DagBag from /opt/airflow/dags/data_stream.py
[2025-03-20T04:03:05.182+0000] {processor.py:839} INFO - DAG(s) dict_keys(['job_data_stream']) retrieved from /opt/airflow/dags/data_stream.py
[2025-03-20T04:03:05.215+0000] {logging_mixin.py:151} INFO - [2025-03-20T04:03:05.214+0000] {dag.py:2907} INFO - Sync 1 DAGs
[2025-03-20T04:03:05.237+0000] {logging_mixin.py:151} INFO - [2025-03-20T04:03:05.237+0000] {dag.py:3677} INFO - Setting next_dagrun for job_data_stream to 2025-03-20T00:00:00+00:00, run_after=2025-03-21T00:00:00+00:00
[2025-03-20T04:03:05.254+0000] {processor.py:179} INFO - Processing /opt/airflow/dags/data_stream.py took 0.270 seconds
[2025-03-20T04:03:35.348+0000] {processor.py:157} INFO - Started process (PID=64) to work on /opt/airflow/dags/data_stream.py
[2025-03-20T04:03:35.351+0000] {processor.py:829} INFO - Processing file /opt/airflow/dags/data_stream.py for tasks to queue
[2025-03-20T04:03:35.356+0000] {logging_mixin.py:151} INFO - [2025-03-20T04:03:35.356+0000] {dagbag.py:539} INFO - Filling up the DagBag from /opt/airflow/dags/data_stream.py
[2025-03-20T04:03:35.467+0000] {processor.py:839} INFO - DAG(s) dict_keys(['job_data_stream']) retrieved from /opt/airflow/dags/data_stream.py
[2025-03-20T04:03:35.500+0000] {logging_mixin.py:151} INFO - [2025-03-20T04:03:35.499+0000] {dag.py:2907} INFO - Sync 1 DAGs
[2025-03-20T04:03:35.524+0000] {logging_mixin.py:151} INFO - [2025-03-20T04:03:35.524+0000] {dag.py:3677} INFO - Setting next_dagrun for job_data_stream to 2025-03-20T00:00:00+00:00, run_after=2025-03-21T00:00:00+00:00
[2025-03-20T04:03:35.540+0000] {processor.py:179} INFO - Processing /opt/airflow/dags/data_stream.py took 0.203 seconds
[2025-03-20T04:04:05.734+0000] {processor.py:157} INFO - Started process (PID=65) to work on /opt/airflow/dags/data_stream.py
[2025-03-20T04:04:05.735+0000] {processor.py:829} INFO - Processing file /opt/airflow/dags/data_stream.py for tasks to queue
[2025-03-20T04:04:05.737+0000] {logging_mixin.py:151} INFO - [2025-03-20T04:04:05.737+0000] {dagbag.py:539} INFO - Filling up the DagBag from /opt/airflow/dags/data_stream.py
[2025-03-20T04:04:05.841+0000] {processor.py:839} INFO - DAG(s) dict_keys(['job_data_stream']) retrieved from /opt/airflow/dags/data_stream.py
[2025-03-20T04:04:05.868+0000] {logging_mixin.py:151} INFO - [2025-03-20T04:04:05.868+0000] {dag.py:2907} INFO - Sync 1 DAGs
[2025-03-20T04:04:05.891+0000] {logging_mixin.py:151} INFO - [2025-03-20T04:04:05.890+0000] {dag.py:3677} INFO - Setting next_dagrun for job_data_stream to 2025-03-20T00:00:00+00:00, run_after=2025-03-21T00:00:00+00:00
[2025-03-20T04:04:05.952+0000] {processor.py:179} INFO - Processing /opt/airflow/dags/data_stream.py took 0.222 seconds
[2025-03-20T04:09:09.084+0000] {processor.py:157} INFO - Started process (PID=33) to work on /opt/airflow/dags/data_stream.py
[2025-03-20T04:09:09.086+0000] {processor.py:829} INFO - Processing file /opt/airflow/dags/data_stream.py for tasks to queue
[2025-03-20T04:09:09.089+0000] {logging_mixin.py:151} INFO - [2025-03-20T04:09:09.089+0000] {dagbag.py:539} INFO - Filling up the DagBag from /opt/airflow/dags/data_stream.py
[2025-03-20T04:09:09.670+0000] {processor.py:839} INFO - DAG(s) dict_keys(['job_data_stream']) retrieved from /opt/airflow/dags/data_stream.py
[2025-03-20T04:09:09.738+0000] {logging_mixin.py:151} INFO - [2025-03-20T04:09:09.738+0000] {dag.py:2907} INFO - Sync 1 DAGs
[2025-03-20T04:09:09.784+0000] {logging_mixin.py:151} INFO - [2025-03-20T04:09:09.784+0000] {dag.py:3677} INFO - Setting next_dagrun for job_data_stream to 2025-03-20T00:00:00+00:00, run_after=2025-03-21T00:00:00+00:00
[2025-03-20T04:09:09.826+0000] {processor.py:179} INFO - Processing /opt/airflow/dags/data_stream.py took 0.746 seconds
[2025-03-20T04:09:40.030+0000] {processor.py:157} INFO - Started process (PID=34) to work on /opt/airflow/dags/data_stream.py
[2025-03-20T04:09:40.031+0000] {processor.py:829} INFO - Processing file /opt/airflow/dags/data_stream.py for tasks to queue
[2025-03-20T04:09:40.034+0000] {logging_mixin.py:151} INFO - [2025-03-20T04:09:40.034+0000] {dagbag.py:539} INFO - Filling up the DagBag from /opt/airflow/dags/data_stream.py
[2025-03-20T04:09:40.277+0000] {processor.py:839} INFO - DAG(s) dict_keys(['job_data_stream']) retrieved from /opt/airflow/dags/data_stream.py
[2025-03-20T04:09:40.305+0000] {logging_mixin.py:151} INFO - [2025-03-20T04:09:40.305+0000] {dag.py:2907} INFO - Sync 1 DAGs
[2025-03-20T04:09:40.330+0000] {logging_mixin.py:151} INFO - [2025-03-20T04:09:40.329+0000] {dag.py:3677} INFO - Setting next_dagrun for job_data_stream to 2025-03-20T00:00:00+00:00, run_after=2025-03-21T00:00:00+00:00
[2025-03-20T04:09:40.347+0000] {processor.py:179} INFO - Processing /opt/airflow/dags/data_stream.py took 0.321 seconds
[2025-03-20T04:10:19.039+0000] {processor.py:157} INFO - Started process (PID=33) to work on /opt/airflow/dags/data_stream.py
[2025-03-20T04:10:19.041+0000] {processor.py:829} INFO - Processing file /opt/airflow/dags/data_stream.py for tasks to queue
[2025-03-20T04:10:19.046+0000] {logging_mixin.py:151} INFO - [2025-03-20T04:10:19.045+0000] {dagbag.py:539} INFO - Filling up the DagBag from /opt/airflow/dags/data_stream.py
[2025-03-20T04:10:19.322+0000] {processor.py:839} INFO - DAG(s) dict_keys(['job_data_stream']) retrieved from /opt/airflow/dags/data_stream.py
[2025-03-20T04:10:19.369+0000] {logging_mixin.py:151} INFO - [2025-03-20T04:10:19.369+0000] {dag.py:2907} INFO - Sync 1 DAGs
[2025-03-20T04:10:19.392+0000] {logging_mixin.py:151} INFO - [2025-03-20T04:10:19.392+0000] {dag.py:3677} INFO - Setting next_dagrun for job_data_stream to 2025-03-20T00:00:00+00:00, run_after=2025-03-21T00:00:00+00:00
[2025-03-20T04:10:19.414+0000] {processor.py:179} INFO - Processing /opt/airflow/dags/data_stream.py took 0.382 seconds
[2025-03-20T04:10:49.616+0000] {processor.py:157} INFO - Started process (PID=34) to work on /opt/airflow/dags/data_stream.py
[2025-03-20T04:10:49.618+0000] {processor.py:829} INFO - Processing file /opt/airflow/dags/data_stream.py for tasks to queue
[2025-03-20T04:10:49.621+0000] {logging_mixin.py:151} INFO - [2025-03-20T04:10:49.621+0000] {dagbag.py:539} INFO - Filling up the DagBag from /opt/airflow/dags/data_stream.py
[2025-03-20T04:10:49.857+0000] {processor.py:839} INFO - DAG(s) dict_keys(['job_data_stream']) retrieved from /opt/airflow/dags/data_stream.py
[2025-03-20T04:10:49.884+0000] {logging_mixin.py:151} INFO - [2025-03-20T04:10:49.884+0000] {dag.py:2907} INFO - Sync 1 DAGs
[2025-03-20T04:10:49.907+0000] {logging_mixin.py:151} INFO - [2025-03-20T04:10:49.906+0000] {dag.py:3677} INFO - Setting next_dagrun for job_data_stream to 2025-03-20T00:00:00+00:00, run_after=2025-03-21T00:00:00+00:00
[2025-03-20T04:10:49.925+0000] {processor.py:179} INFO - Processing /opt/airflow/dags/data_stream.py took 0.314 seconds
[2025-03-20T04:12:09.357+0000] {processor.py:157} INFO - Started process (PID=33) to work on /opt/airflow/dags/data_stream.py
[2025-03-20T04:12:09.359+0000] {processor.py:829} INFO - Processing file /opt/airflow/dags/data_stream.py for tasks to queue
[2025-03-20T04:12:09.363+0000] {logging_mixin.py:151} INFO - [2025-03-20T04:12:09.362+0000] {dagbag.py:539} INFO - Filling up the DagBag from /opt/airflow/dags/data_stream.py
[2025-03-20T04:12:09.702+0000] {processor.py:839} INFO - DAG(s) dict_keys(['job_data_stream']) retrieved from /opt/airflow/dags/data_stream.py
[2025-03-20T04:12:09.779+0000] {logging_mixin.py:151} INFO - [2025-03-20T04:12:09.779+0000] {dag.py:2907} INFO - Sync 1 DAGs
[2025-03-20T04:12:09.803+0000] {logging_mixin.py:151} INFO - [2025-03-20T04:12:09.803+0000] {dag.py:3677} INFO - Setting next_dagrun for job_data_stream to 2025-03-20T00:00:00+00:00, run_after=2025-03-21T00:00:00+00:00
[2025-03-20T04:12:09.823+0000] {processor.py:179} INFO - Processing /opt/airflow/dags/data_stream.py took 0.470 seconds
[2025-03-20T04:12:40.096+0000] {processor.py:157} INFO - Started process (PID=34) to work on /opt/airflow/dags/data_stream.py
[2025-03-20T04:12:40.099+0000] {processor.py:829} INFO - Processing file /opt/airflow/dags/data_stream.py for tasks to queue
[2025-03-20T04:12:40.105+0000] {logging_mixin.py:151} INFO - [2025-03-20T04:12:40.104+0000] {dagbag.py:539} INFO - Filling up the DagBag from /opt/airflow/dags/data_stream.py
[2025-03-20T04:12:40.365+0000] {processor.py:839} INFO - DAG(s) dict_keys(['job_data_stream']) retrieved from /opt/airflow/dags/data_stream.py
[2025-03-20T04:12:40.392+0000] {logging_mixin.py:151} INFO - [2025-03-20T04:12:40.392+0000] {dag.py:2907} INFO - Sync 1 DAGs
[2025-03-20T04:12:40.417+0000] {logging_mixin.py:151} INFO - [2025-03-20T04:12:40.417+0000] {dag.py:3677} INFO - Setting next_dagrun for job_data_stream to 2025-03-20T00:00:00+00:00, run_after=2025-03-21T00:00:00+00:00
[2025-03-20T04:12:40.435+0000] {processor.py:179} INFO - Processing /opt/airflow/dags/data_stream.py took 0.359 seconds
[2025-03-20T04:13:10.668+0000] {processor.py:157} INFO - Started process (PID=35) to work on /opt/airflow/dags/data_stream.py
[2025-03-20T04:13:10.671+0000] {processor.py:829} INFO - Processing file /opt/airflow/dags/data_stream.py for tasks to queue
[2025-03-20T04:13:10.679+0000] {logging_mixin.py:151} INFO - [2025-03-20T04:13:10.678+0000] {dagbag.py:539} INFO - Filling up the DagBag from /opt/airflow/dags/data_stream.py
[2025-03-20T04:13:11.251+0000] {processor.py:839} INFO - DAG(s) dict_keys(['job_data_stream']) retrieved from /opt/airflow/dags/data_stream.py
[2025-03-20T04:13:11.293+0000] {logging_mixin.py:151} INFO - [2025-03-20T04:13:11.293+0000] {dag.py:2907} INFO - Sync 1 DAGs
[2025-03-20T04:13:11.330+0000] {logging_mixin.py:151} INFO - [2025-03-20T04:13:11.330+0000] {dag.py:3677} INFO - Setting next_dagrun for job_data_stream to 2025-03-20T00:00:00+00:00, run_after=2025-03-21T00:00:00+00:00
[2025-03-20T04:13:11.359+0000] {processor.py:179} INFO - Processing /opt/airflow/dags/data_stream.py took 0.701 seconds
[2025-03-20T04:13:41.494+0000] {processor.py:157} INFO - Started process (PID=36) to work on /opt/airflow/dags/data_stream.py
[2025-03-20T04:13:41.495+0000] {processor.py:829} INFO - Processing file /opt/airflow/dags/data_stream.py for tasks to queue
[2025-03-20T04:13:41.498+0000] {logging_mixin.py:151} INFO - [2025-03-20T04:13:41.497+0000] {dagbag.py:539} INFO - Filling up the DagBag from /opt/airflow/dags/data_stream.py
[2025-03-20T04:13:41.932+0000] {processor.py:839} INFO - DAG(s) dict_keys(['job_data_stream']) retrieved from /opt/airflow/dags/data_stream.py
[2025-03-20T04:13:41.972+0000] {logging_mixin.py:151} INFO - [2025-03-20T04:13:41.972+0000] {dag.py:2907} INFO - Sync 1 DAGs
[2025-03-20T04:13:42.000+0000] {logging_mixin.py:151} INFO - [2025-03-20T04:13:42.000+0000] {dag.py:3677} INFO - Setting next_dagrun for job_data_stream to 2025-03-20T00:00:00+00:00, run_after=2025-03-21T00:00:00+00:00
[2025-03-20T04:13:42.020+0000] {processor.py:179} INFO - Processing /opt/airflow/dags/data_stream.py took 0.533 seconds
[2025-03-20T04:14:12.217+0000] {processor.py:157} INFO - Started process (PID=37) to work on /opt/airflow/dags/data_stream.py
[2025-03-20T04:14:12.218+0000] {processor.py:829} INFO - Processing file /opt/airflow/dags/data_stream.py for tasks to queue
[2025-03-20T04:14:12.223+0000] {logging_mixin.py:151} INFO - [2025-03-20T04:14:12.222+0000] {dagbag.py:539} INFO - Filling up the DagBag from /opt/airflow/dags/data_stream.py
[2025-03-20T04:14:12.451+0000] {processor.py:839} INFO - DAG(s) dict_keys(['job_data_stream']) retrieved from /opt/airflow/dags/data_stream.py
[2025-03-20T04:14:12.481+0000] {logging_mixin.py:151} INFO - [2025-03-20T04:14:12.481+0000] {dag.py:2907} INFO - Sync 1 DAGs
[2025-03-20T04:14:12.503+0000] {logging_mixin.py:151} INFO - [2025-03-20T04:14:12.503+0000] {dag.py:3677} INFO - Setting next_dagrun for job_data_stream to 2025-03-20T00:00:00+00:00, run_after=2025-03-21T00:00:00+00:00
[2025-03-20T04:14:12.522+0000] {processor.py:179} INFO - Processing /opt/airflow/dags/data_stream.py took 0.311 seconds
[2025-03-20T04:14:42.694+0000] {processor.py:157} INFO - Started process (PID=38) to work on /opt/airflow/dags/data_stream.py
[2025-03-20T04:14:42.696+0000] {processor.py:829} INFO - Processing file /opt/airflow/dags/data_stream.py for tasks to queue
[2025-03-20T04:14:42.699+0000] {logging_mixin.py:151} INFO - [2025-03-20T04:14:42.698+0000] {dagbag.py:539} INFO - Filling up the DagBag from /opt/airflow/dags/data_stream.py
[2025-03-20T04:14:42.913+0000] {processor.py:839} INFO - DAG(s) dict_keys(['job_data_stream']) retrieved from /opt/airflow/dags/data_stream.py
[2025-03-20T04:14:42.938+0000] {logging_mixin.py:151} INFO - [2025-03-20T04:14:42.937+0000] {dag.py:2907} INFO - Sync 1 DAGs
[2025-03-20T04:14:42.959+0000] {logging_mixin.py:151} INFO - [2025-03-20T04:14:42.959+0000] {dag.py:3677} INFO - Setting next_dagrun for job_data_stream to 2025-03-20T00:00:00+00:00, run_after=2025-03-21T00:00:00+00:00
[2025-03-20T04:14:42.975+0000] {processor.py:179} INFO - Processing /opt/airflow/dags/data_stream.py took 0.285 seconds
[2025-03-20T04:15:13.198+0000] {processor.py:157} INFO - Started process (PID=39) to work on /opt/airflow/dags/data_stream.py
[2025-03-20T04:15:13.200+0000] {processor.py:829} INFO - Processing file /opt/airflow/dags/data_stream.py for tasks to queue
[2025-03-20T04:15:13.204+0000] {logging_mixin.py:151} INFO - [2025-03-20T04:15:13.203+0000] {dagbag.py:539} INFO - Filling up the DagBag from /opt/airflow/dags/data_stream.py
[2025-03-20T04:15:13.334+0000] {processor.py:839} INFO - DAG(s) dict_keys(['job_data_stream']) retrieved from /opt/airflow/dags/data_stream.py
[2025-03-20T04:15:13.364+0000] {logging_mixin.py:151} INFO - [2025-03-20T04:15:13.364+0000] {dag.py:2907} INFO - Sync 1 DAGs
[2025-03-20T04:15:13.393+0000] {logging_mixin.py:151} INFO - [2025-03-20T04:15:13.393+0000] {dag.py:3677} INFO - Setting next_dagrun for job_data_stream to 2025-03-20T00:00:00+00:00, run_after=2025-03-21T00:00:00+00:00
[2025-03-20T04:15:13.414+0000] {processor.py:179} INFO - Processing /opt/airflow/dags/data_stream.py took 0.223 seconds
[2025-03-20T04:15:43.601+0000] {processor.py:157} INFO - Started process (PID=40) to work on /opt/airflow/dags/data_stream.py
[2025-03-20T04:15:43.603+0000] {processor.py:829} INFO - Processing file /opt/airflow/dags/data_stream.py for tasks to queue
[2025-03-20T04:15:43.605+0000] {logging_mixin.py:151} INFO - [2025-03-20T04:15:43.605+0000] {dagbag.py:539} INFO - Filling up the DagBag from /opt/airflow/dags/data_stream.py
[2025-03-20T04:15:43.702+0000] {processor.py:839} INFO - DAG(s) dict_keys(['job_data_stream']) retrieved from /opt/airflow/dags/data_stream.py
[2025-03-20T04:15:43.728+0000] {logging_mixin.py:151} INFO - [2025-03-20T04:15:43.728+0000] {dag.py:2907} INFO - Sync 1 DAGs
[2025-03-20T04:15:43.750+0000] {logging_mixin.py:151} INFO - [2025-03-20T04:15:43.750+0000] {dag.py:3677} INFO - Setting next_dagrun for job_data_stream to 2025-03-20T00:00:00+00:00, run_after=2025-03-21T00:00:00+00:00
[2025-03-20T04:15:43.767+0000] {processor.py:179} INFO - Processing /opt/airflow/dags/data_stream.py took 0.170 seconds
[2025-03-20T04:16:13.824+0000] {processor.py:157} INFO - Started process (PID=41) to work on /opt/airflow/dags/data_stream.py
[2025-03-20T04:16:13.825+0000] {processor.py:829} INFO - Processing file /opt/airflow/dags/data_stream.py for tasks to queue
[2025-03-20T04:16:13.828+0000] {logging_mixin.py:151} INFO - [2025-03-20T04:16:13.827+0000] {dagbag.py:539} INFO - Filling up the DagBag from /opt/airflow/dags/data_stream.py
[2025-03-20T04:16:13.929+0000] {processor.py:839} INFO - DAG(s) dict_keys(['job_data_stream']) retrieved from /opt/airflow/dags/data_stream.py
[2025-03-20T04:16:13.957+0000] {logging_mixin.py:151} INFO - [2025-03-20T04:16:13.957+0000] {dag.py:2907} INFO - Sync 1 DAGs
[2025-03-20T04:16:13.979+0000] {logging_mixin.py:151} INFO - [2025-03-20T04:16:13.979+0000] {dag.py:3677} INFO - Setting next_dagrun for job_data_stream to 2025-03-20T00:00:00+00:00, run_after=2025-03-21T00:00:00+00:00
[2025-03-20T04:16:13.995+0000] {processor.py:179} INFO - Processing /opt/airflow/dags/data_stream.py took 0.176 seconds
[2025-03-20T04:16:44.151+0000] {processor.py:157} INFO - Started process (PID=42) to work on /opt/airflow/dags/data_stream.py
[2025-03-20T04:16:44.152+0000] {processor.py:829} INFO - Processing file /opt/airflow/dags/data_stream.py for tasks to queue
[2025-03-20T04:16:44.156+0000] {logging_mixin.py:151} INFO - [2025-03-20T04:16:44.156+0000] {dagbag.py:539} INFO - Filling up the DagBag from /opt/airflow/dags/data_stream.py
[2025-03-20T04:16:44.254+0000] {processor.py:839} INFO - DAG(s) dict_keys(['job_data_stream']) retrieved from /opt/airflow/dags/data_stream.py
[2025-03-20T04:16:44.279+0000] {logging_mixin.py:151} INFO - [2025-03-20T04:16:44.279+0000] {dag.py:2907} INFO - Sync 1 DAGs
[2025-03-20T04:16:44.300+0000] {logging_mixin.py:151} INFO - [2025-03-20T04:16:44.300+0000] {dag.py:3677} INFO - Setting next_dagrun for job_data_stream to 2025-03-20T00:00:00+00:00, run_after=2025-03-21T00:00:00+00:00
[2025-03-20T04:16:44.316+0000] {processor.py:179} INFO - Processing /opt/airflow/dags/data_stream.py took 0.170 seconds
[2025-03-20T04:17:14.403+0000] {processor.py:157} INFO - Started process (PID=43) to work on /opt/airflow/dags/data_stream.py
[2025-03-20T04:17:14.404+0000] {processor.py:829} INFO - Processing file /opt/airflow/dags/data_stream.py for tasks to queue
[2025-03-20T04:17:14.408+0000] {logging_mixin.py:151} INFO - [2025-03-20T04:17:14.407+0000] {dagbag.py:539} INFO - Filling up the DagBag from /opt/airflow/dags/data_stream.py
[2025-03-20T04:17:14.505+0000] {processor.py:839} INFO - DAG(s) dict_keys(['job_data_stream']) retrieved from /opt/airflow/dags/data_stream.py
[2025-03-20T04:17:14.531+0000] {logging_mixin.py:151} INFO - [2025-03-20T04:17:14.530+0000] {dag.py:2907} INFO - Sync 1 DAGs
[2025-03-20T04:17:14.552+0000] {logging_mixin.py:151} INFO - [2025-03-20T04:17:14.552+0000] {dag.py:3677} INFO - Setting next_dagrun for job_data_stream to 2025-03-20T00:00:00+00:00, run_after=2025-03-21T00:00:00+00:00
[2025-03-20T04:17:14.568+0000] {processor.py:179} INFO - Processing /opt/airflow/dags/data_stream.py took 0.169 seconds
[2025-03-20T04:17:44.727+0000] {processor.py:157} INFO - Started process (PID=44) to work on /opt/airflow/dags/data_stream.py
[2025-03-20T04:17:44.730+0000] {processor.py:829} INFO - Processing file /opt/airflow/dags/data_stream.py for tasks to queue
[2025-03-20T04:17:44.733+0000] {logging_mixin.py:151} INFO - [2025-03-20T04:17:44.733+0000] {dagbag.py:539} INFO - Filling up the DagBag from /opt/airflow/dags/data_stream.py
[2025-03-20T04:17:44.835+0000] {processor.py:839} INFO - DAG(s) dict_keys(['job_data_stream']) retrieved from /opt/airflow/dags/data_stream.py
[2025-03-20T04:17:44.862+0000] {logging_mixin.py:151} INFO - [2025-03-20T04:17:44.862+0000] {dag.py:2907} INFO - Sync 1 DAGs
[2025-03-20T04:17:44.888+0000] {logging_mixin.py:151} INFO - [2025-03-20T04:17:44.887+0000] {dag.py:3677} INFO - Setting next_dagrun for job_data_stream to 2025-03-20T00:00:00+00:00, run_after=2025-03-21T00:00:00+00:00
[2025-03-20T04:17:44.910+0000] {processor.py:179} INFO - Processing /opt/airflow/dags/data_stream.py took 0.189 seconds
[2025-03-20T04:18:14.946+0000] {processor.py:157} INFO - Started process (PID=45) to work on /opt/airflow/dags/data_stream.py
[2025-03-20T04:18:14.947+0000] {processor.py:829} INFO - Processing file /opt/airflow/dags/data_stream.py for tasks to queue
[2025-03-20T04:18:14.950+0000] {logging_mixin.py:151} INFO - [2025-03-20T04:18:14.950+0000] {dagbag.py:539} INFO - Filling up the DagBag from /opt/airflow/dags/data_stream.py
[2025-03-20T04:18:15.087+0000] {processor.py:839} INFO - DAG(s) dict_keys(['job_data_stream']) retrieved from /opt/airflow/dags/data_stream.py
[2025-03-20T04:18:15.114+0000] {logging_mixin.py:151} INFO - [2025-03-20T04:18:15.114+0000] {dag.py:2907} INFO - Sync 1 DAGs
[2025-03-20T04:18:15.137+0000] {logging_mixin.py:151} INFO - [2025-03-20T04:18:15.137+0000] {dag.py:3677} INFO - Setting next_dagrun for job_data_stream to 2025-03-20T00:00:00+00:00, run_after=2025-03-21T00:00:00+00:00
[2025-03-20T04:18:15.154+0000] {processor.py:179} INFO - Processing /opt/airflow/dags/data_stream.py took 0.212 seconds
[2025-03-20T04:18:45.261+0000] {processor.py:157} INFO - Started process (PID=46) to work on /opt/airflow/dags/data_stream.py
[2025-03-20T04:18:45.264+0000] {processor.py:829} INFO - Processing file /opt/airflow/dags/data_stream.py for tasks to queue
[2025-03-20T04:18:45.267+0000] {logging_mixin.py:151} INFO - [2025-03-20T04:18:45.266+0000] {dagbag.py:539} INFO - Filling up the DagBag from /opt/airflow/dags/data_stream.py
[2025-03-20T04:18:45.388+0000] {processor.py:839} INFO - DAG(s) dict_keys(['job_data_stream']) retrieved from /opt/airflow/dags/data_stream.py
[2025-03-20T04:18:45.418+0000] {logging_mixin.py:151} INFO - [2025-03-20T04:18:45.418+0000] {dag.py:2907} INFO - Sync 1 DAGs
[2025-03-20T04:18:45.442+0000] {logging_mixin.py:151} INFO - [2025-03-20T04:18:45.441+0000] {dag.py:3677} INFO - Setting next_dagrun for job_data_stream to 2025-03-20T00:00:00+00:00, run_after=2025-03-21T00:00:00+00:00
[2025-03-20T04:18:45.461+0000] {processor.py:179} INFO - Processing /opt/airflow/dags/data_stream.py took 0.203 seconds
[2025-03-20T04:19:15.564+0000] {processor.py:157} INFO - Started process (PID=47) to work on /opt/airflow/dags/data_stream.py
[2025-03-20T04:19:15.566+0000] {processor.py:829} INFO - Processing file /opt/airflow/dags/data_stream.py for tasks to queue
[2025-03-20T04:19:15.570+0000] {logging_mixin.py:151} INFO - [2025-03-20T04:19:15.570+0000] {dagbag.py:539} INFO - Filling up the DagBag from /opt/airflow/dags/data_stream.py
[2025-03-20T04:19:15.692+0000] {processor.py:839} INFO - DAG(s) dict_keys(['job_data_stream']) retrieved from /opt/airflow/dags/data_stream.py
[2025-03-20T04:19:15.722+0000] {logging_mixin.py:151} INFO - [2025-03-20T04:19:15.722+0000] {dag.py:2907} INFO - Sync 1 DAGs
[2025-03-20T04:19:15.750+0000] {logging_mixin.py:151} INFO - [2025-03-20T04:19:15.750+0000] {dag.py:3677} INFO - Setting next_dagrun for job_data_stream to 2025-03-20T00:00:00+00:00, run_after=2025-03-21T00:00:00+00:00
[2025-03-20T04:19:15.767+0000] {processor.py:179} INFO - Processing /opt/airflow/dags/data_stream.py took 0.209 seconds
[2025-03-20T04:19:45.883+0000] {processor.py:157} INFO - Started process (PID=48) to work on /opt/airflow/dags/data_stream.py
[2025-03-20T04:19:45.885+0000] {processor.py:829} INFO - Processing file /opt/airflow/dags/data_stream.py for tasks to queue
[2025-03-20T04:19:45.889+0000] {logging_mixin.py:151} INFO - [2025-03-20T04:19:45.888+0000] {dagbag.py:539} INFO - Filling up the DagBag from /opt/airflow/dags/data_stream.py
[2025-03-20T04:19:46.037+0000] {processor.py:839} INFO - DAG(s) dict_keys(['job_data_stream']) retrieved from /opt/airflow/dags/data_stream.py
[2025-03-20T04:19:46.078+0000] {logging_mixin.py:151} INFO - [2025-03-20T04:19:46.077+0000] {dag.py:2907} INFO - Sync 1 DAGs
[2025-03-20T04:19:46.116+0000] {logging_mixin.py:151} INFO - [2025-03-20T04:19:46.116+0000] {dag.py:3677} INFO - Setting next_dagrun for job_data_stream to 2025-03-20T00:00:00+00:00, run_after=2025-03-21T00:00:00+00:00
[2025-03-20T04:19:46.144+0000] {processor.py:179} INFO - Processing /opt/airflow/dags/data_stream.py took 0.267 seconds
