[2025-03-09T03:16:37.553+0000] {taskinstance.py:1159} INFO - Dependencies all met for dep_context=non-requeueable deps ti=<TaskInstance: stream_data.stream_data manual__2025-03-09T03:16:35.575341+00:00 [queued]>
[2025-03-09T03:16:37.566+0000] {taskinstance.py:1159} INFO - Dependencies all met for dep_context=requeueable deps ti=<TaskInstance: stream_data.stream_data manual__2025-03-09T03:16:35.575341+00:00 [queued]>
[2025-03-09T03:16:37.567+0000] {taskinstance.py:1361} INFO - Starting attempt 1 of 1
[2025-03-09T03:16:37.583+0000] {taskinstance.py:1382} INFO - Executing <Task(PythonOperator): stream_data> on 2025-03-09 03:16:35.575341+00:00
[2025-03-09T03:16:37.589+0000] {standard_task_runner.py:57} INFO - Started process 51 to run task
[2025-03-09T03:16:37.594+0000] {standard_task_runner.py:84} INFO - Running: ['***', 'tasks', 'run', 'stream_data', 'stream_data', 'manual__2025-03-09T03:16:35.575341+00:00', '--job-id', '19', '--raw', '--subdir', 'DAGS_FOLDER/data_stream.py', '--cfg-path', '/tmp/tmpe8ekqruq']
[2025-03-09T03:16:37.596+0000] {standard_task_runner.py:85} INFO - Job 19: Subtask stream_data
[2025-03-09T03:16:37.687+0000] {task_command.py:415} INFO - Running <TaskInstance: stream_data.stream_data manual__2025-03-09T03:16:35.575341+00:00 [running]> on host 490145d03e49
[2025-03-09T03:16:37.827+0000] {taskinstance.py:1660} INFO - Exporting env vars: AIRFLOW_CTX_DAG_OWNER='dii' AIRFLOW_CTX_DAG_ID='stream_data' AIRFLOW_CTX_TASK_ID='stream_data' AIRFLOW_CTX_EXECUTION_DATE='2025-03-09T03:16:35.575341+00:00' AIRFLOW_CTX_TRY_NUMBER='1' AIRFLOW_CTX_DAG_RUN_ID='manual__2025-03-09T03:16:35.575341+00:00'
[2025-03-09T03:16:37.834+0000] {conn.py:384} INFO - <BrokerConnection client_id=kafka-python-producer-1, node_id=bootstrap-0 host=broker:29092 <connecting> [IPv4 ('172.18.0.7', 29092)]>: connecting to broker:29092 [('172.18.0.7', 29092) IPv4]
[2025-03-09T03:16:37.834+0000] {conn.py:1219} INFO - Probing node bootstrap-0 broker version
[2025-03-09T03:16:37.836+0000] {conn.py:414} INFO - <BrokerConnection client_id=kafka-python-producer-1, node_id=bootstrap-0 host=broker:29092 <connecting> [IPv4 ('172.18.0.7', 29092)]>: Connection complete.
[2025-03-09T03:16:37.951+0000] {conn.py:1282} INFO - Broker version identified as 2.6.0
[2025-03-09T03:16:37.952+0000] {conn.py:1283} INFO - Set configuration api_version=(2, 6, 0) to skip auto check_version requests on startup
[2025-03-09T03:16:51.346+0000] {logging_mixin.py:151} INFO - Số công việc tìm thấy trên trang 1:0
[2025-03-09T03:17:02.426+0000] {logging_mixin.py:151} INFO - Số công việc tìm thấy trên trang 2:0
[2025-03-09T03:17:13.441+0000] {logging_mixin.py:151} INFO - Số công việc tìm thấy trên trang 3:0
[2025-03-09T03:17:13.550+0000] {conn.py:928} INFO - <BrokerConnection client_id=kafka-python-producer-1, node_id=bootstrap-0 host=broker:29092 <connected> [IPv4 ('172.18.0.7', 29092)]>: Closing connection. 
[2025-03-09T03:17:13.552+0000] {python.py:194} INFO - Done. Returned value was: None
[2025-03-09T03:17:13.581+0000] {taskinstance.py:1400} INFO - Marking task as SUCCESS. dag_id=stream_data, task_id=stream_data, execution_date=20250309T031635, start_date=20250309T031637, end_date=20250309T031713
[2025-03-09T03:17:13.643+0000] {local_task_job_runner.py:228} INFO - Task exited with return code 0
[2025-03-09T03:17:13.675+0000] {taskinstance.py:2784} INFO - 0 downstream tasks scheduled from follow-on schedule check
