[2025-03-24T08:54:51.160+0000] {taskinstance.py:1159} INFO - Dependencies all met for dep_context=non-requeueable deps ti=<TaskInstance: job_data_stream.job_data_stream manual__2025-03-24T08:54:49.637846+00:00 [queued]>
[2025-03-24T08:54:51.173+0000] {taskinstance.py:1159} INFO - Dependencies all met for dep_context=requeueable deps ti=<TaskInstance: job_data_stream.job_data_stream manual__2025-03-24T08:54:49.637846+00:00 [queued]>
[2025-03-24T08:54:51.174+0000] {taskinstance.py:1361} INFO - Starting attempt 1 of 1
[2025-03-24T08:54:51.192+0000] {taskinstance.py:1382} INFO - Executing <Task(PythonOperator): job_data_stream> on 2025-03-24 08:54:49.637846+00:00
[2025-03-24T08:54:51.198+0000] {standard_task_runner.py:57} INFO - Started process 52 to run task
[2025-03-24T08:54:51.202+0000] {standard_task_runner.py:84} INFO - Running: ['***', 'tasks', 'run', 'job_data_stream', 'job_data_stream', 'manual__2025-03-24T08:54:49.637846+00:00', '--job-id', '41', '--raw', '--subdir', 'DAGS_FOLDER/data_stream.py', '--cfg-path', '/tmp/tmp4e95le7z']
[2025-03-24T08:54:51.205+0000] {standard_task_runner.py:85} INFO - Job 41: Subtask job_data_stream
[2025-03-24T08:54:51.293+0000] {task_command.py:415} INFO - Running <TaskInstance: job_data_stream.job_data_stream manual__2025-03-24T08:54:49.637846+00:00 [running]> on host 844ea759a987
[2025-03-24T08:54:51.417+0000] {taskinstance.py:1660} INFO - Exporting env vars: AIRFLOW_CTX_DAG_OWNER='dii' AIRFLOW_CTX_DAG_ID='job_data_stream' AIRFLOW_CTX_TASK_ID='job_data_stream' AIRFLOW_CTX_EXECUTION_DATE='2025-03-24T08:54:49.637846+00:00' AIRFLOW_CTX_TRY_NUMBER='1' AIRFLOW_CTX_DAG_RUN_ID='manual__2025-03-24T08:54:49.637846+00:00'
[2025-03-24T08:54:51.424+0000] {conn.py:384} INFO - <BrokerConnection client_id=kafka-python-producer-1, node_id=bootstrap-0 host=broker:29092 <connecting> [IPv4 ('172.18.0.2', 29092)]>: connecting to broker:29092 [('172.18.0.2', 29092) IPv4]
[2025-03-24T08:54:51.424+0000] {conn.py:1219} INFO - Probing node bootstrap-0 broker version
[2025-03-24T08:54:51.426+0000] {conn.py:414} INFO - <BrokerConnection client_id=kafka-python-producer-1, node_id=bootstrap-0 host=broker:29092 <connecting> [IPv4 ('172.18.0.2', 29092)]>: Connection complete.
[2025-03-24T08:54:51.559+0000] {conn.py:1282} INFO - Broker version identified as 2.6.0
[2025-03-24T08:54:51.561+0000] {conn.py:1283} INFO - Set configuration api_version=(2, 6, 0) to skip auto check_version requests on startup
[2025-03-24T08:55:05.176+0000] {logging_mixin.py:151} INFO - Số công việc tìm thấy trên trang 101:70
[2025-03-24T08:56:58.221+0000] {logging_mixin.py:151} INFO - Số công việc tìm thấy trên trang 102:70
[2025-03-24T08:58:52.227+0000] {logging_mixin.py:151} INFO - Số công việc tìm thấy trên trang 103:70
[2025-03-24T08:59:51.733+0000] {conn.py:384} INFO - <BrokerConnection client_id=kafka-python-producer-1, node_id=1 host=broker:29092 <connecting> [IPv4 ('172.18.0.2', 29092)]>: connecting to broker:29092 [('172.18.0.2', 29092) IPv4]
[2025-03-24T08:59:51.736+0000] {conn.py:414} INFO - <BrokerConnection client_id=kafka-python-producer-1, node_id=1 host=broker:29092 <connecting> [IPv4 ('172.18.0.2', 29092)]>: Connection complete.
[2025-03-24T08:59:51.738+0000] {conn.py:928} INFO - <BrokerConnection client_id=kafka-python-producer-1, node_id=bootstrap-0 host=broker:29092 <connected> [IPv4 ('172.18.0.2', 29092)]>: Closing connection. 
[2025-03-24T09:00:45.027+0000] {logging_mixin.py:151} INFO - Số công việc tìm thấy trên trang 104:70
[2025-03-24T09:02:38.759+0000] {logging_mixin.py:151} INFO - Số công việc tìm thấy trên trang 105:70
[2025-03-24T09:04:32.481+0000] {logging_mixin.py:151} INFO - Số công việc tìm thấy trên trang 106:70
[2025-03-24T09:06:26.934+0000] {logging_mixin.py:151} INFO - Số công việc tìm thấy trên trang 107:70
[2025-03-24T09:08:20.625+0000] {logging_mixin.py:151} INFO - Số công việc tìm thấy trên trang 108:70
[2025-03-24T09:10:15.234+0000] {logging_mixin.py:151} INFO - Số công việc tìm thấy trên trang 109:70
[2025-03-24T09:12:08.682+0000] {logging_mixin.py:151} INFO - Số công việc tìm thấy trên trang 110:70
[2025-03-24T09:14:03.235+0000] {logging_mixin.py:151} INFO - Số công việc tìm thấy trên trang 111:70
[2025-03-24T09:15:59.228+0000] {logging_mixin.py:151} INFO - Số công việc tìm thấy trên trang 112:70
[2025-03-24T09:17:56.121+0000] {logging_mixin.py:151} INFO - Số công việc tìm thấy trên trang 113:70
[2025-03-24T09:19:52.370+0000] {logging_mixin.py:151} INFO - Số công việc tìm thấy trên trang 114:70
[2025-03-24T09:21:47.354+0000] {logging_mixin.py:151} INFO - Số công việc tìm thấy trên trang 115:70
[2025-03-24T09:23:41.707+0000] {logging_mixin.py:151} INFO - Số công việc tìm thấy trên trang 116:70
[2025-03-24T09:25:35.549+0000] {logging_mixin.py:151} INFO - Số công việc tìm thấy trên trang 117:70
[2025-03-24T09:27:29.869+0000] {logging_mixin.py:151} INFO - Số công việc tìm thấy trên trang 118:70
[2025-03-24T09:29:23.176+0000] {logging_mixin.py:151} INFO - Số công việc tìm thấy trên trang 119:70
[2025-03-24T09:31:19.837+0000] {logging_mixin.py:151} INFO - Số công việc tìm thấy trên trang 120:70
[2025-03-24T09:33:14.599+0000] {logging_mixin.py:151} INFO - Số công việc tìm thấy trên trang 121:70
[2025-03-24T09:35:08.681+0000] {logging_mixin.py:151} INFO - Số công việc tìm thấy trên trang 122:70
[2025-03-24T09:37:01.503+0000] {logging_mixin.py:151} INFO - Số công việc tìm thấy trên trang 123:70
[2025-03-24T09:38:55.910+0000] {logging_mixin.py:151} INFO - Số công việc tìm thấy trên trang 124:70
[2025-03-24T09:40:49.818+0000] {logging_mixin.py:151} INFO - Số công việc tìm thấy trên trang 125:70
[2025-03-24T09:42:45.334+0000] {logging_mixin.py:151} INFO - Số công việc tìm thấy trên trang 126:70
[2025-03-24T09:44:41.364+0000] {logging_mixin.py:151} INFO - Số công việc tìm thấy trên trang 127:70
[2025-03-24T09:46:34.997+0000] {logging_mixin.py:151} INFO - Số công việc tìm thấy trên trang 128:70
[2025-03-24T09:48:30.017+0000] {logging_mixin.py:151} INFO - Số công việc tìm thấy trên trang 129:70
[2025-03-24T09:50:26.135+0000] {logging_mixin.py:151} INFO - Số công việc tìm thấy trên trang 130:70
[2025-03-24T09:52:21.248+0000] {logging_mixin.py:151} INFO - Số công việc tìm thấy trên trang 131:70
[2025-03-24T09:54:15.051+0000] {logging_mixin.py:151} INFO - Số công việc tìm thấy trên trang 132:70
[2025-03-24T09:56:09.879+0000] {logging_mixin.py:151} INFO - Số công việc tìm thấy trên trang 133:70
[2025-03-24T09:58:04.618+0000] {logging_mixin.py:151} INFO - Số công việc tìm thấy trên trang 134:70
[2025-03-24T09:59:59.193+0000] {logging_mixin.py:151} INFO - Số công việc tìm thấy trên trang 135:70
[2025-03-24T10:01:53.457+0000] {logging_mixin.py:151} INFO - Số công việc tìm thấy trên trang 136:70
[2025-03-24T10:03:48.631+0000] {logging_mixin.py:151} INFO - Số công việc tìm thấy trên trang 137:70
[2025-03-24T10:05:43.451+0000] {logging_mixin.py:151} INFO - Số công việc tìm thấy trên trang 138:70
[2025-03-24T10:07:38.229+0000] {logging_mixin.py:151} INFO - Số công việc tìm thấy trên trang 139:70
[2025-03-24T10:09:32.274+0000] {logging_mixin.py:151} INFO - Số công việc tìm thấy trên trang 140:70
[2025-03-24T10:11:27.826+0000] {logging_mixin.py:151} INFO - Số công việc tìm thấy trên trang 141:70
[2025-03-24T10:13:22.983+0000] {logging_mixin.py:151} INFO - Số công việc tìm thấy trên trang 142:70
[2025-03-24T10:15:17.845+0000] {logging_mixin.py:151} INFO - Số công việc tìm thấy trên trang 143:70
[2025-03-24T10:17:12.145+0000] {logging_mixin.py:151} INFO - Số công việc tìm thấy trên trang 144:70
[2025-03-24T10:19:04.825+0000] {logging_mixin.py:151} INFO - Số công việc tìm thấy trên trang 145:70
[2025-03-24T10:20:57.413+0000] {logging_mixin.py:151} INFO - Số công việc tìm thấy trên trang 146:70
[2025-03-24T10:22:52.402+0000] {logging_mixin.py:151} INFO - Số công việc tìm thấy trên trang 147:70
[2025-03-24T10:24:46.738+0000] {logging_mixin.py:151} INFO - Số công việc tìm thấy trên trang 148:70
[2025-03-24T10:26:42.920+0000] {logging_mixin.py:151} INFO - Số công việc tìm thấy trên trang 149:70
[2025-03-24T10:28:36.558+0000] {logging_mixin.py:151} INFO - Số công việc tìm thấy trên trang 150:70
[2025-03-24T10:30:19.182+0000] {conn.py:928} INFO - <BrokerConnection client_id=kafka-python-producer-1, node_id=1 host=broker:29092 <connected> [IPv4 ('172.18.0.2', 29092)]>: Closing connection. 
[2025-03-24T10:30:19.185+0000] {python.py:194} INFO - Done. Returned value was: None
[2025-03-24T10:30:19.203+0000] {taskinstance.py:1400} INFO - Marking task as SUCCESS. dag_id=job_data_stream, task_id=job_data_stream, execution_date=20250324T085449, start_date=20250324T085451, end_date=20250324T103019
[2025-03-24T10:30:19.236+0000] {local_task_job_runner.py:228} INFO - Task exited with return code 0
[2025-03-24T10:30:19.263+0000] {taskinstance.py:2784} INFO - 0 downstream tasks scheduled from follow-on schedule check
