[2025-03-23T02:07:25.468+0000] {processor.py:157} INFO - Started process (PID=33) to work on /opt/airflow/dags/data_stream.py
[2025-03-23T02:07:25.470+0000] {processor.py:829} INFO - Processing file /opt/airflow/dags/data_stream.py for tasks to queue
[2025-03-23T02:07:25.476+0000] {logging_mixin.py:151} INFO - [2025-03-23T02:07:25.475+0000] {dagbag.py:539} INFO - Filling up the DagBag from /opt/airflow/dags/data_stream.py
[2025-03-23T02:07:25.901+0000] {processor.py:839} INFO - DAG(s) dict_keys(['job_data_stream']) retrieved from /opt/airflow/dags/data_stream.py
[2025-03-23T02:07:25.962+0000] {logging_mixin.py:151} INFO - [2025-03-23T02:07:25.961+0000] {dag.py:2907} INFO - Sync 1 DAGs
[2025-03-23T02:07:25.997+0000] {logging_mixin.py:151} INFO - [2025-03-23T02:07:25.997+0000] {dag.py:3677} INFO - Setting next_dagrun for job_data_stream to 2025-03-23T00:00:00+00:00, run_after=2025-03-24T00:00:00+00:00
[2025-03-23T02:07:26.023+0000] {processor.py:179} INFO - Processing /opt/airflow/dags/data_stream.py took 0.563 seconds
[2025-03-23T02:07:56.235+0000] {processor.py:157} INFO - Started process (PID=34) to work on /opt/airflow/dags/data_stream.py
[2025-03-23T02:07:56.236+0000] {processor.py:829} INFO - Processing file /opt/airflow/dags/data_stream.py for tasks to queue
[2025-03-23T02:07:56.241+0000] {logging_mixin.py:151} INFO - [2025-03-23T02:07:56.240+0000] {dagbag.py:539} INFO - Filling up the DagBag from /opt/airflow/dags/data_stream.py
[2025-03-23T02:07:56.505+0000] {processor.py:839} INFO - DAG(s) dict_keys(['job_data_stream']) retrieved from /opt/airflow/dags/data_stream.py
[2025-03-23T02:07:56.531+0000] {logging_mixin.py:151} INFO - [2025-03-23T02:07:56.531+0000] {dag.py:2907} INFO - Sync 1 DAGs
[2025-03-23T02:07:56.553+0000] {logging_mixin.py:151} INFO - [2025-03-23T02:07:56.552+0000] {dag.py:3677} INFO - Setting next_dagrun for job_data_stream to 2025-03-23T00:00:00+00:00, run_after=2025-03-24T00:00:00+00:00
[2025-03-23T02:07:56.569+0000] {processor.py:179} INFO - Processing /opt/airflow/dags/data_stream.py took 0.341 seconds
[2025-03-23T02:08:26.802+0000] {processor.py:157} INFO - Started process (PID=35) to work on /opt/airflow/dags/data_stream.py
[2025-03-23T02:08:26.804+0000] {processor.py:829} INFO - Processing file /opt/airflow/dags/data_stream.py for tasks to queue
[2025-03-23T02:08:26.811+0000] {logging_mixin.py:151} INFO - [2025-03-23T02:08:26.811+0000] {dagbag.py:539} INFO - Filling up the DagBag from /opt/airflow/dags/data_stream.py
[2025-03-23T02:08:27.087+0000] {processor.py:839} INFO - DAG(s) dict_keys(['job_data_stream']) retrieved from /opt/airflow/dags/data_stream.py
[2025-03-23T02:08:27.130+0000] {logging_mixin.py:151} INFO - [2025-03-23T02:08:27.130+0000] {dag.py:2907} INFO - Sync 1 DAGs
[2025-03-23T02:08:27.166+0000] {logging_mixin.py:151} INFO - [2025-03-23T02:08:27.165+0000] {dag.py:3677} INFO - Setting next_dagrun for job_data_stream to 2025-03-23T00:00:00+00:00, run_after=2025-03-24T00:00:00+00:00
[2025-03-23T02:08:27.193+0000] {processor.py:179} INFO - Processing /opt/airflow/dags/data_stream.py took 0.397 seconds
[2025-03-23T02:08:57.452+0000] {processor.py:157} INFO - Started process (PID=36) to work on /opt/airflow/dags/data_stream.py
[2025-03-23T02:08:57.454+0000] {processor.py:829} INFO - Processing file /opt/airflow/dags/data_stream.py for tasks to queue
[2025-03-23T02:08:57.460+0000] {logging_mixin.py:151} INFO - [2025-03-23T02:08:57.459+0000] {dagbag.py:539} INFO - Filling up the DagBag from /opt/airflow/dags/data_stream.py
[2025-03-23T02:08:57.679+0000] {processor.py:839} INFO - DAG(s) dict_keys(['job_data_stream']) retrieved from /opt/airflow/dags/data_stream.py
[2025-03-23T02:08:57.704+0000] {logging_mixin.py:151} INFO - [2025-03-23T02:08:57.704+0000] {dag.py:2907} INFO - Sync 1 DAGs
[2025-03-23T02:08:57.725+0000] {logging_mixin.py:151} INFO - [2025-03-23T02:08:57.725+0000] {dag.py:3677} INFO - Setting next_dagrun for job_data_stream to 2025-03-23T00:00:00+00:00, run_after=2025-03-24T00:00:00+00:00
[2025-03-23T02:08:57.741+0000] {processor.py:179} INFO - Processing /opt/airflow/dags/data_stream.py took 0.305 seconds
[2025-03-23T02:09:27.985+0000] {processor.py:157} INFO - Started process (PID=37) to work on /opt/airflow/dags/data_stream.py
[2025-03-23T02:09:27.987+0000] {processor.py:829} INFO - Processing file /opt/airflow/dags/data_stream.py for tasks to queue
[2025-03-23T02:09:27.991+0000] {logging_mixin.py:151} INFO - [2025-03-23T02:09:27.990+0000] {dagbag.py:539} INFO - Filling up the DagBag from /opt/airflow/dags/data_stream.py
[2025-03-23T02:09:28.182+0000] {processor.py:839} INFO - DAG(s) dict_keys(['job_data_stream']) retrieved from /opt/airflow/dags/data_stream.py
[2025-03-23T02:09:28.205+0000] {logging_mixin.py:151} INFO - [2025-03-23T02:09:28.205+0000] {dag.py:2907} INFO - Sync 1 DAGs
[2025-03-23T02:09:28.225+0000] {logging_mixin.py:151} INFO - [2025-03-23T02:09:28.225+0000] {dag.py:3677} INFO - Setting next_dagrun for job_data_stream to 2025-03-23T00:00:00+00:00, run_after=2025-03-24T00:00:00+00:00
[2025-03-23T02:09:28.239+0000] {processor.py:179} INFO - Processing /opt/airflow/dags/data_stream.py took 0.260 seconds
[2025-03-23T02:09:58.261+0000] {processor.py:157} INFO - Started process (PID=38) to work on /opt/airflow/dags/data_stream.py
[2025-03-23T02:09:58.262+0000] {processor.py:829} INFO - Processing file /opt/airflow/dags/data_stream.py for tasks to queue
[2025-03-23T02:09:58.266+0000] {logging_mixin.py:151} INFO - [2025-03-23T02:09:58.266+0000] {dagbag.py:539} INFO - Filling up the DagBag from /opt/airflow/dags/data_stream.py
[2025-03-23T02:09:58.578+0000] {processor.py:839} INFO - DAG(s) dict_keys(['job_data_stream']) retrieved from /opt/airflow/dags/data_stream.py
[2025-03-23T02:09:58.604+0000] {logging_mixin.py:151} INFO - [2025-03-23T02:09:58.604+0000] {dag.py:2907} INFO - Sync 1 DAGs
[2025-03-23T02:09:58.625+0000] {logging_mixin.py:151} INFO - [2025-03-23T02:09:58.625+0000] {dag.py:3677} INFO - Setting next_dagrun for job_data_stream to 2025-03-23T00:00:00+00:00, run_after=2025-03-24T00:00:00+00:00
[2025-03-23T02:09:58.644+0000] {processor.py:179} INFO - Processing /opt/airflow/dags/data_stream.py took 0.392 seconds
[2025-03-23T02:10:18.682+0000] {processor.py:157} INFO - Started process (PID=39) to work on /opt/airflow/dags/data_stream.py
[2025-03-23T02:10:18.684+0000] {processor.py:829} INFO - Processing file /opt/airflow/dags/data_stream.py for tasks to queue
[2025-03-23T02:10:18.689+0000] {logging_mixin.py:151} INFO - [2025-03-23T02:10:18.689+0000] {dagbag.py:539} INFO - Filling up the DagBag from /opt/airflow/dags/data_stream.py
[2025-03-23T02:10:18.888+0000] {processor.py:839} INFO - DAG(s) dict_keys(['job_data_stream']) retrieved from /opt/airflow/dags/data_stream.py
[2025-03-23T02:10:18.913+0000] {logging_mixin.py:151} INFO - [2025-03-23T02:10:18.913+0000] {dag.py:2907} INFO - Sync 1 DAGs
[2025-03-23T02:10:18.933+0000] {logging_mixin.py:151} INFO - [2025-03-23T02:10:18.933+0000] {dag.py:3677} INFO - Setting next_dagrun for job_data_stream to 2025-03-23T00:00:00+00:00, run_after=2025-03-24T00:00:00+00:00
[2025-03-23T02:10:18.951+0000] {processor.py:179} INFO - Processing /opt/airflow/dags/data_stream.py took 0.279 seconds
[2025-03-23T02:10:49.083+0000] {processor.py:157} INFO - Started process (PID=40) to work on /opt/airflow/dags/data_stream.py
[2025-03-23T02:10:49.086+0000] {processor.py:829} INFO - Processing file /opt/airflow/dags/data_stream.py for tasks to queue
[2025-03-23T02:10:49.093+0000] {logging_mixin.py:151} INFO - [2025-03-23T02:10:49.092+0000] {dagbag.py:539} INFO - Filling up the DagBag from /opt/airflow/dags/data_stream.py
[2025-03-23T02:10:49.288+0000] {processor.py:839} INFO - DAG(s) dict_keys(['job_data_stream']) retrieved from /opt/airflow/dags/data_stream.py
[2025-03-23T02:10:49.310+0000] {logging_mixin.py:151} INFO - [2025-03-23T02:10:49.310+0000] {dag.py:2907} INFO - Sync 1 DAGs
[2025-03-23T02:10:49.328+0000] {logging_mixin.py:151} INFO - [2025-03-23T02:10:49.328+0000] {dag.py:3677} INFO - Setting next_dagrun for job_data_stream to 2025-03-23T00:00:00+00:00, run_after=2025-03-24T00:00:00+00:00
[2025-03-23T02:10:49.346+0000] {processor.py:179} INFO - Processing /opt/airflow/dags/data_stream.py took 0.276 seconds
[2025-03-23T02:11:19.385+0000] {processor.py:157} INFO - Started process (PID=41) to work on /opt/airflow/dags/data_stream.py
[2025-03-23T02:11:19.387+0000] {processor.py:829} INFO - Processing file /opt/airflow/dags/data_stream.py for tasks to queue
[2025-03-23T02:11:19.389+0000] {logging_mixin.py:151} INFO - [2025-03-23T02:11:19.389+0000] {dagbag.py:539} INFO - Filling up the DagBag from /opt/airflow/dags/data_stream.py
[2025-03-23T02:11:19.583+0000] {processor.py:839} INFO - DAG(s) dict_keys(['job_data_stream']) retrieved from /opt/airflow/dags/data_stream.py
[2025-03-23T02:11:19.608+0000] {logging_mixin.py:151} INFO - [2025-03-23T02:11:19.608+0000] {dag.py:2907} INFO - Sync 1 DAGs
[2025-03-23T02:11:19.634+0000] {logging_mixin.py:151} INFO - [2025-03-23T02:11:19.633+0000] {dag.py:3677} INFO - Setting next_dagrun for job_data_stream to 2025-03-23T00:00:00+00:00, run_after=2025-03-24T00:00:00+00:00
[2025-03-23T02:11:19.653+0000] {processor.py:179} INFO - Processing /opt/airflow/dags/data_stream.py took 0.272 seconds
[2025-03-23T02:11:50.007+0000] {processor.py:157} INFO - Started process (PID=42) to work on /opt/airflow/dags/data_stream.py
[2025-03-23T02:11:50.009+0000] {processor.py:829} INFO - Processing file /opt/airflow/dags/data_stream.py for tasks to queue
[2025-03-23T02:11:50.012+0000] {logging_mixin.py:151} INFO - [2025-03-23T02:11:50.012+0000] {dagbag.py:539} INFO - Filling up the DagBag from /opt/airflow/dags/data_stream.py
[2025-03-23T02:11:50.175+0000] {processor.py:839} INFO - DAG(s) dict_keys(['job_data_stream']) retrieved from /opt/airflow/dags/data_stream.py
[2025-03-23T02:11:50.202+0000] {logging_mixin.py:151} INFO - [2025-03-23T02:11:50.202+0000] {dag.py:2907} INFO - Sync 1 DAGs
[2025-03-23T02:11:50.225+0000] {logging_mixin.py:151} INFO - [2025-03-23T02:11:50.225+0000] {dag.py:3677} INFO - Setting next_dagrun for job_data_stream to 2025-03-23T00:00:00+00:00, run_after=2025-03-24T00:00:00+00:00
[2025-03-23T02:11:50.242+0000] {processor.py:179} INFO - Processing /opt/airflow/dags/data_stream.py took 0.238 seconds
[2025-03-23T02:12:20.432+0000] {processor.py:157} INFO - Started process (PID=43) to work on /opt/airflow/dags/data_stream.py
[2025-03-23T02:12:20.434+0000] {processor.py:829} INFO - Processing file /opt/airflow/dags/data_stream.py for tasks to queue
[2025-03-23T02:12:20.437+0000] {logging_mixin.py:151} INFO - [2025-03-23T02:12:20.436+0000] {dagbag.py:539} INFO - Filling up the DagBag from /opt/airflow/dags/data_stream.py
[2025-03-23T02:12:20.555+0000] {processor.py:839} INFO - DAG(s) dict_keys(['job_data_stream']) retrieved from /opt/airflow/dags/data_stream.py
[2025-03-23T02:12:20.585+0000] {logging_mixin.py:151} INFO - [2025-03-23T02:12:20.585+0000] {dag.py:2907} INFO - Sync 1 DAGs
[2025-03-23T02:12:20.611+0000] {logging_mixin.py:151} INFO - [2025-03-23T02:12:20.611+0000] {dag.py:3677} INFO - Setting next_dagrun for job_data_stream to 2025-03-23T00:00:00+00:00, run_after=2025-03-24T00:00:00+00:00
[2025-03-23T02:12:20.630+0000] {processor.py:179} INFO - Processing /opt/airflow/dags/data_stream.py took 0.201 seconds
[2025-03-23T02:12:50.829+0000] {processor.py:157} INFO - Started process (PID=44) to work on /opt/airflow/dags/data_stream.py
[2025-03-23T02:12:50.831+0000] {processor.py:829} INFO - Processing file /opt/airflow/dags/data_stream.py for tasks to queue
[2025-03-23T02:12:50.836+0000] {logging_mixin.py:151} INFO - [2025-03-23T02:12:50.835+0000] {dagbag.py:539} INFO - Filling up the DagBag from /opt/airflow/dags/data_stream.py
[2025-03-23T02:12:50.960+0000] {processor.py:839} INFO - DAG(s) dict_keys(['job_data_stream']) retrieved from /opt/airflow/dags/data_stream.py
[2025-03-23T02:12:50.987+0000] {logging_mixin.py:151} INFO - [2025-03-23T02:12:50.987+0000] {dag.py:2907} INFO - Sync 1 DAGs
[2025-03-23T02:12:51.008+0000] {logging_mixin.py:151} INFO - [2025-03-23T02:12:51.008+0000] {dag.py:3677} INFO - Setting next_dagrun for job_data_stream to 2025-03-23T00:00:00+00:00, run_after=2025-03-24T00:00:00+00:00
[2025-03-23T02:12:51.024+0000] {processor.py:179} INFO - Processing /opt/airflow/dags/data_stream.py took 0.201 seconds
[2025-03-23T02:13:21.198+0000] {processor.py:157} INFO - Started process (PID=45) to work on /opt/airflow/dags/data_stream.py
[2025-03-23T02:13:21.199+0000] {processor.py:829} INFO - Processing file /opt/airflow/dags/data_stream.py for tasks to queue
[2025-03-23T02:13:21.202+0000] {logging_mixin.py:151} INFO - [2025-03-23T02:13:21.202+0000] {dagbag.py:539} INFO - Filling up the DagBag from /opt/airflow/dags/data_stream.py
[2025-03-23T02:13:21.318+0000] {processor.py:839} INFO - DAG(s) dict_keys(['job_data_stream']) retrieved from /opt/airflow/dags/data_stream.py
[2025-03-23T02:13:21.347+0000] {logging_mixin.py:151} INFO - [2025-03-23T02:13:21.347+0000] {dag.py:2907} INFO - Sync 1 DAGs
[2025-03-23T02:13:21.375+0000] {logging_mixin.py:151} INFO - [2025-03-23T02:13:21.375+0000] {dag.py:3677} INFO - Setting next_dagrun for job_data_stream to 2025-03-23T00:00:00+00:00, run_after=2025-03-24T00:00:00+00:00
[2025-03-23T02:13:21.394+0000] {processor.py:179} INFO - Processing /opt/airflow/dags/data_stream.py took 0.199 seconds
[2025-03-23T02:13:51.590+0000] {processor.py:157} INFO - Started process (PID=46) to work on /opt/airflow/dags/data_stream.py
[2025-03-23T02:13:51.592+0000] {processor.py:829} INFO - Processing file /opt/airflow/dags/data_stream.py for tasks to queue
[2025-03-23T02:13:51.597+0000] {logging_mixin.py:151} INFO - [2025-03-23T02:13:51.597+0000] {dagbag.py:539} INFO - Filling up the DagBag from /opt/airflow/dags/data_stream.py
[2025-03-23T02:13:51.692+0000] {processor.py:839} INFO - DAG(s) dict_keys(['job_data_stream']) retrieved from /opt/airflow/dags/data_stream.py
[2025-03-23T02:13:51.720+0000] {logging_mixin.py:151} INFO - [2025-03-23T02:13:51.720+0000] {dag.py:2907} INFO - Sync 1 DAGs
[2025-03-23T02:13:51.741+0000] {logging_mixin.py:151} INFO - [2025-03-23T02:13:51.740+0000] {dag.py:3677} INFO - Setting next_dagrun for job_data_stream to 2025-03-23T00:00:00+00:00, run_after=2025-03-24T00:00:00+00:00
[2025-03-23T02:13:51.756+0000] {processor.py:179} INFO - Processing /opt/airflow/dags/data_stream.py took 0.173 seconds
[2025-03-23T02:14:21.877+0000] {processor.py:157} INFO - Started process (PID=47) to work on /opt/airflow/dags/data_stream.py
[2025-03-23T02:14:21.880+0000] {processor.py:829} INFO - Processing file /opt/airflow/dags/data_stream.py for tasks to queue
[2025-03-23T02:14:21.886+0000] {logging_mixin.py:151} INFO - [2025-03-23T02:14:21.886+0000] {dagbag.py:539} INFO - Filling up the DagBag from /opt/airflow/dags/data_stream.py
[2025-03-23T02:14:21.991+0000] {processor.py:839} INFO - DAG(s) dict_keys(['job_data_stream']) retrieved from /opt/airflow/dags/data_stream.py
[2025-03-23T02:14:22.017+0000] {logging_mixin.py:151} INFO - [2025-03-23T02:14:22.017+0000] {dag.py:2907} INFO - Sync 1 DAGs
[2025-03-23T02:14:22.039+0000] {logging_mixin.py:151} INFO - [2025-03-23T02:14:22.039+0000] {dag.py:3677} INFO - Setting next_dagrun for job_data_stream to 2025-03-23T00:00:00+00:00, run_after=2025-03-24T00:00:00+00:00
[2025-03-23T02:14:22.054+0000] {processor.py:179} INFO - Processing /opt/airflow/dags/data_stream.py took 0.190 seconds
[2025-03-23T02:14:52.257+0000] {processor.py:157} INFO - Started process (PID=48) to work on /opt/airflow/dags/data_stream.py
[2025-03-23T02:14:52.259+0000] {processor.py:829} INFO - Processing file /opt/airflow/dags/data_stream.py for tasks to queue
[2025-03-23T02:14:52.262+0000] {logging_mixin.py:151} INFO - [2025-03-23T02:14:52.261+0000] {dagbag.py:539} INFO - Filling up the DagBag from /opt/airflow/dags/data_stream.py
[2025-03-23T02:14:52.353+0000] {processor.py:839} INFO - DAG(s) dict_keys(['job_data_stream']) retrieved from /opt/airflow/dags/data_stream.py
[2025-03-23T02:14:52.378+0000] {logging_mixin.py:151} INFO - [2025-03-23T02:14:52.378+0000] {dag.py:2907} INFO - Sync 1 DAGs
[2025-03-23T02:14:52.399+0000] {logging_mixin.py:151} INFO - [2025-03-23T02:14:52.399+0000] {dag.py:3677} INFO - Setting next_dagrun for job_data_stream to 2025-03-23T00:00:00+00:00, run_after=2025-03-24T00:00:00+00:00
[2025-03-23T02:14:52.415+0000] {processor.py:179} INFO - Processing /opt/airflow/dags/data_stream.py took 0.161 seconds
[2025-03-23T02:15:22.563+0000] {processor.py:157} INFO - Started process (PID=49) to work on /opt/airflow/dags/data_stream.py
[2025-03-23T02:15:22.565+0000] {processor.py:829} INFO - Processing file /opt/airflow/dags/data_stream.py for tasks to queue
[2025-03-23T02:15:22.569+0000] {logging_mixin.py:151} INFO - [2025-03-23T02:15:22.568+0000] {dagbag.py:539} INFO - Filling up the DagBag from /opt/airflow/dags/data_stream.py
[2025-03-23T02:15:22.668+0000] {processor.py:839} INFO - DAG(s) dict_keys(['job_data_stream']) retrieved from /opt/airflow/dags/data_stream.py
[2025-03-23T02:15:22.695+0000] {logging_mixin.py:151} INFO - [2025-03-23T02:15:22.695+0000] {dag.py:2907} INFO - Sync 1 DAGs
[2025-03-23T02:15:22.715+0000] {logging_mixin.py:151} INFO - [2025-03-23T02:15:22.715+0000] {dag.py:3677} INFO - Setting next_dagrun for job_data_stream to 2025-03-23T00:00:00+00:00, run_after=2025-03-24T00:00:00+00:00
[2025-03-23T02:15:22.730+0000] {processor.py:179} INFO - Processing /opt/airflow/dags/data_stream.py took 0.174 seconds
[2025-03-23T02:15:52.927+0000] {processor.py:157} INFO - Started process (PID=50) to work on /opt/airflow/dags/data_stream.py
[2025-03-23T02:15:52.930+0000] {processor.py:829} INFO - Processing file /opt/airflow/dags/data_stream.py for tasks to queue
[2025-03-23T02:15:52.936+0000] {logging_mixin.py:151} INFO - [2025-03-23T02:15:52.935+0000] {dagbag.py:539} INFO - Filling up the DagBag from /opt/airflow/dags/data_stream.py
[2025-03-23T02:15:53.061+0000] {processor.py:839} INFO - DAG(s) dict_keys(['job_data_stream']) retrieved from /opt/airflow/dags/data_stream.py
[2025-03-23T02:15:53.087+0000] {logging_mixin.py:151} INFO - [2025-03-23T02:15:53.087+0000] {dag.py:2907} INFO - Sync 1 DAGs
[2025-03-23T02:15:53.108+0000] {logging_mixin.py:151} INFO - [2025-03-23T02:15:53.107+0000] {dag.py:3677} INFO - Setting next_dagrun for job_data_stream to 2025-03-23T00:00:00+00:00, run_after=2025-03-24T00:00:00+00:00
[2025-03-23T02:15:53.124+0000] {processor.py:179} INFO - Processing /opt/airflow/dags/data_stream.py took 0.210 seconds
[2025-03-23T02:16:23.247+0000] {processor.py:157} INFO - Started process (PID=51) to work on /opt/airflow/dags/data_stream.py
[2025-03-23T02:16:23.250+0000] {processor.py:829} INFO - Processing file /opt/airflow/dags/data_stream.py for tasks to queue
[2025-03-23T02:16:23.256+0000] {logging_mixin.py:151} INFO - [2025-03-23T02:16:23.255+0000] {dagbag.py:539} INFO - Filling up the DagBag from /opt/airflow/dags/data_stream.py
[2025-03-23T02:16:23.355+0000] {processor.py:839} INFO - DAG(s) dict_keys(['job_data_stream']) retrieved from /opt/airflow/dags/data_stream.py
[2025-03-23T02:16:23.381+0000] {logging_mixin.py:151} INFO - [2025-03-23T02:16:23.381+0000] {dag.py:2907} INFO - Sync 1 DAGs
[2025-03-23T02:16:23.401+0000] {logging_mixin.py:151} INFO - [2025-03-23T02:16:23.401+0000] {dag.py:3677} INFO - Setting next_dagrun for job_data_stream to 2025-03-23T00:00:00+00:00, run_after=2025-03-24T00:00:00+00:00
[2025-03-23T02:16:23.418+0000] {processor.py:179} INFO - Processing /opt/airflow/dags/data_stream.py took 0.185 seconds
[2025-03-23T02:16:53.657+0000] {processor.py:157} INFO - Started process (PID=52) to work on /opt/airflow/dags/data_stream.py
[2025-03-23T02:16:53.659+0000] {processor.py:829} INFO - Processing file /opt/airflow/dags/data_stream.py for tasks to queue
[2025-03-23T02:16:53.664+0000] {logging_mixin.py:151} INFO - [2025-03-23T02:16:53.663+0000] {dagbag.py:539} INFO - Filling up the DagBag from /opt/airflow/dags/data_stream.py
[2025-03-23T02:16:53.764+0000] {processor.py:839} INFO - DAG(s) dict_keys(['job_data_stream']) retrieved from /opt/airflow/dags/data_stream.py
[2025-03-23T02:16:53.790+0000] {logging_mixin.py:151} INFO - [2025-03-23T02:16:53.789+0000] {dag.py:2907} INFO - Sync 1 DAGs
[2025-03-23T02:16:53.809+0000] {logging_mixin.py:151} INFO - [2025-03-23T02:16:53.809+0000] {dag.py:3677} INFO - Setting next_dagrun for job_data_stream to 2025-03-23T00:00:00+00:00, run_after=2025-03-24T00:00:00+00:00
[2025-03-23T02:16:53.828+0000] {processor.py:179} INFO - Processing /opt/airflow/dags/data_stream.py took 0.180 seconds
[2025-03-23T02:17:23.970+0000] {processor.py:157} INFO - Started process (PID=53) to work on /opt/airflow/dags/data_stream.py
[2025-03-23T02:17:23.973+0000] {processor.py:829} INFO - Processing file /opt/airflow/dags/data_stream.py for tasks to queue
[2025-03-23T02:17:23.978+0000] {logging_mixin.py:151} INFO - [2025-03-23T02:17:23.977+0000] {dagbag.py:539} INFO - Filling up the DagBag from /opt/airflow/dags/data_stream.py
[2025-03-23T02:17:24.075+0000] {processor.py:839} INFO - DAG(s) dict_keys(['job_data_stream']) retrieved from /opt/airflow/dags/data_stream.py
[2025-03-23T02:17:24.101+0000] {logging_mixin.py:151} INFO - [2025-03-23T02:17:24.101+0000] {dag.py:2907} INFO - Sync 1 DAGs
[2025-03-23T02:17:24.124+0000] {logging_mixin.py:151} INFO - [2025-03-23T02:17:24.123+0000] {dag.py:3677} INFO - Setting next_dagrun for job_data_stream to 2025-03-23T00:00:00+00:00, run_after=2025-03-24T00:00:00+00:00
[2025-03-23T02:17:24.139+0000] {processor.py:179} INFO - Processing /opt/airflow/dags/data_stream.py took 0.184 seconds
[2025-03-23T02:17:54.384+0000] {processor.py:157} INFO - Started process (PID=54) to work on /opt/airflow/dags/data_stream.py
[2025-03-23T02:17:54.385+0000] {processor.py:829} INFO - Processing file /opt/airflow/dags/data_stream.py for tasks to queue
[2025-03-23T02:17:54.387+0000] {logging_mixin.py:151} INFO - [2025-03-23T02:17:54.387+0000] {dagbag.py:539} INFO - Filling up the DagBag from /opt/airflow/dags/data_stream.py
[2025-03-23T02:17:54.481+0000] {processor.py:839} INFO - DAG(s) dict_keys(['job_data_stream']) retrieved from /opt/airflow/dags/data_stream.py
[2025-03-23T02:17:54.507+0000] {logging_mixin.py:151} INFO - [2025-03-23T02:17:54.506+0000] {dag.py:2907} INFO - Sync 1 DAGs
[2025-03-23T02:17:54.528+0000] {logging_mixin.py:151} INFO - [2025-03-23T02:17:54.528+0000] {dag.py:3677} INFO - Setting next_dagrun for job_data_stream to 2025-03-23T00:00:00+00:00, run_after=2025-03-24T00:00:00+00:00
[2025-03-23T02:17:54.544+0000] {processor.py:179} INFO - Processing /opt/airflow/dags/data_stream.py took 0.163 seconds
[2025-03-23T02:18:24.655+0000] {processor.py:157} INFO - Started process (PID=55) to work on /opt/airflow/dags/data_stream.py
[2025-03-23T02:18:24.658+0000] {processor.py:829} INFO - Processing file /opt/airflow/dags/data_stream.py for tasks to queue
[2025-03-23T02:18:24.664+0000] {logging_mixin.py:151} INFO - [2025-03-23T02:18:24.663+0000] {dagbag.py:539} INFO - Filling up the DagBag from /opt/airflow/dags/data_stream.py
[2025-03-23T02:18:24.766+0000] {processor.py:839} INFO - DAG(s) dict_keys(['job_data_stream']) retrieved from /opt/airflow/dags/data_stream.py
[2025-03-23T02:18:24.792+0000] {logging_mixin.py:151} INFO - [2025-03-23T02:18:24.792+0000] {dag.py:2907} INFO - Sync 1 DAGs
[2025-03-23T02:18:24.814+0000] {logging_mixin.py:151} INFO - [2025-03-23T02:18:24.813+0000] {dag.py:3677} INFO - Setting next_dagrun for job_data_stream to 2025-03-23T00:00:00+00:00, run_after=2025-03-24T00:00:00+00:00
[2025-03-23T02:18:24.829+0000] {processor.py:179} INFO - Processing /opt/airflow/dags/data_stream.py took 0.184 seconds
[2025-03-23T02:18:55.098+0000] {processor.py:157} INFO - Started process (PID=56) to work on /opt/airflow/dags/data_stream.py
[2025-03-23T02:18:55.118+0000] {processor.py:829} INFO - Processing file /opt/airflow/dags/data_stream.py for tasks to queue
[2025-03-23T02:18:55.135+0000] {logging_mixin.py:151} INFO - [2025-03-23T02:18:55.134+0000] {dagbag.py:539} INFO - Filling up the DagBag from /opt/airflow/dags/data_stream.py
[2025-03-23T02:18:55.263+0000] {processor.py:839} INFO - DAG(s) dict_keys(['job_data_stream']) retrieved from /opt/airflow/dags/data_stream.py
[2025-03-23T02:18:55.292+0000] {logging_mixin.py:151} INFO - [2025-03-23T02:18:55.291+0000] {dag.py:2907} INFO - Sync 1 DAGs
[2025-03-23T02:18:55.314+0000] {logging_mixin.py:151} INFO - [2025-03-23T02:18:55.314+0000] {dag.py:3677} INFO - Setting next_dagrun for job_data_stream to 2025-03-23T00:00:00+00:00, run_after=2025-03-24T00:00:00+00:00
[2025-03-23T02:18:55.331+0000] {processor.py:179} INFO - Processing /opt/airflow/dags/data_stream.py took 0.263 seconds
[2025-03-23T02:19:25.534+0000] {processor.py:157} INFO - Started process (PID=57) to work on /opt/airflow/dags/data_stream.py
[2025-03-23T02:19:25.536+0000] {processor.py:829} INFO - Processing file /opt/airflow/dags/data_stream.py for tasks to queue
[2025-03-23T02:19:25.539+0000] {logging_mixin.py:151} INFO - [2025-03-23T02:19:25.538+0000] {dagbag.py:539} INFO - Filling up the DagBag from /opt/airflow/dags/data_stream.py
[2025-03-23T02:19:25.667+0000] {processor.py:839} INFO - DAG(s) dict_keys(['job_data_stream']) retrieved from /opt/airflow/dags/data_stream.py
[2025-03-23T02:19:25.705+0000] {logging_mixin.py:151} INFO - [2025-03-23T02:19:25.705+0000] {dag.py:2907} INFO - Sync 1 DAGs
[2025-03-23T02:19:25.734+0000] {logging_mixin.py:151} INFO - [2025-03-23T02:19:25.734+0000] {dag.py:3677} INFO - Setting next_dagrun for job_data_stream to 2025-03-23T00:00:00+00:00, run_after=2025-03-24T00:00:00+00:00
[2025-03-23T02:19:25.752+0000] {processor.py:179} INFO - Processing /opt/airflow/dags/data_stream.py took 0.225 seconds
[2025-03-23T02:19:55.785+0000] {processor.py:157} INFO - Started process (PID=58) to work on /opt/airflow/dags/data_stream.py
[2025-03-23T02:19:55.786+0000] {processor.py:829} INFO - Processing file /opt/airflow/dags/data_stream.py for tasks to queue
[2025-03-23T02:19:55.790+0000] {logging_mixin.py:151} INFO - [2025-03-23T02:19:55.790+0000] {dagbag.py:539} INFO - Filling up the DagBag from /opt/airflow/dags/data_stream.py
[2025-03-23T02:19:55.890+0000] {processor.py:839} INFO - DAG(s) dict_keys(['job_data_stream']) retrieved from /opt/airflow/dags/data_stream.py
[2025-03-23T02:19:55.918+0000] {logging_mixin.py:151} INFO - [2025-03-23T02:19:55.918+0000] {dag.py:2907} INFO - Sync 1 DAGs
[2025-03-23T02:19:55.943+0000] {logging_mixin.py:151} INFO - [2025-03-23T02:19:55.943+0000] {dag.py:3677} INFO - Setting next_dagrun for job_data_stream to 2025-03-23T00:00:00+00:00, run_after=2025-03-24T00:00:00+00:00
[2025-03-23T02:19:55.963+0000] {processor.py:179} INFO - Processing /opt/airflow/dags/data_stream.py took 0.184 seconds
[2025-03-23T02:20:26.210+0000] {processor.py:157} INFO - Started process (PID=59) to work on /opt/airflow/dags/data_stream.py
[2025-03-23T02:20:26.211+0000] {processor.py:829} INFO - Processing file /opt/airflow/dags/data_stream.py for tasks to queue
[2025-03-23T02:20:26.214+0000] {logging_mixin.py:151} INFO - [2025-03-23T02:20:26.214+0000] {dagbag.py:539} INFO - Filling up the DagBag from /opt/airflow/dags/data_stream.py
[2025-03-23T02:20:26.311+0000] {processor.py:839} INFO - DAG(s) dict_keys(['job_data_stream']) retrieved from /opt/airflow/dags/data_stream.py
[2025-03-23T02:20:26.336+0000] {logging_mixin.py:151} INFO - [2025-03-23T02:20:26.336+0000] {dag.py:2907} INFO - Sync 1 DAGs
[2025-03-23T02:20:26.360+0000] {logging_mixin.py:151} INFO - [2025-03-23T02:20:26.360+0000] {dag.py:3677} INFO - Setting next_dagrun for job_data_stream to 2025-03-23T00:00:00+00:00, run_after=2025-03-24T00:00:00+00:00
[2025-03-23T02:20:26.377+0000] {processor.py:179} INFO - Processing /opt/airflow/dags/data_stream.py took 0.170 seconds
[2025-03-23T02:20:56.565+0000] {processor.py:157} INFO - Started process (PID=60) to work on /opt/airflow/dags/data_stream.py
[2025-03-23T02:20:56.566+0000] {processor.py:829} INFO - Processing file /opt/airflow/dags/data_stream.py for tasks to queue
[2025-03-23T02:20:56.571+0000] {logging_mixin.py:151} INFO - [2025-03-23T02:20:56.570+0000] {dagbag.py:539} INFO - Filling up the DagBag from /opt/airflow/dags/data_stream.py
[2025-03-23T02:20:56.699+0000] {processor.py:839} INFO - DAG(s) dict_keys(['job_data_stream']) retrieved from /opt/airflow/dags/data_stream.py
[2025-03-23T02:20:56.737+0000] {logging_mixin.py:151} INFO - [2025-03-23T02:20:56.737+0000] {dag.py:2907} INFO - Sync 1 DAGs
[2025-03-23T02:20:56.767+0000] {logging_mixin.py:151} INFO - [2025-03-23T02:20:56.767+0000] {dag.py:3677} INFO - Setting next_dagrun for job_data_stream to 2025-03-23T00:00:00+00:00, run_after=2025-03-24T00:00:00+00:00
[2025-03-23T02:20:56.788+0000] {processor.py:179} INFO - Processing /opt/airflow/dags/data_stream.py took 0.226 seconds
[2025-03-23T02:21:26.993+0000] {processor.py:157} INFO - Started process (PID=61) to work on /opt/airflow/dags/data_stream.py
[2025-03-23T02:21:26.994+0000] {processor.py:829} INFO - Processing file /opt/airflow/dags/data_stream.py for tasks to queue
[2025-03-23T02:21:26.998+0000] {logging_mixin.py:151} INFO - [2025-03-23T02:21:26.998+0000] {dagbag.py:539} INFO - Filling up the DagBag from /opt/airflow/dags/data_stream.py
[2025-03-23T02:21:27.127+0000] {processor.py:839} INFO - DAG(s) dict_keys(['job_data_stream']) retrieved from /opt/airflow/dags/data_stream.py
[2025-03-23T02:21:27.162+0000] {logging_mixin.py:151} INFO - [2025-03-23T02:21:27.161+0000] {dag.py:2907} INFO - Sync 1 DAGs
[2025-03-23T02:21:27.194+0000] {logging_mixin.py:151} INFO - [2025-03-23T02:21:27.194+0000] {dag.py:3677} INFO - Setting next_dagrun for job_data_stream to 2025-03-23T00:00:00+00:00, run_after=2025-03-24T00:00:00+00:00
[2025-03-23T02:21:27.220+0000] {processor.py:179} INFO - Processing /opt/airflow/dags/data_stream.py took 0.232 seconds
[2025-03-23T02:21:57.294+0000] {processor.py:157} INFO - Started process (PID=62) to work on /opt/airflow/dags/data_stream.py
[2025-03-23T02:21:57.299+0000] {processor.py:829} INFO - Processing file /opt/airflow/dags/data_stream.py for tasks to queue
[2025-03-23T02:21:57.308+0000] {logging_mixin.py:151} INFO - [2025-03-23T02:21:57.307+0000] {dagbag.py:539} INFO - Filling up the DagBag from /opt/airflow/dags/data_stream.py
[2025-03-23T02:21:57.458+0000] {processor.py:839} INFO - DAG(s) dict_keys(['job_data_stream']) retrieved from /opt/airflow/dags/data_stream.py
[2025-03-23T02:21:57.496+0000] {logging_mixin.py:151} INFO - [2025-03-23T02:21:57.495+0000] {dag.py:2907} INFO - Sync 1 DAGs
[2025-03-23T02:21:57.528+0000] {logging_mixin.py:151} INFO - [2025-03-23T02:21:57.527+0000] {dag.py:3677} INFO - Setting next_dagrun for job_data_stream to 2025-03-23T00:00:00+00:00, run_after=2025-03-24T00:00:00+00:00
[2025-03-23T02:21:57.549+0000] {processor.py:179} INFO - Processing /opt/airflow/dags/data_stream.py took 0.275 seconds
[2025-03-23T02:22:27.749+0000] {processor.py:157} INFO - Started process (PID=63) to work on /opt/airflow/dags/data_stream.py
[2025-03-23T02:22:27.751+0000] {processor.py:829} INFO - Processing file /opt/airflow/dags/data_stream.py for tasks to queue
[2025-03-23T02:22:27.754+0000] {logging_mixin.py:151} INFO - [2025-03-23T02:22:27.754+0000] {dagbag.py:539} INFO - Filling up the DagBag from /opt/airflow/dags/data_stream.py
[2025-03-23T02:22:27.857+0000] {processor.py:839} INFO - DAG(s) dict_keys(['job_data_stream']) retrieved from /opt/airflow/dags/data_stream.py
[2025-03-23T02:22:27.883+0000] {logging_mixin.py:151} INFO - [2025-03-23T02:22:27.883+0000] {dag.py:2907} INFO - Sync 1 DAGs
[2025-03-23T02:22:27.906+0000] {logging_mixin.py:151} INFO - [2025-03-23T02:22:27.905+0000] {dag.py:3677} INFO - Setting next_dagrun for job_data_stream to 2025-03-23T00:00:00+00:00, run_after=2025-03-24T00:00:00+00:00
[2025-03-23T02:22:27.924+0000] {processor.py:179} INFO - Processing /opt/airflow/dags/data_stream.py took 0.182 seconds
[2025-03-23T02:22:58.062+0000] {processor.py:157} INFO - Started process (PID=64) to work on /opt/airflow/dags/data_stream.py
[2025-03-23T02:22:58.063+0000] {processor.py:829} INFO - Processing file /opt/airflow/dags/data_stream.py for tasks to queue
[2025-03-23T02:22:58.069+0000] {logging_mixin.py:151} INFO - [2025-03-23T02:22:58.068+0000] {dagbag.py:539} INFO - Filling up the DagBag from /opt/airflow/dags/data_stream.py
[2025-03-23T02:22:58.183+0000] {processor.py:839} INFO - DAG(s) dict_keys(['job_data_stream']) retrieved from /opt/airflow/dags/data_stream.py
[2025-03-23T02:22:58.212+0000] {logging_mixin.py:151} INFO - [2025-03-23T02:22:58.212+0000] {dag.py:2907} INFO - Sync 1 DAGs
[2025-03-23T02:22:58.235+0000] {logging_mixin.py:151} INFO - [2025-03-23T02:22:58.235+0000] {dag.py:3677} INFO - Setting next_dagrun for job_data_stream to 2025-03-23T00:00:00+00:00, run_after=2025-03-24T00:00:00+00:00
[2025-03-23T02:22:58.254+0000] {processor.py:179} INFO - Processing /opt/airflow/dags/data_stream.py took 0.200 seconds
[2025-03-23T02:23:28.464+0000] {processor.py:157} INFO - Started process (PID=65) to work on /opt/airflow/dags/data_stream.py
[2025-03-23T02:23:28.470+0000] {processor.py:829} INFO - Processing file /opt/airflow/dags/data_stream.py for tasks to queue
[2025-03-23T02:23:28.485+0000] {logging_mixin.py:151} INFO - [2025-03-23T02:23:28.484+0000] {dagbag.py:539} INFO - Filling up the DagBag from /opt/airflow/dags/data_stream.py
[2025-03-23T02:23:28.670+0000] {processor.py:839} INFO - DAG(s) dict_keys(['job_data_stream']) retrieved from /opt/airflow/dags/data_stream.py
[2025-03-23T02:23:28.705+0000] {logging_mixin.py:151} INFO - [2025-03-23T02:23:28.705+0000] {dag.py:2907} INFO - Sync 1 DAGs
[2025-03-23T02:23:28.735+0000] {logging_mixin.py:151} INFO - [2025-03-23T02:23:28.735+0000] {dag.py:3677} INFO - Setting next_dagrun for job_data_stream to 2025-03-23T00:00:00+00:00, run_after=2025-03-24T00:00:00+00:00
[2025-03-23T02:23:28.760+0000] {processor.py:179} INFO - Processing /opt/airflow/dags/data_stream.py took 0.313 seconds
[2025-03-23T02:23:58.996+0000] {processor.py:157} INFO - Started process (PID=66) to work on /opt/airflow/dags/data_stream.py
[2025-03-23T02:23:58.997+0000] {processor.py:829} INFO - Processing file /opt/airflow/dags/data_stream.py for tasks to queue
[2025-03-23T02:23:59.003+0000] {logging_mixin.py:151} INFO - [2025-03-23T02:23:59.002+0000] {dagbag.py:539} INFO - Filling up the DagBag from /opt/airflow/dags/data_stream.py
[2025-03-23T02:23:59.185+0000] {processor.py:839} INFO - DAG(s) dict_keys(['job_data_stream']) retrieved from /opt/airflow/dags/data_stream.py
[2025-03-23T02:23:59.217+0000] {logging_mixin.py:151} INFO - [2025-03-23T02:23:59.217+0000] {dag.py:2907} INFO - Sync 1 DAGs
[2025-03-23T02:23:59.242+0000] {logging_mixin.py:151} INFO - [2025-03-23T02:23:59.241+0000] {dag.py:3677} INFO - Setting next_dagrun for job_data_stream to 2025-03-23T00:00:00+00:00, run_after=2025-03-24T00:00:00+00:00
[2025-03-23T02:23:59.260+0000] {processor.py:179} INFO - Processing /opt/airflow/dags/data_stream.py took 0.269 seconds
[2025-03-23T02:24:29.443+0000] {processor.py:157} INFO - Started process (PID=67) to work on /opt/airflow/dags/data_stream.py
[2025-03-23T02:24:29.445+0000] {processor.py:829} INFO - Processing file /opt/airflow/dags/data_stream.py for tasks to queue
[2025-03-23T02:24:29.451+0000] {logging_mixin.py:151} INFO - [2025-03-23T02:24:29.450+0000] {dagbag.py:539} INFO - Filling up the DagBag from /opt/airflow/dags/data_stream.py
[2025-03-23T02:24:29.578+0000] {processor.py:839} INFO - DAG(s) dict_keys(['job_data_stream']) retrieved from /opt/airflow/dags/data_stream.py
[2025-03-23T02:24:29.609+0000] {logging_mixin.py:151} INFO - [2025-03-23T02:24:29.609+0000] {dag.py:2907} INFO - Sync 1 DAGs
[2025-03-23T02:24:29.636+0000] {logging_mixin.py:151} INFO - [2025-03-23T02:24:29.636+0000] {dag.py:3677} INFO - Setting next_dagrun for job_data_stream to 2025-03-23T00:00:00+00:00, run_after=2025-03-24T00:00:00+00:00
[2025-03-23T02:24:29.654+0000] {processor.py:179} INFO - Processing /opt/airflow/dags/data_stream.py took 0.218 seconds
[2025-03-23T02:24:59.931+0000] {processor.py:157} INFO - Started process (PID=68) to work on /opt/airflow/dags/data_stream.py
[2025-03-23T02:24:59.934+0000] {processor.py:829} INFO - Processing file /opt/airflow/dags/data_stream.py for tasks to queue
[2025-03-23T02:24:59.939+0000] {logging_mixin.py:151} INFO - [2025-03-23T02:24:59.938+0000] {dagbag.py:539} INFO - Filling up the DagBag from /opt/airflow/dags/data_stream.py
[2025-03-23T02:25:00.041+0000] {processor.py:839} INFO - DAG(s) dict_keys(['job_data_stream']) retrieved from /opt/airflow/dags/data_stream.py
[2025-03-23T02:25:00.068+0000] {logging_mixin.py:151} INFO - [2025-03-23T02:25:00.068+0000] {dag.py:2907} INFO - Sync 1 DAGs
[2025-03-23T02:25:00.090+0000] {logging_mixin.py:151} INFO - [2025-03-23T02:25:00.090+0000] {dag.py:3677} INFO - Setting next_dagrun for job_data_stream to 2025-03-23T00:00:00+00:00, run_after=2025-03-24T00:00:00+00:00
[2025-03-23T02:25:00.108+0000] {processor.py:179} INFO - Processing /opt/airflow/dags/data_stream.py took 0.187 seconds
[2025-03-23T02:25:30.140+0000] {processor.py:157} INFO - Started process (PID=69) to work on /opt/airflow/dags/data_stream.py
[2025-03-23T02:25:30.141+0000] {processor.py:829} INFO - Processing file /opt/airflow/dags/data_stream.py for tasks to queue
[2025-03-23T02:25:30.144+0000] {logging_mixin.py:151} INFO - [2025-03-23T02:25:30.144+0000] {dagbag.py:539} INFO - Filling up the DagBag from /opt/airflow/dags/data_stream.py
[2025-03-23T02:25:30.251+0000] {processor.py:839} INFO - DAG(s) dict_keys(['job_data_stream']) retrieved from /opt/airflow/dags/data_stream.py
[2025-03-23T02:25:30.282+0000] {logging_mixin.py:151} INFO - [2025-03-23T02:25:30.281+0000] {dag.py:2907} INFO - Sync 1 DAGs
[2025-03-23T02:25:30.308+0000] {logging_mixin.py:151} INFO - [2025-03-23T02:25:30.308+0000] {dag.py:3677} INFO - Setting next_dagrun for job_data_stream to 2025-03-23T00:00:00+00:00, run_after=2025-03-24T00:00:00+00:00
[2025-03-23T02:25:30.326+0000] {processor.py:179} INFO - Processing /opt/airflow/dags/data_stream.py took 0.190 seconds
[2025-03-23T02:26:00.592+0000] {processor.py:157} INFO - Started process (PID=70) to work on /opt/airflow/dags/data_stream.py
[2025-03-23T02:26:00.595+0000] {processor.py:829} INFO - Processing file /opt/airflow/dags/data_stream.py for tasks to queue
[2025-03-23T02:26:00.599+0000] {logging_mixin.py:151} INFO - [2025-03-23T02:26:00.598+0000] {dagbag.py:539} INFO - Filling up the DagBag from /opt/airflow/dags/data_stream.py
[2025-03-23T02:26:00.695+0000] {processor.py:839} INFO - DAG(s) dict_keys(['job_data_stream']) retrieved from /opt/airflow/dags/data_stream.py
[2025-03-23T02:26:00.722+0000] {logging_mixin.py:151} INFO - [2025-03-23T02:26:00.722+0000] {dag.py:2907} INFO - Sync 1 DAGs
[2025-03-23T02:26:00.743+0000] {logging_mixin.py:151} INFO - [2025-03-23T02:26:00.743+0000] {dag.py:3677} INFO - Setting next_dagrun for job_data_stream to 2025-03-23T00:00:00+00:00, run_after=2025-03-24T00:00:00+00:00
[2025-03-23T02:26:00.760+0000] {processor.py:179} INFO - Processing /opt/airflow/dags/data_stream.py took 0.176 seconds
[2025-03-23T02:26:30.824+0000] {processor.py:157} INFO - Started process (PID=71) to work on /opt/airflow/dags/data_stream.py
[2025-03-23T02:26:30.825+0000] {processor.py:829} INFO - Processing file /opt/airflow/dags/data_stream.py for tasks to queue
[2025-03-23T02:26:30.828+0000] {logging_mixin.py:151} INFO - [2025-03-23T02:26:30.828+0000] {dagbag.py:539} INFO - Filling up the DagBag from /opt/airflow/dags/data_stream.py
[2025-03-23T02:26:30.947+0000] {processor.py:839} INFO - DAG(s) dict_keys(['job_data_stream']) retrieved from /opt/airflow/dags/data_stream.py
[2025-03-23T02:26:30.977+0000] {logging_mixin.py:151} INFO - [2025-03-23T02:26:30.977+0000] {dag.py:2907} INFO - Sync 1 DAGs
[2025-03-23T02:26:31.008+0000] {logging_mixin.py:151} INFO - [2025-03-23T02:26:31.008+0000] {dag.py:3677} INFO - Setting next_dagrun for job_data_stream to 2025-03-23T00:00:00+00:00, run_after=2025-03-24T00:00:00+00:00
[2025-03-23T02:26:31.028+0000] {processor.py:179} INFO - Processing /opt/airflow/dags/data_stream.py took 0.208 seconds
[2025-03-23T02:27:01.184+0000] {processor.py:157} INFO - Started process (PID=72) to work on /opt/airflow/dags/data_stream.py
[2025-03-23T02:27:01.186+0000] {processor.py:829} INFO - Processing file /opt/airflow/dags/data_stream.py for tasks to queue
[2025-03-23T02:27:01.189+0000] {logging_mixin.py:151} INFO - [2025-03-23T02:27:01.189+0000] {dagbag.py:539} INFO - Filling up the DagBag from /opt/airflow/dags/data_stream.py
[2025-03-23T02:27:01.306+0000] {processor.py:839} INFO - DAG(s) dict_keys(['job_data_stream']) retrieved from /opt/airflow/dags/data_stream.py
[2025-03-23T02:27:01.333+0000] {logging_mixin.py:151} INFO - [2025-03-23T02:27:01.333+0000] {dag.py:2907} INFO - Sync 1 DAGs
[2025-03-23T02:27:01.357+0000] {logging_mixin.py:151} INFO - [2025-03-23T02:27:01.357+0000] {dag.py:3677} INFO - Setting next_dagrun for job_data_stream to 2025-03-23T00:00:00+00:00, run_after=2025-03-24T00:00:00+00:00
[2025-03-23T02:27:01.375+0000] {processor.py:179} INFO - Processing /opt/airflow/dags/data_stream.py took 0.200 seconds
[2025-03-23T02:27:31.442+0000] {processor.py:157} INFO - Started process (PID=73) to work on /opt/airflow/dags/data_stream.py
[2025-03-23T02:27:31.444+0000] {processor.py:829} INFO - Processing file /opt/airflow/dags/data_stream.py for tasks to queue
[2025-03-23T02:27:31.450+0000] {logging_mixin.py:151} INFO - [2025-03-23T02:27:31.449+0000] {dagbag.py:539} INFO - Filling up the DagBag from /opt/airflow/dags/data_stream.py
[2025-03-23T02:27:31.561+0000] {processor.py:839} INFO - DAG(s) dict_keys(['job_data_stream']) retrieved from /opt/airflow/dags/data_stream.py
[2025-03-23T02:27:31.588+0000] {logging_mixin.py:151} INFO - [2025-03-23T02:27:31.588+0000] {dag.py:2907} INFO - Sync 1 DAGs
[2025-03-23T02:27:31.610+0000] {logging_mixin.py:151} INFO - [2025-03-23T02:27:31.610+0000] {dag.py:3677} INFO - Setting next_dagrun for job_data_stream to 2025-03-23T00:00:00+00:00, run_after=2025-03-24T00:00:00+00:00
[2025-03-23T02:27:31.627+0000] {processor.py:179} INFO - Processing /opt/airflow/dags/data_stream.py took 0.194 seconds
[2025-03-23T02:28:01.739+0000] {processor.py:157} INFO - Started process (PID=74) to work on /opt/airflow/dags/data_stream.py
[2025-03-23T02:28:01.740+0000] {processor.py:829} INFO - Processing file /opt/airflow/dags/data_stream.py for tasks to queue
[2025-03-23T02:28:01.744+0000] {logging_mixin.py:151} INFO - [2025-03-23T02:28:01.744+0000] {dagbag.py:539} INFO - Filling up the DagBag from /opt/airflow/dags/data_stream.py
[2025-03-23T02:28:01.850+0000] {processor.py:839} INFO - DAG(s) dict_keys(['job_data_stream']) retrieved from /opt/airflow/dags/data_stream.py
[2025-03-23T02:28:01.880+0000] {logging_mixin.py:151} INFO - [2025-03-23T02:28:01.880+0000] {dag.py:2907} INFO - Sync 1 DAGs
[2025-03-23T02:28:01.905+0000] {logging_mixin.py:151} INFO - [2025-03-23T02:28:01.905+0000] {dag.py:3677} INFO - Setting next_dagrun for job_data_stream to 2025-03-23T00:00:00+00:00, run_after=2025-03-24T00:00:00+00:00
[2025-03-23T02:28:01.924+0000] {processor.py:179} INFO - Processing /opt/airflow/dags/data_stream.py took 0.191 seconds
[2025-03-23T02:28:32.007+0000] {processor.py:157} INFO - Started process (PID=75) to work on /opt/airflow/dags/data_stream.py
[2025-03-23T02:28:32.008+0000] {processor.py:829} INFO - Processing file /opt/airflow/dags/data_stream.py for tasks to queue
[2025-03-23T02:28:32.011+0000] {logging_mixin.py:151} INFO - [2025-03-23T02:28:32.011+0000] {dagbag.py:539} INFO - Filling up the DagBag from /opt/airflow/dags/data_stream.py
[2025-03-23T02:28:32.108+0000] {processor.py:839} INFO - DAG(s) dict_keys(['job_data_stream']) retrieved from /opt/airflow/dags/data_stream.py
[2025-03-23T02:28:32.134+0000] {logging_mixin.py:151} INFO - [2025-03-23T02:28:32.134+0000] {dag.py:2907} INFO - Sync 1 DAGs
[2025-03-23T02:28:32.159+0000] {logging_mixin.py:151} INFO - [2025-03-23T02:28:32.159+0000] {dag.py:3677} INFO - Setting next_dagrun for job_data_stream to 2025-03-23T00:00:00+00:00, run_after=2025-03-24T00:00:00+00:00
[2025-03-23T02:28:32.176+0000] {processor.py:179} INFO - Processing /opt/airflow/dags/data_stream.py took 0.172 seconds
[2025-03-23T02:29:02.433+0000] {processor.py:157} INFO - Started process (PID=76) to work on /opt/airflow/dags/data_stream.py
[2025-03-23T02:29:02.435+0000] {processor.py:829} INFO - Processing file /opt/airflow/dags/data_stream.py for tasks to queue
[2025-03-23T02:29:02.439+0000] {logging_mixin.py:151} INFO - [2025-03-23T02:29:02.439+0000] {dagbag.py:539} INFO - Filling up the DagBag from /opt/airflow/dags/data_stream.py
[2025-03-23T02:29:02.539+0000] {processor.py:839} INFO - DAG(s) dict_keys(['job_data_stream']) retrieved from /opt/airflow/dags/data_stream.py
[2025-03-23T02:29:02.564+0000] {logging_mixin.py:151} INFO - [2025-03-23T02:29:02.564+0000] {dag.py:2907} INFO - Sync 1 DAGs
[2025-03-23T02:29:02.585+0000] {logging_mixin.py:151} INFO - [2025-03-23T02:29:02.585+0000] {dag.py:3677} INFO - Setting next_dagrun for job_data_stream to 2025-03-23T00:00:00+00:00, run_after=2025-03-24T00:00:00+00:00
[2025-03-23T02:29:02.602+0000] {processor.py:179} INFO - Processing /opt/airflow/dags/data_stream.py took 0.174 seconds
[2025-03-23T02:29:32.659+0000] {processor.py:157} INFO - Started process (PID=77) to work on /opt/airflow/dags/data_stream.py
[2025-03-23T02:29:32.663+0000] {processor.py:829} INFO - Processing file /opt/airflow/dags/data_stream.py for tasks to queue
[2025-03-23T02:29:32.667+0000] {logging_mixin.py:151} INFO - [2025-03-23T02:29:32.666+0000] {dagbag.py:539} INFO - Filling up the DagBag from /opt/airflow/dags/data_stream.py
[2025-03-23T02:29:32.778+0000] {processor.py:839} INFO - DAG(s) dict_keys(['job_data_stream']) retrieved from /opt/airflow/dags/data_stream.py
[2025-03-23T02:29:32.812+0000] {logging_mixin.py:151} INFO - [2025-03-23T02:29:32.812+0000] {dag.py:2907} INFO - Sync 1 DAGs
[2025-03-23T02:29:32.837+0000] {logging_mixin.py:151} INFO - [2025-03-23T02:29:32.837+0000] {dag.py:3677} INFO - Setting next_dagrun for job_data_stream to 2025-03-23T00:00:00+00:00, run_after=2025-03-24T00:00:00+00:00
[2025-03-23T02:29:32.858+0000] {processor.py:179} INFO - Processing /opt/airflow/dags/data_stream.py took 0.205 seconds
[2025-03-23T02:30:03.119+0000] {processor.py:157} INFO - Started process (PID=78) to work on /opt/airflow/dags/data_stream.py
[2025-03-23T02:30:03.120+0000] {processor.py:829} INFO - Processing file /opt/airflow/dags/data_stream.py for tasks to queue
[2025-03-23T02:30:03.125+0000] {logging_mixin.py:151} INFO - [2025-03-23T02:30:03.125+0000] {dagbag.py:539} INFO - Filling up the DagBag from /opt/airflow/dags/data_stream.py
[2025-03-23T02:30:03.235+0000] {processor.py:839} INFO - DAG(s) dict_keys(['job_data_stream']) retrieved from /opt/airflow/dags/data_stream.py
[2025-03-23T02:30:03.262+0000] {logging_mixin.py:151} INFO - [2025-03-23T02:30:03.262+0000] {dag.py:2907} INFO - Sync 1 DAGs
[2025-03-23T02:30:03.285+0000] {logging_mixin.py:151} INFO - [2025-03-23T02:30:03.285+0000] {dag.py:3677} INFO - Setting next_dagrun for job_data_stream to 2025-03-23T00:00:00+00:00, run_after=2025-03-24T00:00:00+00:00
[2025-03-23T02:30:03.301+0000] {processor.py:179} INFO - Processing /opt/airflow/dags/data_stream.py took 0.189 seconds
[2025-03-23T02:30:33.375+0000] {processor.py:157} INFO - Started process (PID=79) to work on /opt/airflow/dags/data_stream.py
[2025-03-23T02:30:33.376+0000] {processor.py:829} INFO - Processing file /opt/airflow/dags/data_stream.py for tasks to queue
[2025-03-23T02:30:33.381+0000] {logging_mixin.py:151} INFO - [2025-03-23T02:30:33.380+0000] {dagbag.py:539} INFO - Filling up the DagBag from /opt/airflow/dags/data_stream.py
[2025-03-23T02:30:33.485+0000] {processor.py:839} INFO - DAG(s) dict_keys(['job_data_stream']) retrieved from /opt/airflow/dags/data_stream.py
[2025-03-23T02:30:33.518+0000] {logging_mixin.py:151} INFO - [2025-03-23T02:30:33.518+0000] {dag.py:2907} INFO - Sync 1 DAGs
[2025-03-23T02:30:33.543+0000] {logging_mixin.py:151} INFO - [2025-03-23T02:30:33.543+0000] {dag.py:3677} INFO - Setting next_dagrun for job_data_stream to 2025-03-23T00:00:00+00:00, run_after=2025-03-24T00:00:00+00:00
[2025-03-23T02:30:33.560+0000] {processor.py:179} INFO - Processing /opt/airflow/dags/data_stream.py took 0.191 seconds
[2025-03-23T02:31:03.818+0000] {processor.py:157} INFO - Started process (PID=80) to work on /opt/airflow/dags/data_stream.py
[2025-03-23T02:31:03.819+0000] {processor.py:829} INFO - Processing file /opt/airflow/dags/data_stream.py for tasks to queue
[2025-03-23T02:31:03.823+0000] {logging_mixin.py:151} INFO - [2025-03-23T02:31:03.822+0000] {dagbag.py:539} INFO - Filling up the DagBag from /opt/airflow/dags/data_stream.py
[2025-03-23T02:31:03.924+0000] {processor.py:839} INFO - DAG(s) dict_keys(['job_data_stream']) retrieved from /opt/airflow/dags/data_stream.py
[2025-03-23T02:31:03.953+0000] {logging_mixin.py:151} INFO - [2025-03-23T02:31:03.953+0000] {dag.py:2907} INFO - Sync 1 DAGs
[2025-03-23T02:31:03.979+0000] {logging_mixin.py:151} INFO - [2025-03-23T02:31:03.979+0000] {dag.py:3677} INFO - Setting next_dagrun for job_data_stream to 2025-03-23T00:00:00+00:00, run_after=2025-03-24T00:00:00+00:00
[2025-03-23T02:31:03.997+0000] {processor.py:179} INFO - Processing /opt/airflow/dags/data_stream.py took 0.185 seconds
[2025-03-23T02:31:34.075+0000] {processor.py:157} INFO - Started process (PID=81) to work on /opt/airflow/dags/data_stream.py
[2025-03-23T02:31:34.076+0000] {processor.py:829} INFO - Processing file /opt/airflow/dags/data_stream.py for tasks to queue
[2025-03-23T02:31:34.079+0000] {logging_mixin.py:151} INFO - [2025-03-23T02:31:34.079+0000] {dagbag.py:539} INFO - Filling up the DagBag from /opt/airflow/dags/data_stream.py
[2025-03-23T02:31:34.184+0000] {processor.py:839} INFO - DAG(s) dict_keys(['job_data_stream']) retrieved from /opt/airflow/dags/data_stream.py
[2025-03-23T02:31:34.215+0000] {logging_mixin.py:151} INFO - [2025-03-23T02:31:34.215+0000] {dag.py:2907} INFO - Sync 1 DAGs
[2025-03-23T02:31:34.239+0000] {logging_mixin.py:151} INFO - [2025-03-23T02:31:34.239+0000] {dag.py:3677} INFO - Setting next_dagrun for job_data_stream to 2025-03-23T00:00:00+00:00, run_after=2025-03-24T00:00:00+00:00
[2025-03-23T02:31:34.257+0000] {processor.py:179} INFO - Processing /opt/airflow/dags/data_stream.py took 0.187 seconds
[2025-03-23T02:32:04.448+0000] {processor.py:157} INFO - Started process (PID=82) to work on /opt/airflow/dags/data_stream.py
[2025-03-23T02:32:04.450+0000] {processor.py:829} INFO - Processing file /opt/airflow/dags/data_stream.py for tasks to queue
[2025-03-23T02:32:04.455+0000] {logging_mixin.py:151} INFO - [2025-03-23T02:32:04.454+0000] {dagbag.py:539} INFO - Filling up the DagBag from /opt/airflow/dags/data_stream.py
[2025-03-23T02:32:04.589+0000] {processor.py:839} INFO - DAG(s) dict_keys(['job_data_stream']) retrieved from /opt/airflow/dags/data_stream.py
[2025-03-23T02:32:04.624+0000] {logging_mixin.py:151} INFO - [2025-03-23T02:32:04.623+0000] {dag.py:2907} INFO - Sync 1 DAGs
[2025-03-23T02:32:04.653+0000] {logging_mixin.py:151} INFO - [2025-03-23T02:32:04.653+0000] {dag.py:3677} INFO - Setting next_dagrun for job_data_stream to 2025-03-23T00:00:00+00:00, run_after=2025-03-24T00:00:00+00:00
[2025-03-23T02:32:04.675+0000] {processor.py:179} INFO - Processing /opt/airflow/dags/data_stream.py took 0.232 seconds
[2025-03-23T02:32:34.712+0000] {processor.py:157} INFO - Started process (PID=83) to work on /opt/airflow/dags/data_stream.py
[2025-03-23T02:32:34.713+0000] {processor.py:829} INFO - Processing file /opt/airflow/dags/data_stream.py for tasks to queue
[2025-03-23T02:32:34.716+0000] {logging_mixin.py:151} INFO - [2025-03-23T02:32:34.715+0000] {dagbag.py:539} INFO - Filling up the DagBag from /opt/airflow/dags/data_stream.py
[2025-03-23T02:32:34.833+0000] {processor.py:839} INFO - DAG(s) dict_keys(['job_data_stream']) retrieved from /opt/airflow/dags/data_stream.py
[2025-03-23T02:32:34.865+0000] {logging_mixin.py:151} INFO - [2025-03-23T02:32:34.864+0000] {dag.py:2907} INFO - Sync 1 DAGs
[2025-03-23T02:32:34.890+0000] {logging_mixin.py:151} INFO - [2025-03-23T02:32:34.890+0000] {dag.py:3677} INFO - Setting next_dagrun for job_data_stream to 2025-03-23T00:00:00+00:00, run_after=2025-03-24T00:00:00+00:00
[2025-03-23T02:32:34.909+0000] {processor.py:179} INFO - Processing /opt/airflow/dags/data_stream.py took 0.202 seconds
[2025-03-23T02:33:05.117+0000] {processor.py:157} INFO - Started process (PID=84) to work on /opt/airflow/dags/data_stream.py
[2025-03-23T02:33:05.118+0000] {processor.py:829} INFO - Processing file /opt/airflow/dags/data_stream.py for tasks to queue
[2025-03-23T02:33:05.122+0000] {logging_mixin.py:151} INFO - [2025-03-23T02:33:05.121+0000] {dagbag.py:539} INFO - Filling up the DagBag from /opt/airflow/dags/data_stream.py
[2025-03-23T02:33:05.235+0000] {processor.py:839} INFO - DAG(s) dict_keys(['job_data_stream']) retrieved from /opt/airflow/dags/data_stream.py
[2025-03-23T02:33:05.263+0000] {logging_mixin.py:151} INFO - [2025-03-23T02:33:05.262+0000] {dag.py:2907} INFO - Sync 1 DAGs
[2025-03-23T02:33:05.286+0000] {logging_mixin.py:151} INFO - [2025-03-23T02:33:05.286+0000] {dag.py:3677} INFO - Setting next_dagrun for job_data_stream to 2025-03-23T00:00:00+00:00, run_after=2025-03-24T00:00:00+00:00
[2025-03-23T02:33:05.304+0000] {processor.py:179} INFO - Processing /opt/airflow/dags/data_stream.py took 0.191 seconds
[2025-03-23T02:33:35.361+0000] {processor.py:157} INFO - Started process (PID=85) to work on /opt/airflow/dags/data_stream.py
[2025-03-23T02:33:35.363+0000] {processor.py:829} INFO - Processing file /opt/airflow/dags/data_stream.py for tasks to queue
[2025-03-23T02:33:35.367+0000] {logging_mixin.py:151} INFO - [2025-03-23T02:33:35.367+0000] {dagbag.py:539} INFO - Filling up the DagBag from /opt/airflow/dags/data_stream.py
[2025-03-23T02:33:35.482+0000] {processor.py:839} INFO - DAG(s) dict_keys(['job_data_stream']) retrieved from /opt/airflow/dags/data_stream.py
[2025-03-23T02:33:35.513+0000] {logging_mixin.py:151} INFO - [2025-03-23T02:33:35.513+0000] {dag.py:2907} INFO - Sync 1 DAGs
[2025-03-23T02:33:35.543+0000] {logging_mixin.py:151} INFO - [2025-03-23T02:33:35.543+0000] {dag.py:3677} INFO - Setting next_dagrun for job_data_stream to 2025-03-23T00:00:00+00:00, run_after=2025-03-24T00:00:00+00:00
[2025-03-23T02:33:35.563+0000] {processor.py:179} INFO - Processing /opt/airflow/dags/data_stream.py took 0.209 seconds
[2025-03-23T02:34:05.811+0000] {processor.py:157} INFO - Started process (PID=86) to work on /opt/airflow/dags/data_stream.py
[2025-03-23T02:34:05.813+0000] {processor.py:829} INFO - Processing file /opt/airflow/dags/data_stream.py for tasks to queue
[2025-03-23T02:34:05.818+0000] {logging_mixin.py:151} INFO - [2025-03-23T02:34:05.817+0000] {dagbag.py:539} INFO - Filling up the DagBag from /opt/airflow/dags/data_stream.py
[2025-03-23T02:34:05.916+0000] {processor.py:839} INFO - DAG(s) dict_keys(['job_data_stream']) retrieved from /opt/airflow/dags/data_stream.py
[2025-03-23T02:34:05.944+0000] {logging_mixin.py:151} INFO - [2025-03-23T02:34:05.944+0000] {dag.py:2907} INFO - Sync 1 DAGs
[2025-03-23T02:34:05.969+0000] {logging_mixin.py:151} INFO - [2025-03-23T02:34:05.969+0000] {dag.py:3677} INFO - Setting next_dagrun for job_data_stream to 2025-03-23T00:00:00+00:00, run_after=2025-03-24T00:00:00+00:00
[2025-03-23T02:34:05.988+0000] {processor.py:179} INFO - Processing /opt/airflow/dags/data_stream.py took 0.183 seconds
[2025-03-23T02:34:36.068+0000] {processor.py:157} INFO - Started process (PID=87) to work on /opt/airflow/dags/data_stream.py
[2025-03-23T02:34:36.069+0000] {processor.py:829} INFO - Processing file /opt/airflow/dags/data_stream.py for tasks to queue
[2025-03-23T02:34:36.072+0000] {logging_mixin.py:151} INFO - [2025-03-23T02:34:36.072+0000] {dagbag.py:539} INFO - Filling up the DagBag from /opt/airflow/dags/data_stream.py
[2025-03-23T02:34:36.198+0000] {processor.py:839} INFO - DAG(s) dict_keys(['job_data_stream']) retrieved from /opt/airflow/dags/data_stream.py
[2025-03-23T02:34:36.226+0000] {logging_mixin.py:151} INFO - [2025-03-23T02:34:36.226+0000] {dag.py:2907} INFO - Sync 1 DAGs
[2025-03-23T02:34:36.250+0000] {logging_mixin.py:151} INFO - [2025-03-23T02:34:36.250+0000] {dag.py:3677} INFO - Setting next_dagrun for job_data_stream to 2025-03-23T00:00:00+00:00, run_after=2025-03-24T00:00:00+00:00
[2025-03-23T02:34:36.284+0000] {processor.py:179} INFO - Processing /opt/airflow/dags/data_stream.py took 0.219 seconds
[2025-03-23T02:35:06.517+0000] {processor.py:157} INFO - Started process (PID=88) to work on /opt/airflow/dags/data_stream.py
[2025-03-23T02:35:06.519+0000] {processor.py:829} INFO - Processing file /opt/airflow/dags/data_stream.py for tasks to queue
[2025-03-23T02:35:06.522+0000] {logging_mixin.py:151} INFO - [2025-03-23T02:35:06.522+0000] {dagbag.py:539} INFO - Filling up the DagBag from /opt/airflow/dags/data_stream.py
[2025-03-23T02:35:06.623+0000] {processor.py:839} INFO - DAG(s) dict_keys(['job_data_stream']) retrieved from /opt/airflow/dags/data_stream.py
[2025-03-23T02:35:06.652+0000] {logging_mixin.py:151} INFO - [2025-03-23T02:35:06.652+0000] {dag.py:2907} INFO - Sync 1 DAGs
[2025-03-23T02:35:06.677+0000] {logging_mixin.py:151} INFO - [2025-03-23T02:35:06.677+0000] {dag.py:3677} INFO - Setting next_dagrun for job_data_stream to 2025-03-23T00:00:00+00:00, run_after=2025-03-24T00:00:00+00:00
[2025-03-23T02:35:06.696+0000] {processor.py:179} INFO - Processing /opt/airflow/dags/data_stream.py took 0.185 seconds
[2025-03-23T02:35:36.840+0000] {processor.py:157} INFO - Started process (PID=89) to work on /opt/airflow/dags/data_stream.py
[2025-03-23T02:35:36.842+0000] {processor.py:829} INFO - Processing file /opt/airflow/dags/data_stream.py for tasks to queue
[2025-03-23T02:35:36.847+0000] {logging_mixin.py:151} INFO - [2025-03-23T02:35:36.847+0000] {dagbag.py:539} INFO - Filling up the DagBag from /opt/airflow/dags/data_stream.py
[2025-03-23T02:35:36.955+0000] {processor.py:839} INFO - DAG(s) dict_keys(['job_data_stream']) retrieved from /opt/airflow/dags/data_stream.py
[2025-03-23T02:35:36.983+0000] {logging_mixin.py:151} INFO - [2025-03-23T02:35:36.983+0000] {dag.py:2907} INFO - Sync 1 DAGs
[2025-03-23T02:35:37.007+0000] {logging_mixin.py:151} INFO - [2025-03-23T02:35:37.007+0000] {dag.py:3677} INFO - Setting next_dagrun for job_data_stream to 2025-03-23T00:00:00+00:00, run_after=2025-03-24T00:00:00+00:00
[2025-03-23T02:35:37.025+0000] {processor.py:179} INFO - Processing /opt/airflow/dags/data_stream.py took 0.196 seconds
[2025-03-23T02:36:07.269+0000] {processor.py:157} INFO - Started process (PID=90) to work on /opt/airflow/dags/data_stream.py
[2025-03-23T02:36:07.273+0000] {processor.py:829} INFO - Processing file /opt/airflow/dags/data_stream.py for tasks to queue
[2025-03-23T02:36:07.282+0000] {logging_mixin.py:151} INFO - [2025-03-23T02:36:07.281+0000] {dagbag.py:539} INFO - Filling up the DagBag from /opt/airflow/dags/data_stream.py
[2025-03-23T02:36:07.400+0000] {processor.py:839} INFO - DAG(s) dict_keys(['job_data_stream']) retrieved from /opt/airflow/dags/data_stream.py
[2025-03-23T02:36:07.428+0000] {logging_mixin.py:151} INFO - [2025-03-23T02:36:07.428+0000] {dag.py:2907} INFO - Sync 1 DAGs
[2025-03-23T02:36:07.457+0000] {logging_mixin.py:151} INFO - [2025-03-23T02:36:07.457+0000] {dag.py:3677} INFO - Setting next_dagrun for job_data_stream to 2025-03-23T00:00:00+00:00, run_after=2025-03-24T00:00:00+00:00
[2025-03-23T02:36:07.476+0000] {processor.py:179} INFO - Processing /opt/airflow/dags/data_stream.py took 0.226 seconds
[2025-03-23T02:36:37.538+0000] {processor.py:157} INFO - Started process (PID=91) to work on /opt/airflow/dags/data_stream.py
[2025-03-23T02:36:37.540+0000] {processor.py:829} INFO - Processing file /opt/airflow/dags/data_stream.py for tasks to queue
[2025-03-23T02:36:37.545+0000] {logging_mixin.py:151} INFO - [2025-03-23T02:36:37.544+0000] {dagbag.py:539} INFO - Filling up the DagBag from /opt/airflow/dags/data_stream.py
[2025-03-23T02:36:37.643+0000] {processor.py:839} INFO - DAG(s) dict_keys(['job_data_stream']) retrieved from /opt/airflow/dags/data_stream.py
[2025-03-23T02:36:37.670+0000] {logging_mixin.py:151} INFO - [2025-03-23T02:36:37.670+0000] {dag.py:2907} INFO - Sync 1 DAGs
[2025-03-23T02:36:37.692+0000] {logging_mixin.py:151} INFO - [2025-03-23T02:36:37.692+0000] {dag.py:3677} INFO - Setting next_dagrun for job_data_stream to 2025-03-23T00:00:00+00:00, run_after=2025-03-24T00:00:00+00:00
[2025-03-23T02:36:37.709+0000] {processor.py:179} INFO - Processing /opt/airflow/dags/data_stream.py took 0.183 seconds
[2025-03-23T02:37:07.727+0000] {processor.py:157} INFO - Started process (PID=92) to work on /opt/airflow/dags/data_stream.py
[2025-03-23T02:37:07.728+0000] {processor.py:829} INFO - Processing file /opt/airflow/dags/data_stream.py for tasks to queue
[2025-03-23T02:37:07.731+0000] {logging_mixin.py:151} INFO - [2025-03-23T02:37:07.731+0000] {dagbag.py:539} INFO - Filling up the DagBag from /opt/airflow/dags/data_stream.py
[2025-03-23T02:37:07.847+0000] {processor.py:839} INFO - DAG(s) dict_keys(['job_data_stream']) retrieved from /opt/airflow/dags/data_stream.py
[2025-03-23T02:37:07.883+0000] {logging_mixin.py:151} INFO - [2025-03-23T02:37:07.883+0000] {dag.py:2907} INFO - Sync 1 DAGs
[2025-03-23T02:37:07.912+0000] {logging_mixin.py:151} INFO - [2025-03-23T02:37:07.912+0000] {dag.py:3677} INFO - Setting next_dagrun for job_data_stream to 2025-03-23T00:00:00+00:00, run_after=2025-03-24T00:00:00+00:00
[2025-03-23T02:37:07.933+0000] {processor.py:179} INFO - Processing /opt/airflow/dags/data_stream.py took 0.209 seconds
[2025-03-23T02:37:38.072+0000] {processor.py:157} INFO - Started process (PID=93) to work on /opt/airflow/dags/data_stream.py
[2025-03-23T02:37:38.073+0000] {processor.py:829} INFO - Processing file /opt/airflow/dags/data_stream.py for tasks to queue
[2025-03-23T02:37:38.075+0000] {logging_mixin.py:151} INFO - [2025-03-23T02:37:38.075+0000] {dagbag.py:539} INFO - Filling up the DagBag from /opt/airflow/dags/data_stream.py
[2025-03-23T02:37:38.178+0000] {processor.py:839} INFO - DAG(s) dict_keys(['job_data_stream']) retrieved from /opt/airflow/dags/data_stream.py
[2025-03-23T02:37:38.207+0000] {logging_mixin.py:151} INFO - [2025-03-23T02:37:38.206+0000] {dag.py:2907} INFO - Sync 1 DAGs
[2025-03-23T02:37:38.241+0000] {logging_mixin.py:151} INFO - [2025-03-23T02:37:38.241+0000] {dag.py:3677} INFO - Setting next_dagrun for job_data_stream to 2025-03-23T00:00:00+00:00, run_after=2025-03-24T00:00:00+00:00
[2025-03-23T02:37:38.265+0000] {processor.py:179} INFO - Processing /opt/airflow/dags/data_stream.py took 0.196 seconds
[2025-03-23T02:38:08.499+0000] {processor.py:157} INFO - Started process (PID=94) to work on /opt/airflow/dags/data_stream.py
[2025-03-23T02:38:08.502+0000] {processor.py:829} INFO - Processing file /opt/airflow/dags/data_stream.py for tasks to queue
[2025-03-23T02:38:08.507+0000] {logging_mixin.py:151} INFO - [2025-03-23T02:38:08.506+0000] {dagbag.py:539} INFO - Filling up the DagBag from /opt/airflow/dags/data_stream.py
[2025-03-23T02:38:08.614+0000] {processor.py:839} INFO - DAG(s) dict_keys(['job_data_stream']) retrieved from /opt/airflow/dags/data_stream.py
[2025-03-23T02:38:08.643+0000] {logging_mixin.py:151} INFO - [2025-03-23T02:38:08.643+0000] {dag.py:2907} INFO - Sync 1 DAGs
[2025-03-23T02:38:08.668+0000] {logging_mixin.py:151} INFO - [2025-03-23T02:38:08.668+0000] {dag.py:3677} INFO - Setting next_dagrun for job_data_stream to 2025-03-23T00:00:00+00:00, run_after=2025-03-24T00:00:00+00:00
[2025-03-23T02:38:08.687+0000] {processor.py:179} INFO - Processing /opt/airflow/dags/data_stream.py took 0.199 seconds
[2025-03-23T02:38:38.758+0000] {processor.py:157} INFO - Started process (PID=95) to work on /opt/airflow/dags/data_stream.py
[2025-03-23T02:38:38.760+0000] {processor.py:829} INFO - Processing file /opt/airflow/dags/data_stream.py for tasks to queue
[2025-03-23T02:38:38.764+0000] {logging_mixin.py:151} INFO - [2025-03-23T02:38:38.764+0000] {dagbag.py:539} INFO - Filling up the DagBag from /opt/airflow/dags/data_stream.py
[2025-03-23T02:38:38.887+0000] {processor.py:839} INFO - DAG(s) dict_keys(['job_data_stream']) retrieved from /opt/airflow/dags/data_stream.py
[2025-03-23T02:38:38.922+0000] {logging_mixin.py:151} INFO - [2025-03-23T02:38:38.921+0000] {dag.py:2907} INFO - Sync 1 DAGs
[2025-03-23T02:38:38.957+0000] {logging_mixin.py:151} INFO - [2025-03-23T02:38:38.957+0000] {dag.py:3677} INFO - Setting next_dagrun for job_data_stream to 2025-03-23T00:00:00+00:00, run_after=2025-03-24T00:00:00+00:00
[2025-03-23T02:38:38.983+0000] {processor.py:179} INFO - Processing /opt/airflow/dags/data_stream.py took 0.234 seconds
[2025-03-23T02:39:09.157+0000] {processor.py:157} INFO - Started process (PID=96) to work on /opt/airflow/dags/data_stream.py
[2025-03-23T02:39:09.160+0000] {processor.py:829} INFO - Processing file /opt/airflow/dags/data_stream.py for tasks to queue
[2025-03-23T02:39:09.166+0000] {logging_mixin.py:151} INFO - [2025-03-23T02:39:09.166+0000] {dagbag.py:539} INFO - Filling up the DagBag from /opt/airflow/dags/data_stream.py
[2025-03-23T02:39:09.392+0000] {processor.py:839} INFO - DAG(s) dict_keys(['job_data_stream']) retrieved from /opt/airflow/dags/data_stream.py
[2025-03-23T02:39:09.451+0000] {logging_mixin.py:151} INFO - [2025-03-23T02:39:09.451+0000] {dag.py:2907} INFO - Sync 1 DAGs
[2025-03-23T02:39:09.503+0000] {logging_mixin.py:151} INFO - [2025-03-23T02:39:09.503+0000] {dag.py:3677} INFO - Setting next_dagrun for job_data_stream to 2025-03-23T00:00:00+00:00, run_after=2025-03-24T00:00:00+00:00
[2025-03-23T02:39:09.557+0000] {processor.py:179} INFO - Processing /opt/airflow/dags/data_stream.py took 0.406 seconds
[2025-03-23T02:39:39.779+0000] {processor.py:157} INFO - Started process (PID=97) to work on /opt/airflow/dags/data_stream.py
[2025-03-23T02:39:39.781+0000] {processor.py:829} INFO - Processing file /opt/airflow/dags/data_stream.py for tasks to queue
[2025-03-23T02:39:39.785+0000] {logging_mixin.py:151} INFO - [2025-03-23T02:39:39.785+0000] {dagbag.py:539} INFO - Filling up the DagBag from /opt/airflow/dags/data_stream.py
[2025-03-23T02:39:39.902+0000] {processor.py:839} INFO - DAG(s) dict_keys(['job_data_stream']) retrieved from /opt/airflow/dags/data_stream.py
[2025-03-23T02:39:39.933+0000] {logging_mixin.py:151} INFO - [2025-03-23T02:39:39.932+0000] {dag.py:2907} INFO - Sync 1 DAGs
[2025-03-23T02:39:39.960+0000] {logging_mixin.py:151} INFO - [2025-03-23T02:39:39.960+0000] {dag.py:3677} INFO - Setting next_dagrun for job_data_stream to 2025-03-23T00:00:00+00:00, run_after=2025-03-24T00:00:00+00:00
[2025-03-23T02:39:39.979+0000] {processor.py:179} INFO - Processing /opt/airflow/dags/data_stream.py took 0.206 seconds
[2025-03-23T02:40:10.000+0000] {processor.py:157} INFO - Started process (PID=98) to work on /opt/airflow/dags/data_stream.py
[2025-03-23T02:40:10.001+0000] {processor.py:829} INFO - Processing file /opt/airflow/dags/data_stream.py for tasks to queue
[2025-03-23T02:40:10.005+0000] {logging_mixin.py:151} INFO - [2025-03-23T02:40:10.005+0000] {dagbag.py:539} INFO - Filling up the DagBag from /opt/airflow/dags/data_stream.py
[2025-03-23T02:40:10.112+0000] {processor.py:839} INFO - DAG(s) dict_keys(['job_data_stream']) retrieved from /opt/airflow/dags/data_stream.py
[2025-03-23T02:40:10.143+0000] {logging_mixin.py:151} INFO - [2025-03-23T02:40:10.143+0000] {dag.py:2907} INFO - Sync 1 DAGs
[2025-03-23T02:40:10.168+0000] {logging_mixin.py:151} INFO - [2025-03-23T02:40:10.168+0000] {dag.py:3677} INFO - Setting next_dagrun for job_data_stream to 2025-03-23T00:00:00+00:00, run_after=2025-03-24T00:00:00+00:00
[2025-03-23T02:40:10.185+0000] {processor.py:179} INFO - Processing /opt/airflow/dags/data_stream.py took 0.189 seconds
[2025-03-23T02:40:40.414+0000] {processor.py:157} INFO - Started process (PID=99) to work on /opt/airflow/dags/data_stream.py
[2025-03-23T02:40:40.415+0000] {processor.py:829} INFO - Processing file /opt/airflow/dags/data_stream.py for tasks to queue
[2025-03-23T02:40:40.419+0000] {logging_mixin.py:151} INFO - [2025-03-23T02:40:40.418+0000] {dagbag.py:539} INFO - Filling up the DagBag from /opt/airflow/dags/data_stream.py
[2025-03-23T02:40:40.516+0000] {processor.py:839} INFO - DAG(s) dict_keys(['job_data_stream']) retrieved from /opt/airflow/dags/data_stream.py
[2025-03-23T02:40:40.544+0000] {logging_mixin.py:151} INFO - [2025-03-23T02:40:40.543+0000] {dag.py:2907} INFO - Sync 1 DAGs
[2025-03-23T02:40:40.566+0000] {logging_mixin.py:151} INFO - [2025-03-23T02:40:40.566+0000] {dag.py:3677} INFO - Setting next_dagrun for job_data_stream to 2025-03-23T00:00:00+00:00, run_after=2025-03-24T00:00:00+00:00
[2025-03-23T02:40:40.584+0000] {processor.py:179} INFO - Processing /opt/airflow/dags/data_stream.py took 0.175 seconds
[2025-03-23T02:41:10.703+0000] {processor.py:157} INFO - Started process (PID=100) to work on /opt/airflow/dags/data_stream.py
[2025-03-23T02:41:10.705+0000] {processor.py:829} INFO - Processing file /opt/airflow/dags/data_stream.py for tasks to queue
[2025-03-23T02:41:10.711+0000] {logging_mixin.py:151} INFO - [2025-03-23T02:41:10.710+0000] {dagbag.py:539} INFO - Filling up the DagBag from /opt/airflow/dags/data_stream.py
[2025-03-23T02:41:10.819+0000] {processor.py:839} INFO - DAG(s) dict_keys(['job_data_stream']) retrieved from /opt/airflow/dags/data_stream.py
[2025-03-23T02:41:10.847+0000] {logging_mixin.py:151} INFO - [2025-03-23T02:41:10.847+0000] {dag.py:2907} INFO - Sync 1 DAGs
[2025-03-23T02:41:10.872+0000] {logging_mixin.py:151} INFO - [2025-03-23T02:41:10.871+0000] {dag.py:3677} INFO - Setting next_dagrun for job_data_stream to 2025-03-23T00:00:00+00:00, run_after=2025-03-24T00:00:00+00:00
[2025-03-23T02:41:10.889+0000] {processor.py:179} INFO - Processing /opt/airflow/dags/data_stream.py took 0.195 seconds
[2025-03-23T02:41:41.103+0000] {processor.py:157} INFO - Started process (PID=101) to work on /opt/airflow/dags/data_stream.py
[2025-03-23T02:41:41.105+0000] {processor.py:829} INFO - Processing file /opt/airflow/dags/data_stream.py for tasks to queue
[2025-03-23T02:41:41.109+0000] {logging_mixin.py:151} INFO - [2025-03-23T02:41:41.109+0000] {dagbag.py:539} INFO - Filling up the DagBag from /opt/airflow/dags/data_stream.py
[2025-03-23T02:41:41.212+0000] {processor.py:839} INFO - DAG(s) dict_keys(['job_data_stream']) retrieved from /opt/airflow/dags/data_stream.py
[2025-03-23T02:41:41.240+0000] {logging_mixin.py:151} INFO - [2025-03-23T02:41:41.239+0000] {dag.py:2907} INFO - Sync 1 DAGs
[2025-03-23T02:41:41.265+0000] {logging_mixin.py:151} INFO - [2025-03-23T02:41:41.264+0000] {dag.py:3677} INFO - Setting next_dagrun for job_data_stream to 2025-03-23T00:00:00+00:00, run_after=2025-03-24T00:00:00+00:00
[2025-03-23T02:41:41.283+0000] {processor.py:179} INFO - Processing /opt/airflow/dags/data_stream.py took 0.189 seconds
[2025-03-23T02:42:11.400+0000] {processor.py:157} INFO - Started process (PID=102) to work on /opt/airflow/dags/data_stream.py
[2025-03-23T02:42:11.402+0000] {processor.py:829} INFO - Processing file /opt/airflow/dags/data_stream.py for tasks to queue
[2025-03-23T02:42:11.406+0000] {logging_mixin.py:151} INFO - [2025-03-23T02:42:11.405+0000] {dagbag.py:539} INFO - Filling up the DagBag from /opt/airflow/dags/data_stream.py
[2025-03-23T02:42:11.519+0000] {processor.py:839} INFO - DAG(s) dict_keys(['job_data_stream']) retrieved from /opt/airflow/dags/data_stream.py
[2025-03-23T02:42:11.546+0000] {logging_mixin.py:151} INFO - [2025-03-23T02:42:11.546+0000] {dag.py:2907} INFO - Sync 1 DAGs
[2025-03-23T02:42:11.572+0000] {logging_mixin.py:151} INFO - [2025-03-23T02:42:11.571+0000] {dag.py:3677} INFO - Setting next_dagrun for job_data_stream to 2025-03-23T00:00:00+00:00, run_after=2025-03-24T00:00:00+00:00
[2025-03-23T02:42:11.590+0000] {processor.py:179} INFO - Processing /opt/airflow/dags/data_stream.py took 0.196 seconds
[2025-03-23T02:42:41.816+0000] {processor.py:157} INFO - Started process (PID=103) to work on /opt/airflow/dags/data_stream.py
[2025-03-23T02:42:41.821+0000] {processor.py:829} INFO - Processing file /opt/airflow/dags/data_stream.py for tasks to queue
[2025-03-23T02:42:41.835+0000] {logging_mixin.py:151} INFO - [2025-03-23T02:42:41.833+0000] {dagbag.py:539} INFO - Filling up the DagBag from /opt/airflow/dags/data_stream.py
[2025-03-23T02:42:42.051+0000] {processor.py:839} INFO - DAG(s) dict_keys(['job_data_stream']) retrieved from /opt/airflow/dags/data_stream.py
[2025-03-23T02:42:42.090+0000] {logging_mixin.py:151} INFO - [2025-03-23T02:42:42.089+0000] {dag.py:2907} INFO - Sync 1 DAGs
[2025-03-23T02:42:42.126+0000] {logging_mixin.py:151} INFO - [2025-03-23T02:42:42.125+0000] {dag.py:3677} INFO - Setting next_dagrun for job_data_stream to 2025-03-23T00:00:00+00:00, run_after=2025-03-24T00:00:00+00:00
[2025-03-23T02:42:42.161+0000] {processor.py:179} INFO - Processing /opt/airflow/dags/data_stream.py took 0.362 seconds
[2025-03-23T02:43:12.437+0000] {processor.py:157} INFO - Started process (PID=104) to work on /opt/airflow/dags/data_stream.py
[2025-03-23T02:43:12.439+0000] {processor.py:829} INFO - Processing file /opt/airflow/dags/data_stream.py for tasks to queue
[2025-03-23T02:43:12.444+0000] {logging_mixin.py:151} INFO - [2025-03-23T02:43:12.443+0000] {dagbag.py:539} INFO - Filling up the DagBag from /opt/airflow/dags/data_stream.py
[2025-03-23T02:43:12.561+0000] {processor.py:839} INFO - DAG(s) dict_keys(['job_data_stream']) retrieved from /opt/airflow/dags/data_stream.py
[2025-03-23T02:43:12.597+0000] {logging_mixin.py:151} INFO - [2025-03-23T02:43:12.597+0000] {dag.py:2907} INFO - Sync 1 DAGs
[2025-03-23T02:43:12.624+0000] {logging_mixin.py:151} INFO - [2025-03-23T02:43:12.624+0000] {dag.py:3677} INFO - Setting next_dagrun for job_data_stream to 2025-03-23T00:00:00+00:00, run_after=2025-03-24T00:00:00+00:00
[2025-03-23T02:43:12.643+0000] {processor.py:179} INFO - Processing /opt/airflow/dags/data_stream.py took 0.212 seconds
[2025-03-23T02:43:42.753+0000] {processor.py:157} INFO - Started process (PID=105) to work on /opt/airflow/dags/data_stream.py
[2025-03-23T02:43:42.755+0000] {processor.py:829} INFO - Processing file /opt/airflow/dags/data_stream.py for tasks to queue
[2025-03-23T02:43:42.763+0000] {logging_mixin.py:151} INFO - [2025-03-23T02:43:42.762+0000] {dagbag.py:539} INFO - Filling up the DagBag from /opt/airflow/dags/data_stream.py
[2025-03-23T02:43:42.881+0000] {processor.py:839} INFO - DAG(s) dict_keys(['job_data_stream']) retrieved from /opt/airflow/dags/data_stream.py
[2025-03-23T02:43:42.907+0000] {logging_mixin.py:151} INFO - [2025-03-23T02:43:42.907+0000] {dag.py:2907} INFO - Sync 1 DAGs
[2025-03-23T02:43:42.930+0000] {logging_mixin.py:151} INFO - [2025-03-23T02:43:42.930+0000] {dag.py:3677} INFO - Setting next_dagrun for job_data_stream to 2025-03-23T00:00:00+00:00, run_after=2025-03-24T00:00:00+00:00
[2025-03-23T02:43:42.948+0000] {processor.py:179} INFO - Processing /opt/airflow/dags/data_stream.py took 0.203 seconds
[2025-03-23T02:44:13.101+0000] {processor.py:157} INFO - Started process (PID=106) to work on /opt/airflow/dags/data_stream.py
[2025-03-23T02:44:13.103+0000] {processor.py:829} INFO - Processing file /opt/airflow/dags/data_stream.py for tasks to queue
[2025-03-23T02:44:13.107+0000] {logging_mixin.py:151} INFO - [2025-03-23T02:44:13.106+0000] {dagbag.py:539} INFO - Filling up the DagBag from /opt/airflow/dags/data_stream.py
[2025-03-23T02:44:13.219+0000] {processor.py:839} INFO - DAG(s) dict_keys(['job_data_stream']) retrieved from /opt/airflow/dags/data_stream.py
[2025-03-23T02:44:13.249+0000] {logging_mixin.py:151} INFO - [2025-03-23T02:44:13.249+0000] {dag.py:2907} INFO - Sync 1 DAGs
[2025-03-23T02:44:13.275+0000] {logging_mixin.py:151} INFO - [2025-03-23T02:44:13.275+0000] {dag.py:3677} INFO - Setting next_dagrun for job_data_stream to 2025-03-23T00:00:00+00:00, run_after=2025-03-24T00:00:00+00:00
[2025-03-23T02:44:13.292+0000] {processor.py:179} INFO - Processing /opt/airflow/dags/data_stream.py took 0.195 seconds
[2025-03-23T02:44:43.405+0000] {processor.py:157} INFO - Started process (PID=107) to work on /opt/airflow/dags/data_stream.py
[2025-03-23T02:44:43.408+0000] {processor.py:829} INFO - Processing file /opt/airflow/dags/data_stream.py for tasks to queue
[2025-03-23T02:44:43.415+0000] {logging_mixin.py:151} INFO - [2025-03-23T02:44:43.415+0000] {dagbag.py:539} INFO - Filling up the DagBag from /opt/airflow/dags/data_stream.py
[2025-03-23T02:44:43.551+0000] {processor.py:839} INFO - DAG(s) dict_keys(['job_data_stream']) retrieved from /opt/airflow/dags/data_stream.py
[2025-03-23T02:44:43.579+0000] {logging_mixin.py:151} INFO - [2025-03-23T02:44:43.579+0000] {dag.py:2907} INFO - Sync 1 DAGs
[2025-03-23T02:44:43.602+0000] {logging_mixin.py:151} INFO - [2025-03-23T02:44:43.602+0000] {dag.py:3677} INFO - Setting next_dagrun for job_data_stream to 2025-03-23T00:00:00+00:00, run_after=2025-03-24T00:00:00+00:00
[2025-03-23T02:44:43.621+0000] {processor.py:179} INFO - Processing /opt/airflow/dags/data_stream.py took 0.225 seconds
[2025-03-23T02:45:05.737+0000] {processor.py:157} INFO - Started process (PID=108) to work on /opt/airflow/dags/data_stream.py
[2025-03-23T02:45:05.738+0000] {processor.py:829} INFO - Processing file /opt/airflow/dags/data_stream.py for tasks to queue
[2025-03-23T02:45:05.742+0000] {logging_mixin.py:151} INFO - [2025-03-23T02:45:05.742+0000] {dagbag.py:539} INFO - Filling up the DagBag from /opt/airflow/dags/data_stream.py
[2025-03-23T02:45:05.846+0000] {processor.py:839} INFO - DAG(s) dict_keys(['job_data_stream']) retrieved from /opt/airflow/dags/data_stream.py
[2025-03-23T02:45:05.874+0000] {logging_mixin.py:151} INFO - [2025-03-23T02:45:05.874+0000] {dag.py:2907} INFO - Sync 1 DAGs
[2025-03-23T02:45:05.898+0000] {logging_mixin.py:151} INFO - [2025-03-23T02:45:05.897+0000] {dag.py:3677} INFO - Setting next_dagrun for job_data_stream to 2025-03-23T00:00:00+00:00, run_after=2025-03-24T00:00:00+00:00
[2025-03-23T02:45:05.918+0000] {processor.py:179} INFO - Processing /opt/airflow/dags/data_stream.py took 0.188 seconds
